

*******************************************************************************
Thu Dec 31 15:48:32 2015


FIT:    data read from "ss102" u 1:2
        format = x:z
        #datapoints = 836
        residuals are weighted equally (unit weight)

function used for fitting: f(x)
	f(x)=a*x + b
fitted parameters initialized with current variable values

iter      chisq       delta/lim  lambda   a             b            
   0 2.3525834638e+10   0.00e+00  3.42e+02    1.000000e+00   1.000000e+00
   5 1.2348888952e+06  -2.69e-06  3.42e-03    1.195196e+01   1.692184e+01

After 5 iterations the fit converged.
final sum of squares of residuals : 1.23489e+06
rel. change during last iteration : -2.68679e-11

degrees of freedom    (FIT_NDF)                        : 834
rms of residuals      (FIT_STDFIT) = sqrt(WSSR/ndf)    : 38.4796
variance of residuals (reduced chisquare) = WSSR/ndf   : 1480.68

Final set of parameters            Asymptotic Standard Error
=======================            ==========================
a               = 11.952           +/- 0.005515     (0.04614%)
b               = 16.9218          +/- 2.664        (15.74%)

correlation matrix of the fit parameters:
                a      b      
a               1.000 
b              -0.866  1.000 


*******************************************************************************
Thu Dec 31 15:48:38 2015


FIT:    data read from "ss2581" u 1:2
        format = x:z
        #datapoints = 85
        residuals are weighted equally (unit weight)

function used for fitting: f(x)
	f(x)=a*x + b
fitted parameters initialized with current variable values

iter      chisq       delta/lim  lambda   a             b            
   0 1.8286090879e+09   0.00e+00  4.19e+02    1.195196e+01   1.692184e+01
   4 1.0988708154e+07  -1.48e-02  4.19e-02    1.128383e+02  -4.152227e+02

After 4 iterations the fit converged.
final sum of squares of residuals : 1.09887e+07
rel. change during last iteration : -1.48082e-07

degrees of freedom    (FIT_NDF)                        : 83
rms of residuals      (FIT_STDFIT) = sqrt(WSSR/ndf)    : 363.86
variance of residuals (reduced chisquare) = WSSR/ndf   : 132394

Final set of parameters            Asymptotic Standard Error
=======================            ==========================
a               = 112.838          +/- 1.609        (1.426%)
b               = -415.223         +/- 79.63        (19.18%)

correlation matrix of the fit parameters:
                a      b      
a               1.000 
b              -0.869  1.000 


*******************************************************************************
Thu Dec 31 15:48:41 2015


FIT:    data read from "ss36" u 1:2
        format = x:z
        #datapoints = 465
        residuals are weighted equally (unit weight)

function used for fitting: f(x)
	f(x)=a*x + b
fitted parameters initialized with current variable values

iter      chisq       delta/lim  lambda   a             b            
   0 2.7200995214e+11   0.00e+00  2.15e+04    1.128383e+02  -4.152227e+02
   4 1.1870813157e+06  -4.78e-01  2.15e+00    2.118425e+01   1.171046e+02

After 4 iterations the fit converged.
final sum of squares of residuals : 1.18708e+06
rel. change during last iteration : -4.78438e-06

degrees of freedom    (FIT_NDF)                        : 463
rms of residuals      (FIT_STDFIT) = sqrt(WSSR/ndf)    : 50.6349
variance of residuals (reduced chisquare) = WSSR/ndf   : 2563.89

Final set of parameters            Asymptotic Standard Error
=======================            ==========================
a               = 21.1842          +/- 0.01749      (0.08258%)
b               = 117.105          +/- 4.704        (4.017%)

correlation matrix of the fit parameters:
                a      b      
a               1.000 
b              -0.866  1.000 


*******************************************************************************
Thu Dec 31 19:34:19 2015


FIT:    data read from "blah2" u 1:(sqrt($2))
        format = x:z
        #datapoints = 10
        residuals are weighted equally (unit weight)

function used for fitting: f(x)
BREAK: Need via and either parameter list or file

*******************************************************************************
Thu Dec 31 19:34:26 2015


FIT:    data read from "blah2" u 1:(sqrt($2))
        format = x:z
        #datapoints = 10
        residuals are weighted equally (unit weight)

function used for fitting: f(x)
	f(x)=a*x+b
fitted parameters initialized with current variable values

iter      chisq       delta/lim  lambda   a             b            
   0 5.2294897740e+01   0.00e+00  1.32e+00    1.000000e+00   1.000000e+00
   4 4.2252529162e-03  -2.49e-01  1.32e-04    7.205690e-01  -8.488840e-01

After 4 iterations the fit converged.
final sum of squares of residuals : 0.00422525
rel. change during last iteration : -2.48615e-06

degrees of freedom    (FIT_NDF)                        : 8
rms of residuals      (FIT_STDFIT) = sqrt(WSSR/ndf)    : 0.0229817
variance of residuals (reduced chisquare) = WSSR/ndf   : 0.000528157

Final set of parameters            Asymptotic Standard Error
=======================            ==========================
a               = 0.720569         +/- 0.03814      (5.293%)
b               = -0.848884        +/- 0.06012      (7.082%)

correlation matrix of the fit parameters:
                a      b      
a               1.000 
b              -0.993  1.000 


*******************************************************************************
Fri Dec  2 12:10:39 2016


FIT:    data read from "data/exp4_u1_2.out" using 1:($2)**2
        format = x:z
        #datapoints = 18
        residuals are weighted equally (unit weight)

function used for fitting: f(x)
	f(x) = a*x+b
fitted parameters initialized with current variable values

iter      chisq       delta/lim  lambda   a             b            
   0 2.8695603106e+15   0.00e+00  2.96e+05    1.000000e+00   1.000000e+00
   3 3.0089661936e+14  -2.98e-02  2.96e+02    2.951608e+01   3.281794e+00

After 3 iterations the fit converged.
final sum of squares of residuals : 3.00897e+14
rel. change during last iteration : -2.9809e-07

degrees of freedom    (FIT_NDF)                        : 16
rms of residuals      (FIT_STDFIT) = sqrt(WSSR/ndf)    : 4.33659e+06
variance of residuals (reduced chisquare) = WSSR/ndf   : 1.8806e+13

Final set of parameters            Asymptotic Standard Error
=======================            ==========================
a               = 29.5161          +/- 2.865        (9.707%)
b               = 3.28179          +/- 1.2e+06      (3.657e+07%)

correlation matrix of the fit parameters:
                a      b      
a               1.000 
b              -0.524  1.000 


*******************************************************************************
Fri Dec  2 12:28:01 2016


FIT:    data read from "data/exp4_u1_2.out" using 1:($2)**2
        format = x:z
        #datapoints = 18
        residuals are weighted equally (unit weight)

function used for fitting: f(x)
	f(x) = a*x+b
fitted parameters initialized with current variable values

iter      chisq       delta/lim  lambda   a             b            
   0 2.8695603106e+15   0.00e+00  2.96e+05    1.000000e+00   1.000000e+00
   3 3.0089661936e+14  -2.98e-02  2.96e+02    2.951608e+01   3.281794e+00

After 3 iterations the fit converged.
final sum of squares of residuals : 3.00897e+14
rel. change during last iteration : -2.9809e-07

degrees of freedom    (FIT_NDF)                        : 16
rms of residuals      (FIT_STDFIT) = sqrt(WSSR/ndf)    : 4.33659e+06
variance of residuals (reduced chisquare) = WSSR/ndf   : 1.8806e+13

Final set of parameters            Asymptotic Standard Error
=======================            ==========================
a               = 29.5161          +/- 2.865        (9.707%)
b               = 3.28179          +/- 1.2e+06      (3.657e+07%)

correlation matrix of the fit parameters:
                a      b      
a               1.000 
b              -0.524  1.000 


*******************************************************************************
Fri Dec  2 12:28:43 2016


FIT:    data read from "data/exp4_u1_2.out" using 1:($2)**2
        format = x:z
        #datapoints = 18
        residuals are weighted equally (unit weight)

function used for fitting: f(x)
	f(x) = a*x+b
fitted parameters initialized with current variable values

iter      chisq       delta/lim  lambda   a             b            
   0 2.8695603106e+15   0.00e+00  2.96e+05    1.000000e+00   1.000000e+00
   3 3.0089661936e+14  -2.98e-02  2.96e+02    2.951608e+01   3.281794e+00

After 3 iterations the fit converged.
final sum of squares of residuals : 3.00897e+14
rel. change during last iteration : -2.9809e-07

degrees of freedom    (FIT_NDF)                        : 16
rms of residuals      (FIT_STDFIT) = sqrt(WSSR/ndf)    : 4.33659e+06
variance of residuals (reduced chisquare) = WSSR/ndf   : 1.8806e+13

Final set of parameters            Asymptotic Standard Error
=======================            ==========================
a               = 29.5161          +/- 2.865        (9.707%)
b               = 3.28179          +/- 1.2e+06      (3.657e+07%)

correlation matrix of the fit parameters:
                a      b      
a               1.000 
b              -0.524  1.000 


*******************************************************************************
Fri Dec  2 12:29:04 2016


FIT:    data read from "data/exp4_01001.out" using 1:($2)**2
        format = x:z
        #datapoints = 15
        residuals are weighted equally (unit weight)

function used for fitting: f(x)
	f(x) = a*x+b
fitted parameters initialized with current variable values

iter      chisq       delta/lim  lambda   a             b            
   0 9.5617926578e+13   0.00e+00  7.34e+04    1.000000e+00   1.000000e+00
   3 2.0909285747e+12  -2.41e-01  7.34e+01    2.504000e+01   3.179785e+00

After 3 iterations the fit converged.
final sum of squares of residuals : 2.09093e+12
rel. change during last iteration : -2.40779e-06

degrees of freedom    (FIT_NDF)                        : 13
rms of residuals      (FIT_STDFIT) = sqrt(WSSR/ndf)    : 401049
variance of residuals (reduced chisquare) = WSSR/ndf   : 1.60841e+11

Final set of parameters            Asymptotic Standard Error
=======================            ==========================
a               = 25.04            +/- 1.218        (4.865%)
b               = 3.17978          +/- 1.265e+05    (3.98e+06%)

correlation matrix of the fit parameters:
                a      b      
a               1.000 
b              -0.575  1.000 


*******************************************************************************
Fri Dec  2 12:29:04 2016


FIT:    data read from "data/exp4_01010.out" using 1:($2)**2
        format = x:z
        #datapoints = 11
        residuals are weighted equally (unit weight)

function used for fitting: f(x)
	f(x) = a*x+b
fitted parameters initialized with current variable values

iter      chisq       delta/lim  lambda   a             b            
   0 1.3289979666e+13   0.00e+00  1.70e+04    1.000000e+00   1.000000e+00
   7 1.8965943373e+11  -5.76e-02  1.70e-03    4.376085e+01   9.074870e+04

After 7 iterations the fit converged.
final sum of squares of residuals : 1.89659e+11
rel. change during last iteration : -5.76446e-07

degrees of freedom    (FIT_NDF)                        : 9
rms of residuals      (FIT_STDFIT) = sqrt(WSSR/ndf)    : 145166
variance of residuals (reduced chisquare) = WSSR/ndf   : 2.10733e+10

Final set of parameters            Asymptotic Standard Error
=======================            ==========================
a               = 43.7609          +/- 2.434        (5.561%)
b               = 90748.7          +/- 5.856e+04    (64.53%)

correlation matrix of the fit parameters:
                a      b      
a               1.000 
b              -0.664  1.000 


*******************************************************************************
Fri Dec  2 12:29:04 2016


FIT:    data read from "data/exp4_10010.out" using 1:($2)**2
        format = x:z
        #datapoints = 11
        residuals are weighted equally (unit weight)

function used for fitting: f(x)
	f(x) = a*x+b
fitted parameters initialized with current variable values

iter      chisq       delta/lim  lambda   a             b            
   0 1.4420230275e+13   0.00e+00  2.05e+04    1.000000e+00   1.000000e+00
   3 1.0855772169e+12  -2.02e-01  2.05e+01    3.902410e+01   6.159044e+00

After 3 iterations the fit converged.
final sum of squares of residuals : 1.08558e+12
rel. change during last iteration : -2.01899e-06

degrees of freedom    (FIT_NDF)                        : 9
rms of residuals      (FIT_STDFIT) = sqrt(WSSR/ndf)    : 347303
variance of residuals (reduced chisquare) = WSSR/ndf   : 1.2062e+11

Final set of parameters            Asymptotic Standard Error
=======================            ==========================
a               = 39.0241          +/- 4.83         (12.38%)
b               = 6.15904          +/- 1.399e+05    (2.271e+06%)

correlation matrix of the fit parameters:
                a      b      
a               1.000 
b              -0.663  1.000 


*******************************************************************************
Fri Dec  2 12:29:05 2016


FIT:    data read from "data/exp4_u1_2.out" using 1:($2)**2
        format = x:z
        #datapoints = 18
        residuals are weighted equally (unit weight)

function used for fitting: f(x)
	f(x) = a*x+b
fitted parameters initialized with current variable values

iter      chisq       delta/lim  lambda   a             b            
   0 2.8695603106e+15   0.00e+00  2.96e+05    1.000000e+00   1.000000e+00
   3 3.0089661936e+14  -2.98e-02  2.96e+02    2.951608e+01   3.281794e+00

After 3 iterations the fit converged.
final sum of squares of residuals : 3.00897e+14
rel. change during last iteration : -2.9809e-07

degrees of freedom    (FIT_NDF)                        : 16
rms of residuals      (FIT_STDFIT) = sqrt(WSSR/ndf)    : 4.33659e+06
variance of residuals (reduced chisquare) = WSSR/ndf   : 1.8806e+13

Final set of parameters            Asymptotic Standard Error
=======================            ==========================
a               = 29.5161          +/- 2.865        (9.707%)
b               = 3.28179          +/- 1.2e+06      (3.657e+07%)

correlation matrix of the fit parameters:
                a      b      
a               1.000 
b              -0.524  1.000 


*******************************************************************************
Fri Dec  2 12:29:05 2016


FIT:    data read from "data/exp4_u1_3.out" using 1:($2)**2
        format = x:z
        #datapoints = 12
        residuals are weighted equally (unit weight)

function used for fitting: f(x)
	f(x) = a*x+b
fitted parameters initialized with current variable values

iter      chisq       delta/lim  lambda   a             b            
   0 3.2512088339e+12   0.00e+00  1.84e+04    1.000000e+00   1.000000e+00
   7 4.4337473666e+11  -1.55e-02  1.84e-03    1.786727e+01   6.453695e+04

After 7 iterations the fit converged.
final sum of squares of residuals : 4.43375e+11
rel. change during last iteration : -1.55468e-07

degrees of freedom    (FIT_NDF)                        : 10
rms of residuals      (FIT_STDFIT) = sqrt(WSSR/ndf)    : 210565
variance of residuals (reduced chisquare) = WSSR/ndf   : 4.43375e+10

Final set of parameters            Asymptotic Standard Error
=======================            ==========================
a               = 17.8673          +/- 3.046        (17.05%)
b               = 64537            +/- 7.941e+04    (123%)

correlation matrix of the fit parameters:
                a      b      
a               1.000 
b              -0.643  1.000 


*******************************************************************************
Fri Dec  2 12:29:05 2016


FIT:    data read from "data/exp4_u1_4.out" using 1:($2)**2
        format = x:z
        #datapoints = 14
        residuals are weighted equally (unit weight)

function used for fitting: f(x)
	f(x) = a*x+b
fitted parameters initialized with current variable values

iter      chisq       delta/lim  lambda   a             b            
   0 1.2288862017e+13   0.00e+00  3.08e+04    1.000000e+00   1.000000e+00
   7 1.3125376513e+12  -5.45e-01  3.08e-03    1.878244e+01   1.695548e+05

After 7 iterations the fit converged.
final sum of squares of residuals : 1.31254e+12
rel. change during last iteration : -5.45471e-06

degrees of freedom    (FIT_NDF)                        : 12
rms of residuals      (FIT_STDFIT) = sqrt(WSSR/ndf)    : 330724
variance of residuals (reduced chisquare) = WSSR/ndf   : 1.09378e+11

Final set of parameters            Asymptotic Standard Error
=======================            ==========================
a               = 18.7824          +/- 2.524        (13.44%)
b               = 169555           +/- 1.099e+05    (64.82%)

correlation matrix of the fit parameters:
                a      b      
a               1.000 
b              -0.594  1.000 


*******************************************************************************
Fri Dec  2 12:29:05 2016


FIT:    data read from "data/exp4_u1_9.out" using 1:($2)**2
        format = x:z
        #datapoints = 16
        residuals are weighted equally (unit weight)

function used for fitting: f(x)
	f(x) = a*x+b
fitted parameters initialized with current variable values

iter      chisq       delta/lim  lambda   a             b            
   0 1.1741441868e+13   0.00e+00  6.04e+04    1.000000e+00   1.000000e+00
   3 1.4253667461e+12  -1.08e-01  6.04e+01    1.040602e+01  -4.691959e-01

After 3 iterations the fit converged.
final sum of squares of residuals : 1.42537e+12
rel. change during last iteration : -1.08241e-06

degrees of freedom    (FIT_NDF)                        : 14
rms of residuals      (FIT_STDFIT) = sqrt(WSSR/ndf)    : 319080
variance of residuals (reduced chisquare) = WSSR/ndf   : 1.01812e+11

Final set of parameters            Asymptotic Standard Error
=======================            ==========================
a               = 10.406           +/- 1.127        (10.83%)
b               = -0.469196        +/- 9.623e+04    (2.051e+07%)

correlation matrix of the fit parameters:
                a      b      
a               1.000 
b              -0.559  1.000 


*******************************************************************************
Fri Dec  2 12:29:05 2016


FIT:    data read from "data/exp4_u2_3.out" using 1:($2)**2
        format = x:z
        #datapoints = 12
        residuals are weighted equally (unit weight)

function used for fitting: f(x)
	f(x) = a*x+b
fitted parameters initialized with current variable values

iter      chisq       delta/lim  lambda   a             b            
   0 5.2744051692e+12   0.00e+00  2.50e+04    1.000000e+00   1.000000e+00
   7 1.9919220529e+11  -3.79e-01  2.50e-03    1.783249e+01   8.442257e+04

After 7 iterations the fit converged.
final sum of squares of residuals : 1.99192e+11
rel. change during last iteration : -3.79416e-06

degrees of freedom    (FIT_NDF)                        : 10
rms of residuals      (FIT_STDFIT) = sqrt(WSSR/ndf)    : 141135
variance of residuals (reduced chisquare) = WSSR/ndf   : 1.99192e+10

Final set of parameters            Asymptotic Standard Error
=======================            ==========================
a               = 17.8325          +/- 1.47         (8.242%)
b               = 84422.6          +/- 5.192e+04    (61.5%)

correlation matrix of the fit parameters:
                a      b      
a               1.000 
b              -0.620  1.000 


*******************************************************************************
Sun Dec  4 13:03:40 2016


FIT:    data read from "scratch/ss" using 1:(log($2))
        format = x:z
        #datapoints = 91
        residuals are weighted equally (unit weight)

function used for fitting: f(x)
fitted parameters initialized with current variable values



*******************************************************************************
Sun Dec  4 13:03:46 2016


FIT:    data read from "scratch/ss" using 1:(log($2))
        format = x:z
        #datapoints = 91
        residuals are weighted equally (unit weight)

function used for fitting: f(x)
	f(x)=a*x+b
fitted parameters initialized with current variable values

iter      chisq       delta/lim  lambda   a             b            
   0 1.7773756426e+05   0.00e+00  3.75e+01    1.000000e+00   1.000000e+00
   4 7.3944961837e+01  -6.71e-01  3.75e-03    1.336664e-01   2.976831e+00

After 4 iterations the fit converged.
final sum of squares of residuals : 73.945
rel. change during last iteration : -6.71091e-06

degrees of freedom    (FIT_NDF)                        : 89
rms of residuals      (FIT_STDFIT) = sqrt(WSSR/ndf)    : 0.911505
variance of residuals (reduced chisquare) = WSSR/ndf   : 0.830842

Final set of parameters            Asymptotic Standard Error
=======================            ==========================
a               = 0.133666         +/- 0.003638     (2.721%)
b               = 2.97683          +/- 0.1927       (6.473%)

correlation matrix of the fit parameters:
                a      b      
a               1.000 
b              -0.868  1.000 


*******************************************************************************
Sun Dec  4 13:16:38 2016


FIT:    data read from "doc/datafiles/log_small_summands.txt" using 1:(log($2))
        format = x:z
        #datapoints = 91
        residuals are weighted equally (unit weight)

function used for fitting: f(x)
	f(x)=a*x+b
fitted parameters initialized with current variable values

iter      chisq       delta/lim  lambda   a             b            
   0 1.7773756426e+05   0.00e+00  3.75e+01    1.000000e+00   1.000000e+00
   4 7.3944961837e+01  -6.71e-01  3.75e-03    1.336664e-01   2.976831e+00

After 4 iterations the fit converged.
final sum of squares of residuals : 73.945
rel. change during last iteration : -6.71091e-06

degrees of freedom    (FIT_NDF)                        : 89
rms of residuals      (FIT_STDFIT) = sqrt(WSSR/ndf)    : 0.911505
variance of residuals (reduced chisquare) = WSSR/ndf   : 0.830842

Final set of parameters            Asymptotic Standard Error
=======================            ==========================
a               = 0.133666         +/- 0.003638     (2.721%)
b               = 2.97683          +/- 0.1927       (6.473%)

correlation matrix of the fit parameters:
                a      b      
a               1.000 
b              -0.868  1.000 
