0 1
1 0
2 0
3 0
4 0
5 0
6 0
7 0
8 0
9 0
10 0
11 0
12 0
13 0
14 0
15 0
16 0
17 0
18 0
19 0
20 0
21 0
22 0
23 0
24 0
25 0
26 0
27 0
28 0
29 0
30 0
31 0
32 0
33 0
34 0
35 0
36 0
37 0
38 0
39 0
40 0
41 0
42 0
43 0
44 0
45 0
46 0
47 0
48 0
49 0
50 0
51 0
52 0
53 0
54 0
55 0
56 0
57 0
58 0
59 0
60 0
61 0
62 0
63 0
64 0
65 0
66 0
67 0
68 0
69 0
70 0
71 0
72 0
73 0
74 0
75 0
76 0
77 0
78 0
79 0
80 0
81 0
82 0
83 0
84 0
85 0
86 0
87 0
88 0
89 0
90 0
91 0
92 0
93 0
94 0
95 0
96 0
97 0
98 0
99 0
100 0
101 0
102 0
103 0
104 0
105 0
106 0
107 0
108 0
109 0
110 0
111 0
112 0
113 0
114 0
115 0
116 0
117 0
118 0
119 0
120 0
121 0
122 0
123 0
124 0
125 0
126 0
127 0
128 0
129 0
130 0
131 0
132 0
133 0
134 0
135 0
136 0
137 0
138 0
139 0
140 0
141 0
142 0
143 0
144 0
145 0
146 0
147 0
148 0
149 0
150 0
151 0
152 0
153 0
154 0
155 0
156 0
157 0
158 0
159 0
160 0
161 0
162 0
163 0
164 0
165 0
166 0
167 0
168 0
169 0
170 0
171 0
172 0
173 0
174 0
175 0
176 0
177 0
178 0
179 0
180 0
181 0
182 0
183 0
184 0
185 0
186 0
187 0
188 0
189 0
190 0
191 0
192 0
193 0
194 0
195 0
196 0
197 0
198 0
199 0
200 0
201 0
202 0
203 0
204 0
205 0
206 0
207 0
208 0
209 0
210 0
211 0
212 0
213 0
214 0
215 0
216 0
217 0
218 0
219 0
220 0
221 0
222 0
223 0
224 0
225 0
226 0
227 0
228 0
229 0
230 0
231 0
232 0
233 0
234 0
235 0
236 0
237 0
238 0
239 0
240 0
241 0
242 0
243 0
244 0
245 0
246 0
247 0
248 0
249 0
250 0
251 0
252 0
253 0
254 0
255 0
256 0
257 0
258 0
259 0
260 0
261 0
262 0
263 0
264 0
265 0
266 0
267 0
268 0
269 0
270 0
271 0
272 0
273 0
274 0
275 0
276 0
277 0
278 0
279 0
280 0
281 0
282 0
283 0
284 0
285 0
286 0
287 0
288 0
289 0
290 0
291 0
292 0
293 0
294 0
295 0
296 0
297 0
298 0
299 0
300 0
301 0
302 0
303 0
304 0
305 0
306 0
307 0
308 0
309 0
310 0
311 0
312 0
313 0
314 0
315 0
316 0
317 0
318 0
319 0
320 0
321 0
322 0
323 0
324 0
325 0
326 0
327 0
328 0
329 0
330 0
331 0
332 0
333 0
334 0
335 0
336 0
337 0
338 0
339 0
340 0
341 0
342 0
343 0
344 0
345 0
346 0
347 0
348 0
349 0
350 0
351 0
352 0
353 0
354 0
355 0
356 0
357 0
358 0
359 0
360 0
361 0
362 0
363 0
364 0
365 0
366 0
367 0
368 0
369 0
370 0
371 0
372 1
373 0
374 2
375 2
376 1
377 0
378 3
379 0
380 1
381 2
382 5
383 3
384 2
385 4
386 6
387 6
388 1
389 4
390 7
391 5
392 5
393 5
394 8
395 8
396 6
397 5
398 9
399 7
400 9
401 6
402 7
403 12
404 6
405 6
406 9
407 8
408 10
409 7
410 15
411 8
412 13
413 17
414 16
415 11
416 16
417 16
418 15
419 17
420 15
421 18
422 17
423 17
424 18
425 21
426 17
427 23
428 14
429 21
430 21
431 26
432 21
433 23
434 23
435 26
436 21
437 28
438 20
439 26
440 23
441 24
442 23
443 26
444 25
445 30
446 24
447 31
448 26
449 32
450 24
451 32
452 27
453 34
454 27
455 32
456 28
457 34
458 35
459 33
460 33
461 34
462 31
463 32
464 31
465 33
466 36
467 36
468 38
469 34
470 31
471 33
472 32
473 33
474 33
475 38
476 36
477 31
478 38
479 28
480 38
481 29
482 34
483 34
484 39
485 30
486 36
487 27
488 31
489 30
490 32
491 30
492 33
493 29
494 32
495 32
496 31
497 32
498 34
499 27
500 38
501 27
502 33
503 30
504 32
505 34
506 34
507 33
508 33
509 33
510 30
511 31
512 26
513 33
514 24
515 28
516 35
517 31
518 27
519 36
520 36
521 30
522 33
523 33
524 31
525 34
526 29
527 33
528 32
529 35
530 30
531 33
532 34
533 30
534 33
535 38
536 32
537 30
538 31
539 41
540 33
541 37
542 38
543 45
544 39
545 40
546 39
547 47
548 42
549 48
550 43
551 45
552 49
553 51
554 49
555 47
556 53
557 50
558 52
559 55
560 49
561 50
562 57
563 54
564 56
565 55
566 56
567 59
568 56
569 60
570 60
571 61
572 58
573 59
574 61
575 62
576 61
577 61
578 62
579 63
580 64
581 62
582 60
583 63
584 62
585 63
586 61
587 63
588 63
589 61
590 63
591 63
592 63
593 63
594 63
595 62
596 63
597 63
598 63
599 62
600 63
601 63
602 64
603 63
604 64
605 64
606 64
607 63
608 63
609 64
610 63
611 63
612 62
613 61
614 59
615 61
616 59
617 63
618 59
619 60
620 60
621 55
622 58
623 59
624 59
625 55
626 61
627 60
628 59
629 57
630 54
631 60
632 55
633 51
634 52
635 55
636 49
637 46
638 48
639 52
640 49
641 40
642 47
643 46
644 45
645 39
646 42
647 40
648 37
649 34
650 42
651 35
652 40
653 31
654 42
655 38
656 38
657 37
658 40
659 34
660 36
661 34
662 30
663 32
664 33
665 30
666 34
667 33
668 31
669 32
670 26
671 32
672 26
673 35
674 30
675 31
676 30
677 35
678 28
679 32
680 29
681 35
682 27
683 28
684 28
685 29
686 28
687 31
688 28
689 31
690 27
691 30
692 27
693 31
694 26
695 33
696 24
697 32
698 27
699 31
700 28
701 33
702 33
703 32
704 30
705 28
706 30
707 29
708 28
709 29
710 33
711 29
712 26
713 26
714 26
715 26
716 21
717 28
718 26
719 26
720 25
721 19
722 26
723 15
724 21
725 21
726 22
727 20
728 21
729 18
730 21
731 16
732 18
733 18
734 18
735 16
736 18
737 14
738 16
739 17
740 16
741 15
742 21
743 11
744 20
745 10
746 17
747 13
748 19
749 17
750 17
751 16
752 17
753 14
754 12
755 15
756 11
757 12
758 12
759 12
760 14
761 16
762 16
763 16
764 20
765 13
766 16
767 15
768 14
769 15
770 15
771 14
772 15
773 13
774 14
775 14
776 15
777 14
778 13
779 14
780 9
781 13
782 8
783 15
784 10
785 14
786 12
787 15
788 9
789 10
790 8
791 14
792 10
793 13
794 10
795 13
796 11
797 8
798 9
799 7
800 10
801 10
802 8
803 5
804 7
805 5
806 9
807 3
808 4
809 5
810 3
811 6
812 4
813 3
814 3
815 3
816 2
817 2
818 1
819 0
820 1
821 0
822 3
823 0
824 1
825 0
826 0
827 0
828 0
829 0
830 0
831 0
832 1
833 0
834 0
835 0
836 2
837 0
838 0
839 0
840 0
841 0
842 0
843 0
844 0
845 0
846 0
847 0
848 0
849 0
850 0
851 0
852 0
853 0
854 0
855 0
856 0
857 0
858 0
859 0
860 0
861 0
862 0
863 0
864 0
865 0
866 0
867 0
868 0
869 0
870 0
871 0
872 0
873 0
874 0
875 0
876 0
877 0
878 0
879 0
880 0
881 0
882 0
883 0
884 0
885 0
886 0
887 0
888 0
889 0
890 0
891 0
892 0
893 0
894 0
895 0
896 0
897 0
898 0
899 0
900 0
901 0
902 0
903 0
904 0
905 0
906 0
907 0
908 0
909 0
910 0
911 0
912 0
913 0
914 0
915 0
916 0
917 0
918 0
919 0
920 0
921 0
922 0
923 0
924 0
925 0
926 0
927 0
928 0
929 0
930 0
931 0
932 0
933 0
934 0
935 0
936 0
937 0
938 0
939 0
940 0
941 0
942 0
943 0
944 0
945 0
946 0
947 0
948 0
949 0
950 0
951 0
952 0
953 0
954 0
955 0
956 0
957 0
958 0
959 0
960 0
961 0
962 0
963 0
964 0
965 0
966 0
967 0
968 0
969 0
970 0
971 0
972 0
973 0
974 0
975 0
976 0
977 0
978 0
979 0
980 0
981 0
982 0
983 0
984 0
985 0
986 0
987 0
988 0
989 0
990 0
991 0
992 0
993 0
994 0
995 0
996 0
997 0
998 0
999 0
1000 0
1001 0
1002 0
1003 0
1004 0
1005 0
1006 0
1007 0
1008 0
1009 0
1010 0
1011 0
1012 0
1013 0
1014 0
1015 0
1016 0
1017 0
1018 0
1019 0
1020 0
1021 0
1022 0
1023 0
1024 0
1025 0
1026 0
1027 0
1028 0
1029 0
1030 0
1031 0
1032 0
1033 0
1034 0
1035 0
1036 0
1037 0
1038 0
1039 0
1040 0
1041 0
1042 0
1043 0
1044 0
1045 0
1046 0
1047 0
1048 0
1049 0
1050 0
1051 0
1052 0
1053 0
1054 0
1055 0
1056 0
1057 0
1058 0
1059 0
1060 0
1061 0
1062 0
1063 0
1064 0
1065 0
1066 0
1067 0
1068 0
1069 0
1070 0
1071 0
1072 0
1073 0
1074 0
1075 0
1076 0
1077 0
1078 0
1079 0
1080 0
1081 0
1082 0
1083 0
1084 0
1085 0
1086 0
1087 0
1088 0
1089 0
1090 0
1091 0
1092 0
1093 0
1094 0
1095 0
1096 0
1097 0
1098 0
1099 0
1100 0
1101 0
1102 0
1103 0
1104 0
1105 0
1106 0
1107 0
1108 0
1109 0
1110 0
1111 0
1112 0
1113 0
1114 0
1115 0
1116 0
1117 0
1118 0
1119 0
1120 0
1121 0
1122 0
1123 0
1124 0
1125 0
1126 0
1127 0
1128 0
1129 0
1130 0
1131 0
1132 0
1133 0
1134 0
1135 0
1136 0
1137 0
1138 0
1139 0
1140 0
1141 0
1142 0
1143 0
1144 0
1145 0
1146 0
1147 0
1148 0
1149 0
1150 0
1151 0
1152 0
1153 0
1154 0
1155 0
1156 0
1157 0
1158 0
1159 0
1160 0
1161 0
1162 0
1163 0
1164 0
1165 0
1166 0
1167 0
1168 0
1169 0
1170 0
1171 0
1172 0
1173 0
1174 0
1175 0
1176 0
1177 0
1178 0
1179 0
1180 0
1181 0
1182 0
1183 0
1184 0
1185 0
1186 0
1187 0
1188 0
1189 0
1190 0
1191 0
1192 0
1193 0
1194 0
1195 0
1196 0
1197 0
1198 0
1199 0
1200 0
1201 0
1202 0
1203 0
1204 0
1205 0
1206 0
1207 0
1208 0
1209 0
1210 0
1211 0
1212 0
1213 0
1214 0
1215 0
1216 0
1217 0
1218 0
1219 0
1220 0
1221 0
1222 0
1223 0
1224 0
1225 0
1226 0
1227 0
1228 0
1229 0
1230 0
1231 0
1232 0
1233 0
1234 0
1235 0
1236 0
1237 0
1238 0
1239 0
1240 0
1241 0
1242 0
1243 0
