0 1
1 0
2 0
3 0
4 0
5 0
6 0
7 0
8 0
9 0
10 0
11 0
12 0
13 0
14 0
15 0
16 0
17 0
18 0
19 0
20 0
21 0
22 0
23 0
24 0
25 0
26 0
27 0
28 0
29 0
30 0
31 0
32 0
33 0
34 0
35 0
36 0
37 0
38 0
39 0
40 0
41 0
42 0
43 0
44 0
45 0
46 0
47 0
48 0
49 0
50 0
51 0
52 0
53 0
54 0
55 0
56 0
57 0
58 0
59 0
60 0
61 0
62 0
63 0
64 0
65 0
66 0
67 0
68 0
69 0
70 0
71 0
72 0
73 0
74 0
75 0
76 0
77 0
78 0
79 0
80 0
81 0
82 0
83 0
84 0
85 0
86 0
87 0
88 0
89 1
90 0
91 0
92 0
93 0
94 0
95 0
96 0
97 0
98 0
99 0
100 0
101 0
102 0
103 0
104 0
105 0
106 0
107 0
108 0
109 0
110 0
111 0
112 0
113 0
114 0
115 0
116 0
117 2
118 0
119 0
120 0
121 6
122 9
123 6
124 8
125 11
126 13
127 9
128 23
129 26
130 27
131 34
132 30
133 44
134 49
135 51
136 54
137 61
138 66
139 64
140 74
141 77
142 81
143 73
144 82
145 89
146 93
147 86
148 97
149 102
150 97
151 113
152 111
153 121
154 115
155 128
156 126
157 132
158 132
159 119
160 117
161 132
162 136
163 143
164 151
165 150
166 145
167 153
168 153
169 164
170 152
171 172
172 158
173 161
174 154
175 172
176 172
177 170
178 149
179 166
180 148
181 158
182 149
183 164
184 170
185 162
186 166
187 165
188 168
189 166
190 176
191 164
192 162
193 159
194 152
195 153
196 164
197 159
198 168
199 162
200 167
201 158
202 160
203 165
204 173
205 154
206 177
207 163
208 167
209 163
210 173
211 173
212 172
213 148
214 168
215 149
216 160
217 151
218 164
219 170
220 162
221 168
222 165
223 168
224 166
225 176
226 164
227 162
228 159
229 152
230 153
231 164
232 159
233 168
234 162
235 167
236 158
237 160
238 165
239 173
240 154
241 177
242 163
243 167
244 163
245 173
246 173
247 172
248 148
249 168
250 149
251 160
252 151
253 164
254 169
255 162
256 168
257 165
258 168
259 166
260 176
261 164
262 162
263 155
264 149
265 147
266 157
267 152
268 152
269 143
270 140
271 131
272 124
273 129
274 136
275 107
276 131
277 104
278 107
279 103
280 107
281 102
282 103
283 81
284 89
285 70
286 76
287 67
288 74
289 71
290 69
291 56
292 58
293 41
294 59
295 48
296 47
297 32
298 29
299 25
300 35
301 28
302 29
303 18
304 16
305 14
306 7
307 11
308 11
309 8
310 7
311 2
312 3
313 5
314 2
315 3
316 0
317 0
318 0
319 2
320 2
321 0
322 1
323 1
324 0
325 0
326 0
327 0
328 0
329 0
330 0
331 0
332 0
333 0
334 0
335 0
336 0
337 0
338 0
339 0
340 0
341 0
342 0
343 0
344 0
345 0
346 0
347 0
348 0
349 0
350 0
351 0
352 0
353 0
354 0
355 0
356 0
357 0
358 0
359 0
360 0
361 0
362 0
363 0
364 0
365 0
366 0
367 0
368 0
369 0
370 0
371 0
372 0
373 0
374 0
375 0
376 0
377 0
378 0
379 0
380 0
381 0
382 0
383 0
384 0
385 0
386 0
387 0
388 0
389 0
390 0
391 0
392 0
393 0
394 0
395 0
396 0
397 0
398 0
399 0
400 0
401 0
402 0
403 0
404 0
405 0
406 0
407 0
408 0
409 0
410 0
411 0
412 0
413 0
414 0
415 0
416 0
417 0
418 0
419 0
420 0
421 0
422 0
423 0
424 0
425 0
426 0
427 0
428 0
429 0
430 0
431 0
432 0
433 0
434 0
435 0
436 0
437 0
438 0
439 0
440 0
441 0
442 0
443 0
444 0
445 0
446 0
447 0
448 0
449 0
450 0
451 0
452 0
453 0
454 0
455 0
456 0
457 0
458 0
459 0
460 0
461 0
462 0
463 0
464 0
465 0
466 0
467 0
468 0
469 0
470 0
471 0
472 0
473 0
474 0
475 0
476 0
477 0
478 0
479 0
