u1_2 0 1
u1_2 1 0
u1_2 2 0
u1_2 3 0
u1_2 4 0
u1_2 5 0
u1_2 6 0
u1_2 7 0
u1_2 8 0
u1_2 9 0
u1_2 10 0
u1_2 11 0
u1_2 12 0
u1_2 13 0
u1_2 14 0
u1_2 15 0
u1_2 16 0
u1_2 17 0
u1_2 18 0
u1_2 19 0
u1_2 20 0
u1_2 21 0
u1_2 22 0
u1_2 23 0
u1_2 24 0
u1_2 25 0
u1_2 26 0
u1_2 27 0
u1_2 28 0
u1_2 29 0
u1_2 30 0
u1_2 31 0
u1_2 32 0
u1_2 33 0
u1_2 34 0
u1_2 35 0
u1_2 36 0
u1_2 37 0
u1_2 38 0
u1_2 39 0
u1_2 40 0
u1_2 41 0
u1_2 42 0
u1_2 43 0
u1_2 44 0
u1_2 45 0
u1_2 46 0
u1_2 47 0
u1_2 48 0
u1_2 49 0
u1_2 50 0
u1_2 51 0
u1_2 52 0
u1_2 53 0
u1_2 54 0
u1_2 55 0
u1_2 56 0
u1_2 57 0
u1_2 58 0
u1_2 59 0
u1_2 60 0
u1_2 61 0
u1_2 62 0
u1_2 63 0
u1_2 64 0
u1_2 65 0
u1_2 66 0
u1_2 67 0
u1_2 68 0
u1_2 69 0
u1_2 70 0
u1_2 71 0
u1_2 72 0
u1_2 73 0
u1_2 74 0
u1_2 75 0
u1_2 76 0
u1_2 77 0
u1_2 78 0
u1_2 79 0
u1_2 80 0
u1_2 81 0
u1_2 82 0
u1_2 83 0
u1_2 84 0
u1_2 85 0
u1_2 86 0
u1_2 87 0
u1_2 88 0
u1_2 89 0
u1_2 90 0
u1_2 91 0
u1_2 92 0
u1_2 93 0
u1_2 94 0
u1_2 95 0
u1_2 96 0
u1_2 97 0
u1_2 98 0
u1_2 99 0
u1_2 100 0
u1_2 101 0
u1_2 102 0
u1_2 103 0
u1_2 104 0
u1_2 105 0
u1_2 106 0
u1_2 107 0
u1_2 108 0
u1_2 109 0
u1_2 110 0
u1_2 111 0
u1_2 112 0
u1_2 113 0
u1_2 114 0
u1_2 115 0
u1_2 116 0
u1_2 117 0
u1_2 118 0
u1_2 119 0
u1_2 120 0
u1_2 121 0
u1_2 122 0
u1_2 123 0
u1_2 124 0
u1_2 125 1
u1_2 126 0
u1_2 127 0
u1_2 128 0
u1_2 129 0
u1_2 130 0
u1_2 131 0
u1_2 132 0
u1_2 133 0
u1_2 134 0
u1_2 135 0
u1_2 136 0
u1_2 137 0
u1_2 138 0
u1_2 139 0
u1_2 140 0
u1_2 141 0
u1_2 142 0
u1_2 143 0
u1_2 144 0
u1_2 145 0
u1_2 146 0
u1_2 147 0
u1_2 148 0
u1_2 149 0
u1_2 150 0
u1_2 151 0
u1_2 152 0
u1_2 153 0
u1_2 154 0
u1_2 155 0
u1_2 156 0
u1_2 157 0
u1_2 158 0
u1_2 159 0
u1_2 160 0
u1_2 161 0
u1_2 162 0
u1_2 163 0
u1_2 164 0
u1_2 165 0
u1_2 166 0
u1_2 167 0
u1_2 168 0
u1_2 169 0
u1_2 170 0
u1_2 171 0
u1_2 172 0
u1_2 173 0
u1_2 174 0
u1_2 175 1
u1_2 176 1
u1_2 177 0
u1_2 178 0
u1_2 179 1
u1_2 180 0
u1_2 181 1
u1_2 182 0
u1_2 183 0
u1_2 184 1
u1_2 185 1
u1_2 186 0
u1_2 187 0
u1_2 188 1
u1_2 189 1
u1_2 190 1
u1_2 191 1
u1_2 192 2
u1_2 193 1
u1_2 194 2
u1_2 195 4
u1_2 196 4
u1_2 197 5
u1_2 198 4
u1_2 199 6
u1_2 200 10
u1_2 201 12
u1_2 202 10
u1_2 203 18
u1_2 204 15
u1_2 205 15
u1_2 206 18
u1_2 207 20
u1_2 208 19
u1_2 209 24
u1_2 210 30
u1_2 211 26
u1_2 212 31
u1_2 213 25
u1_2 214 41
u1_2 215 41
u1_2 216 42
u1_2 217 45
u1_2 218 45
u1_2 219 51
u1_2 220 54
u1_2 221 65
u1_2 222 58
u1_2 223 63
u1_2 224 69
u1_2 225 63
u1_2 226 69
u1_2 227 79
u1_2 228 88
u1_2 229 78
u1_2 230 77
u1_2 231 80
u1_2 232 93
u1_2 233 88
u1_2 234 97
u1_2 235 99
u1_2 236 104
u1_2 237 117
u1_2 238 112
u1_2 239 113
u1_2 240 117
u1_2 241 117
u1_2 242 120
u1_2 243 121
u1_2 244 133
u1_2 245 128
u1_2 246 135
u1_2 247 133
u1_2 248 131
u1_2 249 125
u1_2 250 139
u1_2 251 135
u1_2 252 137
u1_2 253 157
u1_2 254 142
u1_2 255 158
u1_2 256 149
u1_2 257 156
u1_2 258 156
u1_2 259 164
u1_2 260 155
u1_2 261 173
u1_2 262 168
u1_2 263 183
u1_2 264 174
u1_2 265 180
u1_2 266 181
u1_2 267 172
u1_2 268 184
u1_2 269 188
u1_2 270 180
u1_2 271 169
u1_2 272 191
u1_2 273 181
u1_2 274 194
u1_2 275 199
u1_2 276 199
u1_2 277 202
u1_2 278 205
u1_2 279 212
u1_2 280 215
u1_2 281 214
u1_2 282 209
u1_2 283 215
u1_2 284 215
u1_2 285 218
u1_2 286 232
u1_2 287 226
u1_2 288 226
u1_2 289 225
u1_2 290 220
u1_2 291 232
u1_2 292 222
u1_2 293 229
u1_2 294 229
u1_2 295 233
u1_2 296 232
u1_2 297 232
u1_2 298 239
u1_2 299 238
u1_2 300 241
u1_2 301 240
u1_2 302 241
u1_2 303 244
u1_2 304 243
u1_2 305 238
u1_2 306 240
u1_2 307 242
u1_2 308 243
u1_2 309 238
u1_2 310 239
u1_2 311 233
u1_2 312 235
u1_2 313 236
u1_2 314 235
u1_2 315 229
u1_2 316 227
u1_2 317 231
u1_2 318 228
u1_2 319 223
u1_2 320 216
u1_2 321 218
u1_2 322 220
u1_2 323 216
u1_2 324 202
u1_2 325 206
u1_2 326 206
u1_2 327 191
u1_2 328 187
u1_2 329 179
u1_2 330 183
u1_2 331 175
u1_2 332 177
u1_2 333 166
u1_2 334 157
u1_2 335 163
u1_2 336 158
u1_2 337 152
u1_2 338 140
u1_2 339 144
u1_2 340 131
u1_2 341 128
u1_2 342 134
u1_2 343 129
u1_2 344 119
u1_2 345 116
u1_2 346 104
u1_2 347 106
u1_2 348 109
u1_2 349 100
u1_2 350 99
u1_2 351 113
u1_2 352 80
u1_2 353 87
u1_2 354 80
u1_2 355 83
u1_2 356 70
u1_2 357 77
u1_2 358 47
u1_2 359 61
u1_2 360 52
u1_2 361 55
u1_2 362 50
u1_2 363 50
u1_2 364 44
u1_2 365 38
u1_2 366 34
u1_2 367 40
u1_2 368 38
u1_2 369 29
u1_2 370 31
u1_2 371 30
u1_2 372 24
u1_2 373 36
u1_2 374 30
u1_2 375 28
u1_2 376 27
u1_2 377 19
u1_2 378 21
u1_2 379 14
u1_2 380 18
u1_2 381 12
u1_2 382 22
u1_2 383 10
u1_2 384 19
u1_2 385 15
u1_2 386 13
u1_2 387 11
u1_2 388 13
u1_2 389 11
u1_2 390 6
u1_2 391 6
u1_2 392 7
u1_2 393 7
u1_2 394 1
u1_2 395 1
u1_2 396 1
u1_2 397 4
u1_2 398 2
u1_2 399 2
u1_2 400 0
u1_2 401 0
u1_2 402 0
u1_2 403 0
u1_2 404 0
u1_2 405 1
u1_2 406 0
u1_2 407 0
u1_2 408 0
u1_2 409 0
u1_2 410 0
u1_2 411 0
u1_2 412 0
u1_2 413 0
u1_2 414 0
u1_2 415 0
u1_2 416 0
u1_2 417 0
u1_2 418 0
u1_2 419 0
u1_2 420 0
u1_2 421 0
u1_2 422 0
u1_2 423 0
u1_2 424 0
u1_2 425 0
u1_2 426 0
u1_2 427 0
u1_2 428 0
u1_2 429 0
u1_2 430 0
u1_2 431 0
u1_2 432 0
u1_2 433 0
u1_2 434 0
u1_2 435 0
u1_2 436 0
u1_2 437 0
u1_2 438 0
u1_2 439 0
u1_2 440 0
u1_2 441 0
u1_2 442 0
u1_2 443 0
u1_2 444 0
u1_2 445 0
u1_2 446 0
u1_2 447 0
u1_2 448 0
u1_2 449 0
u1_2 450 0
u1_2 451 0
u1_2 452 0
u1_2 453 0
u1_2 454 0
u1_2 455 0
u1_2 456 0
u1_2 457 0
u1_2 458 0
u1_2 459 0
u1_2 460 0
u1_2 461 0
u1_2 462 0
u1_2 463 0
u1_2 464 0
u1_2 465 0
u1_2 466 0
u1_2 467 0
u1_2 468 0
u1_2 469 0
u1_2 470 0
u1_2 471 0
u1_2 472 0
u1_2 473 0
u1_2 474 0
u1_2 475 0
u1_2 476 0
u1_2 477 0
u1_2 478 0
u1_2 479 0
u1_2 480 0
u1_2 481 0
u1_2 482 0
u1_2 483 0
u1_2 484 0
u1_2 485 0
u1_2 486 0
u1_2 487 0
u1_2 488 0
u1_2 489 0
u1_2 490 0
u1_2 491 0
u1_2 492 0
u1_2 493 0
u1_2 494 0
u1_2 495 0
u1_2 496 0
u1_2 497 0
u1_2 498 0
u1_2 499 0
u1_2 500 0
u1_2 501 0
u1_2 502 0
u1_2 503 0
u1_2 504 0
u1_2 505 0
u1_2 506 0
u1_2 507 0
u1_2 508 0
u1_2 509 0
u1_2 510 0
u1_2 511 0
u1_2 512 0
u1_2 513 0
u1_2 514 0
u1_2 515 0
u1_2 516 0
u1_2 517 0
u1_2 518 0
u1_2 519 0
u1_2 520 0
u1_2 521 0
u1_2 522 0
u1_2 523 0
u1_2 524 0
u1_2 525 0
u1_2 526 0
u1_2 527 0
u1_2 528 0
u1_2 529 0
u1_2 530 0
u1_2 531 0
u1_2 532 0
u1_2 533 0
u1_2 534 0
u1_2 535 0
u1_2 536 0
u1_2 537 0
u1_2 538 0
u1_2 539 0
u1_3 0 1
u1_3 1 0
u1_3 2 0
u1_3 3 0
u1_3 4 0
u1_3 5 0
u1_3 6 0
u1_3 7 0
u1_3 8 0
u1_3 9 0
u1_3 10 0
u1_3 11 0
u1_3 12 0
u1_3 13 0
u1_3 14 0
u1_3 15 0
u1_3 16 0
u1_3 17 0
u1_3 18 0
u1_3 19 0
u1_3 20 0
u1_3 21 0
u1_3 22 0
u1_3 23 0
u1_3 24 0
u1_3 25 0
u1_3 26 0
u1_3 27 0
u1_3 28 0
u1_3 29 0
u1_3 30 0
u1_3 31 0
u1_3 32 0
u1_3 33 0
u1_3 34 0
u1_3 35 0
u1_3 36 0
u1_3 37 0
u1_3 38 0
u1_3 39 0
u1_3 40 0
u1_3 41 0
u1_3 42 0
u1_3 43 0
u1_3 44 0
u1_3 45 0
u1_3 46 0
u1_3 47 0
u1_3 48 0
u1_3 49 0
u1_3 50 0
u1_3 51 0
u1_3 52 0
u1_3 53 0
u1_3 54 0
u1_3 55 0
u1_3 56 0
u1_3 57 0
u1_3 58 0
u1_3 59 0
u1_3 60 0
u1_3 61 0
u1_3 62 0
u1_3 63 0
u1_3 64 0
u1_3 65 0
u1_3 66 0
u1_3 67 0
u1_3 68 0
u1_3 69 0
u1_3 70 0
u1_3 71 0
u1_3 72 0
u1_3 73 0
u1_3 74 0
u1_3 75 0
u1_3 76 0
u1_3 77 0
u1_3 78 0
u1_3 79 0
u1_3 80 0
u1_3 81 0
u1_3 82 0
u1_3 83 0
u1_3 84 0
u1_3 85 0
u1_3 86 0
u1_3 87 0
u1_3 88 0
u1_3 89 0
u1_3 90 0
u1_3 91 0
u1_3 92 0
u1_3 93 0
u1_3 94 0
u1_3 95 0
u1_3 96 0
u1_3 97 0
u1_3 98 0
u1_3 99 0
u1_3 100 0
u1_3 101 0
u1_3 102 0
u1_3 103 0
u1_3 104 0
u1_3 105 0
u1_3 106 0
u1_3 107 0
u1_3 108 0
u1_3 109 0
u1_3 110 0
u1_3 111 0
u1_3 112 0
u1_3 113 0
u1_3 114 0
u1_3 115 0
u1_3 116 0
u1_3 117 0
u1_3 118 0
u1_3 119 0
u1_3 120 0
u1_3 121 0
u1_3 122 0
u1_3 123 0
u1_3 124 0
u1_3 125 0
u1_3 126 0
u1_3 127 0
u1_3 128 0
u1_3 129 0
u1_3 130 0
u1_3 131 0
u1_3 132 0
u1_3 133 0
u1_3 134 0
u1_3 135 0
u1_3 136 0
u1_3 137 0
u1_3 138 0
u1_3 139 0
u1_3 140 0
u1_3 141 0
u1_3 142 0
u1_3 143 0
u1_3 144 0
u1_3 145 0
u1_3 146 0
u1_3 147 0
u1_3 148 0
u1_3 149 0
u1_3 150 0
u1_3 151 0
u1_3 152 0
u1_3 153 0
u1_3 154 0
u1_3 155 0
u1_3 156 0
u1_3 157 0
u1_3 158 0
u1_3 159 0
u1_3 160 0
u1_3 161 0
u1_3 162 0
u1_3 163 0
u1_3 164 0
u1_3 165 0
u1_3 166 0
u1_3 167 0
u1_3 168 0
u1_3 169 0
u1_3 170 0
u1_3 171 0
u1_3 172 0
u1_3 173 0
u1_3 174 0
u1_3 175 0
u1_3 176 0
u1_3 177 0
u1_3 178 0
u1_3 179 0
u1_3 180 0
u1_3 181 0
u1_3 182 0
u1_3 183 0
u1_3 184 0
u1_3 185 0
u1_3 186 0
u1_3 187 0
u1_3 188 0
u1_3 189 0
u1_3 190 0
u1_3 191 0
u1_3 192 0
u1_3 193 0
u1_3 194 0
u1_3 195 0
u1_3 196 0
u1_3 197 0
u1_3 198 0
u1_3 199 0
u1_3 200 0
u1_3 201 0
u1_3 202 0
u1_3 203 0
u1_3 204 0
u1_3 205 0
u1_3 206 0
u1_3 207 0
u1_3 208 0
u1_3 209 0
u1_3 210 0
u1_3 211 0
u1_3 212 0
u1_3 213 0
u1_3 214 0
u1_3 215 0
u1_3 216 0
u1_3 217 0
u1_3 218 0
u1_3 219 0
u1_3 220 0
u1_3 221 0
u1_3 222 0
u1_3 223 0
u1_3 224 0
u1_3 225 0
u1_3 226 0
u1_3 227 0
u1_3 228 0
u1_3 229 0
u1_3 230 0
u1_3 231 0
u1_3 232 0
u1_3 233 0
u1_3 234 0
u1_3 235 0
u1_3 236 0
u1_3 237 0
u1_3 238 0
u1_3 239 0
u1_3 240 0
u1_3 241 0
u1_3 242 0
u1_3 243 0
u1_3 244 0
u1_3 245 0
u1_3 246 0
u1_3 247 0
u1_3 248 0
u1_3 249 0
u1_3 250 0
u1_3 251 0
u1_3 252 0
u1_3 253 0
u1_3 254 0
u1_3 255 0
u1_3 256 0
u1_3 257 0
u1_3 258 0
u1_3 259 0
u1_3 260 0
u1_3 261 0
u1_3 262 0
u1_3 263 0
u1_3 264 0
u1_3 265 0
u1_3 266 0
u1_3 267 0
u1_3 268 0
u1_3 269 0
u1_3 270 0
u1_3 271 0
u1_3 272 0
u1_3 273 0
u1_3 274 0
u1_3 275 0
u1_3 276 0
u1_3 277 0
u1_3 278 0
u1_3 279 0
u1_3 280 0
u1_3 281 0
u1_3 282 0
u1_3 283 0
u1_3 284 0
u1_3 285 0
u1_3 286 0
u1_3 287 0
u1_3 288 0
u1_3 289 0
u1_3 290 0
u1_3 291 0
u1_3 292 0
u1_3 293 0
u1_3 294 0
u1_3 295 0
u1_3 296 0
u1_3 297 0
u1_3 298 0
u1_3 299 0
u1_3 300 0
u1_3 301 0
u1_3 302 0
u1_3 303 0
u1_3 304 0
u1_3 305 0
u1_3 306 0
u1_3 307 0
u1_3 308 0
u1_3 309 0
u1_3 310 0
u1_3 311 0
u1_3 312 0
u1_3 313 0
u1_3 314 0
u1_3 315 0
u1_3 316 0
u1_3 317 0
u1_3 318 0
u1_3 319 0
u1_3 320 0
u1_3 321 0
u1_3 322 0
u1_3 323 0
u1_3 324 0
u1_3 325 0
u1_3 326 0
u1_3 327 0
u1_3 328 0
u1_3 329 0
u1_3 330 0
u1_3 331 0
u1_3 332 0
u1_3 333 0
u1_3 334 0
u1_3 335 0
u1_3 336 0
u1_3 337 0
u1_3 338 0
u1_3 339 0
u1_3 340 0
u1_3 341 0
u1_3 342 0
u1_3 343 0
u1_3 344 0
u1_3 345 0
u1_3 346 0
u1_3 347 0
u1_3 348 0
u1_3 349 0
u1_3 350 0
u1_3 351 0
u1_3 352 0
u1_3 353 0
u1_3 354 0
u1_3 355 0
u1_3 356 0
u1_3 357 0
u1_3 358 0
u1_3 359 0
u1_3 360 0
u1_3 361 0
u1_3 362 0
u1_3 363 0
u1_3 364 0
u1_3 365 0
u1_3 366 0
u1_3 367 0
u1_3 368 0
u1_3 369 0
u1_3 370 0
u1_3 371 0
u1_3 372 1
u1_3 373 0
u1_3 374 2
u1_3 375 2
u1_3 376 1
u1_3 377 0
u1_3 378 3
u1_3 379 0
u1_3 380 1
u1_3 381 2
u1_3 382 5
u1_3 383 3
u1_3 384 2
u1_3 385 4
u1_3 386 6
u1_3 387 6
u1_3 388 1
u1_3 389 4
u1_3 390 7
u1_3 391 5
u1_3 392 5
u1_3 393 5
u1_3 394 8
u1_3 395 8
u1_3 396 6
u1_3 397 5
u1_3 398 9
u1_3 399 7
u1_3 400 9
u1_3 401 6
u1_3 402 7
u1_3 403 12
u1_3 404 6
u1_3 405 6
u1_3 406 9
u1_3 407 8
u1_3 408 10
u1_3 409 7
u1_3 410 15
u1_3 411 8
u1_3 412 13
u1_3 413 17
u1_3 414 16
u1_3 415 11
u1_3 416 16
u1_3 417 16
u1_3 418 15
u1_3 419 17
u1_3 420 15
u1_3 421 18
u1_3 422 17
u1_3 423 17
u1_3 424 18
u1_3 425 21
u1_3 426 17
u1_3 427 23
u1_3 428 14
u1_3 429 21
u1_3 430 21
u1_3 431 26
u1_3 432 21
u1_3 433 23
u1_3 434 23
u1_3 435 26
u1_3 436 21
u1_3 437 28
u1_3 438 20
u1_3 439 26
u1_3 440 23
u1_3 441 24
u1_3 442 23
u1_3 443 26
u1_3 444 25
u1_3 445 30
u1_3 446 24
u1_3 447 31
u1_3 448 26
u1_3 449 32
u1_3 450 24
u1_3 451 32
u1_3 452 27
u1_3 453 34
u1_3 454 27
u1_3 455 32
u1_3 456 28
u1_3 457 34
u1_3 458 35
u1_3 459 33
u1_3 460 33
u1_3 461 34
u1_3 462 31
u1_3 463 32
u1_3 464 31
u1_3 465 33
u1_3 466 36
u1_3 467 36
u1_3 468 38
u1_3 469 34
u1_3 470 31
u1_3 471 33
u1_3 472 32
u1_3 473 33
u1_3 474 33
u1_3 475 38
u1_3 476 36
u1_3 477 31
u1_3 478 38
u1_3 479 28
u1_3 480 38
u1_3 481 29
u1_3 482 34
u1_3 483 34
u1_3 484 39
u1_3 485 30
u1_3 486 36
u1_3 487 27
u1_3 488 31
u1_3 489 30
u1_3 490 32
u1_3 491 30
u1_3 492 33
u1_3 493 29
u1_3 494 32
u1_3 495 32
u1_3 496 31
u1_3 497 32
u1_3 498 34
u1_3 499 27
u1_3 500 38
u1_3 501 27
u1_3 502 33
u1_3 503 30
u1_3 504 32
u1_3 505 34
u1_3 506 34
u1_3 507 33
u1_3 508 33
u1_3 509 33
u1_3 510 30
u1_3 511 31
u1_3 512 26
u1_3 513 33
u1_3 514 24
u1_3 515 28
u1_3 516 35
u1_3 517 31
u1_3 518 27
u1_3 519 36
u1_3 520 36
u1_3 521 30
u1_3 522 33
u1_3 523 33
u1_3 524 31
u1_3 525 34
u1_3 526 29
u1_3 527 33
u1_3 528 32
u1_3 529 35
u1_3 530 30
u1_3 531 33
u1_3 532 34
u1_3 533 30
u1_3 534 33
u1_3 535 38
u1_3 536 32
u1_3 537 30
u1_3 538 31
u1_3 539 41
u1_3 540 33
u1_3 541 37
u1_3 542 38
u1_3 543 45
u1_3 544 39
u1_3 545 40
u1_3 546 39
u1_3 547 47
u1_3 548 42
u1_3 549 48
u1_3 550 43
u1_3 551 45
u1_3 552 49
u1_3 553 51
u1_3 554 49
u1_3 555 47
u1_3 556 53
u1_3 557 50
u1_3 558 52
u1_3 559 55
u1_3 560 49
u1_3 561 50
u1_3 562 57
u1_3 563 54
u1_3 564 56
u1_3 565 55
u1_3 566 56
u1_3 567 59
u1_3 568 56
u1_3 569 60
u1_3 570 60
u1_3 571 61
u1_3 572 58
u1_3 573 59
u1_3 574 61
u1_3 575 62
u1_3 576 61
u1_3 577 61
u1_3 578 62
u1_3 579 63
u1_3 580 64
u1_3 581 62
u1_3 582 60
u1_3 583 63
u1_3 584 62
u1_3 585 63
u1_3 586 61
u1_3 587 63
u1_3 588 63
u1_3 589 61
u1_3 590 63
u1_3 591 63
u1_3 592 63
u1_3 593 63
u1_3 594 63
u1_3 595 62
u1_3 596 63
u1_3 597 63
u1_3 598 63
u1_3 599 62
u1_3 600 63
u1_3 601 63
u1_3 602 64
u1_3 603 63
u1_3 604 64
u1_3 605 64
u1_3 606 64
u1_3 607 63
u1_3 608 63
u1_3 609 64
u1_3 610 63
u1_3 611 63
u1_3 612 62
u1_3 613 61
u1_3 614 59
u1_3 615 61
u1_3 616 59
u1_3 617 63
u1_3 618 59
u1_3 619 60
u1_3 620 60
u1_3 621 55
u1_3 622 58
u1_3 623 59
u1_3 624 59
u1_3 625 55
u1_3 626 61
u1_3 627 60
u1_3 628 59
u1_3 629 57
u1_3 630 54
u1_3 631 60
u1_3 632 55
u1_3 633 51
u1_3 634 52
u1_3 635 55
u1_3 636 49
u1_3 637 46
u1_3 638 48
u1_3 639 52
u1_3 640 49
u1_3 641 40
u1_3 642 47
u1_3 643 46
u1_3 644 45
u1_3 645 39
u1_3 646 42
u1_3 647 40
u1_3 648 37
u1_3 649 34
u1_3 650 42
u1_3 651 35
u1_3 652 40
u1_3 653 31
u1_3 654 42
u1_3 655 38
u1_3 656 38
u1_3 657 37
u1_3 658 40
u1_3 659 34
u1_3 660 36
u1_3 661 34
u1_3 662 30
u1_3 663 32
u1_3 664 33
u1_3 665 30
u1_3 666 34
u1_3 667 33
u1_3 668 31
u1_3 669 32
u1_3 670 26
u1_3 671 32
u1_3 672 26
u1_3 673 35
u1_3 674 30
u1_3 675 31
u1_3 676 30
u1_3 677 35
u1_3 678 28
u1_3 679 32
u1_3 680 29
u1_3 681 35
u1_3 682 27
u1_3 683 28
u1_3 684 28
u1_3 685 29
u1_3 686 28
u1_3 687 31
u1_3 688 28
u1_3 689 31
u1_3 690 27
u1_3 691 30
u1_3 692 27
u1_3 693 31
u1_3 694 26
u1_3 695 33
u1_3 696 24
u1_3 697 32
u1_3 698 27
u1_3 699 31
u1_3 700 28
u1_3 701 33
u1_3 702 33
u1_3 703 32
u1_3 704 30
u1_3 705 28
u1_3 706 30
u1_3 707 29
u1_3 708 28
u1_3 709 29
u1_3 710 33
u1_3 711 29
u1_3 712 26
u1_3 713 26
u1_3 714 26
u1_3 715 26
u1_3 716 21
u1_3 717 28
u1_3 718 26
u1_3 719 26
u1_3 720 25
u1_3 721 19
u1_3 722 26
u1_3 723 15
u1_3 724 21
u1_3 725 21
u1_3 726 22
u1_3 727 20
u1_3 728 21
u1_3 729 18
u1_3 730 21
u1_3 731 16
u1_3 732 18
u1_3 733 18
u1_3 734 18
u1_3 735 16
u1_3 736 18
u1_3 737 14
u1_3 738 16
u1_3 739 17
u1_3 740 16
u1_3 741 15
u1_3 742 21
u1_3 743 11
u1_3 744 20
u1_3 745 10
u1_3 746 17
u1_3 747 13
u1_3 748 19
u1_3 749 17
u1_3 750 17
u1_3 751 16
u1_3 752 17
u1_3 753 14
u1_3 754 12
u1_3 755 15
u1_3 756 11
u1_3 757 12
u1_3 758 12
u1_3 759 12
u1_3 760 14
u1_3 761 16
u1_3 762 16
u1_3 763 16
u1_3 764 20
u1_3 765 13
u1_3 766 16
u1_3 767 15
u1_3 768 14
u1_3 769 15
u1_3 770 15
u1_3 771 14
u1_3 772 15
u1_3 773 13
u1_3 774 14
u1_3 775 14
u1_3 776 15
u1_3 777 14
u1_3 778 13
u1_3 779 14
u1_3 780 9
u1_3 781 13
u1_3 782 8
u1_3 783 15
u1_3 784 10
u1_3 785 14
u1_3 786 12
u1_3 787 15
u1_3 788 9
u1_3 789 10
u1_3 790 8
u1_3 791 14
u1_3 792 10
u1_3 793 13
u1_3 794 10
u1_3 795 13
u1_3 796 11
u1_3 797 8
u1_3 798 9
u1_3 799 7
u1_3 800 10
u1_3 801 10
u1_3 802 8
u1_3 803 5
u1_3 804 7
u1_3 805 5
u1_3 806 9
u1_3 807 3
u1_3 808 4
u1_3 809 5
u1_3 810 3
u1_3 811 6
u1_3 812 4
u1_3 813 3
u1_3 814 3
u1_3 815 3
u1_3 816 2
u1_3 817 2
u1_3 818 1
u1_3 819 0
u1_3 820 1
u1_3 821 0
u1_3 822 3
u1_3 823 0
u1_3 824 1
u1_3 825 0
u1_3 826 0
u1_3 827 0
u1_3 828 0
u1_3 829 0
u1_3 830 0
u1_3 831 0
u1_3 832 1
u1_3 833 0
u1_3 834 0
u1_3 835 0
u1_3 836 2
u1_3 837 0
u1_3 838 0
u1_3 839 0
u1_3 840 0
u1_3 841 0
u1_3 842 0
u1_3 843 0
u1_3 844 0
u1_3 845 0
u1_3 846 0
u1_3 847 0
u1_3 848 0
u1_3 849 0
u1_3 850 0
u1_3 851 0
u1_3 852 0
u1_3 853 0
u1_3 854 0
u1_3 855 0
u1_3 856 0
u1_3 857 0
u1_3 858 0
u1_3 859 0
u1_3 860 0
u1_3 861 0
u1_3 862 0
u1_3 863 0
u1_3 864 0
u1_3 865 0
u1_3 866 0
u1_3 867 0
u1_3 868 0
u1_3 869 0
u1_3 870 0
u1_3 871 0
u1_3 872 0
u1_3 873 0
u1_3 874 0
u1_3 875 0
u1_3 876 0
u1_3 877 0
u1_3 878 0
u1_3 879 0
u1_3 880 0
u1_3 881 0
u1_3 882 0
u1_3 883 0
u1_3 884 0
u1_3 885 0
u1_3 886 0
u1_3 887 0
u1_3 888 0
u1_3 889 0
u1_3 890 0
u1_3 891 0
u1_3 892 0
u1_3 893 0
u1_3 894 0
u1_3 895 0
u1_3 896 0
u1_3 897 0
u1_3 898 0
u1_3 899 0
u1_3 900 0
u1_3 901 0
u1_3 902 0
u1_3 903 0
u1_3 904 0
u1_3 905 0
u1_3 906 0
u1_3 907 0
u1_3 908 0
u1_3 909 0
u1_3 910 0
u1_3 911 0
u1_3 912 0
u1_3 913 0
u1_3 914 0
u1_3 915 0
u1_3 916 0
u1_3 917 0
u1_3 918 0
u1_3 919 0
u1_3 920 0
u1_3 921 0
u1_3 922 0
u1_3 923 0
u1_3 924 0
u1_3 925 0
u1_3 926 0
u1_3 927 0
u1_3 928 0
u1_3 929 0
u1_3 930 0
u1_3 931 0
u1_3 932 0
u1_3 933 0
u1_3 934 0
u1_3 935 0
u1_3 936 0
u1_3 937 0
u1_3 938 0
u1_3 939 0
u1_3 940 0
u1_3 941 0
u1_3 942 0
u1_3 943 0
u1_3 944 0
u1_3 945 0
u1_3 946 0
u1_3 947 0
u1_3 948 0
u1_3 949 0
u1_3 950 0
u1_3 951 0
u1_3 952 0
u1_3 953 0
u1_3 954 0
u1_3 955 0
u1_3 956 0
u1_3 957 0
u1_3 958 0
u1_3 959 0
u1_3 960 0
u1_3 961 0
u1_3 962 0
u1_3 963 0
u1_3 964 0
u1_3 965 0
u1_3 966 0
u1_3 967 0
u1_3 968 0
u1_3 969 0
u1_3 970 0
u1_3 971 0
u1_3 972 0
u1_3 973 0
u1_3 974 0
u1_3 975 0
u1_3 976 0
u1_3 977 0
u1_3 978 0
u1_3 979 0
u1_3 980 0
u1_3 981 0
u1_3 982 0
u1_3 983 0
u1_3 984 0
u1_3 985 0
u1_3 986 0
u1_3 987 0
u1_3 988 0
u1_3 989 0
u1_3 990 0
u1_3 991 0
u1_3 992 0
u1_3 993 0
u1_3 994 0
u1_3 995 0
u1_3 996 0
u1_3 997 0
u1_3 998 0
u1_3 999 0
u1_3 1000 0
u1_3 1001 0
u1_3 1002 0
u1_3 1003 0
u1_3 1004 0
u1_3 1005 0
u1_3 1006 0
u1_3 1007 0
u1_3 1008 0
u1_3 1009 0
u1_3 1010 0
u1_3 1011 0
u1_3 1012 0
u1_3 1013 0
u1_3 1014 0
u1_3 1015 0
u1_3 1016 0
u1_3 1017 0
u1_3 1018 0
u1_3 1019 0
u1_3 1020 0
u1_3 1021 0
u1_3 1022 0
u1_3 1023 0
u1_3 1024 0
u1_3 1025 0
u1_3 1026 0
u1_3 1027 0
u1_3 1028 0
u1_3 1029 0
u1_3 1030 0
u1_3 1031 0
u1_3 1032 0
u1_3 1033 0
u1_3 1034 0
u1_3 1035 0
u1_3 1036 0
u1_3 1037 0
u1_3 1038 0
u1_3 1039 0
u1_3 1040 0
u1_3 1041 0
u1_3 1042 0
u1_3 1043 0
u1_3 1044 0
u1_3 1045 0
u1_3 1046 0
u1_3 1047 0
u1_3 1048 0
u1_3 1049 0
u1_3 1050 0
u1_3 1051 0
u1_3 1052 0
u1_3 1053 0
u1_3 1054 0
u1_3 1055 0
u1_3 1056 0
u1_3 1057 0
u1_3 1058 0
u1_3 1059 0
u1_3 1060 0
u1_3 1061 0
u1_3 1062 0
u1_3 1063 0
u1_3 1064 0
u1_3 1065 0
u1_3 1066 0
u1_3 1067 0
u1_3 1068 0
u1_3 1069 0
u1_3 1070 0
u1_3 1071 0
u1_3 1072 0
u1_3 1073 0
u1_3 1074 0
u1_3 1075 0
u1_3 1076 0
u1_3 1077 0
u1_3 1078 0
u1_3 1079 0
u1_3 1080 0
u1_3 1081 0
u1_3 1082 0
u1_3 1083 0
u1_3 1084 0
u1_3 1085 0
u1_3 1086 0
u1_3 1087 0
u1_3 1088 0
u1_3 1089 0
u1_3 1090 0
u1_3 1091 0
u1_3 1092 0
u1_3 1093 0
u1_3 1094 0
u1_3 1095 0
u1_3 1096 0
u1_3 1097 0
u1_3 1098 0
u1_3 1099 0
u1_3 1100 0
u1_3 1101 0
u1_3 1102 0
u1_3 1103 0
u1_3 1104 0
u1_3 1105 0
u1_3 1106 0
u1_3 1107 0
u1_3 1108 0
u1_3 1109 0
u1_3 1110 0
u1_3 1111 0
u1_3 1112 0
u1_3 1113 0
u1_3 1114 0
u1_3 1115 0
u1_3 1116 0
u1_3 1117 0
u1_3 1118 0
u1_3 1119 0
u1_3 1120 0
u1_3 1121 0
u1_3 1122 0
u1_3 1123 0
u1_3 1124 0
u1_3 1125 0
u1_3 1126 0
u1_3 1127 0
u1_3 1128 0
u1_3 1129 0
u1_3 1130 0
u1_3 1131 0
u1_3 1132 0
u1_3 1133 0
u1_3 1134 0
u1_3 1135 0
u1_3 1136 0
u1_3 1137 0
u1_3 1138 0
u1_3 1139 0
u1_3 1140 0
u1_3 1141 0
u1_3 1142 0
u1_3 1143 0
u1_3 1144 0
u1_3 1145 0
u1_3 1146 0
u1_3 1147 0
u1_3 1148 0
u1_3 1149 0
u1_3 1150 0
u1_3 1151 0
u1_3 1152 0
u1_3 1153 0
u1_3 1154 0
u1_3 1155 0
u1_3 1156 0
u1_3 1157 0
u1_3 1158 0
u1_3 1159 0
u1_3 1160 0
u1_3 1161 0
u1_3 1162 0
u1_3 1163 0
u1_3 1164 0
u1_3 1165 0
u1_3 1166 0
u1_3 1167 0
u1_3 1168 0
u1_3 1169 0
u1_3 1170 0
u1_3 1171 0
u1_3 1172 0
u1_3 1173 0
u1_3 1174 0
u1_3 1175 0
u1_3 1176 0
u1_3 1177 0
u1_3 1178 0
u1_3 1179 0
u1_3 1180 0
u1_3 1181 0
u1_3 1182 0
u1_3 1183 0
u1_3 1184 0
u1_3 1185 0
u1_3 1186 0
u1_3 1187 0
u1_3 1188 0
u1_3 1189 0
u1_3 1190 0
u1_3 1191 0
u1_3 1192 0
u1_3 1193 0
u1_3 1194 0
u1_3 1195 0
u1_3 1196 0
u1_3 1197 0
u1_3 1198 0
u1_3 1199 0
u1_3 1200 0
u1_3 1201 0
u1_3 1202 0
u1_3 1203 0
u1_3 1204 0
u1_3 1205 0
u1_3 1206 0
u1_3 1207 0
u1_3 1208 0
u1_3 1209 0
u1_3 1210 0
u1_3 1211 0
u1_3 1212 0
u1_3 1213 0
u1_3 1214 0
u1_3 1215 0
u1_3 1216 0
u1_3 1217 0
u1_3 1218 0
u1_3 1219 0
u1_3 1220 0
u1_3 1221 0
u1_3 1222 0
u1_3 1223 0
u1_3 1224 0
u1_3 1225 0
u1_3 1226 0
u1_3 1227 0
u1_3 1228 0
u1_3 1229 0
u1_3 1230 0
u1_3 1231 0
u1_3 1232 0
u1_3 1233 0
u1_3 1234 0
u1_3 1235 0
u1_3 1236 0
u1_3 1237 0
u1_3 1238 0
u1_3 1239 0
u1_3 1240 0
u1_3 1241 0
u1_3 1242 0
u1_3 1243 0
u1_9 0 1
u1_9 1 0
u1_9 2 0
u1_9 3 0
u1_9 4 0
u1_9 5 0
u1_9 6 0
u1_9 7 0
u1_9 8 0
u1_9 9 0
u1_9 10 0
u1_9 11 0
u1_9 12 1
u1_9 13 0
u1_9 14 0
u1_9 15 0
u1_9 16 0
u1_9 17 0
u1_9 18 0
u1_9 19 0
u1_9 20 0
u1_9 21 0
u1_9 22 0
u1_9 23 0
u1_9 24 0
u1_9 25 0
u1_9 26 0
u1_9 27 0
u1_9 28 0
u1_9 29 0
u1_9 30 0
u1_9 31 0
u1_9 32 0
u1_9 33 0
u1_9 34 0
u1_9 35 0
u1_9 36 1
u1_9 37 0
u1_9 38 0
u1_9 39 0
u1_9 40 0
u1_9 41 0
u1_9 42 0
u1_9 43 0
u1_9 44 0
u1_9 45 0
u1_9 46 0
u1_9 47 0
u1_9 48 1
u1_9 49 0
u1_9 50 0
u1_9 51 0
u1_9 52 0
u1_9 53 0
u1_9 54 0
u1_9 55 0
u1_9 56 0
u1_9 57 0
u1_9 58 0
u1_9 59 0
u1_9 60 1
u1_9 61 0
u1_9 62 0
u1_9 63 0
u1_9 64 0
u1_9 65 0
u1_9 66 0
u1_9 67 0
u1_9 68 0
u1_9 69 0
u1_9 70 0
u1_9 71 0
u1_9 72 1
u1_9 73 0
u1_9 74 0
u1_9 75 0
u1_9 76 0
u1_9 77 0
u1_9 78 0
u1_9 79 0
u1_9 80 0
u1_9 81 0
u1_9 82 0
u1_9 83 0
u1_9 84 1
u1_9 85 0
u1_9 86 0
u1_9 87 0
u1_9 88 0
u1_9 89 0
u1_9 90 0
u1_9 91 0
u1_9 92 0
u1_9 93 0
u1_9 94 0
u1_9 95 0
u1_9 96 1
u1_9 97 0
u1_9 98 0
u1_9 99 0
u1_9 100 1
u1_9 101 0
u1_9 102 0
u1_9 103 0
u1_9 104 0
u1_9 105 0
u1_9 106 0
u1_9 107 0
u1_9 108 1
u1_9 109 1
u1_9 110 0
u1_9 111 3
u1_9 112 2
u1_9 113 4
u1_9 114 2
u1_9 115 7
u1_9 116 15
u1_9 117 20
u1_9 118 15
u1_9 119 23
u1_9 120 37
u1_9 121 42
u1_9 122 51
u1_9 123 50
u1_9 124 61
u1_9 125 67
u1_9 126 65
u1_9 127 61
u1_9 128 75
u1_9 129 68
u1_9 130 60
u1_9 131 70
u1_9 132 71
u1_9 133 73
u1_9 134 73
u1_9 135 69
u1_9 136 71
u1_9 137 81
u1_9 138 75
u1_9 139 77
u1_9 140 84
u1_9 141 80
u1_9 142 77
u1_9 143 86
u1_9 144 85
u1_9 145 83
u1_9 146 84
u1_9 147 74
u1_9 148 75
u1_9 149 83
u1_9 150 77
u1_9 151 77
u1_9 152 85
u1_9 153 80
u1_9 154 77
u1_9 155 86
u1_9 156 85
u1_9 157 83
u1_9 158 84
u1_9 159 74
u1_9 160 75
u1_9 161 83
u1_9 162 77
u1_9 163 77
u1_9 164 85
u1_9 165 80
u1_9 166 77
u1_9 167 86
u1_9 168 85
u1_9 169 83
u1_9 170 84
u1_9 171 74
u1_9 172 75
u1_9 173 83
u1_9 174 77
u1_9 175 77
u1_9 176 85
u1_9 177 80
u1_9 178 77
u1_9 179 86
u1_9 180 85
u1_9 181 83
u1_9 182 84
u1_9 183 74
u1_9 184 75
u1_9 185 83
u1_9 186 77
u1_9 187 77
u1_9 188 85
u1_9 189 80
u1_9 190 77
u1_9 191 86
u1_9 192 85
u1_9 193 83
u1_9 194 84
u1_9 195 74
u1_9 196 75
u1_9 197 83
u1_9 198 77
u1_9 199 77
u1_9 200 85
u1_9 201 80
u1_9 202 77
u1_9 203 86
u1_9 204 85
u1_9 205 83
u1_9 206 84
u1_9 207 74
u1_9 208 74
u1_9 209 83
u1_9 210 75
u1_9 211 77
u1_9 212 79
u1_9 213 78
u1_9 214 70
u1_9 215 77
u1_9 216 68
u1_9 217 68
u1_9 218 54
u1_9 219 51
u1_9 220 39
u1_9 221 25
u1_9 222 21
u1_9 223 15
u1_9 224 9
u1_9 225 7
u1_9 226 6
u1_9 227 0
u1_9 228 0
u1_9 229 0
u1_9 230 0
u1_9 231 0
u1_9 232 1
u1_9 233 0
u1_9 234 0
u1_9 235 0
u1_9 236 0
u1_9 237 0
u1_9 238 0
u1_9 239 0
u1_9 240 0
u1_9 241 0
u1_9 242 0
u1_9 243 0
u1_9 244 0
u1_9 245 0
u1_9 246 0
u1_9 247 0
u1_9 248 0
u1_9 249 0
u1_9 250 0
u1_9 251 0
u1_9 252 0
u1_9 253 0
u1_9 254 0
u1_9 255 0
u1_9 256 0
u1_9 257 0
u1_9 258 0
u1_9 259 0
u1_9 260 0
u1_9 261 0
u1_9 262 0
u1_9 263 0
u1_9 264 0
u1_9 265 0
u1_9 266 0
u1_9 267 0
u1_9 268 0
u1_9 269 0
u1_9 270 0
u1_9 271 0
u1_9 272 0
u1_9 273 0
u1_9 274 0
u1_9 275 0
u1_9 276 0
u1_9 277 0
u1_9 278 0
u1_9 279 0
u1_9 280 0
u1_9 281 0
u1_9 282 0
u1_9 283 0
u1_9 284 0
u1_9 285 0
u1_9 286 0
u1_9 287 0
u1_9 288 0
u1_9 289 0
u1_9 290 0
u1_9 291 0
u1_9 292 0
u1_9 293 0
u1_9 294 0
u1_9 295 0
u1_9 296 0
u1_9 297 0
u1_9 298 0
u1_9 299 0
u1_9 300 0
u1_9 301 0
u1_9 302 0
u1_9 303 0
u1_9 304 0
u1_9 305 0
u1_9 306 0
u1_9 307 0
u1_9 308 0
u1_9 309 0
u1_9 310 0
u1_9 311 0
u1_9 312 0
u1_9 313 0
u1_9 314 0
u1_9 315 0
u1_9 316 0
u1_9 317 0
u1_9 318 0
u1_9 319 0
u1_9 320 0
u1_9 321 0
u1_9 322 0
u1_9 323 0
u1_9 324 0
u1_9 325 0
u1_9 326 0
u1_9 327 0
u1_9 328 0
u2_3 0 1
u2_3 1 0
u2_3 2 0
u2_3 3 0
u2_3 4 0
u2_3 5 0
u2_3 6 0
u2_3 7 0
u2_3 8 0
u2_3 9 0
u2_3 10 0
u2_3 11 0
u2_3 12 0
u2_3 13 0
u2_3 14 0
u2_3 15 0
u2_3 16 0
u2_3 17 0
u2_3 18 0
u2_3 19 0
u2_3 20 0
u2_3 21 0
u2_3 22 0
u2_3 23 0
u2_3 24 0
u2_3 25 0
u2_3 26 0
u2_3 27 0
u2_3 28 0
u2_3 29 0
u2_3 30 0
u2_3 31 0
u2_3 32 0
u2_3 33 0
u2_3 34 0
u2_3 35 0
u2_3 36 0
u2_3 37 0
u2_3 38 0
u2_3 39 0
u2_3 40 0
u2_3 41 0
u2_3 42 0
u2_3 43 0
u2_3 44 0
u2_3 45 0
u2_3 46 0
u2_3 47 0
u2_3 48 0
u2_3 49 0
u2_3 50 0
u2_3 51 0
u2_3 52 0
u2_3 53 0
u2_3 54 0
u2_3 55 0
u2_3 56 0
u2_3 57 0
u2_3 58 0
u2_3 59 0
u2_3 60 0
u2_3 61 0
u2_3 62 0
u2_3 63 0
u2_3 64 0
u2_3 65 0
u2_3 66 0
u2_3 67 0
u2_3 68 0
u2_3 69 0
u2_3 70 0
u2_3 71 0
u2_3 72 0
u2_3 73 0
u2_3 74 0
u2_3 75 0
u2_3 76 0
u2_3 77 0
u2_3 78 0
u2_3 79 0
u2_3 80 0
u2_3 81 0
u2_3 82 0
u2_3 83 0
u2_3 84 0
u2_3 85 0
u2_3 86 0
u2_3 87 0
u2_3 88 0
u2_3 89 1
u2_3 90 0
u2_3 91 0
u2_3 92 0
u2_3 93 0
u2_3 94 0
u2_3 95 0
u2_3 96 0
u2_3 97 0
u2_3 98 0
u2_3 99 0
u2_3 100 0
u2_3 101 0
u2_3 102 0
u2_3 103 0
u2_3 104 0
u2_3 105 0
u2_3 106 0
u2_3 107 0
u2_3 108 0
u2_3 109 0
u2_3 110 0
u2_3 111 0
u2_3 112 0
u2_3 113 0
u2_3 114 0
u2_3 115 0
u2_3 116 0
u2_3 117 2
u2_3 118 0
u2_3 119 0
u2_3 120 0
u2_3 121 6
u2_3 122 9
u2_3 123 6
u2_3 124 8
u2_3 125 11
u2_3 126 13
u2_3 127 9
u2_3 128 23
u2_3 129 26
u2_3 130 27
u2_3 131 34
u2_3 132 30
u2_3 133 44
u2_3 134 49
u2_3 135 51
u2_3 136 54
u2_3 137 61
u2_3 138 66
u2_3 139 64
u2_3 140 74
u2_3 141 77
u2_3 142 81
u2_3 143 73
u2_3 144 82
u2_3 145 89
u2_3 146 93
u2_3 147 86
u2_3 148 97
u2_3 149 102
u2_3 150 97
u2_3 151 113
u2_3 152 111
u2_3 153 121
u2_3 154 115
u2_3 155 128
u2_3 156 126
u2_3 157 132
u2_3 158 132
u2_3 159 119
u2_3 160 117
u2_3 161 132
u2_3 162 136
u2_3 163 143
u2_3 164 151
u2_3 165 150
u2_3 166 145
u2_3 167 153
u2_3 168 153
u2_3 169 164
u2_3 170 152
u2_3 171 172
u2_3 172 158
u2_3 173 161
u2_3 174 154
u2_3 175 172
u2_3 176 172
u2_3 177 170
u2_3 178 149
u2_3 179 166
u2_3 180 148
u2_3 181 158
u2_3 182 149
u2_3 183 164
u2_3 184 170
u2_3 185 162
u2_3 186 166
u2_3 187 165
u2_3 188 168
u2_3 189 166
u2_3 190 176
u2_3 191 164
u2_3 192 162
u2_3 193 159
u2_3 194 152
u2_3 195 153
u2_3 196 164
u2_3 197 159
u2_3 198 168
u2_3 199 162
u2_3 200 167
u2_3 201 158
u2_3 202 160
u2_3 203 165
u2_3 204 173
u2_3 205 154
u2_3 206 177
u2_3 207 163
u2_3 208 167
u2_3 209 163
u2_3 210 173
u2_3 211 173
u2_3 212 172
u2_3 213 148
u2_3 214 168
u2_3 215 149
u2_3 216 160
u2_3 217 151
u2_3 218 164
u2_3 219 170
u2_3 220 162
u2_3 221 168
u2_3 222 165
u2_3 223 168
u2_3 224 166
u2_3 225 176
u2_3 226 164
u2_3 227 162
u2_3 228 159
u2_3 229 152
u2_3 230 153
u2_3 231 164
u2_3 232 159
u2_3 233 168
u2_3 234 162
u2_3 235 167
u2_3 236 158
u2_3 237 160
u2_3 238 165
u2_3 239 173
u2_3 240 154
u2_3 241 177
u2_3 242 163
u2_3 243 167
u2_3 244 163
u2_3 245 173
u2_3 246 173
u2_3 247 172
u2_3 248 148
u2_3 249 168
u2_3 250 149
u2_3 251 160
u2_3 252 151
u2_3 253 164
u2_3 254 169
u2_3 255 162
u2_3 256 168
u2_3 257 165
u2_3 258 168
u2_3 259 166
u2_3 260 176
u2_3 261 164
u2_3 262 162
u2_3 263 155
u2_3 264 149
u2_3 265 147
u2_3 266 157
u2_3 267 152
u2_3 268 152
u2_3 269 143
u2_3 270 140
u2_3 271 131
u2_3 272 124
u2_3 273 129
u2_3 274 136
u2_3 275 107
u2_3 276 131
u2_3 277 104
u2_3 278 107
u2_3 279 103
u2_3 280 107
u2_3 281 102
u2_3 282 103
u2_3 283 81
u2_3 284 89
u2_3 285 70
u2_3 286 76
u2_3 287 67
u2_3 288 74
u2_3 289 71
u2_3 290 69
u2_3 291 56
u2_3 292 58
u2_3 293 41
u2_3 294 59
u2_3 295 48
u2_3 296 47
u2_3 297 32
u2_3 298 29
u2_3 299 25
u2_3 300 35
u2_3 301 28
u2_3 302 29
u2_3 303 18
u2_3 304 16
u2_3 305 14
u2_3 306 7
u2_3 307 11
u2_3 308 11
u2_3 309 8
u2_3 310 7
u2_3 311 2
u2_3 312 3
u2_3 313 5
u2_3 314 2
u2_3 315 3
u2_3 316 0
u2_3 317 0
u2_3 318 0
u2_3 319 2
u2_3 320 2
u2_3 321 0
u2_3 322 1
u2_3 323 1
u2_3 324 0
u2_3 325 0
u2_3 326 0
u2_3 327 0
u2_3 328 0
u2_3 329 0
u2_3 330 0
u2_3 331 0
u2_3 332 0
u2_3 333 0
u2_3 334 0
u2_3 335 0
u2_3 336 0
u2_3 337 0
u2_3 338 0
u2_3 339 0
u2_3 340 0
u2_3 341 0
u2_3 342 0
u2_3 343 0
u2_3 344 0
u2_3 345 0
u2_3 346 0
u2_3 347 0
u2_3 348 0
u2_3 349 0
u2_3 350 0
u2_3 351 0
u2_3 352 0
u2_3 353 0
u2_3 354 0
u2_3 355 0
u2_3 356 0
u2_3 357 0
u2_3 358 0
u2_3 359 0
u2_3 360 0
u2_3 361 0
u2_3 362 0
u2_3 363 0
u2_3 364 0
u2_3 365 0
u2_3 366 0
u2_3 367 0
u2_3 368 0
u2_3 369 0
u2_3 370 0
u2_3 371 0
u2_3 372 0
u2_3 373 0
u2_3 374 0
u2_3 375 0
u2_3 376 0
u2_3 377 0
u2_3 378 0
u2_3 379 0
u2_3 380 0
u2_3 381 0
u2_3 382 0
u2_3 383 0
u2_3 384 0
u2_3 385 0
u2_3 386 0
u2_3 387 0
u2_3 388 0
u2_3 389 0
u2_3 390 0
u2_3 391 0
u2_3 392 0
u2_3 393 0
u2_3 394 0
u2_3 395 0
u2_3 396 0
u2_3 397 0
u2_3 398 0
u2_3 399 0
u2_3 400 0
u2_3 401 0
u2_3 402 0
u2_3 403 0
u2_3 404 0
u2_3 405 0
u2_3 406 0
u2_3 407 0
u2_3 408 0
u2_3 409 0
u2_3 410 0
u2_3 411 0
u2_3 412 0
u2_3 413 0
u2_3 414 0
u2_3 415 0
u2_3 416 0
u2_3 417 0
u2_3 418 0
u2_3 419 0
u2_3 420 0
u2_3 421 0
u2_3 422 0
u2_3 423 0
u2_3 424 0
u2_3 425 0
u2_3 426 0
u2_3 427 0
u2_3 428 0
u2_3 429 0
u2_3 430 0
u2_3 431 0
u2_3 432 0
u2_3 433 0
u2_3 434 0
u2_3 435 0
u2_3 436 0
u2_3 437 0
u2_3 438 0
u2_3 439 0
u2_3 440 0
u2_3 441 0
u2_3 442 0
u2_3 443 0
u2_3 444 0
u2_3 445 0
u2_3 446 0
u2_3 447 0
u2_3 448 0
u2_3 449 0
u2_3 450 0
u2_3 451 0
u2_3 452 0
u2_3 453 0
u2_3 454 0
u2_3 455 0
u2_3 456 0
u2_3 457 0
u2_3 458 0
u2_3 459 0
u2_3 460 0
u2_3 461 0
u2_3 462 0
u2_3 463 0
u2_3 464 0
u2_3 465 0
u2_3 466 0
u2_3 467 0
u2_3 468 0
u2_3 469 0
u2_3 470 0
u2_3 471 0
u2_3 472 0
u2_3 473 0
u2_3 474 0
u2_3 475 0
u2_3 476 0
u2_3 477 0
u2_3 478 0
u2_3 479 0
