4 2e-06 0.36296567821312375 1.0888990346393712 1.7734535757633954 1.5006150678103567
18 2e-06 0.36665444804094327 1.0999653441228299 7.5030737020174625 7.230235194064424
1464537 2e-06 0.33363169657343755 1.0008970897203127 599374.4700509505 599374.1972124426
34073 2e-06 0.33238843894086156 0.9971673168225846 13944.804030815036 13944.53119230708
22149 2e-06 0.3317016856198476 0.9951070568595427 9064.804717568357 9064.531879060405
1036581 2e-06 0.3314219595172364 0.9942678785517092 424229.80499729444 424229.5321587865
2623282 2e-06 0.3325685700035822 0.9977077100107465 1073600.803850684 1073600.531012176
44816 2e-06 0.332541300161342 0.9976259004840259 18341.46896055414 18341.19612204618
349247 2e-06 0.3314452752991494 0.9943378258974481 142932.46786452926 142932.1950260213
965713 2e-06 0.33149894239528616 0.9944988271858585 395226.46791819634 395226.1950796884
265318 2e-06 0.331953037386288 0.995861112158864 108583.80446621658 108583.53162770862
37493 2e-06 0.3319566888374877 0.9958720665124631 15344.468375942815 15344.19553743486
302451 2e-06 0.333085309372413 0.9992579281172389 123780.8033339446 123780.53049543664
1513594 2e-06 0.33181267126332087 0.9954400137899625 619451.4682319253 619451.1953934173
698415 2e-06 0.331462695292198 0.994390085876594 285832.46788194927 285832.1950434413
303272 2e-06 0.33179076262222085 0.9953742878666625 124116.80462849136 124116.5317899834
180 2e-06 0.33345551959057296 1.0003685587717188 73.80296373438595 73.5301252264329
12060 2e-06 0.34151981256847763 1.0245614377054328 4935.794899441408 4935.522060933455
2626004 2e-06 0.330712594031882 0.992139782095646 1074714.80570666 1074714.532868152
6862 2e-06 0.33237902538610825 0.9971390761583246 2808.468798279363 2808.1959597714094
1 3e-06 0.40925858044671903 1.227778741340157 0.5456776980037116 0.2728394628897265
26 3e-06 0.35927690838530546 1.0778337251559162 10.777142209171688 10.504303974057702
29731 3e-06 0.3331447385957137 0.9994372157871411 12167.80327437896 12167.530436143848
149454 3e-06 0.33188208395284735 0.995649251858542 61165.46830120151 61165.19546296639
332441 3e-06 0.3317422877326309 0.9952298631978928 136054.46816140527 136054.1953231702
6322 3e-06 0.3327455841578946 0.9982397524736839 2587.469164701715 2587.1963264666006
190389 3e-06 0.3318726703978276 0.9956210111934827 77918.46829178795 77918.19545355283
727527 3e-06 0.33274333985122995 0.9982330195536898 297746.80367577774 297746.5308375426
328099 4e-06 0.33098598807777874 0.9929619642333362 134277.4674049692 134277.19456700693
39776 4e-06 0.330704151303137 0.9921164539094111 16278.805714829836 16278.532876867559
78270 4e-06 0.3309084353004341 0.9927293059013024 32032.805510545837 32032.532672583566
95616 5e-06 0.3315720065101686 0.9947210195305058 39131.804846838204 39131.53200914877
177104 5e-06 0.33163143573596915 0.9948993072079075 72481.46805028044 72481.19521259102
33274 5e-06 0.32999421587084365 0.989987647612531 13617.806424628849 13617.533586939411
42217 6e-06 0.3305092808608596 0.9915338425825788 17277.805909427436 17277.53307201084
3723 6e-06 0.33030499686505144 0.9909209905951543 1523.8061137114335 1523.5332762948367
75706 6e-06 0.3300912993137455 0.9902798979412364 30983.46651000761 30983.193672591016
39653 6e-06 0.33049045375034214 0.9914773612510264 16228.466909162049 16228.19407174545
162041 6e-06 0.33036583319492097 0.9911034995847628 66316.8060528751 66316.5332154585
11586 7e-06 0.3300869443129836 0.9902678329389507 4741.806331627566 4741.533494483808
324297 7e-06 0.3298631296585845 0.9895963889757534 132721.46628170152 132721.19344455778
207454 8e-06 0.3295479936497369 0.9886519809492107 84902.46596642911 84902.19312955819
268176 1e-05 0.32906987931832676 0.9872196379549802 109753.46548804194 109753.19265171672
128969 1e-05 0.33013836709229993 0.9904251012768998 52781.80627979553 52781.53344347029
123683 1.1e-05 0.3290053915501793 0.9870271746505379 50618.46542341775 50618.19258736535
47920 1.3e-05 0.3288249932231351 0.9864879796694053 19611.80759276014 19611.534757253416
1086876 1.3e-05 0.32888160817028766 0.986657824510863 444813.4652993616 444813.19246385485
69608 1.4e-05 0.32873226478099515 0.9862107943429854 28487.80768535216 28487.53485011828
57 1.5e-05 0.32773908546298475 0.9832322563889543 23.464156565985657 23.191321604940313
483 1.5e-05 0.32810564423470534 0.984331932704116 197.80831183628797 197.53547687524264
311157 1.6e-05 0.3278839402454763 0.9836678207364289 127343.80853340385 127343.53569871567
1023 1.7e-05 0.3284722030063987 0.9854336090191961 418.8079450046772 418.53511058930997
39912 1.9e-05 0.32846278945062174 0.9854073683518652 16334.464879724295 16334.192045854606
60665 1.9e-05 0.32821719978800146 0.9846705993640044 24827.808199735056 24827.535365865366
63646 2.1e-05 0.32838888811899936 0.9851876643569981 26047.808027773885 26047.535194449876
139128 2.3e-05 0.3277803911308477 0.9833641733925432 56939.464196780296 56939.19136400196
10247 2.7e-05 0.3273261624696904 0.9820054874090711 4193.809089681018 4193.536257994042
4118 3.3e-05 0.3268342795889869 0.9805358387669607 1685.4632493045601 1685.190419254618
3038 3.6e-05 0.32756739713255967 0.982738191397679 1243.4639820128452 1243.1911527814198
56437 4.1e-05 0.3265046714817618 0.9795550144452854 23097.4629186051 23097.19009073787
142276 4.2e-05 0.32620836260129826 0.9786670878038948 58227.810205434595 58227.537377840206
3205 4.3e-05 0.32624966826542456 0.9787920047962737 1311.8101639925103 1311.5373366709587
316 4.6e-05 0.32571142116320906 0.9771802634896272 129.46212467268057 129.18929816964587
30315 5.9e-05 0.32613375771219133 0.978460273136574 12406.810277720351 12406.537454764224
20643 7.5e-05 0.32487616162161587 0.9747034848648477 8448.461285456973 8448.18846686627
10269 8.4e-05 0.32363739264203595 0.9709961779261078 4202.812770674934 4202.539954539782
8368 8.6e-05 0.3241988218553552 0.9726824655660656 3424.8122089728813 3424.539393383409
13531 0.00014 0.32214797544435536 0.9665839263330661 5537.814252452637 5537.541451596474
23883 0.000192 0.3226768089908975 0.9682224269726925 9774.459070143257 9774.186283474724
10831 0.000202 0.3203151815861679 0.9611475447585037 4432.816076788485 4432.543292848343
14892 0.000204 0.32121998745999414 0.9638639623799824 6094.815171709772 6094.542388315308
13 0.000445 0.32036154580734727 0.9615296374220419 5.456720365933488 5.184002725681207
9193 0.000961 0.31413004668788014 0.9433511400636404 3762.450418474338 3762.177841619038
1308 0.001692 0.31022322430853005 0.9323616729255901 535.4464119292847 535.1740345193323
1155 0.002052 0.30633958403954153 0.9210707521186247 472.82980000990705 472.55752082201394
53 0.002256 0.3092952363238908 0.9301417089716724 21.826816528039185 21.554592999313034
206 0.002257 0.30726757202412275 0.9240597160723683 84.44337919996768 84.17115594408057
356 0.002282 0.3039453609680115 0.9141180829040345 145.83216285648737 145.5599464215766
983 0.005048 0.30118457912482194 0.9086017373744658 402.436915460169 402.1654536980806
97 0.005085 0.3019176966682504 0.9108380900047512 39.83380813685346 39.562356469810034
400 0.005551 0.296567821312377 0.895254463937131 163.83909444070983 163.5677699166654
2581 0.00823 0.2963961329819014 0.8974183989457041 1056.4316929270917 1056.161099338872
8 0.016569 0.2740686435737524 0.8387749307212571 3.4082278352495186 3.1399094518979864
273 0.02921 0.2724075380457064 0.8464326141371191 111.86002717439159 111.59515774951701
36 0.04833 0.26669110391811346 0.8484033117543404 14.863135267166461 14.603482524997311
339 0.059824 0.2613412285622313 0.8438476856866939 138.86691713648113 138.6104004063944
102 0.084075 0.2556247944346588 0.8509493833039764 41.86932526066389 41.61942515046679
69 0.101087 0.23884205082361587 0.8176131524708476 28.36147133693198 28.116212764715247
47 0.117144 0.2351532809957957 0.8226038429873871 19.355592078762086 19.114714483229506
3 0.136903 0.22777574134015716 0.8202302240204715 1.3455190256760978 1.1100324570042166
2 0.36926 0.18148283910656193 0.9137085173196857 0.9045624132370925 0.7324719085497836
