0 1
1 0
2 0
3 0
4 0
5 0
6 0
7 0
8 0
9 0
10 0
11 0
12 0
13 0
14 0
15 0
16 0
17 0
18 0
19 0
20 0
21 0
22 0
23 0
24 0
25 0
26 0
27 0
28 0
29 0
30 0
31 0
32 0
33 0
34 0
35 0
36 0
37 0
38 0
39 0
40 0
41 0
42 0
43 0
44 0
45 0
46 0
47 0
48 0
49 0
50 0
51 0
52 0
53 0
54 0
55 0
56 0
57 0
58 0
59 0
60 0
61 0
62 0
63 0
64 0
65 0
66 0
67 0
68 0
69 0
70 0
71 0
72 0
73 0
74 0
75 0
76 0
77 0
78 0
79 0
80 0
81 0
82 0
83 0
84 0
85 0
86 0
87 0
88 0
89 0
90 0
91 0
92 0
93 0
94 0
95 0
96 0
97 0
98 0
99 0
100 0
101 0
102 0
103 0
104 0
105 0
106 0
107 0
108 0
109 0
110 0
111 0
112 0
113 0
114 0
115 0
116 0
117 0
118 0
119 0
120 0
121 0
122 0
123 0
124 0
125 1
126 0
127 0
128 0
129 0
130 0
131 0
132 0
133 0
134 0
135 0
136 0
137 0
138 0
139 0
140 0
141 0
142 0
143 0
144 0
145 0
146 0
147 0
148 0
149 0
150 0
151 0
152 0
153 0
154 0
155 0
156 0
157 0
158 0
159 0
160 0
161 0
162 0
163 0
164 0
165 0
166 0
167 0
168 0
169 0
170 0
171 0
172 0
173 0
174 0
175 1
176 1
177 0
178 0
179 1
180 0
181 1
182 0
183 0
184 1
185 1
186 0
187 0
188 1
189 1
190 1
191 1
192 2
193 1
194 2
195 4
196 4
197 5
198 4
199 6
200 10
201 12
202 10
203 18
204 15
205 15
206 18
207 20
208 19
209 24
210 30
211 26
212 31
213 25
214 41
215 41
216 42
217 45
218 45
219 51
220 54
221 65
222 58
223 63
224 69
225 63
226 69
227 79
228 88
229 78
230 77
231 80
232 93
233 88
234 97
235 99
236 104
237 117
238 112
239 113
240 117
241 117
242 120
243 121
244 133
245 128
246 135
247 133
248 131
249 125
250 139
251 135
252 137
253 157
254 142
255 158
256 149
257 156
258 156
259 164
260 155
261 173
262 168
263 183
264 174
265 180
266 181
267 172
268 184
269 188
270 180
271 169
272 191
273 181
274 194
275 199
276 199
277 202
278 205
279 212
280 215
281 214
282 209
283 215
284 215
285 218
286 232
287 226
288 226
289 225
290 220
291 232
292 222
293 229
294 229
295 233
296 232
297 232
298 239
299 238
300 241
301 240
302 241
303 244
304 243
305 238
306 240
307 242
308 243
309 238
310 239
311 233
312 235
313 236
314 235
315 229
316 227
317 231
318 228
319 223
320 216
321 218
322 220
323 216
324 202
325 206
326 206
327 191
328 187
329 179
330 183
331 175
332 177
333 166
334 157
335 163
336 158
337 152
338 140
339 144
340 131
341 128
342 134
343 129
344 119
345 116
346 104
347 106
348 109
349 100
350 99
351 113
352 80
353 87
354 80
355 83
356 70
357 77
358 47
359 61
360 52
361 55
362 50
363 50
364 44
365 38
366 34
367 40
368 38
369 29
370 31
371 30
372 24
373 36
374 30
375 28
376 27
377 19
378 21
379 14
380 18
381 12
382 22
383 10
384 19
385 15
386 13
387 11
388 13
389 11
390 6
391 6
392 7
393 7
394 1
395 1
396 1
397 4
398 2
399 2
400 0
401 0
402 0
403 0
404 0
405 1
406 0
407 0
408 0
409 0
410 0
411 0
412 0
413 0
414 0
415 0
416 0
417 0
418 0
419 0
420 0
421 0
422 0
423 0
424 0
425 0
426 0
427 0
428 0
429 0
430 0
431 0
432 0
433 0
434 0
435 0
436 0
437 0
438 0
439 0
440 0
441 0
442 0
443 0
444 0
445 0
446 0
447 0
448 0
449 0
450 0
451 0
452 0
453 0
454 0
455 0
456 0
457 0
458 0
459 0
460 0
461 0
462 0
463 0
464 0
465 0
466 0
467 0
468 0
469 0
470 0
471 0
472 0
473 0
474 0
475 0
476 0
477 0
478 0
479 0
480 0
481 0
482 0
483 0
484 0
485 0
486 0
487 0
488 0
489 0
490 0
491 0
492 0
493 0
494 0
495 0
496 0
497 0
498 0
499 0
500 0
501 0
502 0
503 0
504 0
505 0
506 0
507 0
508 0
509 0
510 0
511 0
512 0
513 0
514 0
515 0
516 0
517 0
518 0
519 0
520 0
521 0
522 0
523 0
524 0
525 0
526 0
527 0
528 0
529 0
530 0
531 0
532 0
533 0
534 0
535 0
536 0
537 0
538 0
539 0
