1 2 2.5714477539062504 0.060058005871860276 2.4434427250699096 0.07531513079622294 0.7974228450104768 -7950.910929022768 + 629.898916088248i
1 3 2.8334973144531252 0.10087996637892109 2.2174664768977426 0.12684844641724793 0.7952794790019924 -7954.286257917512 + 39.70399399734971i
1 4 0.5060131835937502 0.13831833709582542 12.417038747006254 0.16124455908431404 0.8578170815890873 -8579.779172492601 + -42.90509390837356i
1 5 0.40754760742187507 0.14131121650225734 15.417058504960167 0.16572773064687168 0.8526709196504935 -8527.866332836194 + 96.69719292867184i
1 6 0.341160888671875 0.14048530802716094 18.417073925559762 0.16565362129217112 0.8480666280115928 -8481.219961503912 + 139.21234274603412i
1 7 0.293372802734375 0.14012278064966804 21.41706814202711 0.16581839884613472 0.8450375930821161 -8451.664402379187 + 82.39295759405938i
1 8 0.257327880859375 0.1418084633169615 24.417040571725813 0.16818846794128034 0.8431521200756233 -8433.192309231717 + -16.009304868037557i
1 9 0.229169921875 0.14486570111688765 27.417146437771752 0.17204781972993893 0.8420083517726719 -8419.458307667372 + 197.20600760242206i
1 10 0.2065673828125 0.14366086622509378 30.41712211110694 0.17095098106241882 0.8403629235250736 -8404.374327720952 + 125.41013385957453i
1 11 0.9401159667968749 0.03163618136610332 6.683415162692536 0.17138450993831392 0.1845918360853619 1845.6601478926407 + -48.12811602364203i
1 12 0.34506835937499997 0.07559650700550324 18.208523431588784 0.1698968932071818 0.444955205351028 4450.348574433997 + -28.831237610180196i
1 13 0.31880615234375 0.07561493990101839 19.708481975607533 0.17093929450369155 0.44234966641555573 4424.093514967819 + 50.46801366271788i
1 14 0.29625854492187503 0.07610005739246749 21.20845259952416 0.17280580511402902 0.4403790563763265 4403.411683486645 + 105.33280348655089i
1 15 0.2766882324218751 0.07518161826143702 22.70853824241943 0.17157560682734369 0.4381836069336603 4382.523529101468 + -40.69174813369095i
2 3 1.16501220703125 0.07634686082351506 5.393235598097941 0.09219877768867012 0.8280680366644055 -8274.765814069306 + 354.0461361952096i
3 4 2.2090393066406255 0.10321488110207712 2.844306703050331 0.12028140220070951 0.8581117214600302 -8580.751998769752 + 189.0104780210254i
3 5 2.0048486328125 0.09766652346601414 3.13399485843738 0.11326651944963478 0.8622717811104158 -8620.02189172053 + 276.09511988109506i
3 7 2.1653662109375 0.11393419715073748 2.9016732945413732 0.13288515703884785 0.8573884374266856 -8575.189061257483 + 83.86515815540228i
3 8 2.0338232421875 0.13021853626895868 3.08934679122933 0.15189527396428137 0.8572915593119768 -8574.62877353491 + -4.904622843375696i
3 10 2.1437414550781253 0.12316381699233725 2.9309436043679087 0.14297354088940348 0.86144482556818 -8609.816027251989 + -330.8673186379476i
5 7 3.20447998046875 0.09535405667028192 1.960750369943171 0.10927445346385378 0.8726106939699634 -8700.912513470663 + -685.2187816534662i
5 8 1.2287890625 0.10747086784648793 5.113314806364161 0.12295021511985249 0.8741006897932206 -8742.485156774255 + -68.70232983078058i
5 9 2.4845837402343744 0.10604361737017795 2.5288683997372066 0.12152950753939806 0.8725750603062402 -8721.638493498212 + 319.69377622626126i
