u1_9 586 136
u1_9 893 136
u1_9 1139 136
u1_9 1689 136
u1_9 2675 191
u1_9 4267 191
u1_9 6838 327
u1_9 10518 328
u1_9 15123 328
u1_9 22713 328
u1_9 34095 658
u1_9 50903 658
u1_9 76620 932
u1_9 112455 932
u1_9 168326 932
u1_9 255078 1836
01010 922 136
01010 1414 211
01010 2202 324
01010 3370 497
01010 5131 498
01010 7757 721
01010 11736 806
01010 17643 969
01010 26476 1256
01010 39720 1351
01010 59460 1587
10010 1020 138
10010 1656 132
10010 2581 362
10010 3969 435
10010 6092 566
10010 9215 567
10010 14046 661
10010 21277 661
10010 31904 1426
10010 47776 1477
10010 71583 1538
u2_3 655 150
u2_3 1178 151
u2_3 1821 219
u2_3 2871 383
u2_3 4446 397
u2_3 6706 479
u2_3 10471 520
u2_3 16339 575
u2_3 25276 864
u2_3 39293 863
u2_3 60677 1207
u2_3 93036 1234
01001 928 188
01001 1419 132
01001 2198 326
01001 3325 356
01001 5053 419
01001 7598 628
01001 11450 628
01001 17323 674
01001 26077 675
01001 39239 1293
01001 59106 1349
01001 88723 1509
01001 133208 1974
01001 199871 1999
01001 300037 2787
u1_2 695 164
u1_2 1296 207
u1_2 2112 280
u1_2 3527 370
u1_2 5797 540
u1_2 9027 539
u1_2 14044 826
u1_2 21538 981
u1_2 32707 1246
u1_2 49508 1345
u1_2 74868 1735
u1_2 114105 1885
u1_2 172723 3289
u1_2 260108 3290
u1_2 392203 3791
u1_2 589362 5417
u1_2 883286 5417
u1_2 1325535 5417
u1_4 514 147
u1_4 776 147
u1_4 1224 147
u1_4 1967 147
u1_4 3172 297
u1_4 4862 297
u1_4 7021 484
u1_4 10647 658
u1_4 16198 744
u1_4 24032 869
u1_4 36290 1155
u1_4 53387 1367
u1_4 79762 1366
u1_4 122314 1367
u1_3 507 50
u1_3 919 244
u1_3 1673 268
u1_3 2684 291
u1_3 4352 458
u1_3 6343 611
u1_3 9195 616
u1_3 13359 617
u1_3 20233 622
u1_3 30449 637
u1_3 44344 637
u1_3 67210 1269
