0 0
1 0
2 0
3 0
4 0
5 0
6 0
7 0
8 0
9 0
10 0
11 0
12 0
13 0
14 0
15 0
16 0
17 0
18 0
19 0
20 0
21 0
22 0
23 0
24 0
25 0
26 0
27 0
28 0
29 0
30 0
31 0
32 0
33 0
34 0
35 0
36 0
37 0
38 0
39 0
40 0
41 0
42 0
43 0
44 0
45 0
46 0
47 0
48 0
49 0
50 0
51 0
52 0
53 0
54 0
55 0
56 0
57 0
58 0
59 0
60 0
61 0
62 0
63 0
64 0
65 0
66 0
67 1
68 0
69 1
70 1
71 0
72 1
73 2
74 0
75 1
76 2
77 2
78 1
79 6
80 3
81 3
82 3
83 7
84 5
85 5
86 8
87 8
88 6
89 12
90 13
91 18
92 15
93 19
94 11
95 20
96 16
97 17
98 27
99 21
100 28
101 25
102 35
103 25
104 31
105 31
106 34
107 31
108 49
109 27
110 44
111 47
112 46
113 56
114 43
115 46
116 58
117 50
118 64
119 52
120 54
121 56
122 53
123 59
124 59
125 61
126 64
127 60
128 62
129 54
130 65
131 64
132 73
133 66
134 59
135 58
136 62
137 68
138 70
139 62
140 62
141 70
142 68
143 73
144 64
145 76
146 65
147 72
148 72
149 72
150 63
151 61
152 72
153 85
154 76
155 85
156 66
157 89
158 91
159 81
160 88
161 77
162 70
163 102
164 80
165 72
166 63
167 89
168 91
169 97
170 98
171 97
172 84
173 84
174 89
175 93
176 96
177 86
178 92
179 89
180 88
181 79
182 87
183 84
184 86
185 95
186 84
187 78
188 72
189 93
190 90
191 75
192 83
193 67
194 74
195 61
196 81
197 63
198 79
199 62
200 67
201 54
202 54
203 44
204 53
205 50
206 35
207 53
208 37
209 34
210 42
211 36
212 32
213 30
214 27
215 28
216 27
217 24
218 14
219 21
220 14
221 17
222 17
223 18
224 6
225 10
226 8
227 10
228 7
229 6
230 4
231 5
232 2
233 4
234 0
235 8
236 0
237 1
238 2
239 1
240 0
241 1
242 1
243 1
244 0
245 1
246 0
247 0
248 0
249 1
250 1
251 0
252 0
253 0
254 0
255 0
256 0
257 0
258 1
259 0
260 0
261 0
262 0
263 0
264 0
265 0
266 1
267 0
268 0
269 0
270 1
271 0
272 0
273 0
274 0
275 0
276 0
277 0
278 0
279 1
280 0
281 0
282 0
283 0
284 0
285 0
286 0
287 0
288 0
289 0
290 0
291 0
292 0
293 0
294 0
295 0
296 0
297 0
298 0
299 0
300 0
301 0
302 0
303 0
304 0
305 0
306 0
307 0
308 0
309 0
310 0
311 0
312 0
313 0
314 0
315 0
316 0
317 0
318 0
319 0
320 0
321 0
322 0
323 0
324 0
325 0
326 0
327 0
328 0
329 1
330 0
331 0
332 0
333 0
334 0
335 0
336 0
337 0
338 0
339 0
340 0
341 0
342 0
343 0
344 0
345 0
346 0
347 0
348 0
349 0
350 0
351 0
352 0
353 0
354 0
355 0
356 0
357 0
358 0
359 0
360 0
361 0
362 0
