0 0
1 0
2 0
3 0
4 0
5 0
6 0
7 0
8 0
9 0
10 0
11 0
12 0
13 0
14 0
15 0
16 0
17 0
18 0
19 0
20 0
21 0
22 0
23 0
24 0
25 0
26 0
27 0
28 0
29 0
30 0
31 0
32 0
33 0
34 0
35 0
36 0
37 0
38 0
39 0
40 0
41 0
42 0
43 0
44 0
45 0
46 0
47 0
48 0
49 0
50 0
51 0
52 0
53 0
54 0
55 0
56 0
57 0
58 0
59 0
60 0
61 0
62 0
63 0
64 0
65 0
66 0
67 0
68 0
69 0
70 0
71 0
72 0
73 0
74 0
75 0
76 0
77 0
78 0
79 0
80 0
81 0
82 0
83 0
84 0
85 0
86 0
87 0
88 0
89 0
90 0
91 0
92 0
93 0
94 0
95 0
96 0
97 0
98 0
99 0
100 0
101 0
102 0
103 0
104 0
105 0
106 0
107 0
108 0
109 0
110 0
111 0
112 0
113 0
114 0
115 0
116 0
117 0
118 0
119 0
120 0
121 0
122 0
123 0
124 0
125 0
126 0
127 0
128 0
129 0
130 0
131 0
132 0
133 0
134 0
135 0
136 0
137 0
138 0
139 0
140 0
141 0
142 0
143 0
144 1
145 0
146 0
147 0
148 0
149 0
150 0
151 0
152 1
153 0
154 0
155 0
156 0
157 0
158 0
159 0
160 1
161 0
162 0
163 0
164 1
165 0
166 0
167 0
168 1
169 0
170 0
171 0
172 0
173 0
174 1
175 1
176 2
177 0
178 3
179 0
180 2
181 0
182 2
183 0
184 0
185 0
186 0
187 0
188 2
189 2
190 4
191 2
192 7
193 3
194 7
195 4
196 8
197 8
198 9
199 2
200 13
201 5
202 15
203 8
204 12
205 8
206 13
207 15
208 13
209 10
210 14
211 11
212 19
213 15
214 20
215 20
216 20
217 22
218 17
219 15
220 18
221 19
222 22
223 20
224 23
225 27
226 18
227 31
228 28
229 22
230 38
231 33
232 28
233 29
234 22
235 23
236 33
237 38
238 37
239 34
240 35
241 38
242 35
243 46
244 34
245 54
246 38
247 34
248 46
249 46
250 52
251 55
252 42
253 55
254 50
255 55
256 51
257 58
258 55
259 56
260 57
261 59
262 53
263 57
264 62
265 63
266 68
267 57
268 55
269 58
270 56
271 74
272 52
273 56
274 58
275 67
276 83
277 61
278 57
279 58
280 71
281 87
282 76
283 64
284 62
285 64
286 90
287 58
288 60
289 72
290 81
291 70
292 73
293 70
294 62
295 65
296 89
297 64
298 58
299 76
300 75
301 68
302 78
303 72
304 64
305 65
306 86
307 72
308 62
309 74
310 80
311 72
312 72
313 58
314 68
315 78
316 75
317 71
318 61
319 74
320 75
321 72
322 71
323 57
324 65
325 75
326 66
327 68
328 65
329 71
330 74
331 72
332 68
333 56
334 62
335 75
336 65
337 65
338 63
339 58
340 63
341 68
342 70
343 63
344 64
345 65
346 57
347 56
348 64
349 63
350 47
351 61
352 52
353 59
354 50
355 61
356 58
357 45
358 41
359 52
360 49
361 49
362 46
363 52
364 44
365 48
366 40
367 41
368 43
369 46
370 44
371 41
372 42
373 36
374 36
375 41
376 40
377 31
378 33
379 52
380 33
381 32
382 38
383 33
384 29
385 31
386 36
387 25
388 26
389 24
390 22
391 22
392 28
393 20
394 29
395 17
396 26
397 15
398 24
399 19
400 24
401 14
402 12
403 12
404 23
405 10
406 19
407 12
408 14
409 10
410 11
411 5
412 8
413 5
414 9
415 6
416 6
417 4
418 4
419 1
420 7
421 4
422 2
423 1
424 0
425 1
426 3
427 0
428 1
429 1
430 0
431 0
432 1
433 0
434 0
435 0
436 0
437 0
438 0
439 0
440 0
441 0
442 0
443 0
444 0
445 0
446 0
447 0
448 0
449 0
450 0
451 0
452 0
453 0
454 0
455 0
456 0
457 0
458 0
459 0
460 0
461 0
462 0
463 0
464 0
465 0
466 0
467 0
468 0
469 0
470 0
471 0
472 0
473 0
474 0
475 0
476 0
477 0
478 0
479 0
480 0
481 0
482 0
483 0
484 0
485 0
486 0
487 0
488 0
489 0
490 0
491 0
492 0
493 0
494 0
495 0
496 0
497 0
498 0
499 0
500 0
501 0
502 0
503 0
504 0
505 0
506 0
507 0
508 0
509 0
510 0
511 0
512 0
513 0
514 0
515 0
516 0
517 0
518 0
519 0
520 0
521 0
522 0
523 0
524 0
525 0
526 0
527 0
528 0
529 0
530 0
531 0
532 0
533 0
534 0
535 0
536 0
537 0
538 0
539 0
540 0
