0 0
1 0
2 0
3 0
4 0
5 0
6 0
7 0
8 0
9 0
10 0
11 0
12 1
13 0
14 0
15 0
16 0
17 0
18 0
19 0
20 0
21 0
22 0
23 0
24 0
25 0
26 0
27 0
28 0
29 0
30 0
31 0
32 0
33 0
34 0
35 0
36 0
37 0
38 0
39 0
40 0
41 0
42 0
43 0
44 0
45 0
46 0
47 0
48 0
49 0
50 0
51 0
52 0
53 0
54 0
55 0
56 0
57 0
58 0
59 0
60 0
61 0
62 0
63 0
64 0
65 0
66 0
67 0
68 0
69 0
70 0
71 0
72 0
73 0
74 0
75 0
76 0
77 0
78 0
79 0
80 0
81 0
82 0
83 0
84 0
85 0
86 0
87 0
88 0
89 0
90 0
91 0
92 0
93 0
94 0
95 0
96 0
97 0
98 0
99 0
100 0
101 0
102 0
103 2
104 0
105 1
106 0
107 1
108 1
109 3
110 2
111 10
112 8
113 12
114 23
115 34
116 33
117 44
118 65
119 61
120 63
121 70
122 75
123 86
124 89
125 88
126 96
127 98
128 92
129 97
130 99
131 91
132 92
133 94
134 93
135 102
136 102
137 93
138 100
139 100
140 91
141 97
142 99
143 91
144 92
145 94
146 93
147 102
148 102
149 93
150 100
151 100
152 91
153 97
154 99
155 91
156 92
157 94
158 93
159 102
160 102
161 93
162 100
163 100
164 91
165 97
166 99
167 91
168 92
169 94
170 93
171 102
172 102
173 93
174 100
175 100
176 91
177 97
178 99
179 91
180 92
181 94
182 93
183 102
184 102
185 93
186 100
187 100
188 91
189 97
190 99
191 91
192 92
193 94
194 93
195 102
196 102
197 93
198 100
199 100
200 91
201 97
202 99
203 91
204 92
205 94
206 92
207 102
208 102
209 93
210 100
211 98
212 96
213 96
214 93
215 90
216 91
217 76
218 77
219 68
220 62
221 57
222 44
223 40
224 26
225 21
226 9
227 8
228 2
229 1
230 0
231 0
232 0
233 0
234 0
235 0
236 0
237 0
238 0
239 0
240 1
241 0
242 0
243 0
244 0
245 0
246 0
247 0
248 0
249 0
250 0
251 0
252 0
253 0
254 0
255 0
256 0
257 0
258 0
259 0
260 0
261 0
262 0
263 0
264 0
265 0
266 0
267 0
268 0
269 0
270 0
271 0
272 0
273 0
274 0
275 0
276 0
277 0
278 0
279 0
280 0
281 0
282 0
283 0
284 0
285 0
286 0
287 0
288 0
289 0
290 0
291 0
292 0
293 0
294 0
295 0
296 0
297 0
298 0
299 0
300 0
301 0
302 0
303 0
304 0
305 0
306 0
307 0
308 0
309 0
310 0
311 0
312 0
313 0
314 0
315 0
316 0
317 0
318 0
319 0
320 0
321 0
322 0
323 0
324 0
325 0
326 0
327 0
328 0
