0 49
1 52
2 51
3 59
4 54
5 65
6 68
7 60
8 68
9 81
10 84
11 81
12 86
13 97
14 94
15 98
16 102
17 110
18 99
19 99
20 107
21 106
22 117
23 112
24 117
25 129
26 127
27 139
28 114
29 120
30 140
31 121
32 107
33 128
34 134
35 134
36 120
37 125
38 141
39 149
40 127
41 114
42 151
43 137
44 120
45 128
46 136
47 131
48 132
49 119
50 120
51 141
52 142
53 122
54 113
55 114
56 121
57 116
58 92
59 100
60 103
61 85
62 83
63 72
64 77
65 75
66 66
67 62
68 69
69 61
70 45
71 52
72 39
73 39
74 47
75 33
76 23
77 23
78 24
79 20
80 22
81 13
82 15
83 13
84 7
85 4
86 4
87 3
88 0
89 1
90 1
91 3
92 0
93 1
94 1
95 0
96 0
97 1
98 0
99 1
100 1
101 1
102 0
103 0
104 0
105 0
106 1
107 0
108 0
109 0
110 0
111 0
112 0
113 0
114 0
115 0
116 0
117 0
118 2
119 0
120 1
121 2
122 4
123 9
124 5
125 13
126 11
127 14
128 18
129 19
130 21
131 29
132 26
133 38
134 33
135 44
