0 0
1 0
2 0
3 0
4 0
5 0
6 0
7 0
8 0
9 0
10 0
11 0
12 1
13 0
14 0
15 0
16 0
17 0
18 0
19 0
20 0
21 0
22 0
23 0
24 0
25 0
26 0
27 0
28 0
29 0
30 0
31 0
32 0
33 0
34 0
35 0
36 0
37 0
38 0
39 0
40 0
41 0
42 0
43 2
44 0
45 1
46 0
47 1
48 1
49 3
50 2
51 10
52 8
53 12
54 23
55 34
56 33
57 44
58 65
59 62
60 67
61 77
62 88
63 105
64 116
65 121
66 137
67 143
68 144
69 161
70 178
71 179
72 187
73 198
74 212
75 216
76 231
77 218
78 225
79 232
80 223
81 237
82 237
83 214
84 230
85 232
86 219
87 232
88 231
89 220
90 228
91 229
92 229
93 235
94 231
95 213
96 229
97 214
98 204
99 198
100 191
101 184
102 174
103 170
104 156
105 151
106 143
107 126
108 120
109 103
110 89
111 85
112 59
113 65
114 44
115 42
116 30
117 22
118 10
119 9
120 4
121 1
122 0
123 0
124 0
125 0
126 0
127 0
128 0
129 0
130 0
131 0
132 0
133 0
134 0
135 0
136 0
137 0
138 0
139 0
140 0
141 0
142 0
143 0
144 0
145 0
146 0
147 0
148 0
