0 0
1 0
2 0
3 0
4 0
5 0
6 0
7 0
8 0
9 0
10 0
11 0
12 0
13 0
14 0
15 0
16 0
17 0
18 0
19 0
20 0
21 0
22 0
23 0
24 0
25 0
26 0
27 0
28 0
29 0
30 0
31 0
32 0
33 0
34 0
35 0
36 0
37 0
38 0
39 0
40 0
41 0
42 0
43 0
44 0
45 0
46 0
47 0
48 0
49 0
50 0
51 0
52 0
53 0
54 0
55 0
56 0
57 0
58 0
59 0
60 0
61 0
62 0
63 0
64 0
65 0
66 0
67 0
68 0
69 0
70 0
71 0
72 0
73 0
74 0
75 0
76 0
77 0
78 0
79 0
80 0
81 0
82 0
83 0
84 0
85 0
86 0
87 0
88 0
89 0
90 0
91 0
92 0
93 0
94 0
95 0
96 0
97 0
98 0
99 0
100 0
101 0
102 0
103 0
104 0
105 0
106 0
107 0
108 0
109 0
110 0
111 0
112 0
113 0
114 0
115 0
116 1
117 0
118 0
119 2
120 7
121 9
122 11
123 15
124 12
125 17
126 17
127 27
128 18
129 22
130 27
131 21
132 27
133 19
134 31
135 24
136 30
137 26
138 26
139 33
140 34
141 33
142 35
143 46
144 44
145 39
146 44
147 50
148 45
149 45
150 62
151 42
152 54
153 45
154 59
155 47
156 57
157 51
158 61
159 64
160 80
161 69
162 68
163 65
164 60
165 62
166 71
167 58
168 68
169 56
170 66
171 52
172 68
173 63
174 68
175 53
176 54
177 55
178 78
179 60
180 77
181 68
182 77
183 62
184 56
185 64
186 57
187 61
188 58
189 60
190 50
191 62
192 64
193 67
194 74
195 73
196 62
197 67
198 58
199 64
200 59
201 68
202 66
203 61
204 53
205 72
206 49
207 63
208 59
209 63
210 53
211 53
212 54
213 77
214 58
215 77
216 66
217 75
218 62
219 56
220 64
221 58
222 61
223 58
224 60
225 50
226 62
227 64
228 67
229 74
230 73
231 62
232 67
233 58
234 64
235 59
236 68
237 66
238 61
239 53
240 72
241 49
242 63
243 59
244 63
245 53
246 53
247 54
248 77
249 58
250 77
251 66
252 75
253 62
254 56
255 64
256 58
257 61
258 58
259 60
260 50
261 62
262 64
263 67
264 74
265 73
266 62
267 67
268 58
269 64
270 59
271 68
272 66
273 61
274 53
275 72
276 48
277 63
278 59
279 61
280 46
281 45
282 43
283 62
284 46
285 61
286 49
287 48
288 44
289 36
290 37
291 38
292 34
293 39
294 27
295 26
296 32
297 34
298 36
299 30
300 29
301 18
302 23
303 13
304 19
305 15
306 22
307 24
308 12
309 11
310 16
311 9
312 12
313 9
314 8
315 4
316 3
317 2
318 3
319 2
320 3
321 6
322 0
323 0
324 1
325 0
326 1
327 1
328 1
329 1
330 0
331 0
332 0
333 2
334 0
335 0
336 0
337 0
338 0
339 0
340 0
341 0
342 0
343 0
344 0
345 0
346 0
347 0
348 0
349 0
350 0
351 0
352 0
353 0
354 0
355 0
356 0
357 0
358 0
359 0
360 0
361 0
362 0
363 0
364 0
365 0
366 0
367 0
368 0
369 0
370 0
371 0
372 0
373 0
374 0
375 0
376 0
377 0
378 0
379 0
380 0
381 0
382 0
383 0
384 0
385 0
386 0
387 0
388 0
389 0
390 0
391 0
392 0
393 0
394 0
395 0
396 0
397 0
398 0
399 0
400 0
401 0
402 0
403 0
404 0
405 0
406 0
407 0
408 0
409 0
410 0
411 0
412 0
413 0
414 0
415 0
416 0
417 0
418 0
419 0
420 0
421 0
422 0
423 0
424 0
425 0
426 0
427 0
428 0
429 0
430 0
431 0
432 0
433 0
434 0
435 0
436 0
437 0
438 0
439 0
440 0
441 0
442 0
443 0
444 0
445 1
446 0
447 0
448 0
449 0
450 0
451 0
452 0
453 0
454 0
455 0
456 0
457 0
458 0
459 0
460 0
461 0
462 0
463 0
464 0
465 0
466 0
467 0
468 0
469 0
470 0
471 0
472 0
473 0
474 0
475 0
476 0
477 0
478 0
479 0
