01010 0 49
01010 1 52
01010 2 51
01010 3 59
01010 4 54
01010 5 65
01010 6 68
01010 7 60
01010 8 68
01010 9 81
01010 10 84
01010 11 81
01010 12 86
01010 13 97
01010 14 94
01010 15 98
01010 16 102
01010 17 110
01010 18 99
01010 19 99
01010 20 107
01010 21 106
01010 22 117
01010 23 112
01010 24 117
01010 25 129
01010 26 127
01010 27 139
01010 28 114
01010 29 120
01010 30 140
01010 31 121
01010 32 107
01010 33 128
01010 34 134
01010 35 134
01010 36 120
01010 37 125
01010 38 141
01010 39 149
01010 40 127
01010 41 114
01010 42 151
01010 43 137
01010 44 120
01010 45 128
01010 46 136
01010 47 131
01010 48 132
01010 49 119
01010 50 120
01010 51 141
01010 52 142
01010 53 122
01010 54 113
01010 55 114
01010 56 121
01010 57 116
01010 58 92
01010 59 100
01010 60 103
01010 61 85
01010 62 83
01010 63 72
01010 64 77
01010 65 75
01010 66 66
01010 67 62
01010 68 69
01010 69 61
01010 70 45
01010 71 52
01010 72 39
01010 73 39
01010 74 47
01010 75 33
01010 76 23
01010 77 23
01010 78 24
01010 79 20
01010 80 22
01010 81 13
01010 82 15
01010 83 13
01010 84 7
01010 85 4
01010 86 4
01010 87 3
01010 88 0
01010 89 1
01010 90 1
01010 91 3
01010 92 0
01010 93 1
01010 94 1
01010 95 0
01010 96 0
01010 97 1
01010 98 0
01010 99 1
01010 100 1
01010 101 1
01010 102 0
01010 103 0
01010 104 0
01010 105 0
01010 106 1
01010 107 0
01010 108 0
01010 109 0
01010 110 0
01010 111 0
01010 112 0
01010 113 0
01010 114 0
01010 115 0
01010 116 0
01010 117 0
01010 118 2
01010 119 0
01010 120 1
01010 121 2
01010 122 4
01010 123 9
01010 124 5
01010 125 13
01010 126 11
01010 127 14
01010 128 18
01010 129 19
01010 130 21
01010 131 29
01010 132 26
01010 133 38
01010 134 33
01010 135 44
u1_3 0 113
u1_3 1 110
u1_3 2 115
u1_3 3 74
u1_3 4 85
u1_3 5 103
u1_3 6 83
u1_3 7 58
u1_3 8 67
u1_3 9 48
u1_3 10 46
u1_3 11 38
u1_3 12 29
u1_3 13 5
u1_3 14 0
u1_3 15 0
u1_3 16 0
u1_3 17 5
u1_3 18 9
u1_3 19 22
u1_3 20 36
u1_3 21 49
u1_3 22 39
u1_3 23 79
u1_3 24 86
u1_3 25 66
u1_3 26 64
u1_3 27 92
u1_3 28 105
u1_3 29 125
u1_3 30 113
u1_3 31 130
u1_3 32 135
u1_3 33 156
u1_3 34 150
u1_3 35 154
u1_3 36 141
u1_3 37 158
u1_3 38 187
u1_3 39 192
u1_3 40 170
u1_3 41 151
u1_3 42 168
u1_3 43 163
u1_3 44 134
u1_3 45 172
u1_3 46 178
u1_3 47 154
u1_3 48 150
u1_3 49 156
u1_3 50 139
u2_3 0 0
u2_3 1 0
u2_3 2 0
u2_3 3 0
u2_3 4 0
u2_3 5 0
u2_3 6 0
u2_3 7 0
u2_3 8 0
u2_3 9 0
u2_3 10 0
u2_3 11 0
u2_3 12 0
u2_3 13 0
u2_3 14 0
u2_3 15 0
u2_3 16 0
u2_3 17 0
u2_3 18 0
u2_3 19 0
u2_3 20 0
u2_3 21 0
u2_3 22 0
u2_3 23 0
u2_3 24 0
u2_3 25 0
u2_3 26 0
u2_3 27 0
u2_3 28 0
u2_3 29 0
u2_3 30 0
u2_3 31 0
u2_3 32 0
u2_3 33 0
u2_3 34 0
u2_3 35 0
u2_3 36 0
u2_3 37 0
u2_3 38 0
u2_3 39 0
u2_3 40 0
u2_3 41 0
u2_3 42 0
u2_3 43 0
u2_3 44 0
u2_3 45 0
u2_3 46 0
u2_3 47 0
u2_3 48 0
u2_3 49 0
u2_3 50 0
u2_3 51 0
u2_3 52 0
u2_3 53 0
u2_3 54 0
u2_3 55 0
u2_3 56 0
u2_3 57 0
u2_3 58 0
u2_3 59 0
u2_3 60 0
u2_3 61 0
u2_3 62 0
u2_3 63 0
u2_3 64 0
u2_3 65 0
u2_3 66 0
u2_3 67 0
u2_3 68 0
u2_3 69 0
u2_3 70 0
u2_3 71 0
u2_3 72 0
u2_3 73 0
u2_3 74 0
u2_3 75 0
u2_3 76 0
u2_3 77 0
u2_3 78 0
u2_3 79 0
u2_3 80 0
u2_3 81 0
u2_3 82 0
u2_3 83 0
u2_3 84 0
u2_3 85 0
u2_3 86 0
u2_3 87 0
u2_3 88 0
u2_3 89 0
u2_3 90 0
u2_3 91 0
u2_3 92 0
u2_3 93 0
u2_3 94 0
u2_3 95 0
u2_3 96 0
u2_3 97 0
u2_3 98 0
u2_3 99 0
u2_3 100 0
u2_3 101 0
u2_3 102 0
u2_3 103 0
u2_3 104 0
u2_3 105 0
u2_3 106 0
u2_3 107 0
u2_3 108 0
u2_3 109 0
u2_3 110 0
u2_3 111 0
u2_3 112 0
u2_3 113 0
u2_3 114 0
u2_3 115 0
u2_3 116 1
u2_3 117 0
u2_3 118 0
u2_3 119 2
u2_3 120 7
u2_3 121 9
u2_3 122 11
u2_3 123 15
u2_3 124 12
u2_3 125 17
u2_3 126 17
u2_3 127 27
u2_3 128 18
u2_3 129 22
u2_3 130 27
u2_3 131 21
u2_3 132 27
u2_3 133 19
u2_3 134 31
u2_3 135 24
u2_3 136 30
u2_3 137 26
u2_3 138 26
u2_3 139 33
u2_3 140 34
u2_3 141 33
u2_3 142 35
u2_3 143 46
u2_3 144 44
u2_3 145 39
u2_3 146 44
u2_3 147 50
u2_3 148 45
u2_3 149 45
u2_3 150 62
u2_3 151 42
u2_3 152 54
u2_3 153 45
u2_3 154 59
u2_3 155 47
u2_3 156 57
u2_3 157 51
u2_3 158 61
u2_3 159 64
u2_3 160 80
u2_3 161 69
u2_3 162 68
u2_3 163 65
u2_3 164 60
u2_3 165 62
u2_3 166 71
u2_3 167 58
u2_3 168 68
u2_3 169 56
u2_3 170 66
u2_3 171 52
u2_3 172 68
u2_3 173 63
u2_3 174 68
u2_3 175 53
u2_3 176 54
u2_3 177 55
u2_3 178 78
u2_3 179 60
u2_3 180 77
u2_3 181 68
u2_3 182 77
u2_3 183 62
u2_3 184 56
u2_3 185 64
u2_3 186 57
u2_3 187 61
u2_3 188 58
u2_3 189 60
u2_3 190 50
u2_3 191 62
u2_3 192 64
u2_3 193 67
u2_3 194 74
u2_3 195 73
u2_3 196 62
u2_3 197 67
u2_3 198 58
u2_3 199 64
u2_3 200 59
u2_3 201 68
u2_3 202 66
u2_3 203 61
u2_3 204 53
u2_3 205 72
u2_3 206 49
u2_3 207 63
u2_3 208 59
u2_3 209 63
u2_3 210 53
u2_3 211 53
u2_3 212 54
u2_3 213 77
u2_3 214 58
u2_3 215 77
u2_3 216 66
u2_3 217 75
u2_3 218 62
u2_3 219 56
u2_3 220 64
u2_3 221 58
u2_3 222 61
u2_3 223 58
u2_3 224 60
u2_3 225 50
u2_3 226 62
u2_3 227 64
u2_3 228 67
u2_3 229 74
u2_3 230 73
u2_3 231 62
u2_3 232 67
u2_3 233 58
u2_3 234 64
u2_3 235 59
u2_3 236 68
u2_3 237 66
u2_3 238 61
u2_3 239 53
u2_3 240 72
u2_3 241 49
u2_3 242 63
u2_3 243 59
u2_3 244 63
u2_3 245 53
u2_3 246 53
u2_3 247 54
u2_3 248 77
u2_3 249 58
u2_3 250 77
u2_3 251 66
u2_3 252 75
u2_3 253 62
u2_3 254 56
u2_3 255 64
u2_3 256 58
u2_3 257 61
u2_3 258 58
u2_3 259 60
u2_3 260 50
u2_3 261 62
u2_3 262 64
u2_3 263 67
u2_3 264 74
u2_3 265 73
u2_3 266 62
u2_3 267 67
u2_3 268 58
u2_3 269 64
u2_3 270 59
u2_3 271 68
u2_3 272 66
u2_3 273 61
u2_3 274 53
u2_3 275 72
u2_3 276 48
u2_3 277 63
u2_3 278 59
u2_3 279 61
u2_3 280 46
u2_3 281 45
u2_3 282 43
u2_3 283 62
u2_3 284 46
u2_3 285 61
u2_3 286 49
u2_3 287 48
u2_3 288 44
u2_3 289 36
u2_3 290 37
u2_3 291 38
u2_3 292 34
u2_3 293 39
u2_3 294 27
u2_3 295 26
u2_3 296 32
u2_3 297 34
u2_3 298 36
u2_3 299 30
u2_3 300 29
u2_3 301 18
u2_3 302 23
u2_3 303 13
u2_3 304 19
u2_3 305 15
u2_3 306 22
u2_3 307 24
u2_3 308 12
u2_3 309 11
u2_3 310 16
u2_3 311 9
u2_3 312 12
u2_3 313 9
u2_3 314 8
u2_3 315 4
u2_3 316 3
u2_3 317 2
u2_3 318 3
u2_3 319 2
u2_3 320 3
u2_3 321 6
u2_3 322 0
u2_3 323 0
u2_3 324 1
u2_3 325 0
u2_3 326 1
u2_3 327 1
u2_3 328 1
u2_3 329 1
u2_3 330 0
u2_3 331 0
u2_3 332 0
u2_3 333 2
u2_3 334 0
u2_3 335 0
u2_3 336 0
u2_3 337 0
u2_3 338 0
u2_3 339 0
u2_3 340 0
u2_3 341 0
u2_3 342 0
u2_3 343 0
u2_3 344 0
u2_3 345 0
u2_3 346 0
u2_3 347 0
u2_3 348 0
u2_3 349 0
u2_3 350 0
u2_3 351 0
u2_3 352 0
u2_3 353 0
u2_3 354 0
u2_3 355 0
u2_3 356 0
u2_3 357 0
u2_3 358 0
u2_3 359 0
u2_3 360 0
u2_3 361 0
u2_3 362 0
u2_3 363 0
u2_3 364 0
u2_3 365 0
u2_3 366 0
u2_3 367 0
u2_3 368 0
u2_3 369 0
u2_3 370 0
u2_3 371 0
u2_3 372 0
u2_3 373 0
u2_3 374 0
u2_3 375 0
u2_3 376 0
u2_3 377 0
u2_3 378 0
u2_3 379 0
u2_3 380 0
u2_3 381 0
u2_3 382 0
u2_3 383 0
u2_3 384 0
u2_3 385 0
u2_3 386 0
u2_3 387 0
u2_3 388 0
u2_3 389 0
u2_3 390 0
u2_3 391 0
u2_3 392 0
u2_3 393 0
u2_3 394 0
u2_3 395 0
u2_3 396 0
u2_3 397 0
u2_3 398 0
u2_3 399 0
u2_3 400 0
u2_3 401 0
u2_3 402 0
u2_3 403 0
u2_3 404 0
u2_3 405 0
u2_3 406 0
u2_3 407 0
u2_3 408 0
u2_3 409 0
u2_3 410 0
u2_3 411 0
u2_3 412 0
u2_3 413 0
u2_3 414 0
u2_3 415 0
u2_3 416 0
u2_3 417 0
u2_3 418 0
u2_3 419 0
u2_3 420 0
u2_3 421 0
u2_3 422 0
u2_3 423 0
u2_3 424 0
u2_3 425 0
u2_3 426 0
u2_3 427 0
u2_3 428 0
u2_3 429 0
u2_3 430 0
u2_3 431 0
u2_3 432 0
u2_3 433 0
u2_3 434 0
u2_3 435 0
u2_3 436 0
u2_3 437 0
u2_3 438 0
u2_3 439 0
u2_3 440 0
u2_3 441 0
u2_3 442 0
u2_3 443 0
u2_3 444 0
u2_3 445 1
u2_3 446 0
u2_3 447 0
u2_3 448 0
u2_3 449 0
u2_3 450 0
u2_3 451 0
u2_3 452 0
u2_3 453 0
u2_3 454 0
u2_3 455 0
u2_3 456 0
u2_3 457 0
u2_3 458 0
u2_3 459 0
u2_3 460 0
u2_3 461 0
u2_3 462 0
u2_3 463 0
u2_3 464 0
u2_3 465 0
u2_3 466 0
u2_3 467 0
u2_3 468 0
u2_3 469 0
u2_3 470 0
u2_3 471 0
u2_3 472 0
u2_3 473 0
u2_3 474 0
u2_3 475 0
u2_3 476 0
u2_3 477 0
u2_3 478 0
u2_3 479 0
u1_2 0 0
u1_2 1 0
u1_2 2 0
u1_2 3 0
u1_2 4 0
u1_2 5 0
u1_2 6 0
u1_2 7 0
u1_2 8 0
u1_2 9 0
u1_2 10 0
u1_2 11 0
u1_2 12 0
u1_2 13 0
u1_2 14 0
u1_2 15 0
u1_2 16 0
u1_2 17 0
u1_2 18 0
u1_2 19 0
u1_2 20 0
u1_2 21 0
u1_2 22 0
u1_2 23 0
u1_2 24 0
u1_2 25 0
u1_2 26 0
u1_2 27 0
u1_2 28 0
u1_2 29 0
u1_2 30 0
u1_2 31 0
u1_2 32 0
u1_2 33 0
u1_2 34 0
u1_2 35 0
u1_2 36 0
u1_2 37 0
u1_2 38 0
u1_2 39 0
u1_2 40 0
u1_2 41 0
u1_2 42 0
u1_2 43 0
u1_2 44 0
u1_2 45 0
u1_2 46 0
u1_2 47 0
u1_2 48 0
u1_2 49 0
u1_2 50 0
u1_2 51 0
u1_2 52 0
u1_2 53 0
u1_2 54 0
u1_2 55 0
u1_2 56 0
u1_2 57 0
u1_2 58 0
u1_2 59 0
u1_2 60 0
u1_2 61 0
u1_2 62 0
u1_2 63 0
u1_2 64 0
u1_2 65 0
u1_2 66 0
u1_2 67 0
u1_2 68 0
u1_2 69 0
u1_2 70 0
u1_2 71 0
u1_2 72 0
u1_2 73 0
u1_2 74 0
u1_2 75 0
u1_2 76 0
u1_2 77 0
u1_2 78 0
u1_2 79 0
u1_2 80 0
u1_2 81 0
u1_2 82 0
u1_2 83 0
u1_2 84 0
u1_2 85 0
u1_2 86 0
u1_2 87 0
u1_2 88 0
u1_2 89 0
u1_2 90 0
u1_2 91 0
u1_2 92 0
u1_2 93 0
u1_2 94 0
u1_2 95 0
u1_2 96 0
u1_2 97 0
u1_2 98 0
u1_2 99 0
u1_2 100 0
u1_2 101 0
u1_2 102 0
u1_2 103 0
u1_2 104 0
u1_2 105 0
u1_2 106 0
u1_2 107 0
u1_2 108 0
u1_2 109 0
u1_2 110 0
u1_2 111 0
u1_2 112 0
u1_2 113 0
u1_2 114 0
u1_2 115 0
u1_2 116 0
u1_2 117 0
u1_2 118 0
u1_2 119 0
u1_2 120 0
u1_2 121 0
u1_2 122 0
u1_2 123 1
u1_2 124 0
u1_2 125 0
u1_2 126 0
u1_2 127 1
u1_2 128 0
u1_2 129 1
u1_2 130 0
u1_2 131 0
u1_2 132 0
u1_2 133 0
u1_2 134 0
u1_2 135 0
u1_2 136 0
u1_2 137 0
u1_2 138 0
u1_2 139 0
u1_2 140 0
u1_2 141 0
u1_2 142 0
u1_2 143 0
u1_2 144 0
u1_2 145 0
u1_2 146 0
u1_2 147 0
u1_2 148 1
u1_2 149 0
u1_2 150 0
u1_2 151 0
u1_2 152 0
u1_2 153 0
u1_2 154 0
u1_2 155 0
u1_2 156 0
u1_2 157 0
u1_2 158 0
u1_2 159 0
u1_2 160 0
u1_2 161 1
u1_2 162 0
u1_2 163 1
u1_2 164 0
u1_2 165 0
u1_2 166 1
u1_2 167 0
u1_2 168 1
u1_2 169 0
u1_2 170 0
u1_2 171 0
u1_2 172 0
u1_2 173 2
u1_2 174 0
u1_2 175 0
u1_2 176 1
u1_2 177 1
u1_2 178 2
u1_2 179 0
u1_2 180 0
u1_2 181 1
u1_2 182 5
u1_2 183 2
u1_2 184 1
u1_2 185 3
u1_2 186 3
u1_2 187 3
u1_2 188 5
u1_2 189 8
u1_2 190 8
u1_2 191 7
u1_2 192 9
u1_2 193 11
u1_2 194 5
u1_2 195 4
u1_2 196 10
u1_2 197 18
u1_2 198 17
u1_2 199 17
u1_2 200 22
u1_2 201 27
u1_2 202 28
u1_2 203 20
u1_2 204 31
u1_2 205 32
u1_2 206 37
u1_2 207 35
u1_2 208 37
u1_2 209 37
u1_2 210 41
u1_2 211 53
u1_2 212 47
u1_2 213 54
u1_2 214 48
u1_2 215 58
u1_2 216 52
u1_2 217 57
u1_2 218 72
u1_2 219 59
u1_2 220 64
u1_2 221 59
u1_2 222 55
u1_2 223 79
u1_2 224 65
u1_2 225 75
u1_2 226 76
u1_2 227 58
u1_2 228 61
u1_2 229 87
u1_2 230 83
u1_2 231 95
u1_2 232 85
u1_2 233 92
u1_2 234 89
u1_2 235 93
u1_2 236 88
u1_2 237 97
u1_2 238 96
u1_2 239 91
u1_2 240 100
u1_2 241 96
u1_2 242 94
u1_2 243 101
u1_2 244 79
u1_2 245 96
u1_2 246 87
u1_2 247 90
u1_2 248 95
u1_2 249 103
u1_2 250 90
u1_2 251 96
u1_2 252 99
u1_2 253 77
u1_2 254 97
u1_2 255 81
u1_2 256 92
u1_2 257 86
u1_2 258 86
u1_2 259 77
u1_2 260 88
u1_2 261 71
u1_2 262 76
u1_2 263 61
u1_2 264 69
u1_2 265 66
u1_2 266 64
u1_2 267 73
u1_2 268 62
u1_2 269 57
u1_2 270 66
u1_2 271 77
u1_2 272 55
u1_2 273 65
u1_2 274 52
u1_2 275 46
u1_2 276 47
u1_2 277 44
u1_2 278 41
u1_2 279 34
u1_2 280 31
u1_2 281 32
u1_2 282 37
u1_2 283 31
u1_2 284 31
u1_2 285 28
u1_2 286 14
u1_2 287 20
u1_2 288 20
u1_2 289 21
u1_2 290 25
u1_2 291 14
u1_2 292 23
u1_2 293 17
u1_2 294 16
u1_2 295 12
u1_2 296 14
u1_2 297 14
u1_2 298 7
u1_2 299 8
u1_2 300 4
u1_2 301 6
u1_2 302 5
u1_2 303 2
u1_2 304 2
u1_2 305 7
u1_2 306 6
u1_2 307 4
u1_2 308 2
u1_2 309 7
u1_2 310 7
u1_2 311 13
u1_2 312 9
u1_2 313 8
u1_2 314 8
u1_2 315 15
u1_2 316 15
u1_2 317 10
u1_2 318 17
u1_2 319 18
u1_2 320 24
u1_2 321 24
u1_2 322 20
u1_2 323 24
u1_2 324 37
u1_2 325 25
u1_2 326 25
u1_2 327 40
u1_2 328 43
u1_2 329 46
u1_2 330 41
u1_2 331 46
u1_2 332 53
u1_2 333 54
u1_2 334 56
u1_2 335 51
u1_2 336 54
u1_2 337 58
u1_2 338 66
u1_2 339 64
u1_2 340 65
u1_2 341 69
u1_2 342 58
u1_2 343 68
u1_2 344 75
u1_2 345 72
u1_2 346 78
u1_2 347 82
u1_2 348 69
u1_2 349 83
u1_2 350 78
u1_2 351 64
u1_2 352 78
u1_2 353 74
u1_2 354 79
u1_2 355 74
u1_2 356 80
u1_2 357 76
u1_2 358 87
u1_2 359 68
u1_2 360 75
u1_2 361 61
u1_2 362 70
u1_2 363 64
u1_2 364 63
u1_2 365 71
u1_2 366 61
u1_2 367 57
u1_2 368 65
u1_2 369 75
u1_2 370 55
u1_2 371 65
u1_2 372 52
u1_2 373 47
u1_2 374 47
u1_2 375 43
u1_2 376 41
u1_2 377 34
u1_2 378 31
u1_2 379 32
u1_2 380 37
u1_2 381 31
u1_2 382 30
u1_2 383 28
u1_2 384 13
u1_2 385 20
u1_2 386 19
u1_2 387 20
u1_2 388 24
u1_2 389 13
u1_2 390 22
u1_2 391 16
u1_2 392 16
u1_2 393 12
u1_2 394 12
u1_2 395 13
u1_2 396 7
u1_2 397 7
u1_2 398 3
u1_2 399 4
u1_2 400 3
u1_2 401 1
u1_2 402 2
u1_2 403 1
u1_2 404 3
u1_2 405 1
u1_2 406 0
u1_2 407 0
u1_2 408 1
u1_2 409 1
u1_2 410 0
u1_2 411 0
u1_2 412 0
u1_2 413 0
u1_2 414 0
u1_2 415 0
u1_2 416 0
u1_2 417 0
u1_2 418 0
u1_2 419 0
u1_2 420 0
u1_2 421 0
u1_2 422 0
u1_2 423 0
u1_2 424 0
u1_2 425 0
u1_2 426 0
u1_2 427 0
u1_2 428 0
u1_2 429 0
u1_2 430 0
u1_2 431 0
u1_2 432 0
u1_2 433 0
u1_2 434 0
u1_2 435 0
u1_2 436 0
u1_2 437 0
u1_2 438 0
u1_2 439 0
u1_2 440 0
u1_2 441 0
u1_2 442 1
u1_2 443 0
u1_2 444 0
u1_2 445 0
u1_2 446 0
u1_2 447 0
u1_2 448 0
u1_2 449 0
u1_2 450 0
u1_2 451 0
u1_2 452 0
u1_2 453 0
u1_2 454 0
u1_2 455 0
u1_2 456 0
u1_2 457 0
u1_2 458 0
u1_2 459 0
u1_2 460 0
u1_2 461 0
u1_2 462 0
u1_2 463 0
u1_2 464 0
u1_2 465 0
u1_2 466 0
u1_2 467 0
u1_2 468 0
u1_2 469 0
u1_2 470 0
u1_2 471 0
u1_2 472 0
u1_2 473 0
u1_2 474 0
u1_2 475 0
u1_2 476 0
u1_2 477 0
u1_2 478 0
u1_2 479 0
u1_2 480 0
u1_2 481 0
u1_2 482 0
u1_2 483 0
u1_2 484 0
u1_2 485 0
u1_2 486 0
u1_2 487 0
u1_2 488 0
u1_2 489 0
u1_2 490 0
u1_2 491 0
u1_2 492 0
u1_2 493 0
u1_2 494 0
u1_2 495 0
u1_2 496 0
u1_2 497 0
u1_2 498 0
u1_2 499 0
u1_2 500 0
u1_2 501 0
u1_2 502 0
u1_2 503 0
u1_2 504 0
u1_2 505 0
u1_2 506 0
u1_2 507 0
u1_2 508 0
u1_2 509 0
u1_2 510 0
u1_2 511 0
u1_2 512 0
u1_2 513 0
u1_2 514 0
u1_2 515 0
u1_2 516 0
u1_2 517 0
u1_2 518 0
u1_2 519 0
u1_2 520 0
u1_2 521 0
u1_2 522 0
u1_2 523 0
u1_2 524 0
u1_2 525 0
u1_2 526 0
u1_2 527 0
u1_2 528 0
u1_2 529 0
u1_2 530 0
u1_2 531 0
u1_2 532 0
u1_2 533 0
u1_2 534 0
u1_2 535 0
u1_2 536 0
u1_2 537 0
u1_2 538 0
u1_2 539 0
u1_4 0 0
u1_4 1 0
u1_4 2 0
u1_4 3 0
u1_4 4 0
u1_4 5 0
u1_4 6 0
u1_4 7 0
u1_4 8 0
u1_4 9 0
u1_4 10 0
u1_4 11 0
u1_4 12 1
u1_4 13 0
u1_4 14 0
u1_4 15 0
u1_4 16 0
u1_4 17 0
u1_4 18 0
u1_4 19 0
u1_4 20 0
u1_4 21 0
u1_4 22 0
u1_4 23 0
u1_4 24 0
u1_4 25 0
u1_4 26 0
u1_4 27 0
u1_4 28 0
u1_4 29 0
u1_4 30 0
u1_4 31 0
u1_4 32 0
u1_4 33 0
u1_4 34 0
u1_4 35 0
u1_4 36 0
u1_4 37 0
u1_4 38 0
u1_4 39 0
u1_4 40 0
u1_4 41 0
u1_4 42 0
u1_4 43 2
u1_4 44 0
u1_4 45 1
u1_4 46 0
u1_4 47 1
u1_4 48 1
u1_4 49 3
u1_4 50 2
u1_4 51 10
u1_4 52 8
u1_4 53 12
u1_4 54 23
u1_4 55 34
u1_4 56 33
u1_4 57 44
u1_4 58 65
u1_4 59 62
u1_4 60 67
u1_4 61 77
u1_4 62 88
u1_4 63 105
u1_4 64 116
u1_4 65 121
u1_4 66 137
u1_4 67 143
u1_4 68 144
u1_4 69 161
u1_4 70 178
u1_4 71 179
u1_4 72 187
u1_4 73 198
u1_4 74 212
u1_4 75 216
u1_4 76 231
u1_4 77 218
u1_4 78 225
u1_4 79 232
u1_4 80 223
u1_4 81 237
u1_4 82 237
u1_4 83 214
u1_4 84 230
u1_4 85 232
u1_4 86 219
u1_4 87 232
u1_4 88 231
u1_4 89 220
u1_4 90 228
u1_4 91 229
u1_4 92 229
u1_4 93 235
u1_4 94 231
u1_4 95 213
u1_4 96 229
u1_4 97 214
u1_4 98 204
u1_4 99 198
u1_4 100 191
u1_4 101 184
u1_4 102 174
u1_4 103 170
u1_4 104 156
u1_4 105 151
u1_4 106 143
u1_4 107 126
u1_4 108 120
u1_4 109 103
u1_4 110 89
u1_4 111 85
u1_4 112 59
u1_4 113 65
u1_4 114 44
u1_4 115 42
u1_4 116 30
u1_4 117 22
u1_4 118 10
u1_4 119 9
u1_4 120 4
u1_4 121 1
u1_4 122 0
u1_4 123 0
u1_4 124 0
u1_4 125 0
u1_4 126 0
u1_4 127 0
u1_4 128 0
u1_4 129 0
u1_4 130 0
u1_4 131 0
u1_4 132 0
u1_4 133 0
u1_4 134 0
u1_4 135 0
u1_4 136 0
u1_4 137 0
u1_4 138 0
u1_4 139 0
u1_4 140 0
u1_4 141 0
u1_4 142 0
u1_4 143 0
u1_4 144 0
u1_4 145 0
u1_4 146 0
u1_4 147 0
u1_4 148 0
01001 0 0
01001 1 0
01001 2 0
01001 3 0
01001 4 0
01001 5 0
01001 6 0
01001 7 0
01001 8 0
01001 9 0
01001 10 0
01001 11 0
01001 12 0
01001 13 0
01001 14 0
01001 15 0
01001 16 0
01001 17 0
01001 18 0
01001 19 0
01001 20 0
01001 21 0
01001 22 0
01001 23 0
01001 24 0
01001 25 0
01001 26 0
01001 27 0
01001 28 0
01001 29 0
01001 30 0
01001 31 0
01001 32 0
01001 33 0
01001 34 0
01001 35 0
01001 36 0
01001 37 0
01001 38 0
01001 39 0
01001 40 0
01001 41 0
01001 42 0
01001 43 0
01001 44 0
01001 45 0
01001 46 0
01001 47 0
01001 48 0
01001 49 0
01001 50 0
01001 51 0
01001 52 0
01001 53 0
01001 54 0
01001 55 0
01001 56 0
01001 57 0
01001 58 0
01001 59 0
01001 60 0
01001 61 0
01001 62 0
01001 63 0
01001 64 0
01001 65 0
01001 66 0
01001 67 0
01001 68 0
01001 69 0
01001 70 0
01001 71 0
01001 72 0
01001 73 0
01001 74 0
01001 75 0
01001 76 0
01001 77 0
01001 78 0
01001 79 0
01001 80 0
01001 81 0
01001 82 0
01001 83 0
01001 84 0
01001 85 0
01001 86 0
01001 87 0
01001 88 0
01001 89 0
01001 90 0
01001 91 0
01001 92 0
01001 93 0
01001 94 0
01001 95 0
01001 96 0
01001 97 0
01001 98 0
01001 99 0
01001 100 0
01001 101 0
01001 102 0
01001 103 0
01001 104 0
01001 105 0
01001 106 0
01001 107 0
01001 108 0
01001 109 0
01001 110 0
01001 111 0
01001 112 0
01001 113 0
01001 114 0
01001 115 0
01001 116 0
01001 117 0
01001 118 0
01001 119 0
01001 120 0
01001 121 0
01001 122 0
01001 123 0
01001 124 0
01001 125 0
01001 126 0
01001 127 0
01001 128 0
01001 129 0
01001 130 0
01001 131 0
01001 132 0
01001 133 0
01001 134 0
01001 135 0
01001 136 0
01001 137 0
01001 138 0
01001 139 0
01001 140 0
01001 141 0
01001 142 0
01001 143 0
01001 144 1
01001 145 0
01001 146 0
01001 147 0
01001 148 0
01001 149 0
01001 150 0
01001 151 0
01001 152 1
01001 153 0
01001 154 0
01001 155 0
01001 156 0
01001 157 0
01001 158 0
01001 159 0
01001 160 1
01001 161 0
01001 162 0
01001 163 0
01001 164 1
01001 165 0
01001 166 0
01001 167 0
01001 168 1
01001 169 0
01001 170 0
01001 171 0
01001 172 0
01001 173 0
01001 174 1
01001 175 1
01001 176 2
01001 177 0
01001 178 3
01001 179 0
01001 180 2
01001 181 0
01001 182 2
01001 183 0
01001 184 0
01001 185 0
01001 186 0
01001 187 0
01001 188 2
01001 189 2
01001 190 4
01001 191 2
01001 192 7
01001 193 3
01001 194 7
01001 195 4
01001 196 8
01001 197 8
01001 198 9
01001 199 2
01001 200 13
01001 201 5
01001 202 15
01001 203 8
01001 204 12
01001 205 8
01001 206 13
01001 207 15
01001 208 13
01001 209 10
01001 210 14
01001 211 11
01001 212 19
01001 213 15
01001 214 20
01001 215 20
01001 216 20
01001 217 22
01001 218 17
01001 219 15
01001 220 18
01001 221 19
01001 222 22
01001 223 20
01001 224 23
01001 225 27
01001 226 18
01001 227 31
01001 228 28
01001 229 22
01001 230 38
01001 231 33
01001 232 28
01001 233 29
01001 234 22
01001 235 23
01001 236 33
01001 237 38
01001 238 37
01001 239 34
01001 240 35
01001 241 38
01001 242 35
01001 243 46
01001 244 34
01001 245 54
01001 246 38
01001 247 34
01001 248 46
01001 249 46
01001 250 52
01001 251 55
01001 252 42
01001 253 55
01001 254 50
01001 255 55
01001 256 51
01001 257 58
01001 258 55
01001 259 56
01001 260 57
01001 261 59
01001 262 53
01001 263 57
01001 264 62
01001 265 63
01001 266 68
01001 267 57
01001 268 55
01001 269 58
01001 270 56
01001 271 74
01001 272 52
01001 273 56
01001 274 58
01001 275 67
01001 276 83
01001 277 61
01001 278 57
01001 279 58
01001 280 71
01001 281 87
01001 282 76
01001 283 64
01001 284 62
01001 285 64
01001 286 90
01001 287 58
01001 288 60
01001 289 72
01001 290 81
01001 291 70
01001 292 73
01001 293 70
01001 294 62
01001 295 65
01001 296 89
01001 297 64
01001 298 58
01001 299 76
01001 300 75
01001 301 68
01001 302 78
01001 303 72
01001 304 64
01001 305 65
01001 306 86
01001 307 72
01001 308 62
01001 309 74
01001 310 80
01001 311 72
01001 312 72
01001 313 58
01001 314 68
01001 315 78
01001 316 75
01001 317 71
01001 318 61
01001 319 74
01001 320 75
01001 321 72
01001 322 71
01001 323 57
01001 324 65
01001 325 75
01001 326 66
01001 327 68
01001 328 65
01001 329 71
01001 330 74
01001 331 72
01001 332 68
01001 333 56
01001 334 62
01001 335 75
01001 336 65
01001 337 65
01001 338 63
01001 339 58
01001 340 63
01001 341 68
01001 342 70
01001 343 63
01001 344 64
01001 345 65
01001 346 57
01001 347 56
01001 348 64
01001 349 63
01001 350 47
01001 351 61
01001 352 52
01001 353 59
01001 354 50
01001 355 61
01001 356 58
01001 357 45
01001 358 41
01001 359 52
01001 360 49
01001 361 49
01001 362 46
01001 363 52
01001 364 44
01001 365 48
01001 366 40
01001 367 41
01001 368 43
01001 369 46
01001 370 44
01001 371 41
01001 372 42
01001 373 36
01001 374 36
01001 375 41
01001 376 40
01001 377 31
01001 378 33
01001 379 52
01001 380 33
01001 381 32
01001 382 38
01001 383 33
01001 384 29
01001 385 31
01001 386 36
01001 387 25
01001 388 26
01001 389 24
01001 390 22
01001 391 22
01001 392 28
01001 393 20
01001 394 29
01001 395 17
01001 396 26
01001 397 15
01001 398 24
01001 399 19
01001 400 24
01001 401 14
01001 402 12
01001 403 12
01001 404 23
01001 405 10
01001 406 19
01001 407 12
01001 408 14
01001 409 10
01001 410 11
01001 411 5
01001 412 8
01001 413 5
01001 414 9
01001 415 6
01001 416 6
01001 417 4
01001 418 4
01001 419 1
01001 420 7
01001 421 4
01001 422 2
01001 423 1
01001 424 0
01001 425 1
01001 426 3
01001 427 0
01001 428 1
01001 429 1
01001 430 0
01001 431 0
01001 432 1
01001 433 0
01001 434 0
01001 435 0
01001 436 0
01001 437 0
01001 438 0
01001 439 0
01001 440 0
01001 441 0
01001 442 0
01001 443 0
01001 444 0
01001 445 0
01001 446 0
01001 447 0
01001 448 0
01001 449 0
01001 450 0
01001 451 0
01001 452 0
01001 453 0
01001 454 0
01001 455 0
01001 456 0
01001 457 0
01001 458 0
01001 459 0
01001 460 0
01001 461 0
01001 462 0
01001 463 0
01001 464 0
01001 465 0
01001 466 0
01001 467 0
01001 468 0
01001 469 0
01001 470 0
01001 471 0
01001 472 0
01001 473 0
01001 474 0
01001 475 0
01001 476 0
01001 477 0
01001 478 0
01001 479 0
01001 480 0
01001 481 0
01001 482 0
01001 483 0
01001 484 0
01001 485 0
01001 486 0
01001 487 0
01001 488 0
01001 489 0
01001 490 0
01001 491 0
01001 492 0
01001 493 0
01001 494 0
01001 495 0
01001 496 0
01001 497 0
01001 498 0
01001 499 0
01001 500 0
01001 501 0
01001 502 0
01001 503 0
01001 504 0
01001 505 0
01001 506 0
01001 507 0
01001 508 0
01001 509 0
01001 510 0
01001 511 0
01001 512 0
01001 513 0
01001 514 0
01001 515 0
01001 516 0
01001 517 0
01001 518 0
01001 519 0
01001 520 0
01001 521 0
01001 522 0
01001 523 0
01001 524 0
01001 525 0
01001 526 0
01001 527 0
01001 528 0
01001 529 0
01001 530 0
01001 531 0
01001 532 0
01001 533 0
01001 534 0
01001 535 0
01001 536 0
01001 537 0
01001 538 0
01001 539 0
01001 540 0
10010 0 0
10010 1 0
10010 2 0
10010 3 0
10010 4 0
10010 5 0
10010 6 0
10010 7 0
10010 8 0
10010 9 0
10010 10 0
10010 11 0
10010 12 0
10010 13 0
10010 14 0
10010 15 0
10010 16 0
10010 17 0
10010 18 0
10010 19 0
10010 20 0
10010 21 0
10010 22 0
10010 23 0
10010 24 0
10010 25 0
10010 26 0
10010 27 0
10010 28 0
10010 29 0
10010 30 0
10010 31 0
10010 32 0
10010 33 0
10010 34 0
10010 35 0
10010 36 0
10010 37 0
10010 38 0
10010 39 0
10010 40 0
10010 41 0
10010 42 0
10010 43 0
10010 44 0
10010 45 0
10010 46 0
10010 47 0
10010 48 0
10010 49 0
10010 50 0
10010 51 0
10010 52 0
10010 53 0
10010 54 0
10010 55 0
10010 56 0
10010 57 0
10010 58 0
10010 59 0
10010 60 0
10010 61 0
10010 62 0
10010 63 0
10010 64 0
10010 65 0
10010 66 0
10010 67 1
10010 68 0
10010 69 1
10010 70 1
10010 71 0
10010 72 1
10010 73 2
10010 74 0
10010 75 1
10010 76 2
10010 77 2
10010 78 1
10010 79 6
10010 80 3
10010 81 3
10010 82 3
10010 83 7
10010 84 5
10010 85 5
10010 86 8
10010 87 8
10010 88 6
10010 89 12
10010 90 13
10010 91 18
10010 92 15
10010 93 19
10010 94 11
10010 95 20
10010 96 16
10010 97 17
10010 98 27
10010 99 21
10010 100 28
10010 101 25
10010 102 35
10010 103 25
10010 104 31
10010 105 31
10010 106 34
10010 107 31
10010 108 49
10010 109 27
10010 110 44
10010 111 47
10010 112 46
10010 113 56
10010 114 43
10010 115 46
10010 116 58
10010 117 50
10010 118 64
10010 119 52
10010 120 54
10010 121 56
10010 122 53
10010 123 59
10010 124 59
10010 125 61
10010 126 64
10010 127 60
10010 128 62
10010 129 54
10010 130 65
10010 131 64
10010 132 73
10010 133 66
10010 134 59
10010 135 58
10010 136 62
10010 137 68
10010 138 70
10010 139 62
10010 140 62
10010 141 70
10010 142 68
10010 143 73
10010 144 64
10010 145 76
10010 146 65
10010 147 72
10010 148 72
10010 149 72
10010 150 63
10010 151 61
10010 152 72
10010 153 85
10010 154 76
10010 155 85
10010 156 66
10010 157 89
10010 158 91
10010 159 81
10010 160 88
10010 161 77
10010 162 70
10010 163 102
10010 164 80
10010 165 72
10010 166 63
10010 167 89
10010 168 91
10010 169 97
10010 170 98
10010 171 97
10010 172 84
10010 173 84
10010 174 89
10010 175 93
10010 176 96
10010 177 86
10010 178 92
10010 179 89
10010 180 88
10010 181 79
10010 182 87
10010 183 84
10010 184 86
10010 185 95
10010 186 84
10010 187 78
10010 188 72
10010 189 93
10010 190 90
10010 191 75
10010 192 83
10010 193 67
10010 194 74
10010 195 61
10010 196 81
10010 197 63
10010 198 79
10010 199 62
10010 200 67
10010 201 54
10010 202 54
10010 203 44
10010 204 53
10010 205 50
10010 206 35
10010 207 53
10010 208 37
10010 209 34
10010 210 42
10010 211 36
10010 212 32
10010 213 30
10010 214 27
10010 215 28
10010 216 27
10010 217 24
10010 218 14
10010 219 21
10010 220 14
10010 221 17
10010 222 17
10010 223 18
10010 224 6
10010 225 10
10010 226 8
10010 227 10
10010 228 7
10010 229 6
10010 230 4
10010 231 5
10010 232 2
10010 233 4
10010 234 0
10010 235 8
10010 236 0
10010 237 1
10010 238 2
10010 239 1
10010 240 0
10010 241 1
10010 242 1
10010 243 1
10010 244 0
10010 245 1
10010 246 0
10010 247 0
10010 248 0
10010 249 1
10010 250 1
10010 251 0
10010 252 0
10010 253 0
10010 254 0
10010 255 0
10010 256 0
10010 257 0
10010 258 1
10010 259 0
10010 260 0
10010 261 0
10010 262 0
10010 263 0
10010 264 0
10010 265 0
10010 266 1
10010 267 0
10010 268 0
10010 269 0
10010 270 1
10010 271 0
10010 272 0
10010 273 0
10010 274 0
10010 275 0
10010 276 0
10010 277 0
10010 278 0
10010 279 1
10010 280 0
10010 281 0
10010 282 0
10010 283 0
10010 284 0
10010 285 0
10010 286 0
10010 287 0
10010 288 0
10010 289 0
10010 290 0
10010 291 0
10010 292 0
10010 293 0
10010 294 0
10010 295 0
10010 296 0
10010 297 0
10010 298 0
10010 299 0
10010 300 0
10010 301 0
10010 302 0
10010 303 0
10010 304 0
10010 305 0
10010 306 0
10010 307 0
10010 308 0
10010 309 0
10010 310 0
10010 311 0
10010 312 0
10010 313 0
10010 314 0
10010 315 0
10010 316 0
10010 317 0
10010 318 0
10010 319 0
10010 320 0
10010 321 0
10010 322 0
10010 323 0
10010 324 0
10010 325 0
10010 326 0
10010 327 0
10010 328 0
10010 329 1
10010 330 0
10010 331 0
10010 332 0
10010 333 0
10010 334 0
10010 335 0
10010 336 0
10010 337 0
10010 338 0
10010 339 0
10010 340 0
10010 341 0
10010 342 0
10010 343 0
10010 344 0
10010 345 0
10010 346 0
10010 347 0
10010 348 0
10010 349 0
10010 350 0
10010 351 0
10010 352 0
10010 353 0
10010 354 0
10010 355 0
10010 356 0
10010 357 0
10010 358 0
10010 359 0
10010 360 0
10010 361 0
10010 362 0
u1_9 0 0
u1_9 1 0
u1_9 2 0
u1_9 3 0
u1_9 4 0
u1_9 5 0
u1_9 6 0
u1_9 7 0
u1_9 8 0
u1_9 9 0
u1_9 10 0
u1_9 11 0
u1_9 12 1
u1_9 13 0
u1_9 14 0
u1_9 15 0
u1_9 16 0
u1_9 17 0
u1_9 18 0
u1_9 19 0
u1_9 20 0
u1_9 21 0
u1_9 22 0
u1_9 23 0
u1_9 24 0
u1_9 25 0
u1_9 26 0
u1_9 27 0
u1_9 28 0
u1_9 29 0
u1_9 30 0
u1_9 31 0
u1_9 32 0
u1_9 33 0
u1_9 34 0
u1_9 35 0
u1_9 36 0
u1_9 37 0
u1_9 38 0
u1_9 39 0
u1_9 40 0
u1_9 41 0
u1_9 42 0
u1_9 43 0
u1_9 44 0
u1_9 45 0
u1_9 46 0
u1_9 47 0
u1_9 48 0
u1_9 49 0
u1_9 50 0
u1_9 51 0
u1_9 52 0
u1_9 53 0
u1_9 54 0
u1_9 55 0
u1_9 56 0
u1_9 57 0
u1_9 58 0
u1_9 59 0
u1_9 60 0
u1_9 61 0
u1_9 62 0
u1_9 63 0
u1_9 64 0
u1_9 65 0
u1_9 66 0
u1_9 67 0
u1_9 68 0
u1_9 69 0
u1_9 70 0
u1_9 71 0
u1_9 72 0
u1_9 73 0
u1_9 74 0
u1_9 75 0
u1_9 76 0
u1_9 77 0
u1_9 78 0
u1_9 79 0
u1_9 80 0
u1_9 81 0
u1_9 82 0
u1_9 83 0
u1_9 84 0
u1_9 85 0
u1_9 86 0
u1_9 87 0
u1_9 88 0
u1_9 89 0
u1_9 90 0
u1_9 91 0
u1_9 92 0
u1_9 93 0
u1_9 94 0
u1_9 95 0
u1_9 96 0
u1_9 97 0
u1_9 98 0
u1_9 99 0
u1_9 100 0
u1_9 101 0
u1_9 102 0
u1_9 103 2
u1_9 104 0
u1_9 105 1
u1_9 106 0
u1_9 107 1
u1_9 108 1
u1_9 109 3
u1_9 110 2
u1_9 111 10
u1_9 112 8
u1_9 113 12
u1_9 114 23
u1_9 115 34
u1_9 116 33
u1_9 117 44
u1_9 118 65
u1_9 119 61
u1_9 120 63
u1_9 121 70
u1_9 122 75
u1_9 123 86
u1_9 124 89
u1_9 125 88
u1_9 126 96
u1_9 127 98
u1_9 128 92
u1_9 129 97
u1_9 130 99
u1_9 131 91
u1_9 132 92
u1_9 133 94
u1_9 134 93
u1_9 135 102
u1_9 136 102
u1_9 137 93
u1_9 138 100
u1_9 139 100
u1_9 140 91
u1_9 141 97
u1_9 142 99
u1_9 143 91
u1_9 144 92
u1_9 145 94
u1_9 146 93
u1_9 147 102
u1_9 148 102
u1_9 149 93
u1_9 150 100
u1_9 151 100
u1_9 152 91
u1_9 153 97
u1_9 154 99
u1_9 155 91
u1_9 156 92
u1_9 157 94
u1_9 158 93
u1_9 159 102
u1_9 160 102
u1_9 161 93
u1_9 162 100
u1_9 163 100
u1_9 164 91
u1_9 165 97
u1_9 166 99
u1_9 167 91
u1_9 168 92
u1_9 169 94
u1_9 170 93
u1_9 171 102
u1_9 172 102
u1_9 173 93
u1_9 174 100
u1_9 175 100
u1_9 176 91
u1_9 177 97
u1_9 178 99
u1_9 179 91
u1_9 180 92
u1_9 181 94
u1_9 182 93
u1_9 183 102
u1_9 184 102
u1_9 185 93
u1_9 186 100
u1_9 187 100
u1_9 188 91
u1_9 189 97
u1_9 190 99
u1_9 191 91
u1_9 192 92
u1_9 193 94
u1_9 194 93
u1_9 195 102
u1_9 196 102
u1_9 197 93
u1_9 198 100
u1_9 199 100
u1_9 200 91
u1_9 201 97
u1_9 202 99
u1_9 203 91
u1_9 204 92
u1_9 205 94
u1_9 206 92
u1_9 207 102
u1_9 208 102
u1_9 209 93
u1_9 210 100
u1_9 211 98
u1_9 212 96
u1_9 213 96
u1_9 214 93
u1_9 215 90
u1_9 216 91
u1_9 217 76
u1_9 218 77
u1_9 219 68
u1_9 220 62
u1_9 221 57
u1_9 222 44
u1_9 223 40
u1_9 224 26
u1_9 225 21
u1_9 226 9
u1_9 227 8
u1_9 228 2
u1_9 229 1
u1_9 230 0
u1_9 231 0
u1_9 232 0
u1_9 233 0
u1_9 234 0
u1_9 235 0
u1_9 236 0
u1_9 237 0
u1_9 238 0
u1_9 239 0
u1_9 240 1
u1_9 241 0
u1_9 242 0
u1_9 243 0
u1_9 244 0
u1_9 245 0
u1_9 246 0
u1_9 247 0
u1_9 248 0
u1_9 249 0
u1_9 250 0
u1_9 251 0
u1_9 252 0
u1_9 253 0
u1_9 254 0
u1_9 255 0
u1_9 256 0
u1_9 257 0
u1_9 258 0
u1_9 259 0
u1_9 260 0
u1_9 261 0
u1_9 262 0
u1_9 263 0
u1_9 264 0
u1_9 265 0
u1_9 266 0
u1_9 267 0
u1_9 268 0
u1_9 269 0
u1_9 270 0
u1_9 271 0
u1_9 272 0
u1_9 273 0
u1_9 274 0
u1_9 275 0
u1_9 276 0
u1_9 277 0
u1_9 278 0
u1_9 279 0
u1_9 280 0
u1_9 281 0
u1_9 282 0
u1_9 283 0
u1_9 284 0
u1_9 285 0
u1_9 286 0
u1_9 287 0
u1_9 288 0
u1_9 289 0
u1_9 290 0
u1_9 291 0
u1_9 292 0
u1_9 293 0
u1_9 294 0
u1_9 295 0
u1_9 296 0
u1_9 297 0
u1_9 298 0
u1_9 299 0
u1_9 300 0
u1_9 301 0
u1_9 302 0
u1_9 303 0
u1_9 304 0
u1_9 305 0
u1_9 306 0
u1_9 307 0
u1_9 308 0
u1_9 309 0
u1_9 310 0
u1_9 311 0
u1_9 312 0
u1_9 313 0
u1_9 314 0
u1_9 315 0
u1_9 316 0
u1_9 317 0
u1_9 318 0
u1_9 319 0
u1_9 320 0
u1_9 321 0
u1_9 322 0
u1_9 323 0
u1_9 324 0
u1_9 325 0
u1_9 326 0
u1_9 327 0
u1_9 328 0
