0 640.7142857142857
1 667.5714285714286
2 685.2380952380952
3 644.3333333333334
4 664.3809523809524
5 687.9047619047619
6 642.8571428571429
7 664.952380952381
8 688.1428571428571
9 642.9047619047619
10 675.4285714285714
11 698.6190476190476
12 651.6190476190476
13 676.6666666666666
14 697.8095238095239
15 650.2857142857143
16 684.952380952381
17 696.6666666666666
18 657.4285714285714
19 677.2857142857143
20 708.1904761904761
21 664.1904761904761
22 677.7619047619048
23 705.2857142857143
24 666.5714285714286
25 683.8095238095239
26 698.5238095238095
27 671.8571428571429
28 683.0
29 646.1904761904761
30 668.2857142857143
31 692.4285714285714
32 648.0952380952381
33 663.2857142857143
34 694.047619047619
35 654.4285714285714
36 671.7142857142857
37 688.6666666666666
38 649.9047619047619
39 674.3333333333334
40 685.2380952380952
41 659.0952380952381
42 672.3333333333334
43 695.5238095238095
44 649.1428571428571
45 683.4285714285714
46 688.8095238095239
47 662.047619047619
48 670.0952380952381
49 712.0952380952381
50 653.1904761904761
51 687.9047619047619
52 707.3333333333334
53 657.2857142857143
54 686.8571428571429
55 707.6666666666666
56 661.7619047619048
57 680.4285714285714
58 640.3809523809524
59 664.0952380952381
60 684.4285714285714
61 650.4761904761905
62 659.4285714285714
63 689.4285714285714
64 637.6666666666666
65 676.5238095238095
66 692.3809523809524
67 647.7619047619048
68 667.3809523809524
69 690.2857142857143
70 647.6190476190476
71 670.1904761904761
72 695.3333333333334
73 641.8571428571429
74 672.2380952380952
75 689.6190476190476
76 658.6190476190476
77 669.4285714285714
78 692.7619047619048
79 657.4761904761905
80 672.5238095238095
81 694.3333333333334
82 653.1428571428571
83 678.7142857142857
84 699.4285714285714
85 648.8095238095239
86 679.7142857142857
87 627.0952380952381
88 654.3333333333334
89 682.1904761904761
90 642.0952380952381
91 658.3809523809524
92 676.6666666666666
93 638.3809523809524
94 660.4761904761905
95 684.2857142857143
96 643.2857142857143
97 654.6190476190476
98 685.952380952381
99 637.4285714285714
100 667.4761904761905
101 688.6666666666666
102 641.8095238095239
103 657.6666666666666
104 685.2857142857143
105 639.9047619047619
106 665.952380952381
107 684.1904761904761
108 641.9047619047619
109 667.5714285714286
110 691.047619047619
111 642.7142857142857
112 658.9047619047619
113 689.1428571428571
114 647.8571428571429
115 662.8095238095239
116 631.7619047619048
117 643.7619047619048
118 677.3333333333334
119 622.8571428571429
120 657.1428571428571
121 666.6666666666666
122 637.5238095238095
123 648.0
124 670.0
125 631.2857142857143
126 654.3333333333334
127 679.047619047619
128 631.952380952381
129 650.9047619047619
130 672.5714285714286
131 642.952380952381
132 655.952380952381
133 678.4285714285714
134 630.047619047619
135 658.9047619047619
136 682.047619047619
137 637.6666666666666
138 660.1904761904761
139 677.5238095238095
140 640.0
141 658.1428571428571
142 688.952380952381
143 643.0952380952381
144 660.5238095238095
145 621.3333333333334
146 635.6666666666666
147 659.8095238095239
148 616.4285714285714
149 641.8095238095239
150 659.8095238095239
151 625.8095238095239
152 639.2380952380952
153 663.2380952380952
154 616.1904761904761
155 644.6190476190476
156 665.047619047619
157 622.0
158 644.7142857142857
159 664.047619047619
160 620.7619047619048
161 643.4761904761905
162 662.8571428571429
163 624.4285714285714
164 642.952380952381
165 666.1428571428571
166 624.8571428571429
167 644.6666666666666
168 665.3333333333334
169 626.1428571428571
170 648.2857142857143
171 666.7142857142857
172 623.047619047619
173 643.8095238095239
174 605.5238095238095
175 628.0952380952381
176 638.8571428571429
177 608.8095238095239
178 623.6666666666666
179 646.8095238095239
180 598.9047619047619
181 625.6666666666666
182 643.5238095238095
183 606.2380952380952
184 624.0952380952381
185 648.0952380952381
186 601.3809523809524
187 628.6190476190476
188 644.5714285714286
189 603.7142857142857
190 628.6190476190476
191 650.7142857142857
192 607.7619047619048
193 623.8095238095239
194 641.8571428571429
195 610.3333333333334
196 623.6666666666666
197 645.2857142857143
198 605.0952380952381
199 622.8095238095239
200 643.7142857142857
201 604.4285714285714
202 629.047619047619
203 587.1428571428571
204 609.9047619047619
205 624.5714285714286
206 592.3333333333334
207 605.952380952381
208 628.7142857142857
209 583.6666666666666
210 612.4285714285714
211 624.6190476190476
212 594.7142857142857
213 611.047619047619
214 631.2380952380952
215 593.5238095238095
216 605.5714285714286
217 627.7619047619048
218 589.4761904761905
219 603.3333333333334
220 631.3809523809524
221 591.7142857142857
222 612.952380952381
223 625.2380952380952
224 596.5238095238095
225 596.2380952380952
226 630.2857142857143
227 589.1904761904761
228 606.5714285714286
229 630.7142857142857
230 587.2380952380952
231 609.4285714285714
232 567.7619047619048
233 593.1904761904761
234 610.952380952381
235 568.5238095238095
236 587.6190476190476
237 611.6190476190476
238 569.2857142857143
239 592.8571428571429
240 601.7619047619048
241 574.2380952380952
242 586.047619047619
243 605.0
244 575.6190476190476
245 592.2857142857143
246 615.9047619047619
247 566.4761904761905
248 592.5238095238095
249 613.1428571428571
250 574.0952380952381
251 591.952380952381
252 609.047619047619
253 566.2857142857143
254 578.9047619047619
255 615.2380952380952
256 571.7142857142857
257 594.2857142857143
258 605.8571428571429
259 573.952380952381
260 588.1904761904761
261 554.7619047619048
262 577.2380952380952
263 593.0952380952381
264 558.1904761904761
265 573.1904761904761
266 592.952380952381
267 555.7619047619048
268 571.5238095238095
269 586.6190476190476
270 557.9047619047619
271 572.4761904761905
272 587.6190476190476
273 551.8095238095239
274 569.1428571428571
275 586.3809523809524
276 550.2857142857143
277 575.5714285714286
278 590.2857142857143
279 548.9047619047619
280 574.8571428571429
281 591.4761904761905
282 545.9047619047619
283 574.1428571428571
284 587.5714285714286
285 555.047619047619
286 567.2857142857143
287 588.2380952380952
288 551.8095238095239
289 565.1904761904761
290 538.3809523809524
291 548.5238095238095
292 569.9047619047619
293 532.1428571428571
294 546.2857142857143
295 562.952380952381
296 530.3809523809524
297 542.9047619047619
298 572.6190476190476
299 525.7619047619048
300 547.2857142857143
301 563.7619047619048
302 526.7142857142857
303 545.7142857142857
304 563.4285714285714
305 533.6190476190476
306 545.7619047619048
307 561.3333333333334
308 529.952380952381
309 543.9047619047619
310 570.4285714285714
311 530.2380952380952
312 552.2380952380952
313 560.3809523809524
314 534.8095238095239
315 543.3333333333334
316 567.9047619047619
317 533.5714285714286
318 541.3809523809524
319 510.5238095238095
320 525.2857142857143
321 546.6666666666666
322 508.6190476190476
323 530.0
324 545.047619047619
325 512.4761904761905
326 529.047619047619
327 547.952380952381
328 509.95238095238096
329 530.1904761904761
330 540.047619047619
331 514.4761904761905
332 529.4761904761905
333 542.8571428571429
334 506.14285714285717
335 529.952380952381
336 539.7142857142857
337 514.0952380952381
338 522.2380952380952
339 543.952380952381
340 510.0952380952381
341 523.6666666666666
342 540.047619047619
343 506.5238095238095
344 525.3333333333334
345 539.5714285714286
346 509.42857142857144
347 530.7619047619048
348 486.04761904761904
349 510.5238095238095
350 521.8095238095239
351 487.85714285714283
352 508.9047619047619
353 522.6190476190476
354 493.23809523809524
355 509.6666666666667
356 521.9047619047619
357 489.3809523809524
358 503.2857142857143
359 522.3333333333334
360 492.3333333333333
361 501.85714285714283
362 518.2380952380952
363 488.5238095238095
364 503.6666666666667
365 526.5714285714286
366 484.23809523809524
367 504.6666666666667
368 514.2857142857143
369 484.3809523809524
370 500.6190476190476
371 516.9047619047619
372 484.23809523809524
373 504.95238095238096
374 512.8095238095239
375 484.14285714285717
376 495.4761904761905
377 469.85714285714283
378 480.85714285714283
379 499.3809523809524
380 463.57142857142856
381 482.14285714285717
382 498.23809523809524
383 465.6190476190476
384 482.2857142857143
385 498.85714285714283
386 466.1904761904762
387 479.42857142857144
388 495.3333333333333
389 465.95238095238096
390 481.3333333333333
391 494.8095238095238
392 461.57142857142856
393 479.0
394 497.0
395 461.3333333333333
396 482.0
397 490.6190476190476
398 461.2857142857143
399 475.3333333333333
400 491.85714285714283
401 462.57142857142856
402 476.3809523809524
403 488.4761904761905
404 463.85714285714283
405 471.95238095238096
406 450.6190476190476
407 458.4761904761905
408 476.57142857142856
409 440.3809523809524
410 457.0
411 476.04761904761904
412 443.9047619047619
413 455.04761904761904
414 475.23809523809524
415 440.3809523809524
416 464.0
417 469.0
418 440.5238095238095
419 457.23809523809524
420 468.1904761904762
421 437.0
422 453.14285714285717
423 464.23809523809524
424 439.4761904761905
425 458.76190476190476
426 468.3809523809524
427 439.95238095238096
428 450.76190476190476
429 470.4761904761905
430 435.4761904761905
431 456.6666666666667
432 462.76190476190476
433 436.04761904761904
434 452.23809523809524
435 423.2857142857143
436 439.4761904761905
437 449.6666666666667
438 426.6666666666667
439 438.95238095238096
440 449.14285714285717
441 416.0
442 433.4761904761905
443 448.5238095238095
444 419.0
445 434.76190476190476
446 450.85714285714283
447 419.4761904761905
448 433.57142857142856
449 451.5238095238095
450 424.04761904761904
451 431.76190476190476
452 443.8095238095238
453 421.5238095238095
454 428.4761904761905
455 443.57142857142856
456 415.14285714285717
457 428.9047619047619
458 442.6190476190476
459 416.57142857142856
460 431.3333333333333
461 438.95238095238096
462 413.0
463 425.4761904761905
464 399.6190476190476
465 411.04761904761904
466 430.3333333333333
467 400.57142857142856
468 416.8095238095238
469 426.95238095238096
470 397.3809523809524
471 415.1904761904762
472 424.04761904761904
473 399.8095238095238
474 408.6190476190476
475 423.8095238095238
476 390.0
477 408.95238095238096
478 420.14285714285717
479 397.0
480 407.04761904761904
481 420.6190476190476
482 388.6666666666667
483 400.95238095238096
484 421.85714285714283
485 390.14285714285717
486 404.6190476190476
487 418.04761904761904
488 394.0
489 400.1904761904762
490 416.6190476190476
491 392.1904761904762
492 402.3809523809524
493 372.4761904761905
494 392.0
495 401.5238095238095
496 375.14285714285717
497 384.6190476190476
498 394.85714285714283
499 381.0
500 382.95238095238096
501 398.7142857142857
502 371.85714285714283
503 377.8095238095238
504 398.8095238095238
505 370.8095238095238
506 386.3809523809524
507 393.0952380952381
508 369.0
509 385.57142857142856
510 393.0
511 368.3333333333333
512 380.42857142857144
513 396.04761904761904
514 368.23809523809524
515 381.7142857142857
516 387.6190476190476
517 366.6666666666667
518 373.5238095238095
519 394.76190476190476
520 362.76190476190476
521 380.1904761904762
522 353.85714285714283
523 361.23809523809524
524 374.42857142857144
525 348.1904761904762
526 360.14285714285717
527 373.76190476190476
528 350.42857142857144
529 362.0
530 375.1904761904762
531 348.04761904761904
532 359.2857142857143
533 370.14285714285717
534 347.95238095238096
535 359.7142857142857
536 365.14285714285717
537 348.76190476190476
538 354.4761904761905
539 374.6666666666667
540 348.5238095238095
541 357.23809523809524
542 366.6666666666667
543 345.8095238095238
544 358.0
545 364.9047619047619
546 343.1904761904762
547 351.85714285714283
548 366.9047619047619
549 338.2857142857143
550 354.85714285714283
551 330.14285714285717
552 341.1904761904762
553 348.42857142857144
554 326.8095238095238
555 339.95238095238096
556 351.95238095238096
557 328.3333333333333
558 334.3809523809524
559 349.4761904761905
560 324.23809523809524
561 335.9047619047619
562 346.6190476190476
563 325.6190476190476
564 335.0
565 342.6666666666667
566 325.3809523809524
567 329.76190476190476
568 344.76190476190476
569 318.57142857142856
570 337.1904761904762
571 343.4761904761905
572 318.7142857142857
573 332.0952380952381
574 340.7142857142857
575 317.9047619047619
576 330.2857142857143
577 308.8095238095238
578 317.42857142857144
579 326.85714285714283
580 305.9047619047619
581 317.76190476190476
582 326.76190476190476
583 302.6666666666667
584 314.8095238095238
585 327.1904761904762
586 307.85714285714283
587 312.2857142857143
588 321.4761904761905
589 301.2857142857143
590 313.6666666666667
591 319.0
592 304.2857142857143
593 304.8095238095238
594 324.2857142857143
595 300.14285714285717
596 314.3809523809524
597 310.0952380952381
598 299.0
599 306.04761904761904
600 313.23809523809524
601 296.42857142857144
602 301.4761904761905
603 315.3809523809524
604 291.6666666666667
605 305.0
606 283.3809523809524
607 294.14285714285717
608 300.0
609 282.2857142857143
610 294.57142857142856
611 298.04761904761904
612 282.7142857142857
613 290.2857142857143
614 301.3809523809524
615 280.5238095238095
616 288.04761904761904
617 299.4761904761905
618 276.57142857142856
619 287.04761904761904
620 296.57142857142856
621 282.3333333333333
622 282.42857142857144
623 296.4761904761905
624 268.7142857142857
625 284.2857142857143
626 292.1904761904762
627 276.85714285714283
628 282.5238095238095
629 290.85714285714283
630 274.0
631 277.5238095238095
632 289.57142857142856
633 275.2857142857143
634 280.2857142857143
635 261.7142857142857
636 269.95238095238096
637 278.6190476190476
638 258.14285714285717
639 269.9047619047619
640 275.5238095238095
641 262.3809523809524
642 261.76190476190476
643 273.57142857142856
644 255.57142857142858
645 268.5238095238095
646 273.1904761904762
647 257.7142857142857
648 263.14285714285717
649 266.1904761904762
650 257.57142857142856
651 265.0952380952381
652 270.76190476190476
653 253.85714285714286
654 260.0952380952381
655 271.7142857142857
656 250.9047619047619
657 258.4761904761905
658 264.42857142857144
659 250.71428571428572
660 261.3333333333333
661 265.1904761904762
662 248.66666666666666
663 257.3809523809524
664 241.47619047619048
665 250.52380952380952
666 253.8095238095238
667 237.1904761904762
668 244.52380952380952
669 258.04761904761904
670 233.66666666666666
671 243.76190476190476
672 250.8095238095238
673 236.85714285714286
674 243.0952380952381
675 245.95238095238096
676 233.38095238095238
677 240.23809523809524
678 247.57142857142858
679 229.14285714285714
680 238.61904761904762
681 245.14285714285714
682 230.14285714285714
683 238.14285714285714
684 242.61904761904762
685 229.95238095238096
686 235.0952380952381
687 241.52380952380952
688 229.04761904761904
689 232.33333333333334
690 238.42857142857142
691 222.71428571428572
692 233.33333333333334
693 212.57142857142858
694 223.57142857142858
695 225.57142857142858
696 218.38095238095238
697 219.57142857142858
698 229.1904761904762
699 210.23809523809524
700 222.57142857142858
701 226.14285714285714
702 210.47619047619048
703 217.66666666666666
704 223.0
705 210.66666666666666
706 214.23809523809524
707 226.23809523809524
708 205.23809523809524
709 216.61904761904762
710 220.33333333333334
711 210.28571428571428
712 213.1904761904762
713 215.85714285714286
714 204.33333333333334
715 209.9047619047619
716 218.85714285714286
717 201.9047619047619
718 211.23809523809524
719 213.14285714285714
720 200.66666666666666
721 208.42857142857142
722 192.9047619047619
723 200.04761904761904
724 209.04761904761904
725 192.04761904761904
726 198.8095238095238
727 207.95238095238096
728 191.85714285714286
729 199.1904761904762
730 204.04761904761904
731 192.66666666666666
732 195.23809523809524
733 200.66666666666666
734 192.57142857142858
735 194.33333333333334
736 199.0952380952381
737 189.28571428571428
738 190.71428571428572
739 196.95238095238096
740 186.85714285714286
741 190.33333333333334
742 198.52380952380952
743 183.47619047619048
744 191.1904761904762
745 196.71428571428572
746 182.76190476190476
747 190.9047619047619
748 192.42857142857142
749 184.0
750 184.14285714285714
751 177.8095238095238
752 180.76190476190476
753 190.71428571428572
754 169.57142857142858
755 181.04761904761904
756 183.71428571428572
757 173.61904761904762
758 176.0
759 182.71428571428572
760 170.23809523809524
761 173.52380952380952
762 181.61904761904762
763 167.76190476190476
764 173.47619047619048
765 179.14285714285714
766 166.76190476190476
767 172.66666666666666
768 177.04761904761904
769 164.28571428571428
770 170.76190476190476
771 177.04761904761904
772 160.42857142857142
773 174.23809523809524
774 175.1904761904762
775 163.76190476190476
776 166.52380952380952
777 173.57142857142858
778 163.04761904761904
779 166.38095238095238
780 157.38095238095238
781 157.0952380952381
782 165.95238095238096
783 152.57142857142858
784 159.1904761904762
785 159.1904761904762
786 153.57142857142858
787 156.0952380952381
788 163.47619047619048
789 148.04761904761904
790 155.0
791 159.95238095238096
792 144.23809523809524
793 154.42857142857142
794 156.61904761904762
795 147.52380952380952
796 153.28571428571428
797 151.61904761904762
798 147.61904761904762
799 147.47619047619048
800 157.23809523809524
801 142.76190476190476
802 154.0952380952381
803 149.8095238095238
804 142.1904761904762
805 147.76190476190476
806 152.23809523809524
807 137.95238095238096
808 147.38095238095238
809 134.95238095238096
810 135.9047619047619
811 141.76190476190476
812 132.61904761904762
813 137.9047619047619
814 139.23809523809524
815 132.04761904761904
816 135.71428571428572
817 144.42857142857142
818 128.76190476190476
819 134.66666666666666
820 140.28571428571428
821 129.14285714285714
822 135.33333333333334
823 136.42857142857142
824 128.85714285714286
825 129.95238095238096
826 134.23809523809524
827 126.0952380952381
828 127.9047619047619
829 133.28571428571428
830 127.38095238095238
831 130.0952380952381
832 127.52380952380952
833 123.66666666666667
834 125.0
835 131.38095238095238
836 119.71428571428571
837 127.71428571428571
838 115.52380952380952
839 119.85714285714286
840 123.14285714285714
841 113.85714285714286
842 121.0952380952381
843 122.85714285714286
844 115.9047619047619
845 117.38095238095238
846 119.14285714285714
847 113.61904761904762
848 117.71428571428571
849 122.52380952380952
850 112.80952380952381
851 114.57142857142857
852 118.33333333333333
853 112.23809523809524
854 111.14285714285714
855 119.61904761904762
856 106.42857142857143
857 115.23809523809524
858 111.57142857142857
859 108.95238095238095
860 107.38095238095238
861 112.95238095238095
862 103.71428571428571
863 109.19047619047619
864 113.33333333333333
865 103.23809523809524
866 110.61904761904762
867 99.28571428571429
868 105.19047619047619
869 106.14285714285714
870 102.95238095238095
871 102.23809523809524
872 105.66666666666667
873 99.38095238095238
874 100.52380952380952
875 102.33333333333333
876 96.28571428571429
877 100.38095238095238
878 100.47619047619048
879 93.71428571428571
880 96.85714285714286
881 99.95238095238095
882 93.38095238095238
883 96.57142857142857
884 100.19047619047619
885 90.66666666666667
886 95.76190476190476
887 96.42857142857143
888 93.0952380952381
889 92.71428571428571
890 99.23809523809524
891 90.33333333333333
892 94.61904761904762
893 94.47619047619048
894 87.66666666666667
895 92.38095238095238
896 84.66666666666667
897 87.47619047619048
898 88.0
899 86.71428571428571
900 84.28571428571429
901 88.33333333333333
902 79.95238095238095
903 83.80952380952381
904 87.47619047619048
905 78.9047619047619
906 83.42857142857143
907 83.76190476190476
908 81.85714285714286
909 82.14285714285714
910 87.23809523809524
911 78.71428571428571
912 81.47619047619048
913 81.95238095238095
914 78.95238095238095
915 78.71428571428571
916 79.42857142857143
917 76.0
918 77.14285714285714
919 82.66666666666667
920 74.80952380952381
921 75.19047619047619
922 79.80952380952381
923 74.19047619047619
924 75.57142857142857
925 67.42857142857143
926 73.04761904761905
927 74.04761904761905
928 70.85714285714286
929 69.95238095238095
930 73.80952380952381
931 67.0
932 71.28571428571429
933 71.47619047619048
934 66.38095238095238
935 69.66666666666667
936 73.04761904761905
937 64.61904761904762
938 65.19047619047619
939 72.28571428571429
940 64.28571428571429
941 67.80952380952381
942 66.38095238095238
943 63.23809523809524
944 63.523809523809526
945 69.42857142857143
946 64.14285714285714
947 63.95238095238095
948 66.47619047619048
949 60.666666666666664
950 65.61904761904762
951 65.66666666666667
952 59.38095238095238
953 62.04761904761905
954 56.333333333333336
955 59.42857142857143
956 59.714285714285715
957 58.57142857142857
958 58.142857142857146
959 60.285714285714285
960 54.476190476190474
961 59.523809523809526
962 56.476190476190474
963 56.904761904761905
964 54.80952380952381
965 57.904761904761905
966 53.714285714285715
967 54.57142857142857
968 57.61904761904762
969 51.76190476190476
970 55.19047619047619
971 55.095238095238095
972 51.19047619047619
973 51.523809523809526
974 55.38095238095238
975 50.285714285714285
976 53.666666666666664
977 53.38095238095238
978 51.095238095238095
979 53.142857142857146
980 51.61904761904762
981 49.80952380952381
982 48.19047619047619
983 48.714285714285715
984 48.04761904761905
985 49.095238095238095
986 45.714285714285715
987 45.04761904761905
988 49.19047619047619
989 45.61904761904762
990 47.714285714285715
991 46.285714285714285
992 44.95238095238095
993 43.80952380952381
994 46.0
995 41.476190476190474
996 45.285714285714285
997 44.142857142857146
998 42.80952380952381
999 43.95238095238095
1000 44.61904761904762
1001 42.666666666666664
1002 41.57142857142857
1003 43.38095238095238
1004 39.523809523809526
1005 42.095238095238095
1006 41.333333333333336
1007 39.57142857142857
1008 38.19047619047619
1009 43.04761904761905
1010 40.095238095238095
1011 38.95238095238095
1012 39.333333333333336
1013 36.714285714285715
1014 39.0
1015 35.04761904761905
1016 36.714285714285715
1017 37.57142857142857
1018 35.857142857142854
1019 35.142857142857146
1020 38.23809523809524
1021 34.57142857142857
1022 34.523809523809526
1023 35.61904761904762
1024 32.142857142857146
1025 35.666666666666664
1026 33.95238095238095
1027 32.95238095238095
1028 33.38095238095238
1029 35.23809523809524
1030 32.714285714285715
1031 32.95238095238095
1032 35.476190476190474
1033 31.61904761904762
1034 31.61904761904762
1035 32.38095238095238
1036 30.285714285714285
1037 32.666666666666664
1038 30.38095238095238
1039 31.61904761904762
1040 31.571428571428573
1041 28.80952380952381
1042 29.857142857142858
1043 29.80952380952381
1044 26.666666666666668
1045 28.61904761904762
1046 28.761904761904763
1047 26.61904761904762
1048 28.61904761904762
1049 28.571428571428573
1050 27.333333333333332
1051 28.142857142857142
1052 28.333333333333332
1053 26.523809523809526
1054 26.285714285714285
1055 29.714285714285715
1056 24.19047619047619
1057 26.714285714285715
1058 26.714285714285715
1059 26.095238095238095
1060 26.714285714285715
1061 25.714285714285715
1062 23.761904761904763
1063 23.80952380952381
1064 24.857142857142858
1065 24.476190476190474
1066 24.047619047619047
1067 26.047619047619047
1068 23.476190476190474
1069 23.666666666666668
1070 21.333333333333332
1071 22.428571428571427
1072 23.714285714285715
1073 20.904761904761905
1074 23.0
1075 22.142857142857142
1076 21.238095238095237
1077 21.095238095238095
1078 21.761904761904763
1079 19.80952380952381
1080 22.857142857142858
1081 20.666666666666668
1082 21.428571428571427
1083 21.38095238095238
1084 20.714285714285715
1085 19.333333333333332
1086 19.238095238095237
1087 21.666666666666668
1088 17.904761904761905
1089 19.904761904761905
1090 18.476190476190474
1091 19.61904761904762
1092 19.80952380952381
1093 18.571428571428573
1094 18.80952380952381
1095 18.61904761904762
1096 17.857142857142858
1097 17.238095238095237
1098 18.571428571428573
1099 16.428571428571427
1100 17.333333333333332
1101 18.238095238095237
1102 18.19047619047619
1103 18.285714285714285
1104 16.523809523809526
1105 16.333333333333332
1106 16.761904761904763
1107 16.428571428571427
1108 15.333333333333334
1109 14.857142857142858
1110 15.904761904761905
1111 16.476190476190474
1112 16.285714285714285
1113 15.333333333333334
1114 14.571428571428571
1115 14.380952380952381
1116 15.619047619047619
1117 13.047619047619047
1118 14.80952380952381
1119 13.380952380952381
1120 15.142857142857142
1121 13.380952380952381
1122 15.571428571428571
1123 13.952380952380953
1124 13.80952380952381
1125 12.095238095238095
1126 12.761904761904763
1127 13.476190476190476
1128 11.047619047619047
1129 13.047619047619047
1130 13.904761904761905
1131 12.666666666666666
1132 12.047619047619047
1133 12.523809523809524
1134 10.238095238095237
1135 12.714285714285714
1136 12.523809523809524
1137 11.333333333333334
1138 11.428571428571429
1139 11.142857142857142
1140 10.333333333333334
1141 10.523809523809524
1142 12.761904761904763
1143 9.80952380952381
1144 11.19047619047619
1145 11.238095238095237
1146 11.047619047619047
1147 10.19047619047619
1148 11.857142857142858
1149 10.047619047619047
1150 10.666666666666666
1151 10.619047619047619
1152 10.714285714285714
1153 9.523809523809524
1154 10.285714285714286
1155 9.80952380952381
1156 10.142857142857142
1157 9.428571428571429
1158 9.857142857142858
1159 9.19047619047619
1160 8.476190476190476
1161 10.047619047619047
1162 9.19047619047619
1163 8.333333333333334
1164 8.333333333333334
1165 9.523809523809524
1166 9.0
1167 8.333333333333334
1168 9.333333333333334
1169 7.714285714285714
1170 8.761904761904763
1171 8.333333333333334
1172 8.285714285714286
1173 8.952380952380953
1174 8.619047619047619
1175 7.380952380952381
1176 7.380952380952381
1177 8.80952380952381
1178 6.809523809523809
1179 8.523809523809524
1180 7.238095238095238
1181 7.0476190476190474
1182 7.571428571428571
1183 7.238095238095238
1184 7.285714285714286
1185 7.476190476190476
1186 7.095238095238095
1187 6.619047619047619
1188 7.380952380952381
1189 5.809523809523809
1190 6.428571428571429
1191 6.9523809523809526
1192 6.666666666666667
1193 6.904761904761905
1194 7.476190476190476
1195 6.238095238095238
1196 6.380952380952381
1197 7.190476190476191
1198 6.142857142857143
1199 5.857142857142857
1200 6.809523809523809
1201 6.333333333333333
1202 5.9523809523809526
1203 5.904761904761905
1204 5.761904761904762
1205 5.476190476190476
1206 6.142857142857143
1207 5.761904761904762
1208 5.9523809523809526
1209 6.190476190476191
1210 4.523809523809524
1211 5.0476190476190474
1212 5.571428571428571
1213 5.904761904761905
1214 5.666666666666667
1215 4.904761904761905
1216 4.904761904761905
1217 5.523809523809524
1218 4.666666666666667
1219 5.142857142857143
1220 4.857142857142857
1221 4.904761904761905
1222 5.238095238095238
1223 4.761904761904762
1224 5.238095238095238
1225 4.761904761904762
1226 4.9523809523809526
1227 4.523809523809524
1228 4.476190476190476
1229 5.142857142857143
1230 4.285714285714286
1231 4.714285714285714
1232 5.238095238095238
1233 4.333333333333333
1234 4.666666666666667
1235 4.857142857142857
1236 3.3333333333333335
1237 4.380952380952381
1238 4.238095238095238
1239 4.238095238095238
1240 3.857142857142857
1241 4.142857142857143
1242 4.476190476190476
1243 4.380952380952381
1244 4.333333333333333
1245 3.4285714285714284
1246 3.5238095238095237
1247 4.285714285714286
1248 4.0
1249 3.619047619047619
1250 3.857142857142857
1251 3.9047619047619047
1252 4.285714285714286
1253 3.1904761904761907
1254 3.2857142857142856
1255 3.8095238095238093
1256 3.0952380952380953
1257 4.142857142857143
1258 2.9523809523809526
1259 3.857142857142857
1260 2.619047619047619
1261 3.380952380952381
1262 3.1904761904761907
1263 3.9047619047619047
1264 3.5238095238095237
1265 3.0476190476190474
1266 2.8095238095238093
1267 3.9523809523809526
1268 2.9523809523809526
1269 3.380952380952381
1270 3.5238095238095237
1271 3.4285714285714284
1272 2.8095238095238093
1273 2.619047619047619
1274 3.0952380952380953
1275 2.9523809523809526
1276 2.6666666666666665
1277 2.761904761904762
1278 2.9523809523809526
1279 3.4761904761904763
1280 2.6666666666666665
1281 3.0952380952380953
1282 2.6666666666666665
1283 2.9523809523809526
1284 2.857142857142857
1285 3.0
1286 3.238095238095238
1287 3.0476190476190474
1288 2.9523809523809526
1289 2.5714285714285716
1290 3.238095238095238
1291 2.857142857142857
1292 3.0
1293 2.4761904761904763
1294 2.761904761904762
1295 2.142857142857143
1296 2.4761904761904763
1297 2.4761904761904763
1298 2.8095238095238093
1299 2.380952380952381
1300 2.0476190476190474
1301 2.3333333333333335
1302 2.619047619047619
1303 2.619047619047619
1304 2.0
1305 2.9047619047619047
1306 2.3333333333333335
1307 2.3333333333333335
1308 2.0952380952380953
1309 2.4285714285714284
1310 2.1904761904761907
1311 2.142857142857143
1312 2.5714285714285716
1313 2.0
1314 2.8095238095238093
1315 1.8095238095238095
1316 2.0952380952380953
1317 1.6666666666666667
1318 2.2857142857142856
1319 2.2857142857142856
1320 2.1904761904761907
1321 2.0952380952380953
1322 2.0
1323 2.238095238095238
1324 2.142857142857143
1325 1.7142857142857142
1326 1.8095238095238095
1327 2.142857142857143
1328 2.0476190476190474
1329 1.6666666666666667
1330 2.0
1331 2.0952380952380953
1332 2.0476190476190474
1333 1.9047619047619047
1334 2.142857142857143
1335 1.7619047619047619
1336 1.4761904761904763
1337 1.8095238095238095
1338 1.7619047619047619
1339 1.9047619047619047
1340 1.9047619047619047
1341 2.380952380952381
1342 1.7142857142857142
1343 1.619047619047619
1344 1.2857142857142858
1345 1.8095238095238095
1346 1.2857142857142858
1347 2.0
1348 1.1428571428571428
1349 1.9523809523809523
1350 1.6666666666666667
1351 1.4285714285714286
1352 1.619047619047619
1353 1.619047619047619
1354 1.7619047619047619
1355 1.9523809523809523
1356 1.7142857142857142
1357 1.4761904761904763
1358 1.9523809523809523
1359 1.9047619047619047
1360 1.9047619047619047
1361 1.619047619047619
1362 1.6666666666666667
1363 1.2857142857142858
1364 1.2857142857142858
1365 1.619047619047619
1366 1.4285714285714286
1367 1.5714285714285714
1368 1.5238095238095237
1369 1.7142857142857142
1370 1.2857142857142858
1371 1.0952380952380953
1372 1.0952380952380953
1373 1.3333333333333333
1374 1.6666666666666667
1375 1.8095238095238095
1376 1.619047619047619
1377 1.4285714285714286
1378 1.2857142857142858
1379 1.2380952380952381
1380 1.8571428571428572
1381 1.4761904761904763
1382 1.4761904761904763
1383 1.2857142857142858
1384 1.5238095238095237
1385 1.4761904761904763
1386 0.8571428571428571
1387 1.2857142857142858
1388 1.1904761904761905
1389 1.5238095238095237
1390 1.5238095238095237
1391 1.380952380952381
1392 1.2857142857142858
1393 1.3333333333333333
1394 1.619047619047619
1395 1.1428571428571428
1396 1.4761904761904763
1397 1.380952380952381
1398 1.1428571428571428
1399 1.2380952380952381
1400 1.380952380952381
1401 1.0952380952380953
1402 1.3333333333333333
1403 1.3333333333333333
1404 1.3333333333333333
1405 1.380952380952381
1406 1.0952380952380953
1407 0.9047619047619048
1408 1.2857142857142858
1409 1.4285714285714286
1410 1.2380952380952381
1411 1.4285714285714286
1412 1.1428571428571428
1413 0.9047619047619048
1414 0.9047619047619048
1415 1.2857142857142858
1416 0.9047619047619048
1417 1.0952380952380953
1418 1.0476190476190477
1419 1.1428571428571428
1420 0.9523809523809523
1421 0.9047619047619048
1422 1.0952380952380953
1423 1.0476190476190477
1424 1.380952380952381
1425 1.2380952380952381
1426 1.0476190476190477
1427 1.0952380952380953
1428 0.6666666666666666
1429 1.0952380952380953
1430 0.9047619047619048
1431 1.5714285714285714
1432 1.3333333333333333
1433 0.9047619047619048
1434 0.8095238095238095
1435 0.9047619047619048
1436 0.9047619047619048
1437 1.2380952380952381
1438 1.0476190476190477
1439 0.6666666666666666
1440 1.0476190476190477
1441 0.8571428571428571
1442 0.7142857142857143
1443 0.8571428571428571
1444 0.9047619047619048
1445 1.0476190476190477
1446 1.0
1447 0.7142857142857143
1448 0.9523809523809523
1449 0.8571428571428571
1450 0.9047619047619048
1451 1.1428571428571428
1452 0.9047619047619048
1453 0.8571428571428571
1454 0.9047619047619048
1455 1.1428571428571428
1456 0.9047619047619048
1457 0.6666666666666666
1458 0.9523809523809523
1459 0.6190476190476191
1460 1.0
1461 0.5238095238095238
1462 0.47619047619047616
1463 0.6190476190476191
1464 1.0
1465 0.5238095238095238
1466 0.8095238095238095
1467 1.0476190476190477
1468 0.7619047619047619
1469 0.6190476190476191
1470 0.7619047619047619
1471 0.7619047619047619
1472 0.6666666666666666
1473 0.8571428571428571
1474 0.5714285714285714
1475 0.9047619047619048
1476 0.5714285714285714
1477 0.5714285714285714
1478 0.6666666666666666
1479 0.5714285714285714
1480 0.8571428571428571
1481 0.5714285714285714
1482 0.7619047619047619
1483 0.5714285714285714
1484 0.8095238095238095
1485 0.6190476190476191
1486 0.8571428571428571
1487 0.7619047619047619
1488 0.6190476190476191
1489 0.7619047619047619
1490 0.5714285714285714
1491 0.6190476190476191
1492 0.6666666666666666
1493 0.8095238095238095
1494 0.7142857142857143
1495 0.7142857142857143
1496 0.5238095238095238
1497 0.47619047619047616
1498 0.6190476190476191
1499 0.7142857142857143
1500 0.5238095238095238
1501 0.5714285714285714
1502 0.9523809523809523
1503 0.42857142857142855
1504 0.47619047619047616
1505 0.5238095238095238
1506 0.8571428571428571
1507 0.5238095238095238
1508 0.6666666666666666
1509 0.42857142857142855
1510 0.47619047619047616
1511 0.47619047619047616
1512 0.42857142857142855
1513 0.47619047619047616
1514 0.47619047619047616
1515 0.7142857142857143
1516 0.3333333333333333
1517 0.8095238095238095
1518 0.38095238095238093
1519 0.47619047619047616
1520 0.38095238095238093
1521 0.6666666666666666
1522 0.7142857142857143
1523 0.42857142857142855
1524 0.6190476190476191
1525 0.5714285714285714
1526 0.6190476190476191
1527 0.6190476190476191
1528 0.6666666666666666
1529 0.2857142857142857
1530 0.5238095238095238
1531 0.42857142857142855
1532 0.19047619047619047
1533 0.47619047619047616
1534 0.7619047619047619
1535 0.6666666666666666
1536 0.23809523809523808
1537 0.9523809523809523
1538 0.42857142857142855
1539 0.3333333333333333
1540 0.19047619047619047
1541 0.47619047619047616
1542 0.5238095238095238
1543 0.5238095238095238
1544 0.47619047619047616
1545 0.2857142857142857
1546 0.42857142857142855
1547 0.3333333333333333
1548 0.38095238095238093
1549 0.47619047619047616
1550 0.38095238095238093
1551 0.2857142857142857
1552 0.38095238095238093
1553 0.23809523809523808
1554 0.2857142857142857
1555 0.2857142857142857
1556 0.42857142857142855
1557 0.6666666666666666
1558 0.42857142857142855
1559 0.38095238095238093
1560 0.47619047619047616
1561 0.3333333333333333
1562 0.3333333333333333
1563 0.23809523809523808
1564 0.42857142857142855
1565 0.42857142857142855
1566 0.2857142857142857
1567 0.2857142857142857
1568 0.2857142857142857
1569 0.5238095238095238
1570 0.5238095238095238
1571 0.2857142857142857
1572 0.42857142857142855
1573 0.2857142857142857
1574 0.19047619047619047
1575 0.14285714285714285
1576 0.3333333333333333
1577 0.47619047619047616
1578 0.23809523809523808
1579 0.23809523809523808
1580 0.23809523809523808
1581 0.2857142857142857
1582 0.19047619047619047
1583 0.19047619047619047
1584 0.38095238095238093
1585 0.14285714285714285
1586 0.2857142857142857
1587 0.3333333333333333
1588 0.38095238095238093
1589 0.2857142857142857
1590 0.09523809523809523
1591 0.14285714285714285
1592 0.23809523809523808
1593 0.3333333333333333
1594 0.047619047619047616
1595 0.2857142857142857
1596 0.2857142857142857
1597 0.2857142857142857
1598 0.09523809523809523
1599 0.3333333333333333
1600 0.3333333333333333
1601 0.23809523809523808
1602 0.14285714285714285
1603 0.14285714285714285
1604 0.2857142857142857
1605 0.19047619047619047
1606 0.19047619047619047
1607 0.23809523809523808
1608 0.38095238095238093
1609 0.19047619047619047
1610 0.09523809523809523
1611 0.23809523809523808
1612 0.09523809523809523
1613 0.2857142857142857
1614 0.3333333333333333
1615 0.047619047619047616
1616 0.38095238095238093
1617 0.14285714285714285
1618 0.2857142857142857
1619 0.23809523809523808
1620 0.19047619047619047
1621 0.3333333333333333
1622 0.09523809523809523
1623 0.2857142857142857
1624 0.09523809523809523
1625 0.14285714285714285
1626 0.19047619047619047
1627 0.2857142857142857
1628 0.14285714285714285
1629 0.047619047619047616
1630 0.14285714285714285
1631 0.047619047619047616
1632 0.14285714285714285
1633 0.09523809523809523
1634 0.14285714285714285
1635 0.2857142857142857
1636 0.19047619047619047
1637 0.19047619047619047
1638 0.047619047619047616
1639 0.3333333333333333
1640 0.14285714285714285
1641 0.23809523809523808
1642 0.047619047619047616
1643 0.14285714285714285
1644 0.047619047619047616
1645 0.09523809523809523
1646 0.09523809523809523
1647 0.14285714285714285
1648 0.09523809523809523
1649 0.09523809523809523
1650 0.09523809523809523
1651 0.14285714285714285
1652 0.19047619047619047
1653 0.047619047619047616
1654 0.14285714285714285
1655 0.09523809523809523
1656 0.047619047619047616
1657 0.23809523809523808
1658 0.19047619047619047
1659 0.09523809523809523
1660 0.047619047619047616
1661 0.38095238095238093
1662 0.09523809523809523
1663 0.14285714285714285
1664 0.047619047619047616
1665 0.0
1666 0.09523809523809523
1667 0.14285714285714285
1668 0.047619047619047616
1669 0.0
1670 0.23809523809523808
1671 0.0
1672 0.047619047619047616
1673 0.047619047619047616
1674 0.09523809523809523
1675 0.0
1676 0.14285714285714285
1677 0.0
1678 0.047619047619047616
1679 0.09523809523809523
1680 0.14285714285714285
1681 0.0
1682 0.09523809523809523
1683 0.09523809523809523
1684 0.047619047619047616
1685 0.047619047619047616
1686 0.047619047619047616
1687 0.09523809523809523
1688 0.0
1689 0.19047619047619047
1690 0.19047619047619047
1691 0.047619047619047616
1692 0.047619047619047616
1693 0.047619047619047616
1694 0.0
1695 0.09523809523809523
1696 0.0
1697 0.09523809523809523
1698 0.09523809523809523
1699 0.047619047619047616
1700 0.0
1701 0.047619047619047616
1702 0.14285714285714285
1703 0.09523809523809523
1704 0.09523809523809523
1705 0.09523809523809523
1706 0.09523809523809523
1707 0.0
1708 0.047619047619047616
1709 0.09523809523809523
1710 0.14285714285714285
1711 0.0
1712 0.047619047619047616
1713 0.0
1714 0.09523809523809523
1715 0.0
1716 0.0
1717 0.09523809523809523
1718 0.047619047619047616
1719 0.047619047619047616
1720 0.09523809523809523
1721 0.047619047619047616
1722 0.047619047619047616
1723 0.0
1724 0.047619047619047616
1725 0.047619047619047616
1726 0.09523809523809523
1727 0.0
1728 0.09523809523809523
1729 0.09523809523809523
1730 0.047619047619047616
1731 0.0
1732 0.047619047619047616
1733 0.09523809523809523
1734 0.047619047619047616
1735 0.047619047619047616
1736 0.0
1737 0.19047619047619047
1738 0.047619047619047616
1739 0.0
1740 0.09523809523809523
1741 0.0
1742 0.0
1743 0.0
1744 0.047619047619047616
1745 0.0
1746 0.047619047619047616
1747 0.047619047619047616
1748 0.0
1749 0.047619047619047616
1750 0.0
1751 0.0
1752 0.09523809523809523
1753 0.0
1754 0.047619047619047616
1755 0.0
1756 0.047619047619047616
1757 0.0
1758 0.0
1759 0.0
1760 0.09523809523809523
1761 0.0
1762 0.0
1763 0.047619047619047616
1764 0.0
1765 0.0
1766 0.0
1767 0.047619047619047616
1768 0.047619047619047616
1769 0.09523809523809523
1770 0.0
1771 0.0
1772 0.047619047619047616
1773 0.0
1774 0.0
1775 0.0
1776 0.0
1777 0.0
1778 0.0
1779 0.0
1780 0.047619047619047616
1781 0.0
1782 0.0
1783 0.0
1784 0.0
1785 0.0
1786 0.0
1787 0.0
1788 0.0
1789 0.047619047619047616
1790 0.0
1791 0.0
1792 0.0
1793 0.0
1794 0.0
1795 0.0
1796 0.0
1797 0.0
1798 0.0
1799 0.0
1800 0.0
1801 0.0
1802 0.0
1803 0.0
1804 0.047619047619047616
1805 0.0
1806 0.0
1807 0.0
1808 0.0
1809 0.0
1810 0.0
1811 0.0
1812 0.0
1813 0.0
1814 0.0
1815 0.0
1816 0.0
1817 0.0
1818 0.0
1819 0.047619047619047616
1820 0.0
1821 0.0
1822 0.0
1823 0.0
1824 0.09523809523809523
1825 0.0
1826 0.047619047619047616
1827 0.0
1828 0.0
1829 0.0
1830 0.0
1831 0.0
1832 0.0
1833 0.0
1834 0.0
1835 0.0
1836 0.0
1837 0.0
1838 0.0
1839 0.0
1840 0.0
1841 0.0
1842 0.0
1843 0.0
1844 0.0
1845 0.0
1846 0.0
1847 0.0
1848 0.0
1849 0.0
1850 0.0
1851 0.0
1852 0.0
1853 0.0
1854 0.0
1855 0.0
1856 0.0
1857 0.0
1858 0.0
1859 0.09523809523809523
1860 0.0
1861 0.0
1862 0.0
1863 0.0
1864 0.0
1865 0.047619047619047616
1866 0.047619047619047616
1867 0.0
1868 0.0
1869 0.0
1870 0.0
1871 0.0
1872 0.0
1873 0.0
1874 0.0
1875 0.0
1876 0.0
1877 0.0
1878 0.0
1879 0.0
1880 0.0
1881 0.0
1882 0.0
1883 0.0
1884 0.0
1885 0.0
1886 0.0
1887 0.0
1888 0.0
1889 0.0
1890 0.0
1891 0.0
1892 0.0
1893 0.0
1894 0.047619047619047616
1895 0.0
1896 0.0
1897 0.0
1898 0.0
1899 0.0
1900 0.0
1901 0.0
1902 0.0
1903 0.0
1904 0.0
1905 0.0
1906 0.0
1907 0.0
1908 0.0
1909 0.0
1910 0.0
1911 0.0
1912 0.0
1913 0.0
1914 0.047619047619047616
1915 0.0
1916 0.0
1917 0.0
1918 0.0
1919 0.0
1920 0.0
1921 0.0
1922 0.0
1923 0.0
1924 0.0
1925 0.0
1926 0.0
1927 0.0
1928 0.0
1929 0.047619047619047616
1930 0.0
1931 0.0
1932 0.0
1933 0.0
1934 0.0
1935 0.0
1936 0.0
1937 0.047619047619047616
1938 0.0
1939 0.0
1940 0.0
1941 0.0
1942 0.0
1943 0.0
1944 0.0
1945 0.0
1946 0.0
1947 0.0
1948 0.0
1949 0.0
1950 0.0
1951 0.0
1952 0.047619047619047616
1953 0.0
1954 0.0
1955 0.0
1956 0.0
1957 0.0
1958 0.0
1959 0.0
1960 0.0
1961 0.0
1962 0.0
1963 0.0
1964 0.0
1965 0.0
1966 0.0
1967 0.047619047619047616
1968 0.0
1969 0.047619047619047616
1970 0.0
1971 0.0
1972 0.0
1973 0.0
1974 0.0
1975 0.0
1976 0.0
1977 0.0
1978 0.0
1979 0.0
1980 0.0
1981 0.0
1982 0.0
1983 0.0
1984 0.0
1985 0.0
1986 0.0
1987 0.0
1988 0.0
1989 0.0
1990 0.047619047619047616
1991 0.0
1992 0.047619047619047616
1993 0.0
1994 0.0
1995 0.0
1996 0.0
1997 0.0
1998 0.0
1999 0.0
2000 0.0
2001 0.0
2002 0.0
2003 0.0
2004 0.0
2005 0.047619047619047616
2006 0.0
2007 0.047619047619047616
2008 0.0
2009 0.0
2010 0.0
2011 0.0
2012 0.0
2013 0.0
2014 0.0
2015 0.0
2016 0.0
2017 0.0
2018 0.0
2019 0.0
2020 0.047619047619047616
2021 0.0
2022 0.047619047619047616
2023 0.0
2024 0.047619047619047616
2025 0.0
2026 0.0
2027 0.047619047619047616
2028 0.0
2029 0.0
2030 0.0
2031 0.0
2032 0.0
2033 0.0
2034 0.0
2035 0.0
2036 0.0
2037 0.0
2038 0.0
2039 0.0
2040 0.0
2041 0.0
2042 0.0
2043 0.0
2044 0.0
2045 0.0
2046 0.0
2047 0.0
2048 0.0
2049 0.0
2050 0.0
2051 0.0
2052 0.0
2053 0.0
2054 0.0
2055 0.0
2056 0.0
2057 0.0
2058 0.0
2059 0.0
2060 0.0
2061 0.0
2062 0.047619047619047616
2063 0.0
2064 0.0
2065 0.0
2066 0.0
2067 0.0
2068 0.0
2069 0.0
2070 0.0
2071 0.0
2072 0.0
2073 0.0
2074 0.0
2075 0.0
2076 0.0
2077 0.0
2078 0.0
2079 0.0
2080 0.0
2081 0.0
2082 0.0
2083 0.0
2084 0.0
2085 0.0
2086 0.0
2087 0.047619047619047616
2088 0.0
2089 0.0
2090 0.0
2091 0.0
2092 0.0
2093 0.0
2094 0.0
2095 0.0
2096 0.0
2097 0.0
2098 0.0
2099 0.0
2100 0.0
2101 0.0
2102 0.0
2103 0.0
2104 0.0
2105 0.0
2106 0.0
2107 0.0
2108 0.0
2109 0.0
2110 0.0
2111 0.0
2112 0.0
2113 0.0
2114 0.0
2115 0.0
2116 0.0
2117 0.0
2118 0.0
2119 0.0
2120 0.0
2121 0.0
2122 0.0
2123 0.0
2124 0.0
2125 0.09523809523809523
2126 0.0
2127 0.0
2128 0.0
2129 0.0
2130 0.0
2131 0.0
2132 0.0
2133 0.0
2134 0.0
2135 0.0
2136 0.0
2137 0.0
2138 0.0
2139 0.0
2140 0.047619047619047616
2141 0.0
2142 0.047619047619047616
2143 0.0
2144 0.0
2145 0.0
2146 0.0
2147 0.0
2148 0.0
2149 0.0
2150 0.0
2151 0.0
2152 0.047619047619047616
2153 0.0
2154 0.0
2155 0.0
2156 0.0
2157 0.0
2158 0.047619047619047616
2159 0.0
2160 0.0
2161 0.0
2162 0.0
2163 0.047619047619047616
2164 0.0
2165 0.0
2166 0.0
2167 0.0
2168 0.0
2169 0.0
2170 0.0
2171 0.0
2172 0.0
2173 0.0
2174 0.0
2175 0.0
2176 0.0
2177 0.0
2178 0.047619047619047616
2179 0.047619047619047616
2180 0.047619047619047616
2181 0.0
2182 0.0
2183 0.0
2184 0.0
2185 0.0
2186 0.047619047619047616
2187 0.0
2188 0.0
2189 0.0
2190 0.047619047619047616
2191 0.0
2192 0.047619047619047616
2193 0.047619047619047616
2194 0.0
2195 0.09523809523809523
2196 0.047619047619047616
2197 0.0
2198 0.0
2199 0.0
2200 0.0
2201 0.047619047619047616
2202 0.047619047619047616
2203 0.0
2204 0.0
2205 0.047619047619047616
2206 0.0
2207 0.047619047619047616
2208 0.0
2209 0.0
2210 0.0
2211 0.047619047619047616
2212 0.0
2213 0.047619047619047616
2214 0.0
2215 0.047619047619047616
2216 0.0
2217 0.047619047619047616
2218 0.0
2219 0.0
2220 0.0
2221 0.047619047619047616
2222 0.0
2223 0.0
2224 0.047619047619047616
2225 0.047619047619047616
2226 0.0
2227 0.047619047619047616
2228 0.047619047619047616
2229 0.047619047619047616
2230 0.047619047619047616
2231 0.09523809523809523
2232 0.09523809523809523
2233 0.047619047619047616
2234 0.047619047619047616
2235 0.0
2236 0.0
2237 0.0
2238 0.047619047619047616
2239 0.09523809523809523
2240 0.047619047619047616
2241 0.09523809523809523
2242 0.0
2243 0.0
2244 0.0
2245 0.09523809523809523
2246 0.047619047619047616
2247 0.09523809523809523
2248 0.09523809523809523
2249 0.0
2250 0.047619047619047616
2251 0.09523809523809523
2252 0.0
2253 0.047619047619047616
2254 0.047619047619047616
2255 0.09523809523809523
2256 0.09523809523809523
2257 0.047619047619047616
2258 0.047619047619047616
2259 0.047619047619047616
2260 0.047619047619047616
2261 0.0
2262 0.0
2263 0.09523809523809523
2264 0.09523809523809523
2265 0.14285714285714285
2266 0.09523809523809523
2267 0.047619047619047616
2268 0.047619047619047616
2269 0.047619047619047616
2270 0.23809523809523808
2271 0.0
2272 0.09523809523809523
2273 0.0
2274 0.14285714285714285
2275 0.047619047619047616
2276 0.09523809523809523
2277 0.047619047619047616
2278 0.09523809523809523
2279 0.09523809523809523
2280 0.09523809523809523
2281 0.09523809523809523
2282 0.19047619047619047
2283 0.19047619047619047
2284 0.09523809523809523
2285 0.14285714285714285
2286 0.14285714285714285
2287 0.047619047619047616
2288 0.047619047619047616
2289 0.14285714285714285
2290 0.0
2291 0.14285714285714285
2292 0.09523809523809523
2293 0.19047619047619047
2294 0.14285714285714285
2295 0.0
2296 0.09523809523809523
2297 0.0
2298 0.09523809523809523
2299 0.14285714285714285
2300 0.09523809523809523
2301 0.14285714285714285
2302 0.19047619047619047
2303 0.19047619047619047
2304 0.14285714285714285
2305 0.09523809523809523
2306 0.09523809523809523
2307 0.09523809523809523
2308 0.23809523809523808
2309 0.047619047619047616
2310 0.19047619047619047
2311 0.14285714285714285
2312 0.09523809523809523
2313 0.09523809523809523
2314 0.14285714285714285
2315 0.09523809523809523
2316 0.14285714285714285
2317 0.19047619047619047
2318 0.23809523809523808
2319 0.19047619047619047
2320 0.2857142857142857
2321 0.23809523809523808
2322 0.14285714285714285
2323 0.2857142857142857
2324 0.09523809523809523
2325 0.38095238095238093
2326 0.047619047619047616
2327 0.3333333333333333
2328 0.047619047619047616
2329 0.3333333333333333
2330 0.23809523809523808
2331 0.19047619047619047
2332 0.2857142857142857
2333 0.09523809523809523
2334 0.3333333333333333
2335 0.14285714285714285
2336 0.2857142857142857
2337 0.23809523809523808
2338 0.23809523809523808
2339 0.19047619047619047
2340 0.23809523809523808
2341 0.3333333333333333
2342 0.19047619047619047
2343 0.3333333333333333
2344 0.14285714285714285
2345 0.38095238095238093
2346 0.23809523809523808
2347 0.2857142857142857
2348 0.23809523809523808
2349 0.2857142857142857
2350 0.19047619047619047
2351 0.047619047619047616
2352 0.42857142857142855
2353 0.09523809523809523
2354 0.2857142857142857
2355 0.19047619047619047
2356 0.42857142857142855
2357 0.047619047619047616
2358 0.42857142857142855
2359 0.23809523809523808
2360 0.5238095238095238
2361 0.19047619047619047
2362 0.23809523809523808
2363 0.2857142857142857
2364 0.19047619047619047
2365 0.2857142857142857
2366 0.09523809523809523
2367 0.42857142857142855
2368 0.19047619047619047
2369 0.23809523809523808
2370 0.09523809523809523
2371 0.38095238095238093
2372 0.19047619047619047
2373 0.42857142857142855
2374 0.2857142857142857
2375 0.42857142857142855
2376 0.38095238095238093
2377 0.47619047619047616
2378 0.5238095238095238
2379 0.19047619047619047
2380 0.38095238095238093
2381 0.23809523809523808
2382 0.3333333333333333
2383 0.2857142857142857
2384 0.23809523809523808
2385 0.38095238095238093
2386 0.19047619047619047
2387 0.47619047619047616
2388 0.3333333333333333
2389 0.42857142857142855
2390 0.2857142857142857
2391 0.38095238095238093
2392 0.09523809523809523
2393 0.5238095238095238
2394 0.38095238095238093
2395 0.42857142857142855
2396 0.6666666666666666
2397 0.42857142857142855
2398 0.7142857142857143
2399 0.14285714285714285
2400 0.6190476190476191
2401 0.3333333333333333
2402 0.5714285714285714
2403 0.5238095238095238
2404 0.42857142857142855
2405 0.6666666666666666
2406 0.38095238095238093
2407 0.23809523809523808
2408 0.23809523809523808
2409 0.42857142857142855
2410 0.38095238095238093
2411 0.8095238095238095
2412 0.23809523809523808
2413 0.7619047619047619
2414 0.3333333333333333
2415 0.8095238095238095
2416 0.47619047619047616
2417 0.5714285714285714
2418 0.38095238095238093
2419 0.38095238095238093
2420 0.6190476190476191
2421 0.2857142857142857
2422 0.38095238095238093
2423 0.2857142857142857
2424 0.42857142857142855
2425 0.23809523809523808
2426 0.5238095238095238
2427 0.38095238095238093
2428 0.5714285714285714
2429 0.38095238095238093
2430 0.8571428571428571
2431 0.7619047619047619
2432 0.6666666666666666
2433 0.6190476190476191
2434 0.5238095238095238
2435 0.42857142857142855
2436 0.7142857142857143
2437 0.42857142857142855
2438 0.7142857142857143
2439 0.47619047619047616
2440 0.6666666666666666
2441 0.42857142857142855
2442 0.6190476190476191
2443 0.5714285714285714
2444 0.47619047619047616
2445 0.6666666666666666
2446 0.5238095238095238
2447 0.5238095238095238
2448 0.8571428571428571
2449 0.8095238095238095
2450 0.5714285714285714
2451 0.7619047619047619
2452 0.42857142857142855
2453 0.5238095238095238
2454 0.7142857142857143
2455 0.5714285714285714
2456 0.7142857142857143
2457 0.7142857142857143
2458 1.0
2459 0.8571428571428571
2460 0.9523809523809523
2461 0.42857142857142855
2462 0.8095238095238095
2463 0.42857142857142855
2464 0.8095238095238095
2465 0.8095238095238095
2466 1.0476190476190477
2467 0.7619047619047619
2468 0.8571428571428571
2469 0.9523809523809523
2470 0.5714285714285714
2471 1.0
2472 0.9047619047619048
2473 0.8095238095238095
2474 1.1428571428571428
2475 0.8095238095238095
2476 0.8571428571428571
2477 0.7142857142857143
2478 0.2857142857142857
2479 0.8095238095238095
2480 0.8571428571428571
2481 0.7619047619047619
2482 0.5238095238095238
2483 1.0
2484 0.7142857142857143
2485 0.7142857142857143
2486 1.0952380952380953
2487 0.7142857142857143
2488 0.9047619047619048
2489 1.3333333333333333
2490 0.6190476190476191
2491 1.0952380952380953
2492 0.7142857142857143
2493 1.1428571428571428
2494 0.8571428571428571
2495 0.9523809523809523
2496 1.0952380952380953
2497 0.8571428571428571
2498 1.1428571428571428
2499 0.6666666666666666
2500 1.2380952380952381
2501 0.8571428571428571
2502 1.4285714285714286
2503 1.1904761904761905
2504 0.9523809523809523
2505 1.0
2506 0.9523809523809523
2507 1.0476190476190477
2508 1.0476190476190477
2509 1.4285714285714286
2510 1.2380952380952381
2511 1.0952380952380953
2512 1.0952380952380953
2513 1.2857142857142858
2514 0.9047619047619048
2515 1.2857142857142858
2516 1.1904761904761905
2517 1.2857142857142858
2518 1.1904761904761905
2519 1.1904761904761905
2520 1.3333333333333333
2521 1.2857142857142858
2522 1.380952380952381
2523 1.1904761904761905
2524 1.4761904761904763
2525 0.8095238095238095
2526 1.3333333333333333
2527 1.1428571428571428
2528 1.2380952380952381
2529 1.380952380952381
2530 1.0952380952380953
2531 1.0476190476190477
2532 1.1904761904761905
2533 1.4285714285714286
2534 1.0952380952380953
2535 1.6666666666666667
2536 1.380952380952381
2537 1.4285714285714286
2538 1.1428571428571428
2539 1.380952380952381
2540 1.2857142857142858
2541 1.380952380952381
2542 1.4285714285714286
2543 1.4761904761904763
2544 1.8095238095238095
2545 1.4285714285714286
2546 1.9523809523809523
2547 1.1904761904761905
2548 1.4761904761904763
2549 1.0476190476190477
2550 1.619047619047619
2551 1.8571428571428572
2552 1.619047619047619
2553 1.2380952380952381
2554 1.3333333333333333
2555 1.7142857142857142
2556 1.5238095238095237
2557 1.6666666666666667
2558 2.0476190476190474
2559 1.6666666666666667
2560 1.7142857142857142
2561 1.7619047619047619
2562 1.7142857142857142
2563 1.5238095238095237
2564 1.7619047619047619
2565 1.8571428571428572
2566 2.238095238095238
2567 1.8095238095238095
2568 1.2857142857142858
2569 1.8571428571428572
2570 1.4285714285714286
2571 2.1904761904761907
2572 1.619047619047619
2573 2.238095238095238
2574 1.9047619047619047
2575 1.9047619047619047
2576 1.8095238095238095
2577 2.0
2578 1.7619047619047619
2579 2.2857142857142856
2580 1.8571428571428572
2581 1.6666666666666667
2582 2.0
2583 2.0
2584 2.142857142857143
2585 1.4285714285714286
2586 2.619047619047619
2587 1.9047619047619047
2588 2.9047619047619047
2589 2.2857142857142856
2590 1.9047619047619047
2591 1.6666666666666667
2592 2.0476190476190474
2593 2.5714285714285716
2594 2.6666666666666665
2595 2.2857142857142856
2596 2.3333333333333335
2597 2.142857142857143
2598 1.8571428571428572
2599 1.8571428571428572
2600 2.6666666666666665
2601 2.380952380952381
2602 2.142857142857143
2603 2.5714285714285716
2604 2.2857142857142856
2605 2.4761904761904763
2606 2.857142857142857
2607 2.4761904761904763
2608 2.4285714285714284
2609 2.380952380952381
2610 2.619047619047619
2611 2.619047619047619
2612 2.1904761904761907
2613 2.4761904761904763
2614 2.8095238095238093
2615 3.238095238095238
2616 2.3333333333333335
2617 2.9523809523809526
2618 2.380952380952381
2619 2.5714285714285716
2620 2.3333333333333335
2621 3.857142857142857
2622 3.142857142857143
2623 3.3333333333333335
2624 3.0476190476190474
2625 2.761904761904762
2626 2.9047619047619047
2627 2.4285714285714284
2628 3.380952380952381
2629 2.8095238095238093
2630 3.6666666666666665
2631 2.9523809523809526
2632 3.2857142857142856
2633 2.761904761904762
2634 2.9047619047619047
2635 2.857142857142857
2636 3.5714285714285716
2637 3.0952380952380953
2638 3.4285714285714284
2639 3.3333333333333335
2640 3.3333333333333335
2641 4.0
2642 3.5238095238095237
2643 3.857142857142857
2644 3.3333333333333335
2645 3.6666666666666665
2646 3.142857142857143
2647 3.5714285714285716
2648 3.3333333333333335
2649 4.0
2650 3.9047619047619047
2651 3.8095238095238093
2652 3.5714285714285716
2653 3.3333333333333335
2654 3.857142857142857
2655 3.6666666666666665
2656 3.9047619047619047
2657 4.0
2658 4.095238095238095
2659 4.428571428571429
2660 4.428571428571429
2661 3.619047619047619
2662 3.7142857142857144
2663 4.0476190476190474
2664 4.761904761904762
2665 4.714285714285714
2666 4.571428571428571
2667 3.380952380952381
2668 3.9523809523809526
2669 3.761904761904762
2670 4.238095238095238
2671 4.714285714285714
2672 4.761904761904762
2673 4.714285714285714
2674 5.0476190476190474
2675 4.333333333333333
2676 5.0
2677 4.238095238095238
2678 5.571428571428571
2679 5.238095238095238
2680 4.857142857142857
2681 4.666666666666667
2682 5.285714285714286
2683 5.142857142857143
2684 4.9523809523809526
2685 5.333333333333333
2686 4.761904761904762
2687 5.428571428571429
2688 3.857142857142857
2689 5.571428571428571
2690 5.285714285714286
2691 5.619047619047619
2692 6.619047619047619
2693 5.428571428571429
2694 5.761904761904762
2695 5.619047619047619
2696 5.571428571428571
2697 5.0
2698 6.095238095238095
2699 6.333333333333333
2700 5.904761904761905
2701 6.190476190476191
2702 5.761904761904762
2703 5.380952380952381
2704 6.0
2705 5.0476190476190474
2706 6.428571428571429
2707 6.095238095238095
2708 6.761904761904762
2709 6.428571428571429
2710 6.285714285714286
2711 6.761904761904762
2712 6.761904761904762
2713 6.428571428571429
2714 6.523809523809524
2715 7.238095238095238
2716 6.285714285714286
2717 6.380952380952381
2718 7.666666666666667
2719 6.571428571428571
2720 6.476190476190476
2721 6.523809523809524
2722 7.0
2723 7.0476190476190474
2724 7.190476190476191
2725 7.285714285714286
2726 6.285714285714286
2727 8.476190476190476
2728 7.380952380952381
2729 7.809523809523809
2730 7.0
2731 8.428571428571429
2732 6.619047619047619
2733 7.809523809523809
2734 7.904761904761905
2735 8.285714285714286
2736 8.142857142857142
2737 7.904761904761905
2738 8.238095238095237
2739 7.523809523809524
2740 8.142857142857142
2741 7.571428571428571
2742 8.904761904761905
2743 7.666666666666667
2744 9.523809523809524
2745 9.142857142857142
2746 8.666666666666666
2747 9.0
2748 8.952380952380953
2749 9.238095238095237
2750 9.095238095238095
2751 8.714285714285714
2752 9.095238095238095
2753 8.857142857142858
2754 9.857142857142858
2755 8.380952380952381
2756 10.333333333333334
2757 8.761904761904763
2758 10.19047619047619
2759 7.9523809523809526
2760 10.714285714285714
2761 9.80952380952381
2762 10.19047619047619
2763 10.80952380952381
2764 10.0
2765 10.714285714285714
2766 10.523809523809524
2767 11.523809523809524
2768 10.476190476190476
2769 11.80952380952381
2770 10.0
2771 11.904761904761905
2772 10.761904761904763
2773 11.047619047619047
2774 11.523809523809524
2775 10.80952380952381
2776 11.80952380952381
2777 11.80952380952381
2778 13.095238095238095
2779 11.238095238095237
2780 13.380952380952381
2781 10.619047619047619
2782 13.047619047619047
2783 12.19047619047619
2784 12.714285714285714
2785 13.476190476190476
2786 13.714285714285714
2787 12.571428571428571
2788 12.571428571428571
2789 12.904761904761905
2790 12.761904761904763
2791 14.476190476190476
2792 13.095238095238095
2793 13.238095238095237
2794 13.476190476190476
2795 14.0
2796 13.476190476190476
2797 12.80952380952381
2798 14.857142857142858
2799 14.857142857142858
2800 14.904761904761905
2801 13.619047619047619
2802 15.0
2803 14.095238095238095
2804 16.095238095238095
2805 15.857142857142858
2806 14.952380952380953
2807 15.80952380952381
2808 15.047619047619047
2809 17.476190476190474
2810 14.523809523809524
2811 16.666666666666668
2812 14.80952380952381
2813 17.714285714285715
2814 14.333333333333334
2815 16.666666666666668
2816 16.047619047619047
2817 16.476190476190474
2818 17.666666666666668
2819 16.666666666666668
2820 17.952380952380953
2821 17.952380952380953
2822 17.047619047619047
2823 17.047619047619047
2824 18.238095238095237
2825 16.761904761904763
2826 18.666666666666668
2827 16.904761904761905
2828 17.80952380952381
2829 18.428571428571427
2830 18.0
2831 18.428571428571427
2832 17.571428571428573
2833 18.19047619047619
2834 19.095238095238095
2835 21.523809523809526
2836 17.142857142857142
2837 19.857142857142858
2838 19.476190476190474
2839 19.666666666666668
2840 20.428571428571427
2841 19.19047619047619
2842 22.142857142857142
2843 19.714285714285715
2844 20.476190476190474
2845 20.428571428571427
2846 21.571428571428573
2847 23.0
2848 22.142857142857142
2849 22.952380952380953
2850 21.38095238095238
2851 22.857142857142858
2852 20.095238095238095
2853 23.952380952380953
2854 22.428571428571427
2855 23.38095238095238
2856 22.047619047619047
2857 24.19047619047619
2858 24.666666666666668
2859 20.952380952380953
2860 23.952380952380953
2861 23.047619047619047
2862 25.0
2863 22.428571428571427
2864 27.38095238095238
2865 22.857142857142858
2866 26.0
2867 25.285714285714285
2868 24.333333333333332
2869 26.571428571428573
2870 27.666666666666668
2871 24.952380952380953
2872 25.952380952380953
2873 27.428571428571427
2874 26.095238095238095
2875 27.19047619047619
2876 27.523809523809526
2877 28.047619047619047
2878 27.047619047619047
2879 29.285714285714285
2880 28.571428571428573
2881 27.666666666666668
2882 32.095238095238095
2883 27.047619047619047
2884 31.19047619047619
2885 25.19047619047619
2886 30.0
2887 29.238095238095237
2888 28.095238095238095
2889 32.095238095238095
2890 30.428571428571427
2891 30.428571428571427
2892 29.19047619047619
2893 34.57142857142857
2894 29.38095238095238
2895 33.523809523809526
2896 31.38095238095238
2897 32.666666666666664
2898 31.952380952380953
2899 34.57142857142857
2900 31.285714285714285
2901 32.857142857142854
2902 35.857142857142854
2903 31.047619047619047
2904 35.714285714285715
2905 34.095238095238095
2906 35.714285714285715
2907 33.095238095238095
2908 37.714285714285715
2909 32.714285714285715
2910 35.666666666666664
2911 36.19047619047619
2912 36.476190476190474
2913 38.857142857142854
2914 33.19047619047619
2915 37.38095238095238
2916 37.23809523809524
2917 38.76190476190476
2918 36.523809523809526
2919 40.142857142857146
2920 34.95238095238095
2921 38.57142857142857
2922 38.476190476190474
2923 37.095238095238095
2924 40.333333333333336
2925 40.95238095238095
2926 38.666666666666664
2927 40.666666666666664
2928 42.57142857142857
2929 38.19047619047619
2930 42.61904761904762
2931 40.666666666666664
2932 41.95238095238095
2933 43.38095238095238
2934 42.95238095238095
2935 43.095238095238095
2936 42.23809523809524
2937 46.857142857142854
2938 42.857142857142854
2939 43.57142857142857
2940 45.476190476190474
2941 44.857142857142854
2942 43.857142857142854
2943 44.285714285714285
2944 44.57142857142857
2945 44.523809523809526
2946 44.523809523809526
2947 46.476190476190474
2948 48.42857142857143
2949 44.38095238095238
2950 48.714285714285715
2951 48.61904761904762
2952 47.23809523809524
2953 49.285714285714285
2954 50.23809523809524
2955 48.61904761904762
2956 48.23809523809524
2957 52.04761904761905
2958 46.0
2959 52.80952380952381
2960 51.142857142857146
2961 50.333333333333336
2962 52.42857142857143
2963 53.23809523809524
2964 51.523809523809526
2965 53.666666666666664
2966 56.80952380952381
2967 52.285714285714285
2968 55.666666666666664
2969 54.23809523809524
2970 56.76190476190476
2971 54.95238095238095
2972 53.38095238095238
2973 57.80952380952381
2974 56.61904761904762
2975 53.76190476190476
2976 57.714285714285715
2977 59.23809523809524
2978 53.666666666666664
2979 59.142857142857146
2980 58.19047619047619
2981 58.38095238095238
2982 60.61904761904762
2983 59.333333333333336
2984 60.80952380952381
2985 60.333333333333336
2986 63.476190476190474
2987 58.38095238095238
2988 62.80952380952381
2989 61.04761904761905
2990 61.666666666666664
2991 63.04761904761905
2992 64.61904761904762
2993 62.95238095238095
2994 65.52380952380952
2995 68.42857142857143
2996 63.19047619047619
2997 66.14285714285714
2998 67.23809523809524
2999 66.71428571428571
3000 64.80952380952381
3001 66.71428571428571
3002 68.04761904761905
3003 72.19047619047619
3004 64.19047619047619
3005 67.76190476190476
3006 71.95238095238095
3007 63.76190476190476
3008 70.9047619047619
3009 68.52380952380952
3010 70.33333333333333
3011 70.57142857142857
3012 71.9047619047619
3013 70.9047619047619
3014 72.47619047619048
3015 76.42857142857143
3016 69.61904761904762
3017 73.47619047619048
3018 75.95238095238095
3019 75.66666666666667
3020 74.57142857142857
3021 77.9047619047619
3022 72.9047619047619
3023 77.0
3024 79.23809523809524
3025 78.38095238095238
3026 81.57142857142857
3027 80.23809523809524
3028 76.85714285714286
3029 80.19047619047619
3030 78.14285714285714
3031 77.23809523809524
3032 84.9047619047619
3033 75.0
3034 82.14285714285714
3035 80.0952380952381
3036 80.19047619047619
3037 84.76190476190476
3038 85.71428571428571
3039 82.0
3040 81.66666666666667
3041 90.85714285714286
3042 81.19047619047619
3043 88.85714285714286
3044 86.47619047619048
3045 85.66666666666667
3046 87.71428571428571
3047 90.76190476190476
3048 85.52380952380952
3049 88.23809523809524
3050 93.85714285714286
3051 83.95238095238095
3052 93.66666666666667
3053 91.33333333333333
3054 93.61904761904762
3055 92.71428571428571
3056 97.0
3057 90.14285714285714
3058 97.95238095238095
3059 87.52380952380952
3060 92.19047619047619
3061 96.33333333333333
3062 91.23809523809524
3063 97.57142857142857
3064 99.04761904761905
3065 93.38095238095238
3066 97.80952380952381
3067 100.80952380952381
3068 94.42857142857143
3069 98.47619047619048
3070 102.33333333333333
3071 94.0952380952381
3072 103.66666666666667
3073 104.47619047619048
3074 102.23809523809524
3075 102.33333333333333
3076 106.9047619047619
3077 100.76190476190476
3078 105.47619047619048
3079 109.0952380952381
3080 101.9047619047619
3081 108.76190476190476
3082 108.42857142857143
3083 105.61904761904762
3084 107.0
3085 115.28571428571429
3086 106.76190476190476
3087 111.76190476190476
3088 105.0
3089 109.80952380952381
3090 113.57142857142857
3091 107.47619047619048
3092 112.0952380952381
3093 116.85714285714286
3094 109.95238095238095
3095 112.23809523809524
3096 120.33333333333333
3097 109.28571428571429
3098 116.80952380952381
3099 117.57142857142857
3100 112.19047619047619
3101 116.71428571428571
3102 122.85714285714286
3103 114.14285714285714
3104 120.0
3105 123.38095238095238
3106 115.38095238095238
3107 125.0952380952381
3108 125.19047619047619
3109 120.95238095238095
3110 124.71428571428571
3111 126.14285714285714
3112 122.80952380952381
3113 125.28571428571429
3114 131.9047619047619
3115 124.38095238095238
3116 130.9047619047619
3117 121.80952380952381
3118 126.9047619047619
3119 131.76190476190476
3120 122.80952380952381
3121 130.95238095238096
3122 131.0
3123 130.1904761904762
3124 127.14285714285714
3125 137.8095238095238
3126 125.0952380952381
3127 135.52380952380952
3128 137.0
3129 132.1904761904762
3130 134.85714285714286
3131 141.8095238095238
3132 136.33333333333334
3133 140.47619047619048
3134 142.61904761904762
3135 134.0
3136 137.66666666666666
3137 145.38095238095238
3138 138.33333333333334
3139 142.14285714285714
3140 146.95238095238096
3141 139.33333333333334
3142 146.52380952380952
3143 149.61904761904762
3144 146.14285714285714
3145 149.8095238095238
3146 135.66666666666666
3147 146.0952380952381
3148 148.9047619047619
3149 142.95238095238096
3150 147.42857142857142
3151 154.0952380952381
3152 144.33333333333334
3153 152.38095238095238
3154 152.14285714285714
3155 143.04761904761904
3156 155.04761904761904
3157 155.95238095238096
3158 150.66666666666666
3159 154.9047619047619
3160 162.04761904761904
3161 150.52380952380952
3162 158.38095238095238
3163 165.1904761904762
3164 156.04761904761904
3165 160.33333333333334
3166 164.9047619047619
3167 157.57142857142858
3168 160.1904761904762
3169 170.1904761904762
3170 160.14285714285714
3171 167.85714285714286
3172 167.47619047619048
3173 162.42857142857142
3174 166.76190476190476
3175 153.23809523809524
3176 165.0952380952381
3177 168.42857142857142
3178 160.0
3179 163.52380952380952
3180 175.8095238095238
3181 159.0
3182 172.71428571428572
3183 174.9047619047619
3184 165.9047619047619
3185 172.04761904761904
3186 178.47619047619048
3187 167.23809523809524
3188 173.76190476190476
3189 179.85714285714286
3190 165.66666666666666
3191 178.0952380952381
3192 184.66666666666666
3193 173.0
3194 182.28571428571428
3195 183.42857142857142
3196 174.57142857142858
3197 179.61904761904762
3198 192.0
3199 175.66666666666666
3200 188.0
3201 189.95238095238096
3202 180.66666666666666
3203 183.76190476190476
3204 179.52380952380952
3205 183.47619047619048
3206 189.52380952380952
3207 177.52380952380952
3208 186.0
3209 197.85714285714286
3210 179.47619047619048
3211 189.9047619047619
3212 199.23809523809524
3213 187.76190476190476
3214 194.04761904761904
3215 198.42857142857142
3216 185.38095238095238
3217 197.23809523809524
3218 201.61904761904762
3219 190.61904761904762
3220 202.33333333333334
3221 203.76190476190476
3222 190.04761904761904
3223 202.04761904761904
3224 207.52380952380952
3225 195.95238095238096
3226 204.38095238095238
3227 210.0
3228 199.04761904761904
3229 210.95238095238096
3230 210.14285714285714
3231 203.1904761904762
3232 209.14285714285714
3233 202.38095238095238
3234 206.57142857142858
3235 216.71428571428572
3236 201.0952380952381
3237 211.8095238095238
3238 217.76190476190476
3239 205.57142857142858
3240 212.8095238095238
3241 219.76190476190476
3242 202.1904761904762
3243 218.42857142857142
3244 221.04761904761904
3245 210.61904761904762
3246 219.85714285714286
3247 226.71428571428572
3248 214.42857142857142
3249 218.66666666666666
3250 224.61904761904762
3251 215.95238095238096
3252 224.38095238095238
3253 234.38095238095238
3254 218.04761904761904
3255 228.38095238095238
3256 235.28571428571428
3257 226.33333333333334
3258 232.04761904761904
3259 242.28571428571428
3260 226.0952380952381
3261 230.23809523809524
3262 222.23809523809524
3263 228.66666666666666
3264 240.33333333333334
3265 226.66666666666666
3266 232.95238095238096
3267 239.38095238095238
3268 227.52380952380952
3269 231.71428571428572
3270 242.42857142857142
3271 231.33333333333334
3272 235.61904761904762
3273 247.85714285714286
3274 228.28571428571428
3275 241.33333333333334
3276 250.52380952380952
3277 235.14285714285714
3278 246.14285714285714
3279 251.0
3280 238.38095238095238
3281 243.42857142857142
3282 257.8095238095238
3283 239.95238095238096
3284 252.0
3285 256.23809523809524
3286 242.52380952380952
3287 254.23809523809524
3288 262.2857142857143
3289 249.57142857142858
3290 258.42857142857144
3291 239.28571428571428
3292 249.0952380952381
3293 258.76190476190476
3294 244.23809523809524
3295 251.95238095238096
3296 259.4761904761905
3297 251.0
3298 256.3809523809524
3299 270.57142857142856
3300 255.9047619047619
3301 255.71428571428572
3302 271.4761904761905
3303 248.95238095238096
3304 262.9047619047619
3305 268.85714285714283
3306 256.6666666666667
3307 270.42857142857144
3308 278.0
3309 262.1904761904762
3310 269.5238095238095
3311 281.14285714285717
3312 263.42857142857144
3313 276.0952380952381
3314 282.5238095238095
3315 267.8095238095238
3316 271.1904761904762
3317 286.85714285714283
3318 270.8095238095238
3319 285.5238095238095
3320 258.8095238095238
3321 272.2857142857143
3322 281.95238095238096
3323 263.6190476190476
3324 274.4761904761905
3325 282.42857142857144
3326 269.3809523809524
3327 281.0
3328 291.14285714285717
3329 268.5238095238095
3330 283.6666666666667
3331 292.7142857142857
3332 282.04761904761904
3333 288.6666666666667
3334 293.0952380952381
3335 280.3809523809524
3336 289.0952380952381
3337 302.3333333333333
3338 283.3333333333333
3339 295.3809523809524
3340 304.9047619047619
3341 290.23809523809524
3342 299.1904761904762
3343 307.3333333333333
3344 288.0952380952381
3345 300.0952380952381
3346 313.76190476190476
3347 290.0952380952381
3348 308.3809523809524
3349 287.5238095238095
3350 299.3333333333333
3351 304.7142857142857
3352 291.76190476190476
3353 303.04761904761904
3354 320.85714285714283
3355 292.0952380952381
3356 304.0952380952381
3357 307.7142857142857
3358 300.0
3359 307.3809523809524
3360 319.42857142857144
3361 303.8095238095238
3362 307.76190476190476
3363 321.8095238095238
3364 301.7142857142857
3365 315.57142857142856
3366 326.6190476190476
3367 308.0
3368 319.8095238095238
3369 328.76190476190476
3370 309.8095238095238
3371 321.04761904761904
3372 335.23809523809524
3373 315.6190476190476
3374 329.5238095238095
3375 302.04761904761904
3376 315.3333333333333
3377 326.4761904761905
3378 310.85714285714283
3379 323.0952380952381
3380 335.2857142857143
3381 312.2857142857143
3382 323.0
3383 335.0952380952381
3384 319.7142857142857
3385 327.42857142857144
3386 341.3809523809524
3387 318.6190476190476
3388 328.42857142857144
3389 346.3333333333333
3390 320.04761904761904
3391 331.5238095238095
3392 349.57142857142856
3393 327.8095238095238
3394 340.1904761904762
3395 344.8095238095238
3396 328.85714285714283
3397 337.85714285714283
3398 355.1904761904762
3399 330.1904761904762
3400 344.14285714285717
3401 360.5238095238095
3402 333.9047619047619
3403 351.0952380952381
3404 329.14285714285717
3405 339.3809523809524
3406 352.4761904761905
3407 330.5238095238095
3408 347.85714285714283
3409 359.57142857142856
3410 333.5238095238095
3411 346.4761904761905
3412 356.76190476190476
3413 340.6666666666667
3414 350.8095238095238
3415 369.9047619047619
3416 340.6666666666667
3417 355.8095238095238
3418 366.95238095238096
3419 347.8095238095238
3420 360.04761904761904
3421 379.04761904761904
3422 345.85714285714283
3423 369.42857142857144
3424 370.95238095238096
3425 351.5238095238095
3426 366.2857142857143
3427 378.6666666666667
3428 358.1904761904762
3429 372.1904761904762
3430 380.04761904761904
3431 363.2857142857143
3432 372.57142857142856
3433 359.3333333333333
3434 363.6190476190476
3435 377.04761904761904
3436 352.2857142857143
3437 368.2857142857143
3438 380.57142857142856
3439 362.23809523809524
3440 372.95238095238096
3441 381.5238095238095
3442 363.4761904761905
3443 373.14285714285717
3444 388.8095238095238
3445 366.9047619047619
3446 379.14285714285717
3447 391.14285714285717
3448 372.7142857142857
3449 387.4761904761905
3450 393.85714285714283
3451 375.0
3452 384.3333333333333
3453 405.9047619047619
3454 376.6666666666667
3455 392.04761904761904
3456 406.57142857142856
3457 383.3809523809524
3458 397.9047619047619
3459 407.42857142857144
3460 391.3809523809524
3461 397.3809523809524
3462 380.0952380952381
3463 388.7142857142857
3464 399.85714285714283
3465 378.85714285714283
3466 393.14285714285717
3467 409.57142857142856
3468 384.0952380952381
3469 398.8095238095238
3470 409.9047619047619
3471 383.6190476190476
3472 400.8095238095238
3473 414.6666666666667
3474 393.9047619047619
3475 401.14285714285717
3476 418.8095238095238
3477 392.3333333333333
3478 409.76190476190476
3479 423.7142857142857
3480 402.85714285714283
3481 411.04761904761904
3482 427.8095238095238
3483 400.3809523809524
3484 417.14285714285717
3485 427.23809523809524
3486 405.3809523809524
3487 424.8095238095238
3488 432.8095238095238
3489 407.57142857142856
3490 424.23809523809524
3491 396.8095238095238
3492 416.5238095238095
3493 427.8095238095238
3494 403.4761904761905
3495 412.76190476190476
3496 432.85714285714283
3497 399.3333333333333
3498 420.76190476190476
3499 438.3333333333333
3500 413.95238095238096
3501 423.0
3502 436.4761904761905
3503 409.85714285714283
3504 433.95238095238096
3505 438.4761904761905
3506 417.6190476190476
3507 426.5238095238095
3508 449.14285714285717
3509 421.1904761904762
3510 433.5238095238095
3511 448.7142857142857
3512 419.2857142857143
3513 437.95238095238096
3514 452.04761904761904
3515 430.5238095238095
3516 441.8095238095238
3517 458.85714285714283
3518 428.3809523809524
3519 448.1904761904762
3520 421.04761904761904
3521 434.14285714285717
3522 455.3809523809524
3523 425.57142857142856
3524 440.7142857142857
3525 451.3809523809524
3526 432.57142857142856
3527 443.9047619047619
3528 459.6666666666667
3529 433.8095238095238
3530 442.14285714285717
3531 463.8095238095238
3532 436.23809523809524
3533 448.8095238095238
3534 471.5238095238095
3535 444.57142857142856
3536 456.0952380952381
3537 475.23809523809524
3538 439.04761904761904
3539 460.1904761904762
3540 479.3809523809524
3541 448.57142857142856
3542 460.7142857142857
3543 478.9047619047619
3544 448.42857142857144
3545 468.23809523809524
3546 487.3333333333333
3547 456.23809523809524
3548 477.9047619047619
3549 440.3333333333333
3550 458.04761904761904
3551 477.2857142857143
3552 449.85714285714283
3553 465.0
3554 480.0952380952381
3555 458.85714285714283
3556 464.2857142857143
3557 488.3809523809524
3558 449.7142857142857
3559 477.7142857142857
3560 489.1904761904762
3561 459.7142857142857
3562 476.76190476190476
3563 494.6666666666667
3564 464.23809523809524
3565 481.76190476190476
3566 493.6190476190476
3567 467.3809523809524
3568 486.2857142857143
3569 505.4761904761905
3570 470.6666666666667
3571 496.14285714285717
3572 506.4761904761905
3573 480.1904761904762
3574 492.7142857142857
3575 514.4761904761905
3576 480.3333333333333
3577 494.23809523809524
3578 466.8095238095238
3579 481.7142857142857
3580 496.95238095238096
3581 472.2857142857143
3582 488.95238095238096
3583 507.3809523809524
3584 478.7142857142857
3585 486.5238095238095
3586 517.2857142857143
3587 478.23809523809524
3588 497.2857142857143
3589 513.2857142857143
3590 480.85714285714283
3591 499.4761904761905
3592 513.8571428571429
3593 490.8095238095238
3594 507.2857142857143
3595 525.8095238095239
3596 487.5238095238095
3597 508.57142857142856
3598 527.1904761904761
3599 493.1904761904762
3600 519.1904761904761
3601 528.7619047619048
3602 497.76190476190476
3603 517.0952380952381
3604 534.8571428571429
3605 506.9047619047619
3606 521.1904761904761
3607 492.42857142857144
3608 509.5238095238095
3609 522.952380952381
3610 496.95238095238096
3611 510.42857142857144
3612 528.4761904761905
3613 496.42857142857144
3614 512.7619047619048
3615 537.1904761904761
3616 498.5238095238095
3617 523.8571428571429
3618 533.1904761904761
3619 507.57142857142856
3620 518.5238095238095
3621 541.2857142857143
3622 510.7142857142857
3623 521.952380952381
3624 543.7142857142857
3625 510.95238095238096
3626 531.0952380952381
3627 544.5238095238095
3628 531.1428571428571
3629 533.9047619047619
3630 559.8571428571429
3631 512.1904761904761
3632 537.8571428571429
3633 555.3809523809524
3634 527.9047619047619
3635 542.2380952380952
3636 511.0952380952381
3637 528.047619047619
3638 546.952380952381
3639 514.0952380952381
3640 532.3333333333334
3641 552.7142857142857
3642 519.5238095238095
3643 541.3333333333334
3644 553.3333333333334
3645 523.3333333333334
3646 539.9047619047619
3647 564.5238095238095
3648 533.6190476190476
3649 546.5238095238095
3650 568.7142857142857
3651 531.5238095238095
3652 550.7142857142857
3653 567.4761904761905
3654 541.9047619047619
3655 549.3333333333334
3656 573.4285714285714
3657 538.9047619047619
3658 553.8571428571429
3659 581.8095238095239
3660 543.3333333333334
3661 567.6190476190476
3662 578.952380952381
3663 545.4761904761905
3664 566.0952380952381
3665 530.3333333333334
3666 552.6666666666666
3667 568.2857142857143
3668 533.9047619047619
3669 554.5238095238095
3670 579.0
3671 536.6666666666666
3672 565.952380952381
3673 569.0
3674 553.7142857142857
3675 559.3809523809524
3676 589.3333333333334
3677 547.4761904761905
3678 570.3809523809524
3679 586.4285714285714
3680 549.2380952380952
3681 570.4761904761905
3682 596.8571428571429
3683 558.952380952381
3684 577.0
3685 594.4285714285714
3686 552.6190476190476
3687 578.2380952380952
3688 600.6190476190476
3689 563.5238095238095
3690 585.2380952380952
3691 601.4761904761905
3692 562.1428571428571
3693 585.1904761904761
3694 557.8571428571429
3695 572.4761904761905
3696 592.4285714285714
3697 556.8095238095239
3698 572.3809523809524
3699 592.7619047619048
3700 555.4285714285714
3701 576.2380952380952
3702 602.5238095238095
3703 565.8571428571429
3704 577.7619047619048
3705 604.952380952381
3706 560.8571428571429
3707 589.2857142857143
3708 605.0
3709 569.1428571428571
3710 584.9047619047619
3711 609.3333333333334
3712 570.0
3713 598.2380952380952
3714 617.6190476190476
3715 581.8571428571429
3716 602.1904761904761
3717 618.952380952381
3718 582.0
3719 594.047619047619
3720 628.1904761904761
3721 585.7619047619048
3722 601.2380952380952
3723 581.1428571428571
3724 586.0
3725 613.4761904761905
3726 576.0952380952381
3727 597.7619047619048
3728 611.3333333333334
3729 582.0
3730 590.8571428571429
3731 620.2857142857143
3732 584.0
3733 604.1428571428571
3734 622.4285714285714
3735 583.952380952381
3736 605.7619047619048
3737 627.3333333333334
3738 595.2380952380952
3739 607.6666666666666
3740 621.8571428571429
3741 597.0952380952381
3742 611.3333333333334
3743 638.8095238095239
3744 596.5238095238095
3745 624.1904761904761
3746 635.2857142857143
3747 600.5714285714286
3748 618.2857142857143
3749 646.3809523809524
3750 603.952380952381
3751 636.7619047619048
3752 588.0952380952381
3753 612.952380952381
3754 633.3333333333334
3755 594.6190476190476
3756 617.2857142857143
3757 631.5714285714286
3758 601.047619047619
3759 614.3809523809524
3760 635.8571428571429
3761 594.8095238095239
3762 620.3809523809524
3763 640.9047619047619
3764 605.5238095238095
3765 624.8095238095239
3766 645.3333333333334
3767 614.3809523809524
3768 625.7142857142857
3769 654.952380952381
3770 615.0
3771 625.8571428571429
3772 657.7619047619048
3773 618.2380952380952
3774 637.0952380952381
3775 655.2380952380952
3776 624.6666666666666
3777 631.2857142857143
3778 668.6666666666666
3779 621.1428571428571
3780 647.4761904761905
3781 594.047619047619
3782 627.5238095238095
3783 642.1428571428571
3784 612.952380952381
3785 627.7142857142857
3786 643.7142857142857
3787 611.0952380952381
3788 631.1428571428571
3789 653.0
3790 617.952380952381
3791 626.952380952381
3792 660.952380952381
3793 619.4761904761905
3794 635.5714285714286
3795 661.3809523809524
3796 619.2857142857143
3797 641.952380952381
3798 670.2857142857143
3799 619.4761904761905
3800 647.047619047619
3801 666.047619047619
3802 627.6190476190476
3803 646.5238095238095
3804 669.8571428571429
3805 624.952380952381
3806 647.5714285714286
3807 676.8571428571429
3808 634.1904761904761
3809 661.0
3810 609.3333333333334
3811 637.1428571428571
3812 654.7142857142857
3813 613.8571428571429
3814 633.0952380952381
3815 661.2857142857143
3816 625.8571428571429
3817 646.3333333333334
3818 664.047619047619
3819 625.1428571428571
3820 649.047619047619
3821 665.7142857142857
3822 635.1904761904761
3823 645.8571428571429
3824 669.3333333333334
3825 624.2857142857143
3826 655.9047619047619
3827 679.0952380952381
3828 638.8095238095239
3829 664.0952380952381
3830 674.5238095238095
3831 645.7619047619048
3832 660.952380952381
3833 687.4285714285714
3834 639.6190476190476
3835 661.4285714285714
3836 685.3809523809524
3837 640.7619047619048
3838 668.3333333333334
3839 630.9047619047619
3840 649.7142857142857
3841 664.0
3842 629.2380952380952
3843 650.8095238095239
3844 682.8095238095239
3845 626.4285714285714
3846 653.2380952380952
3847 677.047619047619
3848 628.5714285714286
3849 666.1428571428571
3850 675.6190476190476
3851 652.8095238095239
3852 661.2857142857143
3853 686.4285714285714
3854 644.1904761904761
3855 659.952380952381
3856 688.3809523809524
3857 647.0952380952381
3858 668.8095238095239
3859 685.952380952381
3860 647.952380952381
3861 673.2380952380952
3862 695.2857142857143
3863 652.3809523809524
3864 685.9047619047619
3865 692.7142857142857
3866 654.7142857142857
3867 670.047619047619
3868 644.5714285714286
3869 660.5238095238095
3870 685.3333333333334
3871 646.2380952380952
3872 666.8571428571429
3873 690.8095238095239
3874 636.0
3875 669.7619047619048
3876 681.3809523809524
3877 649.7142857142857
3878 673.3809523809524
3879 687.7142857142857
3880 646.2857142857143
3881 666.2380952380952
3882 701.3809523809524
3883 654.0
3884 674.0
3885 687.8571428571429
3886 653.047619047619
3887 677.9047619047619
3888 697.2380952380952
3889 653.3333333333334
3890 666.6666666666666
3891 708.1904761904761
3892 658.7619047619048
3893 689.1428571428571
3894 699.4761904761905
3895 671.4285714285714
3896 673.0952380952381
3897 645.3333333333334
3898 663.5238095238095
3899 690.8571428571429
3900 648.7142857142857
3901 666.7619047619048
3902 685.1428571428571
3903 650.0952380952381
3904 668.4285714285714
3905 693.0
3906 654.3333333333334
3907 669.0
3908 698.7142857142857
3909 644.7619047619048
3910 673.5238095238095
3911 704.1904761904761
3912 649.8095238095239
3913 682.5238095238095
3914 691.952380952381
3915 658.7619047619048
3916 669.7619047619048
3917 704.5714285714286
3918 657.2857142857143
3919 686.1904761904761
3920 703.3809523809524
3921 657.047619047619
3922 682.2857142857143
