0 471.8
1 530.7
2 520.7
3 514.9
4 489.2
5 483.6
6 541.9
7 534.9
8 515.7
9 498.2
10 475.0
11 554.2
12 530.2
13 519.6
14 495.3
15 476.8
16 568.4
17 540.8
18 520.3
19 508.8
20 477.3
21 573.6
22 561.4
23 524.3
24 503.8
25 487.7
26 571.4
27 536.2
28 522.4
29 514.5
30 482.3
31 475.6
32 548.8
33 538.8
34 528.3
35 489.0
36 471.8
37 547.8
38 547.5
39 519.9
40 505.9
41 483.2
42 559.0
43 542.0
44 525.3
45 499.2
46 484.3
47 559.8
48 549.9
49 526.5
50 514.8
51 487.7
52 581.0
53 568.8
54 538.3
55 506.2
56 485.9
57 467.0
58 551.5
59 544.8
60 514.0
61 489.5
62 469.2
63 563.5
64 539.9
65 519.1
66 497.4
67 486.3
68 563.8
69 533.8
70 530.7
71 507.2
72 487.9
73 562.1
74 550.2
75 518.6
76 501.8
77 489.0
78 575.8
79 539.6
80 527.5
81 516.3
82 480.1
83 464.9
84 548.2
85 538.3
86 517.7
87 485.5
88 481.1
89 554.2
90 542.1
91 511.1
92 513.5
93 476.9
94 542.2
95 536.9
96 523.8
97 508.7
98 484.7
99 566.0
100 542.3
101 526.4
102 501.9
103 488.5
104 575.8
105 562.1
106 522.4
107 499.3
108 478.7
109 577.3
110 542.0
111 540.5
112 514.4
113 494.3
114 476.3
115 548.4
116 529.1
117 516.6
118 491.4
119 478.6
120 574.5
121 530.8
122 517.7
123 495.5
124 489.7
125 569.3
126 544.8
127 513.2
128 500.8
129 474.8
130 576.0
131 565.1
132 519.5
133 512.1
134 483.0
135 563.8
136 552.5
137 527.1
138 504.4
139 502.0
140 476.7
141 545.9
142 547.2
143 508.4
144 505.8
145 473.1
146 561.1
147 539.9
148 520.9
149 500.6
150 479.7
151 565.4
152 548.4
153 511.2
154 505.4
155 481.6
156 552.8
157 537.1
158 518.7
159 510.0
160 492.9
161 562.0
162 552.0
163 519.1
164 515.2
165 485.7
166 465.1
167 548.7
168 532.0
169 521.9
170 497.6
171 474.0
172 550.7
173 536.0
174 521.9
175 497.8
176 467.5
177 551.7
178 544.3
179 527.4
180 507.2
181 477.5
182 561.3
183 544.2
184 516.8
185 515.6
186 474.2
187 579.3
188 544.6
189 532.9
190 518.2
191 479.4
192 572.8
193 551.1
194 543.8
195 510.6
196 495.5
197 465.4
198 561.7
199 548.5
200 518.7
201 497.0
202 459.3
203 571.7
204 540.4
205 515.0
206 493.2
207 470.7
208 556.4
209 539.7
210 512.5
211 494.6
212 484.5
213 564.4
214 544.4
215 520.4
216 512.5
217 479.2
218 576.8
219 548.7
220 523.5
221 507.7
222 475.4
223 478.1
224 557.2
225 543.0
226 505.6
227 485.2
228 479.4
229 557.0
230 544.8
231 519.0
232 501.7
233 475.7
234 556.9
235 541.9
236 525.6
237 495.7
238 470.8
239 561.9
240 544.2
241 509.0
242 511.6
243 482.5
244 582.5
245 556.5
246 522.8
247 507.8
248 489.9
249 465.8
250 547.2
251 527.7
252 513.8
253 485.0
254 460.1
255 545.0
256 521.5
257 508.7
258 481.2
259 464.3
260 558.1
261 533.3
262 524.7
263 495.9
264 485.1
265 566.9
266 541.6
267 525.9
268 492.7
269 469.5
270 567.9
271 548.0
272 523.5
273 504.1
274 486.7
275 477.7
276 545.7
277 523.9
278 505.6
279 494.4
280 465.8
281 536.6
282 520.4
283 511.6
284 491.4
285 470.7
286 565.2
287 540.0
288 506.7
289 487.7
290 458.7
291 565.6
292 537.2
293 526.4
294 486.5
295 473.9
296 561.7
297 527.3
298 519.3
299 512.9
300 468.4
301 572.9
302 534.8
303 528.3
304 494.4
305 486.2
306 466.0
307 550.9
308 535.0
309 508.0
310 479.7
311 470.1
312 536.4
313 541.0
314 503.6
315 478.5
316 457.6
317 543.5
318 542.9
319 521.2
320 502.7
321 477.5
322 558.8
323 536.7
324 515.4
325 512.6
326 475.0
327 555.0
328 534.0
329 523.3
330 503.4
331 474.7
332 470.3
333 538.2
334 520.2
335 508.9
336 480.7
337 466.2
338 551.1
339 524.8
340 504.9
341 472.4
342 478.7
343 545.2
344 532.6
345 493.8
346 493.1
347 472.6
348 537.5
349 522.2
350 518.1
351 487.1
352 481.0
353 556.4
354 551.0
355 523.1
356 491.6
357 479.2
358 456.2
359 545.3
360 511.8
361 493.2
362 486.0
363 460.3
364 540.3
365 522.3
366 507.8
367 484.0
368 479.1
369 544.9
370 529.6
371 508.2
372 484.2
373 459.1
374 551.4
375 537.9
376 499.6
377 508.9
378 463.0
379 556.2
380 530.0
381 512.5
382 487.1
383 481.6
384 550.6
385 543.9
386 512.4
387 498.2
388 475.1
389 464.7
390 549.6
391 519.1
392 498.8
393 472.9
394 467.5
395 537.3
396 529.3
397 506.9
398 488.3
399 465.9
400 553.9
401 536.4
402 500.5
403 494.0
404 470.8
405 543.5
406 535.0
407 505.8
408 483.0
409 469.8
410 556.1
411 529.3
412 504.5
413 479.2
414 479.4
415 450.8
416 531.4
417 511.0
418 504.5
419 473.1
420 453.2
421 525.8
422 512.3
423 488.3
424 480.1
425 469.0
426 535.9
427 508.8
428 493.6
429 486.6
430 466.3
431 541.0
432 534.7
433 488.6
434 479.4
435 470.6
436 543.5
437 525.4
438 506.8
439 488.4
440 467.3
441 449.2
442 537.0
443 502.3
444 495.5
445 468.3
446 453.3
447 538.8
448 516.0
449 491.8
450 487.6
451 453.0
452 545.4
453 516.9
454 497.1
455 480.0
456 461.4
457 538.5
458 519.2
459 487.9
460 482.4
461 463.2
462 536.4
463 523.6
464 510.4
465 481.9
466 457.7
467 435.6
468 521.3
469 509.2
470 499.2
471 463.9
472 430.7
473 532.4
474 510.8
475 498.9
476 475.6
477 452.1
478 531.4
479 511.9
480 489.0
481 471.1
482 455.3
483 533.5
484 512.0
485 495.3
486 484.5
487 460.6
488 544.8
489 522.7
490 486.4
491 487.8
492 459.9
493 541.3
494 520.6
495 502.2
496 479.6
497 462.6
498 439.7
499 532.0
500 495.3
501 487.7
502 466.5
503 454.6
504 514.1
505 505.7
506 490.6
507 480.0
508 455.9
509 529.2
510 504.3
511 484.8
512 470.8
513 450.7
514 543.4
515 511.2
516 491.2
517 473.8
518 449.8
519 533.5
520 523.2
521 493.9
522 472.8
523 457.0
524 441.2
525 519.7
526 494.7
527 487.0
528 453.3
529 442.0
530 523.6
531 504.3
532 493.6
533 461.0
534 446.5
535 515.6
536 510.5
537 502.6
538 468.3
539 450.6
540 528.3
541 513.6
542 496.9
543 464.0
544 453.2
545 531.9
546 513.3
547 497.5
548 483.7
549 463.1
550 430.1
551 516.7
552 488.9
553 485.7
554 448.6
555 442.5
556 516.6
557 497.7
558 478.0
559 460.5
560 445.4
561 523.9
562 503.9
563 490.5
564 464.1
565 462.7
566 538.1
567 503.2
568 482.0
569 459.2
570 451.7
571 525.2
572 516.6
573 484.3
574 467.4
575 449.3
576 531.2
577 507.3
578 495.9
579 470.0
580 460.6
581 437.3
582 508.7
583 492.8
584 483.5
585 464.0
586 441.7
587 519.6
588 496.6
589 473.0
590 460.8
591 447.8
592 515.6
593 501.9
594 472.9
595 462.8
596 448.2
597 531.5
598 492.8
599 490.1
600 472.7
601 442.3
602 517.5
603 503.7
604 491.3
605 465.7
606 439.7
607 434.7
608 492.7
609 503.4
610 464.3
611 456.6
612 433.4
613 504.9
614 489.9
615 475.2
616 456.0
617 441.3
618 501.6
619 502.5
620 475.3
621 454.4
622 454.8
623 508.0
624 504.1
625 472.2
626 468.5
627 436.3
628 518.2
629 493.0
630 477.5
631 471.8
632 454.5
633 421.6
634 497.3
635 479.6
636 472.3
637 444.1
638 435.5
639 506.3
640 501.3
641 478.7
642 455.1
643 426.2
644 504.0
645 490.5
646 469.5
647 445.9
648 429.3
649 496.6
650 499.3
651 480.9
652 452.7
653 446.8
654 505.5
655 503.4
656 477.9
657 466.2
658 444.9
659 514.8
660 502.1
661 476.8
662 458.5
663 449.9
664 427.6
665 509.1
666 486.7
667 465.8
668 454.4
669 432.2
670 507.8
671 487.4
672 464.5
673 447.6
674 425.1
675 501.1
676 494.4
677 468.1
678 449.4
679 440.9
680 509.1
681 479.2
682 470.1
683 452.3
684 435.8
685 504.9
686 499.0
687 472.3
688 454.7
689 442.0
690 423.1
691 489.9
692 478.5
693 448.1
694 448.1
695 419.1
696 505.9
697 476.2
698 467.0
699 449.5
700 430.0
701 500.9
702 497.5
703 459.4
704 449.9
705 435.3
706 506.4
707 489.2
708 463.3
709 449.0
710 428.1
711 505.2
712 491.3
713 473.3
714 462.4
715 443.0
716 413.9
717 488.9
718 467.4
719 461.0
720 440.4
721 424.1
722 498.1
723 473.9
724 461.4
725 436.1
726 428.4
727 494.8
728 485.5
729 448.2
730 433.0
731 429.8
732 500.8
733 474.0
734 475.1
735 457.2
736 428.3
737 488.2
738 486.8
739 473.7
740 457.2
741 436.1
742 414.6
743 496.1
744 470.8
745 456.1
746 444.0
747 416.5
748 495.8
749 467.4
750 458.5
751 433.4
752 419.6
753 504.4
754 486.3
755 449.3
756 436.7
757 428.4
758 506.1
759 480.7
760 451.8
761 446.7
762 420.6
763 498.2
764 476.6
765 458.4
766 448.6
767 428.7
768 510.8
769 492.5
770 457.6
771 448.5
772 441.2
773 411.9
774 493.7
775 472.3
776 451.3
777 429.2
778 418.5
779 481.3
780 473.2
781 440.9
782 426.4
783 410.9
784 493.4
785 475.5
786 463.3
787 439.4
788 414.1
789 491.8
790 472.5
791 465.1
792 442.6
793 427.5
794 503.0
795 479.2
796 462.5
797 452.2
798 421.2
799 411.7
800 492.9
801 457.3
802 444.4
803 425.5
804 411.4
805 476.7
806 467.3
807 455.4
808 429.0
809 408.7
810 477.8
811 464.4
812 455.9
813 423.4
814 422.4
815 496.4
816 471.1
817 459.4
818 443.3
819 420.0
820 486.6
821 477.3
822 459.8
823 433.9
824 427.1
825 406.5
826 480.8
827 454.6
828 437.3
829 418.7
830 409.7
831 477.4
832 456.4
833 436.5
834 423.8
835 424.9
836 488.8
837 459.1
838 443.5
839 430.2
840 413.5
841 488.9
842 461.4
843 450.1
844 418.0
845 422.2
846 485.4
847 480.8
848 445.5
849 424.0
850 417.5
851 491.4
852 479.3
853 456.5
854 438.0
855 410.9
856 396.3
857 468.8
858 440.3
859 436.8
860 418.7
861 416.8
862 470.3
863 460.6
864 448.4
865 430.3
866 416.6
867 483.2
868 455.3
869 455.4
870 437.6
871 406.3
872 485.6
873 463.2
874 462.2
875 422.7
876 416.3
877 486.2
878 464.6
879 457.9
880 437.3
881 421.8
882 393.4
883 468.2
884 446.1
885 442.2
886 425.8
887 401.7
888 465.8
889 446.4
890 428.8
891 420.1
892 407.5
893 468.5
894 454.4
895 436.3
896 433.7
897 411.4
898 475.8
899 460.5
900 452.8
901 432.4
902 410.7
903 480.6
904 453.2
905 453.2
906 439.4
907 414.3
908 398.4
909 477.2
910 453.5
911 429.6
912 418.3
913 404.6
914 468.6
915 452.2
916 436.1
917 414.7
918 409.4
919 462.8
920 461.6
921 437.2
922 417.2
923 409.1
924 476.3
925 457.5
926 440.9
927 423.4
928 407.6
929 465.7
930 469.3
931 445.8
932 413.7
933 409.6
934 384.3
935 466.6
936 445.3
937 428.4
938 408.1
939 394.0
940 469.9
941 449.4
942 432.8
943 414.3
944 392.7
945 462.4
946 447.0
947 439.5
948 418.5
949 407.8
950 457.2
951 444.2
952 430.7
953 433.2
954 410.5
955 475.3
956 457.7
957 434.3
958 413.1
959 413.4
960 461.0
961 462.9
962 435.3
963 417.2
964 412.2
965 388.9
966 473.2
967 436.1
968 429.5
969 410.6
970 397.1
971 463.1
972 452.4
973 432.0
974 423.2
975 398.5
976 475.8
977 443.4
978 428.5
979 406.8
980 398.0
981 464.3
982 442.2
983 432.2
984 418.1
985 407.8
986 480.9
987 453.4
988 432.2
989 421.5
990 406.6
991 381.8
992 459.8
993 442.2
994 425.1
995 404.8
996 388.1
997 464.3
998 444.7
999 424.4
1000 410.9
1001 393.1
1002 469.0
1003 447.9
1004 437.0
1005 411.8
1006 394.2
1007 461.8
1008 457.6
1009 420.6
1010 413.2
1011 393.6
1012 460.0
1013 448.9
1014 433.1
1015 420.3
1016 396.6
1017 378.6
1018 448.4
1019 433.0
1020 423.5
1021 395.3
1022 387.3
1023 460.7
1024 438.9
1025 419.2
1026 401.7
1027 378.2
1028 459.7
1029 440.9
1030 422.8
1031 403.0
1032 397.7
1033 462.0
1034 430.1
1035 430.8
1036 399.6
1037 400.7
1038 456.2
1039 449.9
1040 419.8
1041 408.6
1042 386.3
1043 457.5
1044 441.6
1045 431.6
1046 410.4
1047 404.7
1048 384.4
1049 452.9
1050 440.0
1051 416.8
1052 408.1
1053 379.2
1054 455.9
1055 430.1
1056 427.6
1057 411.1
1058 394.4
1059 451.5
1060 430.6
1061 425.6
1062 398.3
1063 390.2
1064 459.8
1065 438.4
1066 422.9
1067 412.0
1068 393.5
1069 457.5
1070 452.0
1071 427.9
1072 418.1
1073 391.6
1074 379.2
1075 446.8
1076 431.4
1077 402.6
1078 404.6
1079 380.0
1080 452.6
1081 430.8
1082 421.5
1083 395.7
1084 377.1
1085 459.3
1086 441.1
1087 419.4
1088 398.4
1089 383.6
1090 455.2
1091 436.6
1092 428.1
1093 403.2
1094 387.3
1095 450.9
1096 440.9
1097 413.5
1098 406.4
1099 385.5
1100 373.0
1101 443.2
1102 424.0
1103 406.0
1104 396.4
1105 379.4
1106 446.8
1107 423.0
1108 412.2
1109 384.5
1110 377.0
1111 445.8
1112 427.7
1113 420.4
1114 390.4
1115 380.6
1116 443.0
1117 435.0
1118 414.3
1119 394.5
1120 388.9
1121 457.8
1122 430.7
1123 413.4
1124 402.2
1125 379.3
1126 364.4
1127 427.1
1128 417.1
1129 392.3
1130 384.9
1131 384.6
1132 442.8
1133 427.3
1134 401.5
1135 393.0
1136 373.5
1137 446.4
1138 423.9
1139 423.8
1140 398.6
1141 384.7
1142 455.6
1143 427.9
1144 415.9
1145 383.7
1146 383.3
1147 439.4
1148 432.7
1149 421.2
1150 399.9
1151 391.0
1152 444.7
1153 430.4
1154 411.3
1155 401.2
1156 387.0
1157 365.6
1158 428.5
1159 423.4
1160 405.7
1161 395.7
1162 371.3
1163 440.1
1164 425.4
1165 405.1
1166 393.0
1167 376.7
1168 441.8
1169 420.3
1170 409.5
1171 392.8
1172 382.6
1173 432.5
1174 428.7
1175 413.3
1176 395.2
1177 375.1
1178 448.9
1179 427.5
1180 422.0
1181 391.7
1182 393.4
1183 365.2
1184 437.1
1185 422.6
1186 400.7
1187 386.2
1188 369.7
1189 432.4
1190 416.2
1191 397.5
1192 384.5
1193 370.5
1194 440.1
1195 416.5
1196 400.9
1197 390.4
1198 375.4
1199 439.0
1200 414.7
1201 401.3
1202 390.3
1203 370.6
1204 445.2
1205 418.1
1206 400.8
1207 388.9
1208 369.0
1209 360.7
1210 431.6
1211 417.8
1212 396.0
1213 385.4
1214 361.3
1215 423.9
1216 406.8
1217 402.1
1218 384.6
1219 372.4
1220 425.3
1221 415.2
1222 396.4
1223 387.7
1224 365.3
1225 428.6
1226 419.4
1227 404.6
1228 383.8
1229 372.6
1230 433.3
1231 421.0
1232 405.0
1233 390.2
1234 371.6
1235 439.2
1236 417.2
1237 398.1
1238 396.1
1239 383.4
1240 363.4
1241 429.2
1242 410.3
1243 396.8
1244 379.7
1245 367.0
1246 426.1
1247 406.7
1248 391.3
1249 369.2
1250 358.1
1251 429.1
1252 415.3
1253 409.1
1254 373.2
1255 362.4
1256 433.8
1257 414.5
1258 395.5
1259 384.8
1260 374.7
1261 435.3
1262 414.0
1263 405.1
1264 389.6
1265 379.4
1266 356.5
1267 422.7
1268 403.7
1269 386.1
1270 377.4
1271 356.4
1272 439.1
1273 410.2
1274 393.8
1275 371.0
1276 355.3
1277 433.7
1278 403.4
1279 387.6
1280 376.2
1281 352.5
1282 424.2
1283 401.1
1284 391.3
1285 378.9
1286 363.7
1287 425.7
1288 414.2
1289 394.5
1290 380.3
1291 359.4
1292 353.0
1293 418.2
1294 400.8
1295 378.4
1296 363.0
1297 346.0
1298 418.9
1299 388.7
1300 382.2
1301 365.0
1302 367.8
1303 414.0
1304 396.6
1305 383.2
1306 367.3
1307 359.9
1308 425.4
1309 402.8
1310 386.4
1311 376.5
1312 351.2
1313 433.7
1314 400.4
1315 392.0
1316 370.3
1317 361.8
1318 418.7
1319 412.0
1320 396.3
1321 380.2
1322 358.9
1323 342.0
1324 408.4
1325 388.5
1326 379.1
1327 360.1
1328 348.6
1329 412.7
1330 398.7
1331 386.9
1332 369.1
1333 354.4
1334 416.5
1335 394.8
1336 385.5
1337 370.4
1338 350.9
1339 416.0
1340 404.7
1341 390.3
1342 374.2
1343 354.2
1344 428.2
1345 408.2
1346 396.1
1347 375.3
1348 363.9
1349 337.0
1350 412.6
1351 387.1
1352 381.6
1353 354.3
1354 342.2
1355 403.9
1356 394.4
1357 370.1
1358 356.7
1359 341.2
1360 412.8
1361 386.6
1362 381.7
1363 366.8
1364 342.7
1365 407.2
1366 389.7
1367 386.0
1368 365.9
1369 352.8
1370 407.7
1371 387.4
1372 380.7
1373 362.4
1374 353.3
1375 337.6
1376 396.3
1377 383.2
1378 368.3
1379 353.2
1380 340.9
1381 393.1
1382 386.3
1383 371.9
1384 360.1
1385 339.8
1386 398.4
1387 391.1
1388 378.8
1389 359.9
1390 345.4
1391 413.8
1392 396.8
1393 371.1
1394 355.6
1395 343.9
1396 416.6
1397 394.6
1398 371.4
1399 354.2
1400 347.3
1401 341.2
1402 396.1
1403 379.5
1404 353.9
1405 346.6
1406 330.4
1407 403.2
1408 382.4
1409 364.4
1410 349.1
1411 333.1
1412 396.8
1413 378.4
1414 370.8
1415 357.0
1416 335.4
1417 394.8
1418 384.7
1419 378.7
1420 352.7
1421 343.0
1422 392.5
1423 384.2
1424 372.8
1425 361.7
1426 347.4
1427 398.4
1428 388.0
1429 382.0
1430 354.3
1431 343.1
1432 321.3
1433 391.8
1434 372.9
1435 363.3
1436 345.9
1437 329.3
1438 394.6
1439 377.9
1440 368.5
1441 350.4
1442 332.4
1443 385.7
1444 373.3
1445 365.5
1446 353.1
1447 341.8
1448 398.1
1449 379.7
1450 362.5
1451 355.7
1452 336.4
1453 389.8
1454 378.2
1455 365.1
1456 344.0
1457 340.4
1458 323.4
1459 378.3
1460 370.7
1461 355.7
1462 342.0
1463 326.2
1464 394.5
1465 368.2
1466 350.4
1467 345.3
1468 328.8
1469 390.8
1470 371.1
1471 351.1
1472 343.0
1473 324.4
1474 385.5
1475 380.8
1476 352.0
1477 332.8
1478 328.2
1479 396.5
1480 382.3
1481 360.1
1482 344.7
1483 333.3
1484 321.3
1485 375.5
1486 361.8
1487 355.1
1488 335.4
1489 317.0
1490 375.8
1491 369.2
1492 348.5
1493 340.5
1494 312.0
1495 376.3
1496 370.3
1497 353.6
1498 340.6
1499 330.4
1500 381.7
1501 369.5
1502 353.6
1503 342.8
1504 327.5
1505 371.1
1506 365.7
1507 350.8
1508 342.5
1509 329.6
1510 383.6
1511 368.1
1512 352.3
1513 338.0
1514 329.0
1515 321.8
1516 373.2
1517 362.3
1518 349.4
1519 334.4
1520 310.5
1521 370.5
1522 357.9
1523 341.1
1524 327.7
1525 308.3
1526 371.1
1527 364.6
1528 344.6
1529 327.5
1530 321.8
1531 379.8
1532 370.9
1533 334.8
1534 337.0
1535 324.1
1536 375.1
1537 367.9
1538 342.9
1539 335.5
1540 320.8
1541 313.8
1542 367.5
1543 350.2
1544 331.2
1545 322.9
1546 307.2
1547 379.8
1548 352.5
1549 341.7
1550 321.9
1551 307.2
1552 374.3
1553 352.2
1554 344.3
1555 317.5
1556 312.9
1557 367.5
1558 352.1
1559 343.1
1560 320.5
1561 316.9
1562 369.8
1563 362.0
1564 340.4
1565 322.4
1566 309.4
1567 302.1
1568 353.1
1569 338.7
1570 330.5
1571 315.9
1572 302.8
1573 361.7
1574 350.0
1575 333.9
1576 325.7
1577 307.9
1578 368.4
1579 343.4
1580 329.3
1581 320.3
1582 305.1
1583 360.4
1584 345.5
1585 332.0
1586 320.3
1587 310.3
1588 367.5
1589 345.7
1590 335.8
1591 325.9
1592 300.2
1593 296.2
1594 343.4
1595 336.0
1596 329.1
1597 311.4
1598 295.5
1599 350.0
1600 338.4
1601 326.7
1602 314.8
1603 305.2
1604 352.5
1605 339.0
1606 324.1
1607 317.1
1608 299.1
1609 359.1
1610 343.9
1611 329.7
1612 306.0
1613 298.7
1614 358.2
1615 344.9
1616 332.2
1617 314.2
1618 306.3
1619 361.1
1620 344.5
1621 330.6
1622 322.9
1623 297.6
1624 298.8
1625 332.3
1626 337.4
1627 309.9
1628 308.4
1629 288.0
1630 350.6
1631 323.5
1632 323.4
1633 301.1
1634 300.2
1635 345.1
1636 331.3
1637 321.7
1638 311.9
1639 299.5
1640 354.7
1641 335.8
1642 325.2
1643 303.3
1644 292.3
1645 344.9
1646 336.8
1647 323.2
1648 305.3
1649 296.8
1650 279.7
1651 334.8
1652 320.4
1653 307.6
1654 300.0
1655 284.2
1656 332.4
1657 321.4
1658 311.5
1659 304.6
1660 286.1
1661 333.0
1662 328.1
1663 309.8
1664 300.6
1665 285.1
1666 345.4
1667 327.1
1668 313.5
1669 300.2
1670 290.2
1671 341.4
1672 320.0
1673 311.3
1674 300.5
1675 286.6
1676 283.5
1677 326.1
1678 320.5
1679 301.2
1680 292.7
1681 280.6
1682 322.5
1683 317.6
1684 303.9
1685 293.2
1686 281.3
1687 325.9
1688 317.5
1689 309.6
1690 298.4
1691 283.8
1692 323.1
1693 321.2
1694 303.8
1695 297.1
1696 279.4
1697 332.1
1698 313.0
1699 309.6
1700 292.6
1701 283.8
1702 337.6
1703 318.9
1704 308.2
1705 297.9
1706 284.4
1707 268.8
1708 319.7
1709 303.2
1710 298.5
1711 279.4
1712 274.4
1713 318.8
1714 309.3
1715 287.7
1716 278.9
1717 267.6
1718 321.5
1719 308.2
1720 295.7
1721 284.9
1722 272.5
1723 322.6
1724 313.1
1725 300.5
1726 288.3
1727 276.6
1728 322.5
1729 304.9
1730 303.7
1731 280.7
1732 275.3
1733 264.4
1734 316.2
1735 299.0
1736 287.2
1737 278.9
1738 268.0
1739 311.2
1740 307.0
1741 287.1
1742 285.3
1743 268.7
1744 307.7
1745 301.7
1746 284.2
1747 279.1
1748 263.5
1749 315.2
1750 303.9
1751 290.3
1752 279.8
1753 265.6
1754 317.8
1755 301.3
1756 295.0
1757 276.0
1758 268.7
1759 257.2
1760 305.4
1761 298.8
1762 282.6
1763 272.3
1764 255.1
1765 300.6
1766 291.5
1767 284.6
1768 276.4
1769 261.1
1770 302.4
1771 290.8
1772 276.6
1773 276.7
1774 253.3
1775 311.0
1776 291.4
1777 283.4
1778 270.9
1779 255.9
1780 302.2
1781 292.9
1782 281.6
1783 275.3
1784 269.3
1785 258.6
1786 306.2
1787 287.9
1788 277.8
1789 266.9
1790 248.6
1791 295.7
1792 280.4
1793 278.3
1794 259.2
1795 253.6
1796 294.6
1797 291.7
1798 262.0
1799 256.4
1800 248.5
1801 288.0
1802 286.4
1803 267.4
1804 268.9
1805 242.6
1806 297.8
1807 281.9
1808 270.9
1809 260.1
1810 246.4
1811 299.6
1812 290.8
1813 278.3
1814 269.6
1815 249.1
1816 247.0
1817 289.0
1818 278.5
1819 264.6
1820 252.2
1821 241.6
1822 294.3
1823 273.1
1824 264.8
1825 247.6
1826 243.8
1827 285.4
1828 283.0
1829 259.1
1830 250.8
1831 237.6
1832 289.0
1833 277.5
1834 265.7
1835 249.0
1836 246.6
1837 288.6
1838 272.4
1839 261.5
1840 258.0
1841 236.6
1842 235.5
1843 274.2
1844 263.1
1845 255.6
1846 247.1
1847 234.1
1848 278.7
1849 263.7
1850 252.4
1851 251.3
1852 229.5
1853 280.3
1854 262.2
1855 254.1
1856 246.8
1857 238.2
1858 278.3
1859 263.4
1860 258.0
1861 251.3
1862 237.0
1863 270.2
1864 269.5
1865 262.4
1866 241.5
1867 239.9
1868 229.1
1869 268.0
1870 257.0
1871 240.6
1872 237.8
1873 230.3
1874 273.2
1875 264.7
1876 244.6
1877 232.0
1878 226.1
1879 271.3
1880 258.3
1881 245.8
1882 233.3
1883 225.0
1884 265.4
1885 258.8
1886 248.8
1887 238.3
1888 219.3
1889 273.8
1890 252.0
1891 245.4
1892 240.3
1893 229.1
1894 265.3
1895 261.2
1896 250.3
1897 233.2
1898 223.3
1899 219.8
1900 257.3
1901 243.6
1902 230.3
1903 226.3
1904 218.3
1905 254.6
1906 254.5
1907 241.2
1908 235.1
1909 219.7
1910 259.9
1911 244.3
1912 235.9
1913 232.1
1914 221.1
1915 249.3
1916 247.7
1917 240.8
1918 226.6
1919 218.7
1920 260.0
1921 246.1
1922 235.7
1923 224.2
1924 218.3
1925 209.8
1926 249.2
1927 235.8
1928 236.4
1929 216.7
1930 206.9
1931 240.0
1932 236.2
1933 225.0
1934 221.7
1935 213.6
1936 245.3
1937 241.2
1938 232.3
1939 224.8
1940 214.5
1941 253.9
1942 238.0
1943 228.7
1944 215.9
1945 213.4
1946 247.3
1947 235.8
1948 228.9
1949 214.6
1950 212.6
1951 203.8
1952 232.3
1953 229.8
1954 215.9
1955 214.0
1956 210.4
1957 237.9
1958 237.5
1959 223.3
1960 211.4
1961 195.2
1962 245.8
1963 236.9
1964 222.2
1965 218.5
1966 204.6
1967 238.3
1968 226.0
1969 224.2
1970 215.1
1971 212.3
1972 236.1
1973 235.6
1974 220.1
1975 216.7
1976 203.2
1977 242.4
1978 229.3
1979 221.4
1980 210.5
1981 204.9
1982 197.1
1983 232.2
1984 224.3
1985 204.5
1986 200.7
1987 195.0
1988 228.1
1989 224.5
1990 208.0
1991 205.6
1992 195.9
1993 227.0
1994 220.9
1995 208.8
1996 201.3
1997 194.9
1998 227.9
1999 216.5
2000 206.7
2001 200.9
2002 193.6
2003 224.0
2004 219.3
2005 207.3
2006 204.2
2007 192.5
2008 192.1
2009 222.5
2010 210.7
2011 200.6
2012 198.3
2013 187.8
2014 222.1
2015 204.9
2016 204.0
2017 196.1
2018 190.0
2019 218.6
2020 212.1
2021 200.0
2022 193.5
2023 189.5
2024 227.3
2025 217.2
2026 205.1
2027 192.2
2028 186.8
2029 223.5
2030 211.8
2031 201.4
2032 193.1
2033 179.2
2034 178.8
2035 212.2
2036 205.2
2037 192.4
2038 188.3
2039 183.9
2040 215.9
2041 207.6
2042 193.0
2043 188.0
2044 178.6
2045 215.3
2046 199.1
2047 198.4
2048 190.2
2049 172.2
2050 204.2
2051 203.7
2052 192.6
2053 188.4
2054 179.9
2055 209.6
2056 202.5
2057 193.0
2058 190.0
2059 179.8
2060 167.2
2061 197.1
2062 192.0
2063 191.7
2064 178.0
2065 172.7
2066 194.2
2067 191.4
2068 181.9
2069 177.2
2070 169.1
2071 198.8
2072 195.5
2073 182.4
2074 177.0
2075 174.2
2076 202.3
2077 192.0
2078 180.2
2079 175.0
2080 170.8
2081 201.7
2082 192.9
2083 182.3
2084 172.3
2085 168.3
2086 204.1
2087 195.4
2088 179.8
2089 174.9
2090 161.3
2091 164.4
2092 187.8
2093 184.9
2094 173.8
2095 171.3
2096 161.3
2097 191.4
2098 185.7
2099 175.2
2100 173.7
2101 163.0
2102 194.5
2103 182.1
2104 169.8
2105 164.2
2106 160.8
2107 189.1
2108 185.5
2109 176.3
2110 166.6
2111 157.2
2112 192.6
2113 181.2
2114 173.2
2115 167.8
2116 155.6
2117 149.3
2118 183.6
2119 171.5
2120 169.6
2121 155.7
2122 156.7
2123 172.9
2124 174.7
2125 169.4
2126 157.3
2127 155.0
2128 178.8
2129 177.9
2130 173.8
2131 161.7
2132 155.6
2133 183.1
2134 172.6
2135 169.3
2136 169.5
2137 154.9
2138 180.7
2139 167.6
2140 164.7
2141 164.8
2142 150.1
2143 147.9
2144 169.4
2145 169.9
2146 155.5
2147 158.0
2148 145.5
2149 176.2
2150 158.1
2151 163.5
2152 151.4
2153 150.8
2154 169.8
2155 163.8
2156 154.8
2157 151.2
2158 143.4
2159 172.1
2160 167.5
2161 161.3
2162 147.8
2163 140.8
2164 173.7
2165 163.6
2166 164.8
2167 150.1
2168 141.4
2169 169.0
2170 161.7
2171 159.9
2172 152.7
2173 143.6
2174 135.4
2175 159.8
2176 154.7
2177 145.1
2178 147.1
2179 142.3
2180 164.9
2181 152.8
2182 150.1
2183 146.4
2184 142.0
2185 162.7
2186 157.3
2187 148.0
2188 145.3
2189 136.5
2190 159.3
2191 149.6
2192 152.5
2193 141.9
2194 137.7
2195 160.4
2196 152.4
2197 147.6
2198 142.4
2199 138.7
2200 129.9
2201 150.9
2202 150.5
2203 146.0
2204 135.7
2205 134.2
2206 149.0
2207 149.5
2208 144.4
2209 134.8
2210 135.7
2211 150.1
2212 152.9
2213 141.5
2214 141.7
2215 132.6
2216 153.7
2217 148.8
2218 141.0
2219 138.8
2220 128.4
2221 151.1
2222 145.4
2223 143.1
2224 139.1
2225 132.6
2226 126.8
2227 146.9
2228 143.3
2229 135.2
2230 130.8
2231 124.3
2232 147.8
2233 138.0
2234 134.1
2235 126.9
2236 123.3
2237 141.1
2238 139.3
2239 130.5
2240 123.4
2241 120.8
2242 142.0
2243 138.4
2244 132.5
2245 129.0
2246 119.1
2247 142.4
2248 135.4
2249 132.9
2250 127.2
2251 127.2
2252 119.5
2253 140.0
2254 129.9
2255 125.6
2256 122.1
2257 117.6
2258 137.7
2259 130.2
2260 122.6
2261 117.7
2262 112.7
2263 132.8
2264 133.2
2265 123.5
2266 119.3
2267 114.0
2268 132.6
2269 131.7
2270 123.3
2271 120.3
2272 115.8
2273 128.9
2274 128.1
2275 123.5
2276 117.5
2277 108.8
2278 136.9
2279 124.1
2280 127.6
2281 111.6
2282 115.4
2283 109.6
2284 128.5
2285 119.3
2286 121.5
2287 109.3
2288 109.0
2289 124.8
2290 122.0
2291 115.1
2292 109.9
2293 103.6
2294 127.3
2295 122.3
2296 111.0
2297 110.1
2298 106.8
2299 122.5
2300 124.6
2301 114.6
2302 112.8
2303 109.0
2304 123.6
2305 124.9
2306 116.4
2307 114.2
2308 107.3
2309 102.8
2310 120.2
2311 118.0
2312 107.0
2313 108.0
2314 101.3
2315 119.9
2316 115.2
2317 106.3
2318 104.1
2319 102.1
2320 117.2
2321 109.3
2322 107.8
2323 100.5
2324 103.1
2325 113.8
2326 110.2
2327 109.4
2328 100.0
2329 98.0
2330 113.9
2331 113.7
2332 107.4
2333 102.5
2334 99.4
2335 96.7
2336 115.2
2337 108.3
2338 102.0
2339 99.0
2340 94.6
2341 114.9
2342 103.1
2343 100.2
2344 93.3
2345 93.8
2346 110.4
2347 103.7
2348 95.7
2349 94.7
2350 91.6
2351 112.2
2352 104.9
2353 98.9
2354 95.7
2355 91.3
2356 108.4
2357 104.9
2358 97.9
2359 96.6
2360 94.0
2361 109.3
2362 107.1
2363 96.9
2364 95.5
2365 89.0
2366 90.1
2367 102.8
2368 102.1
2369 93.8
2370 93.8
2371 83.1
2372 104.8
2373 102.5
2374 98.3
2375 92.4
2376 85.8
2377 102.4
2378 100.2
2379 92.9
2380 91.7
2381 87.6
2382 101.2
2383 99.1
2384 93.4
2385 89.3
2386 87.2
2387 101.0
2388 100.7
2389 93.5
2390 91.1
2391 89.2
2392 80.6
2393 89.8
2394 89.9
2395 90.5
2396 83.6
2397 83.8
2398 97.1
2399 88.6
2400 89.5
2401 83.6
2402 81.9
2403 95.4
2404 90.1
2405 92.0
2406 84.2
2407 80.7
2408 95.6
2409 88.8
2410 84.4
2411 84.0
2412 81.2
2413 92.2
2414 92.4
2415 85.8
2416 83.7
2417 79.7
2418 77.3
2419 91.7
2420 84.0
2421 83.1
2422 78.0
2423 76.3
2424 90.7
2425 86.7
2426 78.6
2427 74.1
2428 69.8
2429 87.3
2430 85.1
2431 80.6
2432 73.5
2433 77.2
2434 87.3
2435 83.4
2436 78.3
2437 78.1
2438 76.1
2439 87.4
2440 83.1
2441 77.8
2442 74.7
2443 70.5
2444 70.5
2445 83.1
2446 77.3
2447 73.1
2448 69.9
2449 72.6
2450 84.0
2451 81.1
2452 74.5
2453 73.0
2454 69.1
2455 80.2
2456 72.6
2457 78.4
2458 74.7
2459 69.3
2460 81.1
2461 72.6
2462 77.7
2463 68.9
2464 72.8
2465 80.3
2466 77.0
2467 74.3
2468 70.1
2469 69.0
2470 76.9
2471 70.9
2472 73.4
2473 67.0
2474 65.5
2475 62.1
2476 72.7
2477 69.8
2478 68.8
2479 67.9
2480 65.3
2481 72.0
2482 70.2
2483 68.2
2484 66.1
2485 64.1
2486 74.9
2487 69.6
2488 70.0
2489 65.6
2490 61.2
2491 72.6
2492 66.0
2493 65.9
2494 67.1
2495 63.2
2496 68.1
2497 70.7
2498 63.0
2499 62.8
2500 59.6
2501 61.5
2502 68.1
2503 66.0
2504 62.2
2505 60.1
2506 58.3
2507 66.3
2508 65.6
2509 63.3
2510 58.5
2511 60.2
2512 66.1
2513 65.1
2514 60.3
2515 57.0
2516 55.6
2517 64.0
2518 66.0
2519 59.3
2520 56.3
2521 56.3
2522 64.2
2523 61.7
2524 58.9
2525 53.7
2526 54.8
2527 51.5
2528 58.6
2529 59.1
2530 57.0
2531 53.7
2532 51.4
2533 59.8
2534 56.1
2535 59.1
2536 54.0
2537 52.2
2538 62.4
2539 57.2
2540 57.3
2541 52.9
2542 51.8
2543 58.8
2544 55.7
2545 53.9
2546 52.5
2547 54.6
2548 59.2
2549 58.0
2550 57.2
2551 53.6
2552 52.0
2553 57.6
2554 58.3
2555 51.3
2556 53.4
2557 50.0
2558 48.7
2559 54.7
2560 54.3
2561 51.3
2562 53.4
2563 45.6
2564 54.3
2565 51.5
2566 52.3
2567 49.1
2568 49.0
2569 52.8
2570 57.2
2571 48.9
2572 47.9
2573 48.2
2574 54.2
2575 51.7
2576 51.6
2577 46.4
2578 45.1
2579 51.6
2580 55.5
2581 49.9
2582 46.8
2583 43.3
2584 44.3
2585 52.9
2586 49.6
2587 45.7
2588 41.0
2589 47.1
2590 51.5
2591 50.2
2592 45.8
2593 43.7
2594 42.8
2595 48.2
2596 46.8
2597 44.9
2598 42.8
2599 41.2
2600 48.9
2601 49.6
2602 45.7
2603 42.8
2604 41.1
2605 47.8
2606 44.8
2607 45.1
2608 45.2
2609 43.1
2610 37.9
2611 47.7
2612 43.2
2613 44.2
2614 43.3
2615 34.9
2616 48.9
2617 40.3
2618 42.2
2619 42.3
2620 40.7
2621 45.8
2622 41.3
2623 42.4
2624 39.2
2625 38.8
2626 41.7
2627 46.1
2628 41.4
2629 39.7
2630 36.4
2631 42.5
2632 42.0
2633 39.5
2634 36.0
2635 38.3
2636 43.1
2637 42.9
2638 39.4
2639 37.4
2640 37.8
2641 36.4
2642 40.6
2643 41.4
2644 40.2
2645 35.1
2646 35.2
2647 40.7
2648 37.9
2649 39.9
2650 34.2
2651 35.6
2652 43.7
2653 38.5
2654 38.1
2655 35.2
2656 34.4
2657 40.8
2658 41.0
2659 36.0
2660 38.0
2661 32.5
2662 40.3
2663 37.4
2664 34.7
2665 35.7
2666 32.7
2667 30.6
2668 37.6
2669 36.2
2670 34.4
2671 31.8
2672 31.0
2673 34.7
2674 37.5
2675 32.9
2676 31.8
2677 31.4
2678 33.2
2679 35.0
2680 32.7
2681 32.1
2682 28.6
2683 34.1
2684 32.7
2685 30.4
2686 30.7
2687 30.4
2688 31.9
2689 32.0
2690 31.9
2691 30.6
2692 28.2
2693 28.5
2694 32.4
2695 30.0
2696 28.9
2697 28.9
2698 27.3
2699 31.7
2700 27.4
2701 30.8
2702 26.7
2703 26.9
2704 29.2
2705 31.5
2706 27.5
2707 28.4
2708 25.7
2709 31.6
2710 30.9
2711 29.4
2712 27.7
2713 27.1
2714 28.5
2715 25.6
2716 27.7
2717 26.9
2718 24.6
2719 25.6
2720 28.6
2721 27.0
2722 25.7
2723 24.3
2724 27.1
2725 28.7
2726 27.7
2727 26.0
2728 25.8
2729 25.2
2730 28.0
2731 26.1
2732 26.6
2733 25.6
2734 23.5
2735 26.6
2736 26.5
2737 25.1
2738 27.0
2739 22.6
2740 27.0
2741 26.9
2742 24.3
2743 23.7
2744 24.2
2745 23.0
2746 24.6
2747 23.6
2748 25.5
2749 23.7
2750 20.7
2751 22.8
2752 23.2
2753 20.6
2754 20.4
2755 19.9
2756 25.4
2757 21.1
2758 23.8
2759 18.8
2760 23.4
2761 22.7
2762 23.4
2763 21.8
2764 20.1
2765 19.5
2766 24.3
2767 22.2
2768 20.5
2769 19.2
2770 21.0
2771 22.7
2772 23.1
2773 22.7
2774 20.6
2775 18.8
2776 22.9
2777 21.6
2778 20.3
2779 18.3
2780 20.1
2781 19.8
2782 22.5
2783 22.2
2784 18.5
2785 18.2
2786 17.4
2787 23.3
2788 19.9
2789 17.0
2790 17.3
2791 19.1
2792 21.2
2793 18.6
2794 19.5
2795 18.7
2796 18.0
2797 19.3
2798 19.1
2799 19.1
2800 17.6
2801 18.5
2802 17.0
2803 20.7
2804 16.8
2805 18.3
2806 15.1
2807 17.1
2808 18.3
2809 19.2
2810 17.1
2811 17.7
2812 17.2
2813 16.9
2814 18.4
2815 17.3
2816 18.4
2817 14.3
2818 16.3
2819 16.3
2820 17.3
2821 15.4
2822 17.5
2823 18.7
2824 16.4
2825 15.8
2826 16.8
2827 16.0
2828 18.0
2829 17.6
2830 18.7
2831 15.9
2832 15.4
2833 16.0
2834 16.9
2835 16.0
2836 16.0
2837 13.5
2838 14.2
2839 16.4
2840 16.2
2841 14.1
2842 14.6
2843 15.1
2844 17.4
2845 14.6
2846 15.4
2847 14.0
2848 12.9
2849 17.5
2850 16.3
2851 15.1
2852 14.8
2853 11.2
2854 16.0
2855 15.8
2856 13.6
2857 13.8
2858 12.8
2859 14.0
2860 15.2
2861 13.5
2862 12.4
2863 13.7
2864 12.2
2865 15.3
2866 13.5
2867 12.2
2868 12.8
2869 11.1
2870 13.7
2871 14.8
2872 12.9
2873 11.9
2874 10.7
2875 14.3
2876 12.7
2877 12.7
2878 12.8
2879 13.6
2880 13.2
2881 13.5
2882 11.8
2883 12.2
2884 11.1
2885 10.2
2886 11.8
2887 14.9
2888 9.7
2889 11.8
2890 10.5
2891 9.4
2892 12.0
2893 11.4
2894 10.5
2895 11.7
2896 13.9
2897 13.2
2898 12.0
2899 12.0
2900 10.7
2901 12.6
2902 11.4
2903 11.5
2904 10.5
2905 11.9
2906 11.4
2907 11.0
2908 11.0
2909 10.7
2910 10.0
2911 9.3
2912 12.1
2913 10.2
2914 11.6
2915 8.7
2916 9.7
2917 10.4
2918 10.6
2919 10.5
2920 9.9
2921 9.1
2922 10.9
2923 9.6
2924 7.9
2925 9.1
2926 9.1
2927 9.8
2928 10.0
2929 10.5
2930 8.2
2931 9.7
2932 10.9
2933 9.5
2934 8.8
2935 8.3
2936 9.1
2937 7.0
2938 9.9
2939 9.0
2940 8.1
2941 8.7
2942 8.1
2943 9.0
2944 9.1
2945 7.4
2946 9.8
2947 7.8
2948 9.2
2949 8.8
2950 8.2
2951 8.2
2952 7.3
2953 7.6
2954 7.4
2955 6.4
2956 9.0
2957 6.8
2958 8.1
2959 7.4
2960 8.8
2961 6.7
2962 7.8
2963 8.8
2964 7.5
2965 7.1
2966 7.4
2967 6.7
2968 6.5
2969 8.0
2970 7.5
2971 8.2
2972 6.8
2973 6.8
2974 7.1
2975 6.2
2976 7.7
2977 6.9
2978 6.4
2979 8.0
2980 7.3
2981 6.8
2982 8.4
2983 5.3
2984 8.5
2985 7.4
2986 7.2
2987 6.9
2988 7.0
2989 7.7
2990 6.9
2991 6.7
2992 6.0
2993 6.7
2994 6.4
2995 7.9
2996 6.2
2997 6.7
2998 7.6
2999 5.9
3000 6.4
3001 6.6
3002 8.0
3003 6.1
3004 5.7
3005 6.7
3006 7.0
3007 5.3
3008 4.8
3009 6.6
3010 6.3
3011 7.3
3012 6.9
3013 5.3
3014 5.3
3015 4.8
3016 6.6
3017 6.2
3018 7.3
3019 4.7
3020 5.5
3021 5.3
3022 5.6
3023 5.5
3024 5.3
3025 4.9
3026 6.1
3027 4.9
3028 5.6
3029 4.8
3030 5.7
3031 6.8
3032 5.1
3033 5.9
3034 5.2
3035 6.3
3036 4.7
3037 4.8
3038 4.3
3039 5.2
3040 4.9
3041 5.4
3042 4.8
3043 5.6
3044 4.3
3045 6.1
3046 6.2
3047 4.7
3048 6.0
3049 5.3
3050 4.2
3051 5.0
3052 6.6
3053 4.5
3054 4.1
3055 6.1
3056 4.1
3057 5.4
3058 4.3
3059 3.4
3060 5.0
3061 4.7
3062 5.7
3063 3.8
3064 3.8
3065 4.4
3066 4.0
3067 5.2
3068 4.1
3069 5.4
3070 4.7
3071 4.2
3072 4.2
3073 5.8
3074 4.7
3075 4.0
3076 3.2
3077 4.7
3078 4.4
3079 5.2
3080 3.6
3081 4.1
3082 4.8
3083 5.7
3084 4.3
3085 4.2
3086 3.3
3087 5.8
3088 3.8
3089 3.8
3090 5.0
3091 4.4
3092 3.8
3093 4.5
3094 3.9
3095 4.4
3096 3.6
3097 3.5
3098 4.8
3099 4.7
3100 4.5
3101 3.8
3102 3.5
3103 3.2
3104 3.7
3105 4.5
3106 3.9
3107 3.3
3108 3.2
3109 2.9
3110 3.8
3111 3.5
3112 4.1
3113 3.1
3114 4.3
3115 4.0
3116 3.0
3117 3.7
3118 4.4
3119 5.1
3120 3.8
3121 4.2
3122 3.0
3123 3.4
3124 3.3
3125 4.3
3126 3.0
3127 2.2
3128 4.1
3129 4.1
3130 4.0
3131 4.4
3132 3.9
3133 3.4
3134 3.7
3135 3.3
3136 4.2
3137 2.9
3138 3.1
3139 3.0
3140 3.6
3141 4.4
3142 3.7
3143 3.1
3144 2.9
3145 2.8
3146 4.0
3147 3.1
3148 3.2
3149 2.7
3150 3.6
3151 3.9
3152 2.9
3153 2.8
3154 3.6
3155 3.6
3156 2.2
3157 3.8
3158 3.3
3159 3.2
3160 2.8
3161 2.7
3162 3.1
3163 3.0
3164 3.1
3165 2.4
3166 3.6
3167 3.2
3168 3.1
3169 3.1
3170 2.8
3171 2.6
3172 4.4
3173 4.1
3174 3.1
3175 2.9
3176 2.5
3177 2.7
3178 2.8
3179 3.4
3180 3.5
3181 2.8
3182 4.4
3183 2.3
3184 3.0
3185 2.5
3186 1.3
3187 2.9
3188 2.7
3189 3.0
3190 2.6
3191 2.4
3192 3.7
3193 2.7
3194 2.1
3195 2.9
3196 2.9
3197 2.4
3198 2.4
3199 2.3
3200 3.7
3201 2.5
3202 2.1
3203 2.7
3204 2.9
3205 2.7
3206 2.1
3207 2.9
3208 3.1
3209 2.8
3210 2.3
3211 2.2
3212 3.5
3213 2.9
3214 3.3
3215 2.5
3216 2.4
3217 2.8
3218 2.6
3219 2.4
3220 3.4
3221 3.4
3222 2.6
3223 3.1
3224 2.6
3225 2.5
3226 2.4
3227 1.9
3228 1.9
3229 1.8
3230 2.2
3231 2.9
3232 2.6
3233 2.1
3234 2.4
3235 2.1
3236 2.6
3237 2.6
3238 3.2
3239 2.6
3240 2.3
3241 2.6
3242 2.5
3243 2.9
3244 3.0
3245 1.9
3246 2.8
3247 3.2
3248 1.9
3249 2.9
3250 2.4
3251 1.8
3252 2.2
3253 2.3
3254 2.4
3255 2.5
3256 3.1
3257 1.7
3258 2.1
3259 2.4
3260 1.6
3261 1.6
3262 1.8
3263 2.9
3264 2.2
3265 2.2
3266 1.3
3267 2.1
3268 1.8
3269 1.6
3270 2.5
3271 3.1
3272 1.9
3273 2.5
3274 1.7
3275 2.2
3276 2.4
3277 1.8
3278 2.2
3279 1.7
3280 2.0
3281 2.3
3282 1.9
3283 2.2
3284 2.3
3285 2.6
3286 1.6
3287 1.4
3288 1.9
3289 2.0
3290 2.8
3291 1.9
3292 1.9
3293 2.4
3294 1.5
3295 1.9
3296 1.9
3297 2.1
3298 3.0
3299 1.8
3300 1.7
3301 2.9
3302 2.2
3303 1.8
3304 1.4
3305 2.4
3306 2.5
3307 1.8
3308 1.4
3309 2.4
3310 1.8
3311 1.7
3312 2.0
3313 1.9
3314 1.6
3315 1.3
3316 1.8
3317 1.7
3318 1.3
3319 2.6
3320 2.4
3321 2.1
3322 2.4
3323 1.6
3324 1.7
3325 1.5
3326 2.1
3327 2.4
3328 2.0
3329 1.8
3330 1.1
3331 2.8
3332 2.1
3333 2.6
3334 2.6
3335 1.8
3336 1.9
3337 2.4
3338 1.4
3339 2.2
3340 1.8
3341 1.8
3342 2.6
3343 2.0
3344 2.1
3345 1.9
3346 1.0
3347 1.7
3348 2.4
3349 2.1
3350 1.1
3351 2.1
3352 1.6
3353 1.3
3354 1.9
3355 1.8
3356 2.4
3357 2.0
3358 1.6
3359 2.0
3360 1.3
3361 1.2
3362 1.8
3363 2.2
3364 1.7
3365 1.8
3366 1.4
3367 1.3
3368 1.8
3369 2.4
3370 1.8
3371 1.7
3372 2.0
3373 1.7
3374 2.0
3375 1.7
3376 1.4
3377 1.3
3378 1.6
3379 2.6
3380 2.5
3381 1.8
3382 1.5
3383 1.5
3384 2.1
3385 1.8
3386 2.2
3387 1.4
3388 2.0
3389 1.3
3390 2.0
3391 1.5
3392 1.3
3393 1.3
3394 1.7
3395 2.5
3396 1.7
3397 1.3
3398 2.4
3399 1.6
3400 1.7
3401 1.8
3402 1.6
3403 2.1
3404 1.7
3405 1.5
3406 1.9
3407 1.8
3408 1.2
3409 2.0
3410 1.9
3411 2.1
3412 1.7
3413 1.5
3414 1.0
3415 1.5
3416 2.0
3417 2.3
3418 2.1
3419 1.8
3420 1.9
3421 1.5
3422 2.0
3423 2.3
3424 1.9
3425 1.8
3426 1.5
3427 1.6
3428 2.2
3429 1.5
3430 1.7
3431 1.7
3432 1.3
3433 1.3
3434 1.8
3435 1.1
3436 1.0
3437 1.7
3438 1.4
3439 1.3
3440 1.4
3441 1.5
3442 1.6
3443 0.9
3444 1.5
3445 1.7
3446 1.2
3447 1.6
3448 1.5
3449 1.3
3450 1.5
3451 1.2
3452 1.8
3453 1.5
3454 1.4
3455 1.4
3456 1.9
3457 1.9
3458 2.0
3459 1.6
3460 0.6
3461 1.2
3462 1.2
3463 1.4
3464 1.3
3465 1.1
3466 1.7
3467 1.7
3468 1.4
3469 2.2
3470 1.5
3471 1.1
3472 1.4
3473 2.3
3474 1.2
3475 1.6
3476 1.6
3477 1.3
3478 1.8
3479 1.3
3480 2.0
3481 0.9
3482 1.4
3483 0.5
3484 2.0
3485 1.7
3486 1.4
3487 1.5
3488 1.6
3489 1.5
3490 1.5
3491 1.5
3492 1.7
3493 2.0
3494 1.6
3495 1.3
3496 1.4
3497 1.0
3498 0.9
3499 1.3
3500 1.8
3501 1.4
3502 1.1
3503 1.0
3504 1.6
3505 1.2
3506 1.5
3507 1.8
3508 1.9
3509 2.2
3510 1.6
3511 1.5
3512 1.8
3513 1.1
3514 1.6
3515 1.5
3516 1.2
3517 1.5
3518 1.6
3519 1.8
3520 1.3
3521 1.1
3522 1.1
3523 1.0
3524 1.1
3525 1.2
3526 1.1
3527 1.7
3528 1.8
3529 1.5
3530 1.4
3531 1.5
3532 1.1
3533 1.1
3534 1.6
3535 1.1
3536 1.2
3537 0.8
3538 1.0
3539 1.6
3540 1.2
3541 1.4
3542 1.5
3543 1.2
3544 1.2
3545 1.0
3546 1.7
3547 1.4
3548 1.1
3549 1.0
3550 1.1
3551 1.5
3552 1.6
3553 1.3
3554 0.5
3555 1.3
3556 1.2
3557 1.2
3558 1.0
3559 1.4
3560 1.4
3561 1.4
3562 1.5
3563 1.1
3564 1.3
3565 1.3
3566 1.2
3567 1.1
3568 1.4
3569 1.3
3570 1.4
3571 1.5
3572 1.0
3573 1.6
3574 1.8
3575 1.5
3576 1.4
3577 1.3
3578 1.2
3579 0.8
3580 1.7
3581 1.3
3582 1.5
3583 1.5
3584 1.1
3585 1.0
3586 1.3
3587 1.4
3588 1.1
3589 1.5
3590 0.9
3591 1.2
3592 1.1
3593 1.5
3594 1.7
3595 0.9
3596 1.1
3597 1.0
3598 1.4
3599 1.1
3600 1.5
3601 1.3
3602 0.8
3603 1.0
3604 0.7
3605 1.2
3606 1.2
3607 1.3
3608 1.4
3609 1.3
3610 0.7
3611 1.4
3612 1.3
3613 1.4
3614 1.1
3615 0.8
3616 0.9
3617 1.3
3618 1.1
3619 0.8
3620 1.2
3621 1.0
3622 1.3
3623 1.6
3624 1.3
3625 1.0
3626 0.7
3627 0.8
3628 1.7
3629 1.1
3630 0.7
3631 1.3
3632 1.2
3633 1.4
3634 1.0
3635 0.8
3636 1.1
3637 0.8
3638 1.0
3639 0.6
3640 1.2
3641 0.8
3642 0.7
3643 0.8
3644 1.3
3645 1.2
3646 1.0
3647 1.3
3648 0.9
3649 0.8
3650 1.2
3651 1.0
3652 0.8
3653 1.1
3654 0.7
3655 1.6
3656 1.0
3657 0.7
3658 1.5
3659 1.5
3660 1.5
3661 0.9
3662 1.2
3663 1.4
3664 1.4
3665 0.9
3666 1.9
3667 1.4
3668 0.7
3669 1.0
3670 0.9
3671 1.3
3672 0.9
3673 0.8
3674 1.2
3675 1.2
3676 1.1
3677 1.0
3678 1.3
3679 1.5
3680 1.2
3681 0.7
3682 0.9
3683 1.3
3684 0.8
3685 0.9
3686 1.3
3687 1.6
3688 1.0
3689 1.1
3690 0.7
3691 0.9
3692 0.9
3693 0.7
3694 1.1
3695 1.0
3696 1.2
3697 1.3
3698 0.5
3699 1.0
3700 0.9
3701 0.9
3702 1.2
3703 0.5
3704 1.0
3705 0.9
3706 1.1
3707 1.1
3708 1.0
3709 0.9
3710 0.5
3711 0.4
3712 0.9
3713 1.0
3714 1.2
3715 0.4
3716 1.3
3717 1.1
3718 1.5
3719 1.0
3720 1.3
3721 0.4
3722 1.2
3723 0.9
3724 0.9
3725 0.7
3726 1.3
3727 1.0
3728 0.8
3729 0.5
3730 0.7
3731 1.3
3732 0.8
3733 1.1
3734 0.8
3735 0.9
3736 1.0
3737 0.9
3738 0.9
3739 1.6
3740 1.0
3741 0.8
3742 0.8
3743 1.1
3744 1.0
3745 1.1
3746 1.0
3747 0.8
3748 0.9
3749 0.9
3750 1.1
3751 1.0
3752 0.5
3753 1.4
3754 1.1
3755 1.2
3756 1.0
3757 0.5
3758 1.0
3759 0.2
3760 0.9
3761 0.9
3762 0.6
3763 1.5
3764 1.0
3765 0.8
3766 1.3
3767 1.3
3768 1.0
3769 1.0
3770 0.9
3771 0.6
3772 1.0
3773 0.3
3774 1.1
3775 0.7
3776 0.8
3777 0.7
3778 0.3
3779 0.8
3780 0.7
3781 0.6
3782 0.7
3783 0.9
3784 1.0
3785 1.0
3786 0.7
3787 0.8
3788 0.8
3789 1.5
3790 0.8
3791 0.6
3792 0.6
3793 1.0
3794 0.8
3795 0.6
3796 0.7
3797 0.6
3798 0.7
3799 0.6
3800 0.4
3801 0.8
3802 0.8
3803 1.0
3804 0.5
3805 0.9
3806 0.8
3807 0.8
3808 0.7
3809 0.8
3810 0.9
3811 0.7
3812 0.7
3813 0.7
3814 0.9
3815 0.9
3816 0.7
3817 0.6
3818 0.7
3819 0.7
3820 1.0
3821 0.5
3822 1.2
3823 0.6
3824 0.6
3825 1.1
3826 0.6
3827 1.0
3828 0.4
3829 0.6
3830 0.6
3831 0.6
3832 0.3
3833 0.5
3834 0.7
3835 0.8
3836 0.9
3837 0.4
3838 0.6
3839 0.7
3840 0.2
3841 0.4
3842 0.8
3843 0.9
3844 0.7
3845 0.4
3846 0.7
3847 0.7
3848 0.9
3849 0.7
3850 0.1
3851 0.9
3852 0.5
3853 1.1
3854 0.9
3855 0.9
3856 1.2
3857 0.7
3858 0.4
3859 0.6
3860 0.4
3861 0.5
3862 0.4
3863 0.5
3864 0.6
3865 0.6
3866 1.5
3867 0.3
3868 0.5
3869 0.6
3870 0.6
3871 0.5
3872 0.7
3873 1.0
3874 0.6
3875 0.4
3876 0.4
3877 0.7
3878 0.9
3879 0.4
3880 0.4
3881 0.5
3882 0.7
3883 0.5
3884 0.8
3885 0.8
3886 0.7
3887 0.5
3888 0.6
3889 0.7
3890 0.4
3891 0.5
3892 0.3
3893 0.9
3894 0.7
3895 0.9
3896 0.6
3897 0.4
3898 0.6
3899 0.8
3900 0.7
3901 0.4
3902 0.6
3903 0.7
3904 1.0
3905 0.7
3906 0.1
3907 0.9
3908 0.7
3909 0.8
3910 1.1
3911 0.3
3912 0.7
3913 0.8
3914 0.6
3915 0.5
3916 0.7
3917 0.4
3918 0.8
3919 0.4
3920 0.9
3921 0.4
3922 0.6
3923 0.6
3924 0.4
3925 0.6
3926 0.6
3927 0.5
3928 0.7
3929 0.5
3930 0.2
3931 0.4
3932 0.8
3933 0.9
3934 0.6
3935 0.6
3936 0.7
3937 0.6
3938 0.5
3939 0.6
3940 0.6
3941 0.8
3942 0.6
3943 0.3
3944 0.6
3945 1.0
3946 0.5
3947 0.3
3948 0.4
3949 0.4
3950 0.2
3951 0.7
3952 0.3
3953 0.5
3954 0.2
3955 0.7
3956 0.5
3957 0.4
3958 0.5
3959 0.4
3960 0.2
3961 0.6
3962 0.6
3963 0.1
3964 0.4
3965 0.4
3966 0.6
3967 0.6
3968 0.3
3969 0.6
3970 0.4
3971 0.7
3972 0.5
3973 0.4
3974 1.0
3975 0.5
3976 0.6
3977 0.6
3978 0.4
3979 0.7
3980 0.5
3981 0.4
3982 0.8
3983 1.0
3984 0.6
3985 0.5
3986 0.4
3987 0.2
3988 0.8
3989 0.7
3990 0.5
3991 0.7
3992 0.5
3993 0.6
3994 0.6
3995 0.5
3996 0.4
3997 0.3
3998 0.7
3999 0.6
4000 0.9
4001 0.5
4002 0.6
4003 0.7
4004 0.7
4005 0.8
4006 0.2
4007 0.5
4008 0.0
4009 0.8
4010 0.3
4011 0.2
4012 0.7
4013 0.7
4014 0.3
4015 0.5
4016 0.5
4017 0.4
4018 0.6
4019 0.4
4020 0.3
4021 0.6
4022 0.4
4023 0.6
4024 0.6
4025 0.5
4026 0.2
4027 0.5
4028 0.2
4029 0.4
4030 0.4
4031 0.2
4032 0.5
4033 0.4
4034 0.3
4035 0.5
4036 0.2
4037 0.6
4038 0.3
4039 0.5
4040 0.2
4041 0.8
4042 0.6
4043 0.4
4044 0.5
4045 0.2
4046 0.4
4047 0.2
4048 0.4
4049 0.5
4050 0.5
4051 0.3
4052 0.5
4053 0.3
4054 0.6
4055 0.5
4056 0.4
4057 0.2
4058 0.3
4059 0.3
4060 0.3
4061 0.6
4062 0.4
4063 0.4
4064 0.2
4065 0.2
4066 0.7
4067 0.2
4068 0.3
4069 0.4
4070 0.4
4071 0.1
4072 0.3
4073 0.5
4074 0.4
4075 0.1
4076 0.4
4077 0.2
4078 0.3
4079 0.4
4080 0.6
4081 0.6
4082 0.3
4083 0.3
4084 0.5
4085 0.7
4086 0.0
4087 0.3
4088 0.7
4089 0.3
4090 0.2
4091 0.9
4092 0.5
4093 0.3
4094 0.4
4095 0.2
4096 0.3
4097 0.2
4098 0.6
4099 0.2
4100 0.5
4101 0.2
4102 0.4
4103 0.5
4104 0.3
4105 0.6
4106 0.2
4107 0.5
4108 0.6
4109 0.2
4110 0.6
4111 0.2
4112 0.2
4113 0.4
4114 0.3
4115 0.3
4116 0.3
4117 0.0
4118 0.4
4119 0.7
4120 0.5
4121 0.3
4122 0.5
4123 0.2
4124 0.3
4125 0.2
4126 0.2
4127 0.4
4128 0.4
4129 0.2
4130 0.6
4131 0.2
4132 0.2
4133 0.3
4134 0.3
4135 0.3
4136 0.4
4137 0.1
4138 0.6
4139 0.2
4140 0.3
4141 0.2
4142 0.4
4143 0.5
4144 0.3
4145 0.2
4146 0.3
4147 0.3
4148 0.4
4149 0.1
4150 0.4
4151 0.4
4152 0.2
4153 0.4
4154 0.5
4155 0.4
4156 0.3
4157 0.5
4158 0.6
4159 0.6
4160 0.2
4161 0.5
4162 0.3
4163 0.4
4164 0.3
4165 0.2
4166 0.2
4167 0.3
4168 0.2
4169 0.5
4170 0.2
4171 0.3
4172 0.2
4173 0.2
4174 0.4
4175 0.3
4176 0.5
4177 0.3
4178 0.4
4179 0.1
4180 0.7
4181 0.3
4182 0.6
4183 0.0
4184 0.2
4185 0.1
4186 0.4
4187 0.4
4188 0.0
4189 0.2
4190 0.2
4191 0.6
4192 0.2
4193 0.4
4194 0.2
4195 0.4
4196 0.2
4197 0.3
4198 0.5
4199 0.6
4200 0.4
4201 0.0
4202 0.4
4203 0.4
4204 0.5
4205 0.3
4206 0.3
4207 0.2
4208 0.4
4209 0.3
4210 0.3
4211 0.4
4212 0.2
4213 0.5
4214 0.3
4215 0.5
4216 0.6
4217 0.1
4218 0.3
4219 0.5
4220 0.4
4221 0.3
4222 0.3
4223 0.3
4224 0.4
4225 0.5
4226 0.2
4227 0.4
4228 0.2
4229 0.4
4230 0.2
4231 0.6
4232 0.5
4233 0.3
4234 0.2
4235 0.1
4236 0.1
4237 0.3
4238 0.4
4239 0.3
4240 0.7
4241 0.2
4242 0.2
4243 0.5
4244 0.3
4245 0.3
4246 0.5
4247 0.5
4248 0.1
4249 0.4
4250 0.3
4251 0.4
4252 0.3
4253 0.6
4254 0.7
4255 0.6
4256 0.3
4257 0.3
4258 0.3
4259 0.2
4260 0.2
4261 0.3
4262 0.1
4263 0.5
4264 0.2
4265 0.4
4266 0.1
4267 0.4
4268 0.1
4269 0.2
4270 0.4
4271 0.3
4272 0.5
4273 0.3
4274 0.6
4275 0.2
4276 0.2
4277 0.2
4278 0.4
4279 0.3
4280 0.1
4281 0.1
4282 0.4
4283 0.3
4284 0.1
4285 0.3
4286 0.4
4287 0.4
4288 0.6
4289 0.5
4290 0.4
4291 0.3
4292 0.3
4293 0.3
4294 0.4
4295 0.5
4296 0.3
4297 0.2
4298 0.2
4299 0.2
4300 0.1
4301 0.4
4302 0.1
4303 0.2
4304 0.2
4305 0.3
4306 0.7
4307 0.3
4308 0.2
4309 0.2
4310 0.1
4311 0.4
4312 0.0
4313 0.4
4314 0.4
4315 0.5
4316 0.4
4317 0.3
4318 0.2
4319 0.4
4320 0.3
4321 0.4
4322 0.4
4323 0.1
4324 0.1
4325 0.3
4326 0.7
4327 0.0
4328 0.3
4329 0.1
4330 0.0
4331 0.5
4332 0.4
4333 0.5
4334 0.2
4335 0.5
4336 0.4
4337 0.2
4338 0.1
4339 0.2
4340 0.3
4341 0.4
4342 0.3
4343 0.4
4344 0.3
4345 0.1
4346 0.3
4347 0.3
4348 0.1
4349 0.4
4350 0.1
4351 0.3
4352 0.3
4353 0.4
4354 0.4
4355 0.5
4356 0.3
4357 0.5
4358 0.3
4359 0.3
4360 0.2
4361 0.4
4362 0.4
4363 0.1
4364 0.5
4365 0.6
4366 0.3
4367 0.3
4368 0.2
4369 0.5
4370 0.3
4371 0.4
4372 0.2
4373 0.2
4374 0.3
4375 0.3
4376 0.3
4377 0.4
4378 0.2
4379 0.3
4380 0.4
4381 0.4
4382 0.3
4383 0.0
4384 0.5
4385 0.3
4386 0.4
4387 0.3
4388 0.4
4389 0.4
4390 0.3
4391 0.1
4392 0.2
4393 0.4
4394 0.4
4395 0.2
4396 0.4
4397 0.3
4398 0.2
4399 0.6
4400 0.5
4401 0.5
4402 0.1
4403 0.3
4404 0.4
4405 0.3
4406 0.8
4407 0.4
4408 0.5
4409 0.3
4410 0.5
4411 0.2
4412 0.3
4413 0.2
4414 0.5
4415 0.3
4416 0.5
4417 0.1
4418 0.5
4419 0.6
4420 0.6
4421 0.3
4422 0.0
4423 0.2
4424 0.4
4425 0.3
4426 0.4
4427 0.8
4428 0.3
4429 0.1
4430 0.4
4431 0.1
4432 0.3
4433 0.1
4434 0.2
4435 0.4
4436 0.5
4437 0.6
4438 0.1
4439 0.3
4440 0.3
4441 0.5
4442 0.2
4443 0.4
4444 0.5
4445 0.4
4446 0.2
4447 0.1
4448 0.3
4449 0.2
4450 0.3
4451 0.1
4452 0.5
4453 0.1
4454 0.7
4455 0.3
4456 0.4
4457 0.4
4458 0.3
4459 0.2
4460 0.5
4461 0.4
4462 0.4
4463 0.3
4464 0.4
4465 0.3
4466 0.4
4467 0.4
4468 0.4
4469 0.3
4470 0.3
4471 0.1
4472 0.4
4473 0.6
4474 0.4
4475 0.5
4476 0.6
4477 0.3
4478 0.3
4479 0.2
4480 0.4
4481 0.0
4482 0.2
4483 0.5
4484 0.1
4485 0.3
4486 0.5
4487 0.8
4488 0.3
4489 0.6
4490 0.6
4491 0.4
4492 0.4
4493 0.3
4494 0.5
4495 0.5
4496 0.5
4497 0.4
4498 0.5
4499 0.2
4500 0.3
4501 0.4
4502 0.2
4503 0.3
4504 0.5
4505 0.1
4506 0.3
4507 0.3
4508 0.6
4509 0.3
4510 0.4
4511 0.4
4512 0.2
4513 0.4
4514 0.3
4515 0.3
4516 0.6
4517 0.4
4518 0.2
4519 0.5
4520 0.5
4521 0.7
4522 0.3
4523 0.3
4524 0.3
4525 0.3
4526 0.3
4527 0.4
4528 0.1
4529 0.3
4530 0.3
4531 0.3
4532 0.3
4533 0.2
4534 0.3
4535 0.6
4536 0.4
4537 0.3
4538 0.1
4539 0.7
4540 0.5
4541 0.2
4542 0.5
4543 0.4
4544 0.4
4545 0.5
4546 0.5
4547 0.5
4548 0.2
4549 0.5
4550 0.2
4551 0.2
4552 0.3
4553 0.4
4554 0.3
4555 0.5
4556 0.6
4557 0.5
4558 0.2
4559 0.4
4560 0.4
4561 0.0
4562 0.1
4563 0.4
4564 0.6
4565 0.6
4566 0.2
4567 0.4
4568 0.6
4569 0.2
4570 0.6
4571 0.3
4572 0.5
4573 0.2
4574 0.3
4575 0.5
4576 0.6
4577 0.2
4578 0.4
4579 0.5
4580 0.4
4581 0.3
4582 0.1
4583 0.5
4584 0.4
4585 0.0
4586 0.5
4587 0.5
4588 0.4
4589 0.5
4590 0.6
4591 0.5
4592 0.5
4593 0.4
4594 0.2
4595 0.3
4596 0.6
4597 0.3
4598 0.2
4599 0.1
4600 0.4
4601 0.2
4602 0.4
4603 0.5
4604 0.3
4605 0.2
4606 0.5
4607 0.5
4608 0.6
4609 0.6
4610 0.5
4611 0.3
4612 0.5
4613 0.5
4614 0.7
4615 0.4
4616 0.4
4617 0.2
4618 0.5
4619 0.4
4620 0.6
4621 0.5
4622 0.8
4623 0.2
4624 0.4
4625 0.3
4626 0.3
4627 0.3
4628 0.2
4629 0.2
4630 0.5
4631 0.2
4632 0.4
4633 0.1
4634 0.1
4635 0.4
4636 0.3
4637 0.1
4638 0.1
4639 0.7
4640 0.3
4641 0.4
4642 0.2
4643 0.1
4644 0.4
4645 0.4
4646 0.3
4647 0.4
4648 0.2
4649 0.3
4650 0.3
4651 0.5
4652 0.2
4653 0.4
4654 0.5
4655 0.2
4656 0.4
4657 0.3
4658 0.5
4659 0.7
4660 0.2
4661 0.2
4662 0.2
4663 0.5
4664 0.4
4665 0.2
4666 0.4
4667 0.4
4668 0.2
4669 0.5
4670 0.4
4671 0.2
4672 0.1
4673 0.4
4674 0.5
4675 0.5
4676 0.7
4677 0.3
4678 0.3
4679 0.4
4680 0.3
4681 0.3
4682 0.4
4683 0.1
4684 0.7
4685 0.5
4686 0.3
4687 0.2
4688 0.6
4689 0.2
4690 0.3
4691 0.5
4692 0.0
4693 0.3
4694 0.4
4695 0.4
4696 0.3
4697 0.6
4698 0.6
4699 0.2
4700 0.2
4701 0.3
4702 0.6
4703 0.3
4704 0.3
4705 0.2
4706 0.7
4707 0.4
4708 0.5
4709 0.3
4710 0.5
4711 0.2
4712 0.4
4713 0.2
4714 0.2
4715 0.5
4716 0.2
4717 0.7
4718 0.3
4719 0.3
4720 0.2
4721 0.2
4722 0.3
4723 0.6
4724 0.6
4725 0.3
4726 0.5
4727 0.4
4728 0.2
4729 0.7
4730 0.6
4731 0.6
4732 0.2
4733 0.4
4734 0.3
4735 0.3
4736 0.4
4737 0.4
4738 0.3
4739 0.4
4740 0.1
4741 0.4
4742 0.3
4743 0.6
4744 0.5
4745 0.5
4746 0.3
4747 0.3
4748 0.4
4749 0.3
4750 0.1
4751 0.1
4752 0.4
4753 0.4
4754 0.5
4755 0.5
4756 0.6
4757 0.1
4758 0.5
4759 0.5
4760 0.6
4761 0.7
4762 0.5
4763 0.6
4764 0.5
4765 0.6
4766 0.3
4767 0.4
4768 0.4
4769 0.4
4770 0.4
4771 0.4
4772 0.1
4773 0.4
4774 0.5
4775 0.5
4776 0.4
4777 0.3
4778 0.3
4779 0.3
4780 0.4
4781 0.5
4782 0.5
4783 0.3
4784 0.4
4785 0.3
4786 0.7
4787 0.3
4788 0.4
4789 0.1
4790 0.6
4791 0.6
4792 0.3
4793 0.4
4794 0.3
4795 0.5
4796 0.6
4797 0.5
4798 0.5
4799 0.4
4800 0.3
4801 0.3
4802 0.2
4803 0.6
4804 0.4
4805 0.3
4806 0.6
4807 0.3
4808 0.5
4809 0.2
4810 0.3
4811 0.2
4812 0.3
4813 0.3
4814 0.3
4815 0.4
4816 0.5
4817 0.3
4818 0.1
4819 0.6
4820 0.2
4821 0.2
4822 0.2
4823 0.1
4824 0.3
4825 0.2
4826 0.4
4827 0.4
4828 0.2
4829 0.4
4830 0.3
4831 0.8
4832 0.5
4833 0.4
4834 0.3
4835 0.2
4836 0.3
4837 0.6
4838 0.4
4839 0.2
4840 0.2
4841 0.5
4842 0.4
4843 0.3
4844 0.8
4845 0.4
4846 0.2
4847 0.5
4848 0.5
4849 0.3
4850 0.2
4851 0.3
4852 0.4
4853 0.5
4854 0.2
4855 0.7
4856 0.2
4857 0.1
4858 0.0
4859 0.3
4860 0.5
4861 0.4
4862 0.4
4863 0.3
4864 0.5
4865 0.3
4866 0.4
4867 0.6
4868 0.4
4869 0.2
4870 0.2
4871 0.4
4872 0.2
4873 0.3
4874 0.2
4875 0.2
4876 0.6
4877 0.4
4878 0.3
4879 0.5
4880 0.5
4881 0.3
4882 0.5
4883 0.6
4884 0.3
4885 0.6
4886 0.5
4887 0.6
4888 0.4
4889 0.6
4890 0.3
4891 0.3
4892 0.4
4893 0.3
4894 0.6
4895 0.5
4896 0.4
4897 0.5
4898 0.2
4899 0.1
4900 0.5
4901 0.3
4902 0.4
4903 0.3
4904 0.4
4905 0.2
4906 0.4
4907 0.3
4908 0.5
4909 0.4
4910 0.3
4911 0.4
4912 0.1
4913 0.3
4914 0.3
4915 0.4
4916 0.3
4917 0.3
4918 0.4
4919 0.1
4920 0.3
4921 0.5
4922 0.5
4923 0.3
4924 0.4
4925 0.7
4926 0.5
4927 0.4
4928 0.3
4929 0.3
4930 0.4
4931 0.2
4932 0.2
4933 0.3
4934 0.5
4935 0.8
4936 0.5
4937 0.6
4938 0.3
4939 0.4
4940 0.3
4941 0.3
4942 0.2
4943 0.6
4944 0.3
4945 0.5
4946 0.2
4947 0.2
4948 0.4
4949 0.4
4950 0.6
4951 0.3
4952 0.3
4953 0.4
4954 0.2
4955 0.7
4956 0.5
4957 0.7
4958 0.5
4959 0.4
4960 0.4
4961 0.3
4962 0.5
4963 0.6
4964 0.4
4965 0.2
4966 0.5
4967 0.5
4968 0.7
4969 0.8
4970 0.1
4971 0.4
4972 0.2
4973 0.2
4974 0.1
4975 0.5
4976 0.3
4977 0.1
4978 0.2
4979 0.0
4980 0.3
4981 0.3
4982 0.3
4983 0.6
4984 0.3
4985 0.1
4986 0.7
4987 0.5
4988 0.5
4989 0.6
4990 0.2
4991 0.2
4992 0.1
4993 0.4
4994 0.2
4995 0.2
4996 0.5
4997 0.5
4998 0.5
4999 0.4
5000 0.3
5001 0.2
5002 0.3
5003 0.5
5004 0.4
5005 0.3
5006 0.6
5007 0.4
5008 0.3
5009 0.3
5010 0.2
5011 0.4
5012 0.2
5013 0.2
5014 0.3
5015 0.4
5016 0.2
5017 0.2
5018 0.4
5019 0.6
5020 0.3
5021 0.4
5022 0.7
5023 0.1
5024 0.2
5025 0.4
5026 0.3
5027 0.5
5028 0.2
5029 0.1
5030 0.5
5031 0.2
5032 0.3
5033 0.6
5034 0.4
5035 0.6
5036 0.1
5037 0.3
5038 0.4
5039 0.3
5040 0.4
5041 0.6
5042 0.6
5043 0.2
5044 0.1
5045 0.2
5046 0.5
5047 0.5
5048 0.2
5049 0.3
5050 0.4
5051 0.4
5052 0.3
5053 0.2
5054 0.6
5055 0.3
5056 0.3
5057 0.4
5058 0.3
5059 0.1
5060 0.1
5061 0.5
5062 0.5
5063 0.1
5064 0.4
5065 0.1
5066 0.4
5067 0.2
5068 0.4
5069 0.3
5070 0.4
5071 0.4
5072 0.5
5073 0.1
5074 0.3
5075 0.1
5076 0.5
5077 0.2
5078 0.1
5079 0.3
5080 0.4
5081 0.6
5082 0.4
5083 0.3
5084 0.2
5085 0.3
5086 0.0
5087 0.3
5088 0.2
5089 0.3
5090 0.2
5091 0.5
5092 0.5
5093 0.6
5094 0.5
5095 0.4
5096 0.1
5097 0.5
5098 0.4
5099 0.5
5100 0.1
5101 0.5
5102 0.2
5103 0.3
5104 0.2
5105 0.2
5106 0.4
5107 0.3
5108 0.6
5109 0.1
5110 0.4
5111 0.4
5112 0.5
5113 0.3
5114 0.6
5115 0.3
5116 0.5
5117 0.4
5118 0.5
5119 0.3
5120 0.4
5121 0.1
5122 0.2
5123 0.5
5124 0.4
5125 0.3
5126 0.2
5127 0.1
5128 0.3
5129 0.3
5130 0.6
5131 0.5
5132 0.2
5133 0.4
5134 0.2
5135 0.3
5136 0.5
5137 0.2
5138 0.6
5139 0.3
5140 0.4
5141 0.5
5142 0.4
5143 0.5
5144 0.2
5145 0.3
5146 0.1
5147 0.5
5148 0.2
5149 0.2
5150 0.2
5151 0.4
5152 0.3
5153 0.1
5154 0.3
5155 0.3
5156 0.2
5157 0.1
5158 0.5
5159 0.2
5160 0.3
5161 0.2
5162 0.3
5163 0.3
5164 0.5
5165 0.5
5166 0.4
5167 0.1
5168 0.5
5169 0.2
5170 0.4
5171 0.5
5172 0.3
5173 0.2
5174 0.1
5175 0.2
5176 0.5
5177 0.4
5178 0.2
5179 0.2
5180 0.3
5181 0.2
5182 0.3
5183 0.2
5184 0.2
5185 0.6
5186 0.4
5187 0.3
5188 0.2
5189 0.7
5190 0.3
5191 0.4
5192 0.3
5193 0.4
5194 0.2
5195 0.4
5196 0.1
5197 0.8
5198 0.3
5199 0.3
5200 0.5
5201 0.3
5202 0.3
5203 0.2
5204 0.2
5205 0.4
5206 0.1
5207 0.3
5208 0.2
5209 0.3
5210 0.3
5211 0.3
5212 0.2
5213 0.3
5214 0.2
5215 0.1
5216 0.1
5217 0.2
5218 0.1
5219 0.1
5220 0.2
5221 0.5
5222 0.4
5223 0.3
5224 0.3
5225 0.1
5226 0.3
5227 0.1
5228 0.4
5229 0.3
5230 0.4
5231 0.2
5232 0.5
5233 0.2
5234 0.1
5235 0.1
5236 0.3
5237 0.3
5238 0.1
5239 0.2
5240 0.3
5241 0.7
5242 0.2
5243 0.3
5244 0.3
5245 0.0
5246 0.2
5247 0.4
5248 0.4
5249 0.3
5250 0.2
5251 0.2
5252 0.4
5253 0.2
5254 0.2
5255 0.1
5256 0.2
5257 0.4
5258 0.1
5259 0.3
5260 0.3
5261 0.2
5262 0.2
5263 0.0
5264 0.1
5265 0.1
5266 0.1
5267 0.0
5268 0.3
5269 0.2
5270 0.3
5271 0.2
5272 0.1
5273 0.2
5274 0.1
5275 0.2
5276 0.1
5277 0.3
5278 0.2
5279 0.3
5280 0.1
5281 0.0
5282 0.5
5283 0.4
5284 0.4
5285 0.4
5286 0.1
5287 0.6
5288 0.4
5289 0.1
5290 0.3
5291 0.1
5292 0.2
5293 0.4
5294 0.2
5295 0.3
5296 0.1
5297 0.2
5298 0.1
5299 0.3
5300 0.2
5301 0.3
5302 0.2
5303 0.3
5304 0.2
5305 0.2
5306 0.1
5307 0.5
5308 0.5
5309 0.2
5310 0.1
5311 0.3
5312 0.3
5313 0.3
5314 0.4
5315 0.1
5316 0.3
5317 0.1
5318 0.1
5319 0.2
5320 0.5
5321 0.2
5322 0.2
5323 0.1
5324 0.2
5325 0.1
5326 0.4
5327 0.1
5328 0.1
5329 0.1
5330 0.3
5331 0.4
5332 0.1
5333 0.2
5334 0.0
5335 0.1
5336 0.4
5337 0.2
5338 0.1
5339 0.1
5340 0.1
5341 0.2
5342 0.2
5343 0.1
5344 0.2
5345 0.1
5346 0.4
5347 0.1
5348 0.1
5349 0.3
5350 0.2
5351 0.3
5352 0.1
5353 0.2
5354 0.4
5355 0.2
5356 0.1
5357 0.1
5358 0.4
5359 0.1
5360 0.6
5361 0.1
5362 0.0
5363 0.4
5364 0.4
5365 0.1
5366 0.1
5367 0.2
5368 0.3
5369 0.2
5370 0.4
5371 0.2
5372 0.1
5373 0.3
5374 0.3
5375 0.6
5376 0.1
5377 0.4
5378 0.2
5379 0.5
5380 0.3
5381 0.1
5382 0.2
5383 0.0
5384 0.2
5385 0.2
5386 0.1
5387 0.3
5388 0.2
5389 0.1
5390 0.2
5391 0.4
5392 0.2
5393 0.4
5394 0.1
5395 0.1
5396 0.2
5397 0.0
5398 0.3
5399 0.3
5400 0.3
5401 0.1
5402 0.1
5403 0.1
5404 0.2
5405 0.1
5406 0.1
5407 0.3
5408 0.2
5409 0.2
5410 0.3
5411 0.0
5412 0.2
5413 0.3
5414 0.1
5415 0.1
5416 0.1
5417 0.4
5418 0.2
5419 0.1
5420 0.0
5421 0.2
5422 0.1
5423 0.0
5424 0.1
5425 0.1
5426 0.1
5427 0.2
5428 0.0
5429 0.3
5430 0.2
5431 0.3
5432 0.2
5433 0.1
5434 0.0
5435 0.0
5436 0.3
5437 0.1
5438 0.0
5439 0.1
5440 0.0
5441 0.1
5442 0.1
5443 0.2
5444 0.3
5445 0.1
5446 0.0
5447 0.1
5448 0.1
5449 0.1
5450 0.0
5451 0.3
5452 0.1
5453 0.2
5454 0.1
5455 0.1
5456 0.0
5457 0.1
5458 0.2
5459 0.3
5460 0.4
5461 0.0
5462 0.1
5463 0.2
5464 0.0
5465 0.0
5466 0.4
5467 0.1
5468 0.0
5469 0.1
5470 0.0
5471 0.1
5472 0.0
5473 0.1
5474 0.0
5475 0.1
5476 0.1
5477 0.2
5478 0.1
5479 0.2
5480 0.4
5481 0.2
5482 0.2
5483 0.2
5484 0.0
5485 0.1
5486 0.0
5487 0.0
5488 0.1
5489 0.1
5490 0.2
5491 0.1
5492 0.0
5493 0.1
5494 0.1
5495 0.1
5496 0.0
5497 0.2
5498 0.1
5499 0.0
5500 0.1
5501 0.0
5502 0.2
5503 0.0
5504 0.0
5505 0.0
5506 0.0
5507 0.1
5508 0.1
5509 0.0
5510 0.1
5511 0.1
5512 0.1
5513 0.1
5514 0.0
5515 0.0
5516 0.0
5517 0.1
5518 0.1
5519 0.1
5520 0.0
5521 0.0
5522 0.2
5523 0.1
5524 0.0
5525 0.0
5526 0.2
5527 0.1
5528 0.3
5529 0.2
5530 0.1
5531 0.1
5532 0.1
5533 0.1
5534 0.2
5535 0.0
5536 0.0
5537 0.1
5538 0.2
5539 0.1
5540 0.1
5541 0.1
5542 0.1
5543 0.0
5544 0.2
5545 0.0
5546 0.0
5547 0.0
5548 0.0
5549 0.1
5550 0.0
5551 0.0
5552 0.2
5553 0.0
5554 0.0
5555 0.1
5556 0.0
5557 0.2
5558 0.0
5559 0.0
5560 0.1
5561 0.2
5562 0.1
5563 0.0
5564 0.1
5565 0.0
5566 0.2
5567 0.0
5568 0.1
5569 0.0
5570 0.0
5571 0.1
5572 0.0
5573 0.0
5574 0.0
5575 0.1
5576 0.0
5577 0.1
5578 0.0
5579 0.3
5580 0.0
5581 0.0
5582 0.0
5583 0.1
5584 0.0
5585 0.0
5586 0.1
5587 0.0
5588 0.0
5589 0.1
5590 0.1
5591 0.2
5592 0.1
5593 0.1
5594 0.1
5595 0.0
5596 0.0
5597 0.0
5598 0.2
5599 0.1
5600 0.1
5601 0.1
5602 0.0
5603 0.0
5604 0.2
5605 0.0
5606 0.2
5607 0.1
5608 0.0
5609 0.1
5610 0.1
5611 0.0
5612 0.0
5613 0.0
5614 0.1
5615 0.1
5616 0.0
5617 0.0
5618 0.2
5619 0.0
5620 0.0
5621 0.0
5622 0.1
5623 0.0
5624 0.0
5625 0.1
5626 0.0
5627 0.0
5628 0.0
5629 0.2
5630 0.0
5631 0.1
5632 0.0
5633 0.0
5634 0.0
5635 0.0
5636 0.1
5637 0.0
5638 0.1
5639 0.1
5640 0.0
5641 0.0
5642 0.0
5643 0.0
5644 0.0
5645 0.1
5646 0.0
5647 0.0
5648 0.0
5649 0.2
5650 0.0
5651 0.1
5652 0.0
5653 0.1
5654 0.1
5655 0.0
5656 0.0
5657 0.0
5658 0.0
5659 0.0
5660 0.0
5661 0.3
5662 0.0
5663 0.1
5664 0.0
5665 0.0
5666 0.1
5667 0.0
5668 0.0
5669 0.0
5670 0.0
5671 0.1
5672 0.0
5673 0.0
5674 0.0
5675 0.0
5676 0.2
5677 0.0
5678 0.0
5679 0.1
5680 0.1
5681 0.0
5682 0.0
5683 0.0
5684 0.1
5685 0.1
5686 0.0
5687 0.1
5688 0.0
5689 0.0
5690 0.0
5691 0.0
5692 0.0
5693 0.1
5694 0.0
5695 0.0
5696 0.0
5697 0.0
5698 0.0
5699 0.0
5700 0.0
5701 0.0
5702 0.0
5703 0.1
5704 0.1
5705 0.0
5706 0.0
5707 0.1
5708 0.0
5709 0.0
5710 0.0
5711 0.0
5712 0.1
5713 0.0
5714 0.1
5715 0.0
5716 0.0
5717 0.0
5718 0.2
5719 0.0
5720 0.0
5721 0.0
5722 0.1
5723 0.0
5724 0.0
5725 0.0
5726 0.1
5727 0.0
5728 0.1
5729 0.0
5730 0.0
5731 0.0
5732 0.0
5733 0.1
5734 0.0
5735 0.1
5736 0.0
5737 0.1
5738 0.1
5739 0.0
5740 0.0
5741 0.1
5742 0.1
5743 0.0
5744 0.0
5745 0.0
5746 0.1
5747 0.0
5748 0.1
5749 0.0
5750 0.1
5751 0.0
5752 0.1
5753 0.0
5754 0.1
5755 0.0
5756 0.0
5757 0.0
5758 0.0
5759 0.1
5760 0.0
5761 0.0
5762 0.0
5763 0.0
5764 0.1
5765 0.0
5766 0.0
5767 0.0
5768 0.0
5769 0.1
5770 0.1
5771 0.1
5772 0.0
5773 0.0
5774 0.0
5775 0.0
5776 0.0
5777 0.0
5778 0.0
5779 0.0
5780 0.0
5781 0.0
5782 0.0
5783 0.0
5784 0.0
5785 0.2
5786 0.0
5787 0.1
5788 0.0
5789 0.0
5790 0.0
5791 0.0
5792 0.1
5793 0.0
5794 0.1
5795 0.1
5796 0.0
5797 0.0
5798 0.1
5799 0.0
5800 0.0
5801 0.0
5802 0.1
5803 0.1
5804 0.0
5805 0.0
5806 0.1
5807 0.0
5808 0.0
5809 0.2
5810 0.1
5811 0.0
5812 0.1
5813 0.1
5814 0.0
5815 0.0
5816 0.0
5817 0.0
5818 0.0
5819 0.1
5820 0.1
5821 0.0
5822 0.0
5823 0.0
5824 0.0
5825 0.1
5826 0.1
5827 0.0
5828 0.0
5829 0.1
5830 0.2
5831 0.0
5832 0.0
5833 0.0
5834 0.0
5835 0.0
5836 0.1
5837 0.2
5838 0.2
5839 0.0
5840 0.0
5841 0.0
5842 0.1
5843 0.0
5844 0.1
5845 0.1
5846 0.0
5847 0.0
5848 0.1
5849 0.0
5850 0.1
5851 0.2
5852 0.1
5853 0.1
5854 0.0
5855 0.0
5856 0.0
5857 0.2
5858 0.2
5859 0.1
5860 0.0
5861 0.1
5862 0.0
5863 0.1
5864 0.0
5865 0.1
5866 0.2
5867 0.1
5868 0.2
5869 0.1
5870 0.1
5871 0.1
5872 0.0
5873 0.2
5874 0.0
5875 0.1
5876 0.4
5877 0.1
5878 0.1
5879 0.0
5880 0.0
5881 0.1
5882 0.1
5883 0.0
5884 0.0
5885 0.1
5886 0.0
5887 0.2
5888 0.0
5889 0.0
5890 0.0
5891 0.0
5892 0.0
5893 0.1
5894 0.2
5895 0.1
5896 0.0
5897 0.0
5898 0.0
5899 0.2
5900 0.1
5901 0.3
5902 0.1
5903 0.0
5904 0.2
5905 0.2
5906 0.0
5907 0.2
5908 0.4
5909 0.2
5910 0.2
5911 0.1
5912 0.1
5913 0.0
5914 0.2
5915 0.2
5916 0.1
5917 0.0
5918 0.2
5919 0.2
5920 0.2
5921 0.2
5922 0.1
5923 0.1
5924 0.2
5925 0.3
5926 0.1
5927 0.0
5928 0.1
5929 0.2
5930 0.3
5931 0.1
5932 0.1
5933 0.3
5934 0.1
5935 0.1
5936 0.4
5937 0.1
5938 0.1
5939 0.0
5940 0.0
5941 0.3
5942 0.3
5943 0.0
5944 0.1
5945 0.0
5946 0.0
5947 0.1
5948 0.0
5949 0.1
5950 0.1
5951 0.2
5952 0.0
5953 0.1
5954 0.0
5955 0.0
5956 0.3
5957 0.2
5958 0.5
5959 0.1
5960 0.1
5961 0.3
5962 0.1
5963 0.0
5964 0.0
5965 0.4
5966 0.2
5967 0.1
5968 0.3
5969 0.1
5970 0.0
5971 0.1
5972 0.1
5973 0.0
5974 0.1
5975 0.2
5976 0.1
5977 0.4
5978 0.1
5979 0.2
5980 0.1
5981 0.1
5982 0.3
5983 0.1
5984 0.0
5985 0.0
5986 0.1
5987 0.1
5988 0.3
5989 0.1
5990 0.1
5991 0.1
5992 0.1
5993 0.5
5994 0.0
5995 0.0
5996 0.2
5997 0.2
5998 0.3
5999 0.3
6000 0.2
6001 0.2
6002 0.0
6003 0.1
6004 0.4
6005 0.1
6006 0.2
6007 0.3
6008 0.1
6009 0.1
6010 0.1
6011 0.2
6012 0.2
6013 0.3
6014 0.2
6015 0.0
6016 0.2
6017 0.1
6018 0.2
6019 0.3
6020 0.2
6021 0.0
6022 0.2
6023 0.1
6024 0.0
6025 0.3
6026 0.1
6027 0.3
6028 0.0
6029 0.3
6030 0.1
6031 0.2
6032 0.1
6033 0.1
6034 0.3
6035 0.0
6036 0.2
6037 0.1
6038 0.1
6039 0.3
6040 0.1
6041 0.2
6042 0.1
6043 0.0
6044 0.1
6045 0.1
6046 0.2
6047 0.1
6048 0.0
6049 0.0
6050 0.4
6051 0.3
6052 0.2
6053 0.3
6054 0.4
6055 0.3
6056 0.5
6057 0.3
6058 0.1
6059 0.1
6060 0.2
6061 0.3
6062 0.3
6063 0.5
6064 0.4
6065 0.1
6066 0.0
6067 0.1
6068 0.3
6069 0.2
6070 0.3
6071 0.1
6072 0.1
6073 0.3
6074 0.4
6075 0.2
6076 0.1
6077 0.1
6078 0.0
6079 0.3
6080 0.2
6081 0.4
6082 0.5
6083 0.2
6084 0.3
6085 0.3
6086 0.4
6087 0.2
6088 0.3
6089 0.2
6090 0.3
6091 0.1
6092 0.2
6093 0.2
6094 0.3
6095 0.2
6096 0.3
6097 0.3
6098 0.3
6099 0.2
6100 0.1
6101 0.3
6102 0.4
6103 0.4
6104 0.2
6105 0.2
6106 0.1
6107 0.4
6108 0.2
6109 0.5
6110 0.5
6111 0.3
6112 0.8
6113 0.3
6114 0.3
6115 0.3
6116 0.2
6117 0.5
6118 0.1
6119 0.3
6120 0.6
6121 0.3
6122 0.3
6123 0.1
6124 0.2
6125 0.4
6126 0.2
6127 0.2
6128 0.1
6129 0.2
6130 0.1
6131 0.3
6132 0.3
6133 0.1
6134 0.0
6135 0.5
6136 0.5
6137 0.6
6138 0.2
6139 0.9
6140 0.2
6141 0.5
6142 0.1
6143 0.4
6144 0.2
6145 0.8
6146 0.3
6147 0.2
6148 0.4
6149 0.2
6150 0.1
6151 0.2
6152 0.9
6153 0.6
6154 0.8
6155 0.4
6156 0.6
6157 0.4
6158 0.3
6159 0.4
6160 0.5
6161 0.3
6162 0.3
6163 0.4
6164 0.7
6165 0.4
6166 0.2
6167 0.1
6168 0.8
6169 0.5
6170 0.2
6171 0.4
6172 0.5
6173 0.7
6174 0.4
6175 0.3
6176 0.5
6177 0.5
6178 0.5
6179 0.3
6180 0.4
6181 0.2
6182 0.4
6183 0.4
6184 0.5
6185 0.8
6186 0.5
6187 0.3
6188 0.4
6189 0.5
6190 0.2
6191 0.4
6192 1.0
6193 0.5
6194 0.5
6195 0.4
6196 0.8
6197 0.4
6198 0.2
6199 0.2
6200 0.7
6201 0.5
6202 0.4
6203 0.7
6204 0.2
6205 0.6
6206 0.5
6207 0.2
6208 0.1
6209 0.5
6210 0.6
6211 0.3
6212 0.8
6213 0.2
6214 0.3
6215 0.4
6216 0.4
6217 0.3
6218 0.3
6219 0.3
6220 0.4
6221 0.4
6222 0.3
6223 0.3
6224 0.4
6225 0.9
6226 0.5
6227 0.5
6228 0.6
6229 0.4
6230 0.5
6231 0.9
6232 0.1
6233 0.4
6234 0.5
6235 0.7
6236 0.4
6237 0.4
6238 0.5
6239 0.6
6240 0.4
6241 0.7
6242 0.8
6243 0.4
6244 0.7
6245 0.7
6246 0.3
6247 0.5
6248 0.6
6249 0.5
6250 0.6
6251 0.7
6252 1.0
6253 0.8
6254 0.5
6255 0.4
6256 0.7
6257 1.0
6258 1.0
6259 0.6
6260 0.3
6261 0.9
6262 0.8
6263 0.9
6264 0.4
6265 0.4
6266 0.3
6267 0.9
6268 0.7
6269 1.0
6270 0.6
6271 0.5
6272 0.4
6273 0.7
6274 0.7
6275 0.5
6276 0.5
6277 0.6
6278 0.4
6279 0.3
6280 0.8
6281 0.5
6282 0.5
6283 0.7
6284 0.9
6285 0.6
6286 0.7
6287 0.5
6288 0.7
6289 0.3
6290 0.7
6291 0.9
6292 0.5
6293 0.5
6294 0.1
6295 0.8
6296 0.6
6297 0.3
6298 0.9
6299 0.7
6300 1.0
6301 0.9
6302 0.8
6303 0.5
6304 0.5
6305 0.5
6306 0.9
6307 0.9
6308 0.7
6309 0.5
6310 0.6
6311 0.5
6312 0.6
6313 1.0
6314 0.9
6315 1.2
6316 0.5
6317 0.3
6318 1.3
6319 0.4
6320 0.9
6321 0.4
6322 0.3
6323 1.0
6324 0.7
6325 0.9
6326 1.1
6327 0.4
6328 0.8
6329 1.2
6330 1.2
6331 1.1
6332 0.9
6333 0.9
6334 1.0
6335 0.9
6336 1.1
6337 0.9
6338 1.0
6339 0.9
6340 0.7
6341 0.7
6342 0.8
6343 1.4
6344 0.9
6345 1.0
6346 0.7
6347 0.9
6348 0.9
6349 0.8
6350 0.9
6351 0.9
6352 0.9
6353 1.0
6354 1.4
6355 1.1
6356 1.0
6357 0.8
6358 1.1
6359 1.2
6360 0.6
6361 1.0
6362 0.8
6363 0.8
6364 1.1
6365 0.5
6366 1.2
6367 1.0
6368 0.9
6369 1.0
6370 1.0
6371 1.1
6372 1.0
6373 0.7
6374 1.3
6375 1.4
6376 0.7
6377 1.3
6378 0.8
6379 1.8
6380 0.7
6381 0.5
6382 1.3
6383 1.1
6384 1.0
6385 0.8
6386 1.6
6387 0.9
6388 1.0
6389 0.8
6390 2.0
6391 0.8
6392 1.0
6393 1.3
6394 1.0
6395 1.2
6396 1.0
6397 1.9
6398 1.4
6399 1.4
6400 1.0
6401 1.4
6402 1.5
6403 1.4
6404 1.2
6405 1.6
6406 1.4
6407 1.7
6408 0.9
6409 1.1
6410 1.2
6411 1.2
6412 1.3
6413 1.1
6414 1.6
6415 1.3
6416 0.9
6417 1.2
6418 2.0
6419 1.5
6420 0.9
6421 2.2
6422 1.5
6423 1.5
6424 0.7
6425 1.5
6426 1.3
6427 1.5
6428 0.8
6429 1.9
6430 1.4
6431 0.8
6432 1.4
6433 1.2
6434 1.5
6435 1.3
6436 1.3
6437 1.3
6438 1.9
6439 1.3
6440 1.7
6441 1.5
6442 0.8
6443 2.0
6444 1.8
6445 1.8
6446 2.0
6447 1.2
6448 1.4
6449 1.7
6450 2.0
6451 0.9
6452 1.6
6453 1.7
6454 1.7
6455 1.2
6456 1.0
6457 1.3
6458 1.0
6459 1.5
6460 1.1
6461 1.3
6462 1.1
6463 1.3
6464 1.8
6465 1.8
6466 1.6
6467 0.9
6468 1.5
6469 1.8
6470 1.6
6471 1.2
6472 2.1
6473 1.5
6474 1.4
6475 1.1
6476 1.6
6477 1.6
6478 1.7
6479 1.1
6480 2.5
6481 2.0
6482 1.8
6483 1.8
6484 1.2
6485 1.8
6486 1.7
6487 2.1
6488 1.3
6489 2.5
6490 1.4
6491 1.6
6492 2.0
6493 1.4
6494 1.5
6495 1.6
6496 1.5
6497 1.4
6498 2.2
6499 1.2
6500 2.0
6501 1.7
6502 1.5
6503 2.2
6504 1.8
6505 2.7
6506 1.8
6507 2.2
6508 1.5
6509 1.7
6510 1.7
6511 2.1
6512 2.2
6513 2.5
6514 1.0
6515 1.7
6516 2.0
6517 2.2
6518 2.0
6519 2.0
6520 1.3
6521 2.1
6522 1.7
6523 2.5
6524 1.5
6525 1.5
6526 1.9
6527 2.3
6528 2.5
6529 1.8
6530 2.0
6531 1.8
6532 2.5
6533 1.0
6534 2.9
6535 0.8
6536 2.3
6537 1.9
6538 1.9
6539 2.4
6540 1.7
6541 1.6
6542 2.8
6543 1.8
6544 1.8
6545 2.3
6546 1.5
6547 1.4
6548 1.3
6549 2.9
6550 1.7
6551 2.6
6552 1.9
6553 2.1
6554 2.2
6555 1.8
6556 2.2
6557 2.2
6558 2.4
6559 2.7
6560 2.1
6561 2.7
6562 2.0
6563 1.7
6564 2.8
6565 2.3
6566 2.9
6567 2.0
6568 1.8
6569 1.6
6570 2.8
6571 2.2
6572 2.6
6573 3.3
6574 2.6
6575 2.8
6576 1.8
6577 3.4
6578 2.7
6579 2.7
6580 3.1
6581 2.7
6582 2.4
6583 2.5
6584 2.6
6585 2.2
6586 2.7
6587 2.7
6588 3.1
6589 3.0
6590 2.9
6591 2.5
6592 2.1
6593 2.6
6594 2.0
6595 2.8
6596 2.7
6597 3.9
6598 2.3
6599 2.1
6600 2.7
6601 3.5
6602 3.7
6603 1.9
6604 2.8
6605 3.2
6606 2.6
6607 2.5
6608 3.3
6609 3.1
6610 2.8
6611 2.1
6612 3.4
6613 2.4
6614 2.9
6615 3.0
6616 2.5
6617 3.5
6618 3.4
6619 3.2
6620 3.1
6621 3.2
6622 3.2
6623 3.2
6624 2.8
6625 3.5
6626 2.8
6627 2.8
6628 4.1
6629 3.1
6630 3.5
6631 2.3
6632 3.0
6633 3.7
6634 3.7
6635 3.7
6636 2.0
6637 3.4
6638 2.6
6639 2.8
6640 3.5
6641 2.3
6642 3.2
6643 3.6
6644 3.5
6645 3.3
6646 4.0
6647 3.4
6648 3.3
6649 3.6
6650 4.1
6651 4.5
6652 3.8
6653 4.2
6654 3.9
6655 3.0
6656 4.1
6657 3.3
6658 3.7
6659 3.4
6660 4.3
6661 4.9
6662 3.7
6663 4.2
6664 3.6
6665 4.1
6666 3.9
6667 3.8
6668 4.2
6669 3.7
6670 4.4
6671 4.2
6672 4.0
6673 3.0
6674 3.8
6675 5.1
6676 5.4
6677 3.5
6678 4.2
6679 4.3
6680 4.7
6681 4.0
6682 3.8
6683 3.5
6684 4.1
6685 4.3
6686 6.0
6687 3.5
6688 3.4
6689 4.3
6690 3.9
6691 3.9
6692 3.6
6693 5.5
6694 4.6
6695 3.7
6696 4.2
6697 4.7
6698 4.6
6699 3.7
6700 3.5
6701 5.6
6702 5.2
6703 4.5
6704 4.3
6705 4.1
6706 4.1
6707 4.1
6708 3.7
6709 3.9
6710 5.0
6711 4.5
6712 3.4
6713 5.8
6714 3.2
6715 3.3
6716 3.3
6717 4.3
6718 4.8
6719 5.4
6720 3.3
6721 5.9
6722 3.7
6723 3.3
6724 4.8
6725 5.0
6726 4.6
6727 4.1
6728 4.2
6729 5.0
6730 5.1
6731 3.7
6732 6.0
6733 4.4
6734 5.7
6735 4.2
6736 5.2
6737 4.3
6738 4.2
6739 5.2
6740 4.5
6741 5.9
6742 5.3
6743 4.2
6744 4.5
6745 5.5
6746 5.6
6747 5.4
6748 4.4
6749 6.4
6750 5.9
6751 5.2
6752 5.9
6753 5.5
6754 6.4
6755 5.4
6756 6.8
6757 6.5
6758 4.0
6759 6.0
6760 5.5
6761 6.0
6762 5.5
6763 4.3
6764 7.1
6765 5.6
6766 5.4
6767 6.4
6768 5.2
6769 5.2
6770 6.4
6771 4.7
6772 5.4
6773 4.7
6774 5.4
6775 4.8
6776 6.2
6777 6.6
6778 5.7
6779 5.7
6780 4.8
6781 6.6
6782 5.6
6783 5.4
6784 4.9
6785 6.3
6786 5.2
6787 6.0
6788 6.4
6789 6.8
6790 5.8
6791 6.1
6792 6.6
6793 6.2
6794 5.5
6795 5.4
6796 7.0
6797 5.3
6798 6.1
6799 6.4
6800 5.7
6801 6.1
6802 7.6
6803 7.7
6804 5.3
6805 5.6
6806 6.4
6807 6.6
6808 7.7
6809 7.2
6810 6.2
6811 6.1
6812 6.3
6813 6.8
6814 6.0
6815 7.6
6816 7.5
6817 7.3
6818 6.6
6819 5.7
6820 7.7
6821 7.1
6822 7.1
6823 5.6
6824 10.2
6825 6.7
6826 7.9
6827 5.9
6828 7.4
6829 8.2
6830 8.0
6831 7.5
6832 8.3
6833 8.1
6834 7.1
6835 7.0
6836 7.3
6837 7.5
6838 7.6
6839 7.4
6840 9.8
6841 9.5
6842 8.3
6843 6.9
6844 7.1
6845 10.1
6846 7.6
6847 7.6
6848 8.9
6849 8.6
6850 8.9
6851 7.9
6852 8.2
6853 7.3
6854 7.2
6855 8.6
6856 7.8
6857 7.0
6858 8.3
6859 8.3
6860 9.2
6861 7.4
6862 8.0
6863 8.6
6864 8.8
6865 9.1
6866 8.8
6867 9.2
6868 7.5
6869 8.3
6870 7.7
6871 9.2
6872 9.0
6873 8.2
6874 7.8
6875 8.6
6876 9.5
6877 9.4
6878 10.7
6879 9.3
6880 8.3
6881 9.7
6882 8.5
6883 9.4
6884 10.2
6885 6.8
6886 9.4
6887 8.5
6888 10.2
6889 8.3
6890 8.2
6891 10.6
6892 10.3
6893 10.0
6894 8.1
6895 10.2
6896 8.3
6897 10.0
6898 9.1
6899 10.8
6900 9.5
6901 9.0
6902 9.0
6903 9.5
6904 11.0
6905 9.5
6906 9.3
6907 10.9
6908 11.1
6909 9.4
6910 9.1
6911 9.6
6912 9.1
6913 12.1
6914 10.5
6915 9.3
6916 10.5
6917 9.8
6918 11.1
6919 10.3
6920 9.5
6921 9.6
6922 9.9
6923 9.4
6924 9.9
6925 9.5
6926 10.6
6927 9.0
6928 10.9
6929 11.1
6930 11.2
6931 9.6
6932 9.2
6933 11.9
6934 10.8
6935 11.2
6936 10.3
6937 10.9
6938 11.2
6939 10.5
6940 10.8
6941 11.5
6942 9.1
6943 10.8
6944 11.7
6945 11.6
6946 11.7
6947 10.0
6948 9.5
6949 9.4
6950 11.8
6951 11.1
6952 11.5
6953 10.7
6954 11.3
6955 11.6
6956 12.0
6957 9.7
6958 9.2
6959 11.5
6960 12.2
6961 12.3
6962 11.9
6963 10.3
6964 11.9
6965 12.6
6966 10.8
6967 11.5
6968 10.8
6969 12.0
6970 13.2
6971 10.6
6972 13.6
6973 10.2
6974 11.8
6975 11.9
6976 12.2
6977 13.4
6978 11.6
6979 10.3
6980 13.4
6981 11.9
6982 11.7
6983 12.5
6984 11.3
6985 13.2
6986 11.6
6987 11.8
6988 12.7
6989 11.8
6990 14.5
6991 13.3
6992 13.1
6993 13.0
6994 13.9
6995 14.1
6996 14.2
6997 15.0
6998 14.2
6999 13.5
7000 13.3
7001 13.5
7002 13.6
7003 14.7
7004 13.1
7005 12.6
7006 13.1
7007 13.7
7008 13.6
7009 12.8
7010 12.3
7011 13.9
7012 12.3
7013 13.8
7014 15.8
7015 13.0
7016 14.6
7017 13.0
7018 14.5
7019 15.3
7020 14.1
7021 15.6
7022 14.6
7023 14.4
7024 13.4
7025 13.0
7026 16.2
7027 13.8
7028 15.4
7029 14.0
7030 14.4
7031 11.6
7032 14.6
7033 14.0
7034 15.2
7035 15.7
7036 12.8
7037 15.4
7038 15.4
7039 15.1
7040 14.5
7041 14.3
7042 15.1
7043 16.9
7044 14.5
7045 15.3
7046 16.5
7047 16.7
7048 14.9
7049 14.5
7050 15.8
7051 16.8
7052 18.0
7053 18.7
7054 14.7
7055 14.5
7056 15.7
7057 16.9
7058 19.1
7059 15.2
7060 15.4
7061 15.4
7062 16.3
7063 15.2
7064 16.2
7065 16.7
7066 17.1
7067 16.6
7068 15.9
7069 15.3
7070 16.8
7071 16.7
7072 15.8
7073 18.5
7074 18.9
7075 16.9
7076 19.2
7077 17.0
7078 20.5
7079 18.1
7080 15.3
7081 19.7
7082 16.5
7083 19.2
7084 18.0
7085 18.8
7086 19.7
7087 18.4
7088 17.2
7089 20.7
7090 17.8
7091 18.3
7092 18.2
7093 17.9
7094 21.1
7095 19.3
7096 20.0
7097 15.7
7098 17.5
7099 21.3
7100 20.1
7101 16.8
7102 17.3
7103 19.1
7104 20.1
7105 18.8
7106 19.6
7107 19.8
7108 17.4
7109 18.8
7110 19.6
7111 18.4
7112 19.3
7113 18.4
7114 18.3
7115 17.0
7116 18.1
7117 17.7
7118 20.0
7119 19.2
7120 21.8
7121 18.5
7122 21.1
7123 17.2
7124 19.4
7125 19.5
7126 20.3
7127 22.2
7128 18.0
7129 17.5
7130 19.0
7131 21.3
7132 19.6
7133 21.2
7134 18.8
7135 21.9
7136 21.8
7137 21.7
7138 21.2
7139 18.6
7140 19.8
7141 20.9
7142 22.6
7143 20.1
7144 19.6
7145 20.1
7146 23.1
7147 21.1
7148 19.0
7149 21.0
7150 20.0
7151 25.0
7152 22.7
7153 21.7
7154 20.2
7155 21.3
7156 23.3
7157 21.3
7158 21.4
7159 22.5
7160 21.3
7161 22.3
7162 22.6
7163 21.8
7164 22.1
7165 21.0
7166 24.5
7167 24.7
7168 23.8
7169 21.3
7170 22.5
7171 18.7
7172 23.2
7173 25.3
7174 23.8
7175 23.3
7176 20.3
7177 23.7
7178 26.7
7179 24.9
7180 24.5
7181 21.5
7182 23.4
7183 26.6
7184 23.2
7185 22.5
7186 21.9
7187 25.3
7188 27.5
7189 25.9
7190 25.0
7191 22.2
7192 27.5
7193 26.8
7194 22.0
7195 26.2
7196 23.7
7197 24.9
7198 25.1
7199 24.1
7200 24.9
7201 26.4
7202 22.2
7203 25.1
7204 23.8
7205 23.1
7206 25.4
7207 21.3
7208 28.4
7209 26.8
7210 25.9
7211 24.8
7212 24.0
7213 29.0
7214 25.8
7215 25.3
7216 22.9
7217 23.7
7218 25.2
7219 27.3
7220 28.1
7221 28.2
7222 25.2
7223 25.6
7224 27.8
7225 27.1
7226 29.6
7227 24.6
7228 26.3
7229 26.6
7230 27.7
7231 28.2
7232 25.9
7233 25.1
7234 29.6
7235 29.4
7236 25.1
7237 26.2
7238 27.2
7239 31.6
7240 29.1
7241 29.3
7242 28.9
7243 26.5
7244 29.5
7245 28.5
7246 29.9
7247 26.2
7248 29.1
7249 31.5
7250 30.1
7251 32.1
7252 31.8
7253 27.3
7254 25.1
7255 30.4
7256 29.2
7257 31.3
7258 30.2
7259 26.4
7260 28.8
7261 29.3
7262 30.3
7263 29.3
7264 29.9
7265 29.9
7266 32.4
7267 30.3
7268 32.5
7269 29.6
7270 33.6
7271 32.4
7272 35.7
7273 32.8
7274 28.5
7275 33.5
7276 32.1
7277 31.0
7278 30.4
7279 30.4
7280 28.1
7281 36.8
7282 30.8
7283 32.3
7284 30.1
7285 27.7
7286 33.2
7287 32.5
7288 31.7
7289 31.4
7290 30.3
7291 33.2
7292 29.5
7293 33.5
7294 32.9
7295 31.8
7296 35.4
7297 34.6
7298 33.1
7299 33.7
7300 32.7
7301 35.6
7302 36.8
7303 32.1
7304 31.6
7305 30.2
7306 31.7
7307 36.3
7308 34.1
7309 32.6
7310 33.3
7311 30.7
7312 38.3
7313 35.3
7314 36.4
7315 31.7
7316 29.9
7317 34.1
7318 35.5
7319 30.8
7320 36.0
7321 31.7
7322 39.0
7323 33.3
7324 32.3
7325 34.5
7326 33.7
7327 40.2
7328 35.0
7329 39.2
7330 36.8
7331 34.9
7332 34.9
7333 36.0
7334 38.0
7335 33.7
7336 35.5
7337 33.9
7338 37.1
7339 37.8
7340 39.4
7341 38.8
7342 33.8
7343 38.1
7344 37.5
7345 36.8
7346 36.6
7347 34.8
7348 40.2
7349 39.8
7350 38.5
7351 36.0
7352 36.3
7353 41.4
7354 42.4
7355 39.0
7356 38.8
7357 36.9
7358 40.6
7359 39.8
7360 38.3
7361 38.0
7362 37.6
7363 35.0
7364 39.0
7365 39.7
7366 36.7
7367 38.3
7368 36.8
7369 44.4
7370 38.0
7371 41.1
7372 36.5
7373 38.2
7374 42.4
7375 40.6
7376 37.0
7377 40.9
7378 36.1
7379 41.2
7380 40.7
7381 40.8
7382 40.7
7383 39.5
7384 44.1
7385 44.3
7386 42.7
7387 41.3
7388 39.6
7389 38.1
7390 46.0
7391 41.7
7392 38.5
7393 33.3
7394 39.2
7395 44.5
7396 47.6
7397 42.7
7398 41.2
7399 37.5
7400 45.0
7401 41.2
7402 43.5
7403 40.9
7404 42.2
7405 45.4
7406 45.2
7407 41.6
7408 41.0
7409 40.5
7410 47.7
7411 47.3
7412 41.0
7413 40.6
7414 39.6
7415 39.8
7416 46.9
7417 46.9
7418 44.5
7419 43.2
7420 39.8
7421 45.5
7422 46.1
7423 44.1
7424 44.4
7425 39.3
7426 49.7
7427 45.7
7428 48.8
7429 47.3
7430 43.0
7431 47.1
7432 47.6
7433 49.7
7434 44.1
7435 43.8
7436 50.2
7437 47.6
7438 49.2
7439 46.1
7440 42.0
7441 48.0
7442 50.8
7443 52.2
7444 47.9
7445 45.8
7446 43.1
7447 52.1
7448 48.4
7449 46.2
7450 44.2
7451 43.7
7452 50.6
7453 49.4
7454 47.5
7455 46.3
7456 43.8
7457 54.1
7458 48.7
7459 49.3
7460 48.9
7461 43.7
7462 54.4
7463 50.9
7464 51.1
7465 46.9
7466 47.3
7467 51.5
7468 52.6
7469 52.5
7470 51.4
7471 52.0
7472 43.7
7473 52.3
7474 49.8
7475 53.2
7476 47.6
7477 47.5
7478 53.0
7479 53.2
7480 51.9
7481 52.0
7482 46.6
7483 53.7
7484 54.1
7485 53.8
7486 48.0
7487 48.5
7488 57.8
7489 61.6
7490 51.0
7491 50.2
7492 49.5
7493 55.6
7494 56.5
7495 54.6
7496 53.9
7497 50.9
7498 46.2
7499 54.6
7500 56.5
7501 53.8
7502 50.4
7503 48.4
7504 55.8
7505 57.1
7506 53.6
7507 51.8
7508 46.8
7509 58.2
7510 57.3
7511 54.7
7512 53.6
7513 51.0
7514 59.0
7515 58.5
7516 54.6
7517 56.5
7518 50.3
7519 60.5
7520 56.4
7521 57.0
7522 56.9
7523 55.6
7524 58.7
7525 59.1
7526 56.5
7527 55.8
7528 55.3
7529 51.0
7530 60.9
7531 59.7
7532 58.3
7533 55.0
7534 50.5
7535 64.1
7536 58.5
7537 54.7
7538 57.2
7539 51.1
7540 62.3
7541 54.9
7542 59.7
7543 55.7
7544 58.6
7545 61.3
7546 59.2
7547 58.8
7548 60.6
7549 53.0
7550 66.7
7551 60.1
7552 59.9
7553 55.7
7554 49.4
7555 56.5
7556 67.6
7557 59.9
7558 61.2
7559 57.8
7560 56.5
7561 64.2
7562 58.1
7563 65.5
7564 59.0
7565 58.5
7566 65.4
7567 66.3
7568 63.5
7569 59.3
7570 57.5
7571 67.0
7572 67.3
7573 62.4
7574 60.4
7575 58.0
7576 68.2
7577 68.3
7578 66.3
7579 61.4
7580 61.1
7581 59.7
7582 64.7
7583 65.0
7584 65.3
7585 64.7
7586 61.0
7587 67.8
7588 67.0
7589 61.9
7590 65.7
7591 60.5
7592 72.4
7593 63.3
7594 65.6
7595 60.7
7596 61.6
7597 72.3
7598 63.2
7599 70.4
7600 63.4
7601 63.3
7602 70.2
7603 68.1
7604 66.7
7605 64.3
7606 67.2
7607 64.7
7608 71.1
7609 68.7
7610 66.0
7611 64.7
7612 61.8
7613 67.3
7614 69.8
7615 65.3
7616 69.5
7617 59.6
7618 77.4
7619 68.8
7620 68.9
7621 65.1
7622 62.6
7623 80.2
7624 68.6
7625 69.2
7626 66.6
7627 66.9
7628 74.0
7629 71.8
7630 67.8
7631 69.4
7632 66.8
7633 73.6
7634 78.5
7635 69.2
7636 67.2
7637 69.0
7638 65.2
7639 74.0
7640 74.9
7641 74.7
7642 66.0
7643 65.6
7644 76.9
7645 75.3
7646 71.9
7647 67.8
7648 65.3
7649 79.8
7650 75.0
7651 74.4
7652 67.4
7653 67.6
7654 77.2
7655 76.1
7656 74.8
7657 72.2
7658 69.6
7659 79.6
7660 77.7
7661 73.6
7662 71.9
7663 71.2
7664 65.3
7665 84.3
7666 78.3
7667 78.8
7668 68.9
7669 74.5
7670 81.8
7671 80.7
7672 72.3
7673 71.1
7674 69.0
7675 81.8
7676 77.1
7677 78.4
7678 76.1
7679 71.3
7680 79.9
7681 80.4
7682 82.2
7683 76.1
7684 74.8
7685 81.9
7686 81.9
7687 78.3
7688 78.0
7689 72.8
7690 73.4
7691 81.7
7692 83.1
7693 73.3
7694 76.8
7695 71.6
7696 85.9
7697 83.0
7698 81.7
7699 77.2
7700 74.6
7701 87.0
7702 88.4
7703 81.0
7704 80.2
7705 76.3
7706 88.9
7707 78.8
7708 79.3
7709 79.5
7710 74.6
7711 88.0
7712 86.3
7713 83.7
7714 78.6
7715 76.3
7716 89.7
7717 84.4
7718 84.5
7719 80.9
7720 76.9
7721 72.0
7722 91.8
7723 80.9
7724 84.6
7725 76.8
7726 76.4
7727 88.5
7728 82.2
7729 86.3
7730 79.9
7731 75.5
7732 88.6
7733 92.0
7734 84.2
7735 78.3
7736 74.2
7737 92.2
7738 86.7
7739 89.1
7740 82.2
7741 82.4
7742 91.0
7743 92.4
7744 84.3
7745 85.7
7746 81.3
7747 79.6
7748 90.5
7749 88.6
7750 85.4
7751 84.2
7752 74.0
7753 91.1
7754 90.0
7755 91.8
7756 80.6
7757 81.3
7758 99.7
7759 92.2
7760 90.8
7761 85.7
7762 81.6
7763 95.9
7764 95.5
7765 89.6
7766 92.2
7767 84.2
7768 95.2
7769 90.5
7770 90.2
7771 92.6
7772 85.8
7773 85.4
7774 102.2
7775 95.0
7776 90.6
7777 83.1
7778 83.4
7779 97.7
7780 94.7
7781 89.7
7782 90.2
7783 81.8
7784 96.9
7785 97.6
7786 96.1
7787 90.9
7788 84.6
7789 98.7
7790 99.9
7791 96.4
7792 88.1
7793 86.3
7794 97.5
7795 92.6
7796 94.8
7797 93.2
7798 86.1
7799 87.2
7800 97.5
7801 97.6
7802 98.2
7803 90.2
7804 81.1
7805 101.2
7806 97.3
7807 91.1
7808 89.4
7809 84.5
7810 101.3
7811 95.3
7812 93.7
7813 93.2
7814 87.9
7815 105.9
7816 96.4
7817 102.8
7818 94.1
7819 95.1
7820 103.9
7821 103.1
7822 99.4
7823 94.0
7824 89.2
7825 108.4
7826 102.0
7827 103.1
7828 96.8
7829 90.1
7830 90.0
7831 104.7
7832 103.3
7833 95.5
7834 97.5
7835 92.8
7836 110.3
7837 99.5
7838 102.7
7839 95.3
7840 93.7
7841 103.1
7842 104.3
7843 101.5
7844 100.1
7845 93.0
7846 112.5
7847 102.4
7848 107.2
7849 97.5
7850 100.3
7851 110.7
7852 109.8
7853 106.2
7854 99.0
7855 94.5
7856 88.0
7857 111.5
7858 104.8
7859 104.9
7860 91.6
7861 97.1
7862 106.2
7863 106.9
7864 105.2
7865 95.6
7866 100.2
7867 109.8
7868 104.7
7869 110.3
7870 99.2
7871 96.6
7872 113.1
7873 110.5
7874 102.7
7875 106.8
7876 99.0
7877 119.7
7878 113.8
7879 105.5
7880 107.0
7881 102.5
7882 96.9
7883 110.9
7884 108.0
7885 103.3
7886 102.9
7887 100.1
7888 119.5
7889 104.1
7890 107.6
7891 100.3
7892 97.3
7893 114.5
7894 111.0
7895 116.4
7896 102.2
7897 96.5
7898 117.9
7899 115.4
7900 112.6
7901 98.3
7902 105.9
7903 120.0
7904 112.5
7905 109.6
7906 107.1
7907 105.5
7908 117.7
7909 109.4
7910 119.1
7911 105.8
7912 107.9
7913 99.8
7914 118.6
7915 114.3
7916 109.1
7917 107.8
7918 103.6
7919 119.8
7920 117.2
7921 112.6
7922 109.9
7923 106.7
7924 123.6
7925 116.8
7926 107.0
7927 112.4
7928 104.9
7929 122.4
7930 117.6
7931 113.7
7932 113.1
7933 111.3
7934 123.5
7935 121.7
7936 116.9
7937 111.8
7938 105.0
7939 101.9
7940 116.5
7941 124.9
7942 107.6
7943 109.1
7944 111.1
7945 129.4
7946 117.6
7947 120.6
7948 110.7
7949 110.4
7950 122.4
7951 123.8
7952 115.8
7953 113.5
7954 110.5
7955 131.3
7956 126.1
7957 116.1
7958 115.4
7959 112.5
7960 131.2
7961 129.5
7962 123.2
7963 121.7
7964 112.2
7965 110.1
7966 125.7
7967 128.3
7968 119.1
7969 113.7
7970 106.0
7971 126.7
7972 123.0
7973 124.7
7974 119.4
7975 108.1
7976 133.0
7977 123.2
7978 128.2
7979 114.2
7980 114.3
7981 130.8
7982 127.9
7983 126.5
7984 120.1
7985 108.6
7986 134.5
7987 131.5
7988 127.8
7989 119.9
7990 116.8
7991 110.4
7992 138.2
7993 118.4
7994 124.0
7995 114.6
7996 111.3
7997 131.0
7998 133.5
7999 119.8
8000 120.6
8001 116.0
8002 133.5
8003 131.3
8004 121.4
8005 122.0
8006 113.5
8007 140.8
8008 131.1
8009 131.5
8010 122.4
8011 115.6
8012 139.6
8013 134.3
8014 126.5
8015 121.5
8016 120.1
8017 141.0
8018 132.8
8019 130.5
8020 128.3
8021 125.7
8022 116.3
8023 135.9
8024 130.2
8025 129.6
8026 126.1
8027 115.8
8028 137.3
8029 133.8
8030 130.8
8031 124.2
8032 116.6
8033 146.7
8034 138.9
8035 130.6
8036 123.2
8037 123.7
8038 147.3
8039 136.6
8040 135.6
8041 125.7
8042 120.2
8043 144.2
8044 142.5
8045 137.7
8046 132.3
8047 124.3
8048 120.9
8049 140.0
8050 139.9
8051 134.0
8052 131.6
8053 115.2
8054 149.9
8055 129.4
8056 135.8
8057 130.2
8058 122.9
8059 147.1
8060 139.5
8061 137.3
8062 130.5
8063 127.4
8064 147.5
8065 134.7
8066 138.3
8067 133.0
8068 122.5
8069 146.4
8070 134.5
8071 141.0
8072 137.5
8073 131.0
8074 117.7
8075 146.2
8076 142.6
8077 141.4
8078 131.2
8079 127.1
8080 151.0
8081 140.7
8082 134.7
8083 133.7
8084 125.8
8085 147.0
8086 144.3
8087 132.2
8088 133.8
8089 129.6
8090 152.3
8091 149.1
8092 142.9
8093 138.7
8094 130.5
8095 154.5
8096 143.0
8097 145.5
8098 142.7
8099 131.0
8100 158.6
8101 150.5
8102 142.5
8103 138.4
8104 132.7
8105 132.1
8106 146.8
8107 151.1
8108 139.8
8109 139.6
8110 128.7
8111 150.5
8112 148.6
8113 146.4
8114 128.9
8115 131.3
8116 153.8
8117 149.8
8118 148.6
8119 138.8
8120 130.2
8121 155.9
8122 154.2
8123 152.2
8124 141.9
8125 134.0
8126 163.1
8127 152.1
8128 152.6
8129 139.9
8130 137.4
8131 136.0
8132 158.1
8133 146.3
8134 147.0
8135 140.7
8136 138.9
8137 165.2
8138 149.5
8139 151.7
8140 141.4
8141 135.1
8142 157.8
8143 158.4
8144 145.8
8145 148.1
8146 133.6
8147 160.9
8148 150.7
8149 151.8
8150 144.1
8151 142.4
8152 158.5
8153 156.5
8154 152.1
8155 143.4
8156 142.4
8157 138.0
8158 160.3
8159 153.1
8160 152.2
8161 143.5
8162 140.2
8163 163.1
8164 155.0
8165 159.4
8166 147.3
8167 142.8
8168 162.8
8169 153.5
8170 158.3
8171 142.8
8172 147.7
8173 166.8
8174 164.1
8175 156.0
8176 150.4
8177 142.9
8178 170.8
8179 165.5
8180 159.0
8181 149.1
8182 148.3
8183 167.1
8184 167.3
8185 162.8
8186 151.7
8187 145.9
8188 142.2
8189 163.7
8190 164.6
8191 154.8
8192 150.5
8193 146.8
8194 170.0
8195 170.2
8196 159.4
8197 151.5
8198 146.1
8199 167.8
8200 160.7
8201 153.1
8202 153.7
8203 151.2
8204 174.7
8205 163.9
8206 161.6
8207 155.4
8208 149.5
8209 172.6
8210 164.8
8211 170.7
8212 157.9
8213 156.3
8214 146.8
8215 169.0
8216 164.3
8217 156.4
8218 151.4
8219 150.8
8220 174.3
8221 169.8
8222 154.6
8223 153.9
8224 144.8
8225 177.9
8226 167.2
8227 162.4
8228 159.0
8229 144.7
8230 176.0
8231 165.4
8232 167.5
8233 166.0
8234 154.6
8235 178.4
8236 163.3
8237 164.5
8238 161.8
8239 150.8
8240 143.4
8241 174.8
8242 170.9
8243 163.4
8244 153.2
8245 146.3
8246 179.6
8247 169.2
8248 169.7
8249 152.9
8250 147.4
8251 175.4
8252 179.7
8253 171.5
8254 162.3
8255 153.0
8256 178.3
8257 180.0
8258 166.7
8259 165.5
8260 153.5
8261 183.2
8262 178.2
8263 169.8
8264 163.4
8265 159.4
8266 149.6
8267 181.9
8268 173.2
8269 165.6
8270 164.8
8271 158.6
8272 187.1
8273 172.2
8274 173.7
8275 158.4
8276 156.6
8277 184.7
8278 177.6
8279 172.6
8280 166.8
8281 158.1
8282 182.3
8283 175.0
8284 172.2
8285 166.8
8286 152.5
8287 185.1
8288 183.8
8289 175.7
8290 170.3
8291 163.7
8292 184.8
8293 183.3
8294 179.9
8295 167.2
8296 160.9
8297 153.5
8298 183.1
8299 183.2
8300 168.2
8301 170.9
8302 156.7
8303 188.2
8304 186.9
8305 177.6
8306 170.3
8307 155.5
8308 186.4
8309 183.7
8310 180.5
8311 173.1
8312 167.5
8313 196.6
8314 179.6
8315 175.1
8316 174.0
8317 160.5
8318 199.6
8319 179.1
8320 180.1
8321 173.7
8322 170.2
8323 157.2
8324 189.6
8325 175.3
8326 181.1
8327 168.3
8328 155.9
8329 191.4
8330 181.5
8331 182.2
8332 164.4
8333 168.4
8334 190.3
8335 191.7
8336 178.0
8337 176.2
8338 168.9
8339 199.4
8340 185.7
8341 182.6
8342 179.1
8343 167.1
8344 200.2
8345 194.7
8346 186.0
8347 181.8
8348 173.3
8349 164.4
8350 201.9
8351 188.5
8352 185.3
8353 173.5
8354 165.3
8355 198.6
8356 187.1
8357 178.9
8358 172.4
8359 169.4
8360 201.2
8361 185.7
8362 182.6
8363 174.9
8364 170.4
8365 203.8
8366 200.7
8367 194.1
8368 180.6
8369 174.3
8370 208.2
8371 196.3
8372 188.2
8373 186.7
8374 173.5
8375 203.2
8376 193.0
8377 191.8
8378 188.9
8379 179.9
8380 175.3
8381 198.0
8382 198.2
8383 182.4
8384 177.6
8385 174.0
8386 195.8
8387 200.0
8388 196.5
8389 189.7
8390 176.0
8391 206.1
8392 195.4
8393 192.5
8394 189.4
8395 175.3
8396 207.0
8397 205.3
8398 194.7
8399 184.1
8400 176.7
8401 215.7
8402 200.6
8403 198.0
8404 179.0
8405 184.7
8406 173.3
8407 201.0
8408 196.8
8409 193.5
8410 183.4
8411 175.6
8412 203.5
8413 200.2
8414 186.3
8415 190.5
8416 178.6
8417 206.4
8418 192.8
8419 195.1
8420 187.6
8421 183.8
8422 211.8
8423 203.5
8424 198.5
8425 185.2
8426 182.8
8427 218.6
8428 209.5
8429 200.1
8430 194.1
8431 182.9
8432 174.6
8433 209.7
8434 196.0
8435 202.9
8436 185.3
8437 183.7
8438 206.4
8439 206.8
8440 202.7
8441 191.4
8442 185.3
8443 217.8
8444 202.5
8445 199.3
8446 196.8
8447 181.8
8448 215.7
8449 204.2
8450 204.3
8451 194.6
8452 194.5
8453 219.0
8454 213.1
8455 208.8
8456 197.3
8457 190.8
8458 175.9
8459 206.4
8460 208.2
8461 193.3
8462 193.4
8463 180.5
8464 212.7
8465 216.4
8466 210.6
8467 191.0
8468 188.8
8469 215.4
8470 216.1
8471 205.6
8472 198.2
8473 187.7
8474 220.0
8475 215.2
8476 199.8
8477 199.8
8478 191.4
8479 221.6
8480 219.4
8481 212.2
8482 195.8
8483 200.3
8484 222.9
8485 214.5
8486 204.4
8487 210.3
8488 195.3
8489 189.4
8490 217.7
8491 209.8
8492 201.4
8493 193.9
8494 186.9
8495 216.9
8496 211.0
8497 202.4
8498 203.1
8499 190.2
8500 234.6
8501 212.8
8502 206.2
8503 197.6
8504 191.0
8505 227.4
8506 214.3
8507 206.4
8508 202.6
8509 190.4
8510 227.0
8511 222.9
8512 216.5
8513 205.4
8514 197.0
8515 190.6
8516 222.3
8517 215.5
8518 206.8
8519 206.5
8520 193.1
8521 231.3
8522 224.2
8523 211.0
8524 203.9
8525 192.7
8526 233.4
8527 231.3
8528 212.1
8529 212.4
8530 192.8
8531 228.9
8532 224.6
8533 221.9
8534 211.0
8535 199.2
8536 229.6
8537 223.4
8538 215.5
8539 211.6
8540 202.4
8541 191.1
8542 238.8
8543 218.3
8544 220.3
8545 206.1
8546 197.0
8547 229.2
8548 228.3
8549 218.4
8550 212.7
8551 199.7
8552 223.8
8553 226.9
8554 216.0
8555 217.7
8556 204.1
8557 231.5
8558 227.6
8559 219.4
8560 213.1
8561 204.6
8562 237.3
8563 237.6
8564 228.9
8565 217.0
8566 204.3
8567 244.8
8568 241.2
8569 218.1
8570 221.2
8571 209.0
8572 203.5
8573 234.1
8574 232.1
8575 223.2
8576 207.7
8577 205.5
8578 243.8
8579 229.9
8580 221.4
8581 209.0
8582 197.8
8583 245.8
8584 231.4
8585 232.2
8586 216.2
8587 200.3
8588 247.5
8589 237.1
8590 229.6
8591 221.1
8592 204.9
8593 248.0
8594 234.1
8595 228.6
8596 231.1
8597 212.7
8598 207.2
8599 236.7
8600 230.0
8601 230.6
8602 220.9
8603 204.7
8604 245.3
8605 239.2
8606 221.6
8607 216.3
8608 207.5
8609 251.6
8610 244.7
8611 228.4
8612 216.3
8613 212.7
8614 247.8
8615 241.3
8616 239.9
8617 224.9
8618 209.9
8619 245.6
8620 244.4
8621 227.7
8622 230.2
8623 220.5
8624 205.9
8625 247.4
8626 237.4
8627 234.8
8628 217.7
8629 217.2
8630 244.2
8631 240.2
8632 228.0
8633 218.0
8634 216.4
8635 248.8
8636 242.1
8637 233.6
8638 221.5
8639 216.5
8640 252.2
8641 247.0
8642 240.1
8643 234.8
8644 225.0
8645 255.5
8646 252.0
8647 239.3
8648 233.6
8649 222.1
8650 209.7
8651 249.4
8652 248.5
8653 233.4
8654 227.2
8655 220.0
8656 256.2
8657 239.8
8658 239.7
8659 223.3
8660 214.2
8661 254.9
8662 244.2
8663 241.9
8664 233.0
8665 224.3
8666 256.0
8667 252.7
8668 236.8
8669 227.2
8670 225.2
8671 265.1
8672 243.8
8673 252.8
8674 234.8
8675 224.7
8676 264.1
8677 255.9
8678 244.1
8679 240.5
8680 222.6
8681 223.2
8682 258.8
8683 251.4
8684 239.3
8685 235.6
8686 223.5
8687 257.4
8688 252.6
8689 245.5
8690 234.5
8691 228.3
8692 262.4
8693 254.4
8694 249.9
8695 240.6
8696 221.8
8697 267.3
8698 260.2
8699 249.8
8700 239.4
8701 235.6
8702 271.9
8703 261.4
8704 252.2
8705 251.3
8706 237.7
8707 224.2
8708 259.2
8709 254.9
8710 250.8
8711 233.3
8712 228.9
8713 254.3
8714 258.9
8715 247.0
8716 236.0
8717 229.8
8718 262.4
8719 264.3
8720 243.6
8721 234.4
8722 234.8
8723 275.6
8724 276.1
8725 252.3
8726 243.6
8727 233.3
8728 267.3
8729 267.6
8730 258.8
8731 241.0
8732 242.4
8733 239.7
8734 264.8
8735 263.8
8736 245.6
8737 243.0
8738 229.8
8739 275.3
8740 260.5
8741 260.6
8742 243.8
8743 238.8
8744 280.7
8745 266.1
8746 253.6
8747 240.2
8748 240.9
8749 274.4
8750 265.1
8751 257.6
8752 250.6
8753 240.9
8754 279.3
8755 275.3
8756 257.9
8757 249.0
8758 246.6
8759 285.5
8760 277.3
8761 256.9
8762 252.7
8763 244.9
8764 232.4
8765 279.6
8766 269.0
8767 258.4
8768 249.5
8769 235.4
8770 290.3
8771 272.7
8772 260.3
8773 257.7
8774 243.9
8775 282.1
8776 274.5
8777 259.6
8778 256.8
8779 249.6
8780 291.0
8781 278.3
8782 266.7
8783 263.6
8784 250.3
8785 295.7
8786 283.2
8787 268.5
8788 261.2
8789 248.0
8790 242.2
8791 285.7
8792 271.7
8793 257.2
8794 260.8
8795 236.1
8796 283.6
8797 279.1
8798 262.2
8799 260.5
8800 246.1
8801 283.1
8802 276.8
8803 270.3
8804 254.1
8805 253.1
8806 278.4
8807 275.7
8808 266.6
8809 268.2
8810 245.4
8811 294.8
8812 295.4
8813 275.9
8814 265.8
8815 253.6
8816 243.1
8817 279.0
8818 280.2
8819 267.4
8820 264.6
8821 247.1
8822 291.7
8823 286.4
8824 269.8
8825 260.0
8826 248.2
8827 294.7
8828 283.0
8829 269.5
8830 272.9
8831 248.9
8832 298.3
8833 281.0
8834 283.8
8835 266.5
8836 255.6
8837 296.2
8838 298.2
8839 273.9
8840 267.1
8841 252.6
8842 311.2
8843 298.3
8844 287.3
8845 278.4
8846 254.3
8847 250.2
8848 294.9
8849 279.4
8850 277.5
8851 264.8
8852 247.6
8853 297.3
8854 286.4
8855 287.1
8856 267.9
8857 257.2
8858 307.4
8859 302.6
8860 289.5
8861 271.7
8862 256.2
8863 302.4
8864 303.4
8865 289.1
8866 273.3
8867 273.5
8868 308.1
8869 310.1
8870 280.6
8871 289.6
8872 272.6
8873 250.1
8874 296.5
8875 298.7
8876 274.2
8877 269.9
8878 252.8
8879 312.2
8880 293.7
8881 289.8
8882 277.3
8883 263.8
8884 301.9
8885 287.5
8886 289.3
8887 279.2
8888 273.0
8889 310.2
8890 299.9
8891 283.4
8892 278.5
8893 267.9
8894 319.0
8895 302.6
8896 293.4
8897 282.7
8898 275.4
8899 266.5
8900 319.1
8901 299.9
8902 284.1
8903 271.7
8904 272.4
8905 307.7
8906 302.5
8907 289.9
8908 277.4
8909 265.8
8910 314.7
8911 303.8
8912 287.5
8913 282.9
8914 275.4
8915 320.4
8916 303.7
8917 299.2
8918 288.5
8919 279.4
8920 322.4
8921 302.7
8922 308.1
8923 282.4
8924 272.0
8925 262.8
8926 312.5
8927 300.6
8928 296.2
8929 273.8
8930 259.7
8931 314.2
8932 311.3
8933 299.7
8934 285.1
8935 277.8
8936 308.4
8937 301.8
8938 301.6
8939 284.6
8940 284.5
8941 316.4
8942 316.7
8943 306.9
8944 296.1
8945 289.6
8946 336.0
8947 313.2
8948 312.5
8949 293.4
8950 281.6
8951 333.7
8952 318.0
8953 310.5
8954 301.4
8955 286.8
8956 276.0
8957 319.7
8958 302.5
8959 299.3
8960 292.9
8961 284.2
8962 317.2
8963 312.4
8964 310.7
8965 298.3
8966 282.3
8967 339.6
8968 316.2
8969 301.4
8970 297.5
8971 290.8
8972 332.8
8973 326.3
8974 308.7
8975 293.8
8976 290.3
8977 339.5
8978 328.5
8979 320.1
8980 305.0
8981 295.3
8982 284.8
8983 322.0
8984 328.5
8985 295.3
8986 298.0
8987 287.7
8988 323.6
8989 327.2
8990 313.3
8991 307.6
8992 281.1
8993 338.5
8994 326.6
8995 315.7
8996 295.7
8997 287.0
8998 338.8
8999 338.6
9000 314.1
9001 301.8
9002 293.0
9003 345.1
9004 325.2
9005 311.6
9006 309.2
9007 293.0
9008 283.8
9009 328.0
9010 320.0
9011 309.2
9012 297.5
9013 291.7
9014 333.2
9015 331.1
9016 321.3
9017 305.6
9018 292.0
9019 344.8
9020 341.8
9021 326.1
9022 303.0
9023 289.6
9024 339.3
9025 336.7
9026 321.8
9027 307.6
9028 301.3
9029 337.3
9030 334.6
9031 329.5
9032 316.2
9033 306.9
9034 360.7
9035 349.9
9036 323.5
9037 317.3
9038 309.1
9039 293.7
9040 354.5
9041 336.8
9042 324.3
9043 320.3
9044 292.1
9045 364.7
9046 337.1
9047 323.2
9048 309.7
9049 304.9
9050 356.1
9051 338.6
9052 326.8
9053 313.2
9054 309.0
9055 351.1
9056 341.4
9057 330.5
9058 323.3
9059 311.9
9060 353.9
9061 347.6
9062 340.7
9063 323.1
9064 309.0
9065 294.0
9066 359.6
9067 340.7
9068 327.2
9069 322.4
9070 308.2
9071 355.2
9072 338.5
9073 333.8
9074 321.5
9075 308.0
9076 359.6
9077 354.2
9078 339.0
9079 322.6
9080 304.8
9081 367.4
9082 357.8
9083 333.9
9084 325.1
9085 302.5
9086 362.7
9087 356.3
9088 353.8
9089 325.4
9090 319.2
9091 297.7
9092 354.7
9093 345.4
9094 325.9
9095 319.1
9096 302.4
9097 367.7
9098 350.4
9099 337.1
9100 330.5
9101 313.3
9102 367.8
9103 353.9
9104 337.7
9105 323.2
9106 311.3
9107 367.7
9108 367.6
9109 340.5
9110 329.9
9111 314.1
9112 380.5
9113 362.6
9114 348.6
9115 343.2
9116 317.8
9117 308.4
9118 378.5
9119 351.4
9120 341.5
9121 324.0
9122 318.2
9123 378.7
9124 344.7
9125 341.8
9126 335.8
9127 313.1
9128 376.3
9129 364.0
9130 354.3
9131 323.4
9132 321.7
9133 380.1
9134 371.2
9135 350.6
9136 338.9
9137 320.8
9138 380.3
9139 370.0
9140 349.9
9141 349.9
9142 322.4
9143 382.7
9144 366.0
9145 362.9
9146 346.9
9147 335.9
9148 315.0
9149 382.5
9150 358.4
9151 357.6
9152 335.2
9153 315.4
9154 379.0
9155 367.8
9156 358.5
9157 342.0
9158 333.5
9159 387.4
9160 379.4
9161 357.9
9162 344.1
9163 327.7
9164 381.9
9165 380.3
9166 368.9
9167 354.4
9168 338.6
9169 389.8
9170 375.0
9171 373.7
9172 352.4
9173 339.9
9174 331.9
9175 372.6
9176 380.8
9177 359.8
9178 344.9
9179 321.0
9180 390.7
9181 366.9
9182 363.7
9183 344.5
9184 331.4
9185 383.7
9186 366.1
9187 360.7
9188 349.5
9189 342.8
9190 399.6
9191 373.0
9192 375.2
9193 350.9
9194 347.5
9195 404.3
9196 383.8
9197 372.3
9198 356.0
9199 335.5
9200 325.5
9201 384.0
9202 387.3
9203 355.6
9204 351.7
9205 332.9
9206 394.5
9207 381.5
9208 357.8
9209 349.6
9210 336.8
9211 403.6
9212 382.9
9213 368.0
9214 353.6
9215 356.3
9216 410.1
9217 387.2
9218 367.5
9219 368.8
9220 343.3
9221 410.5
9222 396.9
9223 374.1
9224 365.5
9225 351.6
9226 411.7
9227 393.8
9228 377.3
9229 362.8
9230 357.1
9231 336.3
9232 400.4
9233 379.1
9234 376.4
9235 365.9
9236 347.5
9237 400.8
9238 382.5
9239 373.9
9240 362.8
9241 353.2
9242 408.6
9243 394.2
9244 388.8
9245 366.2
9246 355.2
9247 413.3
9248 399.6
9249 386.4
9250 379.1
9251 366.2
9252 414.6
9253 403.1
9254 393.2
9255 368.3
9256 368.3
9257 348.4
9258 417.4
9259 398.3
9260 378.0
9261 366.5
9262 342.4
9263 409.1
9264 397.6
9265 392.3
9266 368.9
9267 353.0
9268 413.6
9269 393.9
9270 390.8
9271 374.8
9272 360.8
9273 419.4
9274 395.9
9275 382.6
9276 379.9
9277 373.6
9278 432.2
9279 401.1
9280 400.9
9281 374.8
9282 364.7
9283 352.9
9284 406.6
9285 402.2
9286 381.2
9287 371.5
9288 348.4
9289 423.0
9290 403.8
9291 390.3
9292 371.6
9293 361.1
9294 421.0
9295 412.9
9296 394.5
9297 384.5
9298 372.5
9299 418.7
9300 408.0
9301 393.0
9302 375.8
9303 361.4
9304 433.5
9305 420.1
9306 395.8
9307 385.8
9308 369.6
9309 354.6
9310 426.1
9311 412.5
9312 394.8
9313 372.7
9314 346.3
9315 428.1
9316 408.9
9317 391.2
9318 372.9
9319 365.9
9320 436.2
9321 423.8
9322 401.0
9323 380.2
9324 370.2
9325 430.6
9326 422.5
9327 408.6
9328 388.5
9329 375.2
9330 433.6
9331 426.1
9332 404.9
9333 403.7
9334 380.3
9335 446.5
9336 435.8
9337 419.7
9338 391.2
9339 391.2
9340 362.4
9341 443.4
9342 412.4
9343 398.7
9344 382.8
9345 374.0
9346 441.6
9347 418.8
9348 402.7
9349 389.3
9350 370.7
9351 441.7
9352 418.7
9353 414.4
9354 395.8
9355 383.6
9356 445.6
9357 425.3
9358 414.6
9359 398.6
9360 380.7
9361 440.3
9362 424.3
9363 419.0
9364 398.7
9365 383.7
9366 372.5
9367 446.2
9368 414.5
9369 399.4
9370 397.1
9371 375.6
9372 447.7
9373 433.2
9374 410.5
9375 397.4
9376 378.6
9377 448.1
9378 433.5
9379 419.5
9380 410.7
9381 367.6
9382 449.3
9383 429.5
9384 426.8
9385 399.2
9386 388.8
9387 468.6
9388 453.0
9389 421.8
9390 415.4
9391 387.4
9392 376.6
9393 444.9
9394 413.5
9395 413.6
9396 395.4
9397 379.2
9398 442.8
9399 436.0
9400 416.4
9401 392.6
9402 382.9
9403 456.1
9404 436.0
9405 429.2
9406 403.6
9407 377.4
9408 459.1
9409 446.5
9410 428.6
9411 414.4
9412 397.2
9413 456.4
9414 440.3
9415 445.3
9416 411.0
9417 403.9
9418 457.4
9419 448.4
9420 442.8
9421 425.4
9422 400.8
9423 390.1
9424 459.1
9425 446.3
9426 428.3
9427 403.6
9428 386.6
9429 446.5
9430 446.2
9431 436.4
9432 420.4
9433 393.1
9434 462.8
9435 449.0
9436 438.5
9437 417.5
9438 405.3
9439 458.5
9440 438.9
9441 437.0
9442 413.7
9443 405.9
9444 465.4
9445 459.6
9446 445.2
9447 434.0
9448 401.2
9449 383.8
9450 457.0
9451 444.3
9452 435.5
9453 401.9
9454 395.6
9455 462.1
9456 449.8
9457 431.8
9458 412.6
9459 400.9
9460 483.3
9461 454.5
9462 443.5
9463 421.9
9464 398.3
9465 491.4
9466 470.1
9467 453.8
9468 421.9
9469 411.7
9470 492.8
9471 452.3
9472 456.6
9473 427.6
9474 407.0
9475 397.1
9476 482.2
9477 453.8
9478 433.5
9479 410.7
9480 403.8
9481 478.8
9482 450.6
9483 436.7
9484 416.6
9485 402.8
9486 474.6
9487 456.8
9488 446.2
9489 415.3
9490 407.5
9491 479.8
9492 466.4
9493 441.9
9494 429.6
9495 415.6
9496 480.7
9497 453.2
9498 459.3
9499 437.6
9500 422.6
9501 484.1
9502 465.1
9503 447.5
9504 436.6
9505 434.2
9506 410.8
9507 483.1
9508 462.9
9509 446.8
9510 431.2
9511 424.8
9512 474.1
9513 462.6
9514 436.6
9515 434.4
9516 421.5
9517 489.3
9518 471.5
9519 455.5
9520 442.0
9521 419.9
9522 493.1
9523 469.7
9524 458.9
9525 439.5
9526 422.2
9527 493.2
9528 472.6
9529 467.8
9530 436.2
9531 429.3
9532 407.7
9533 481.1
9534 459.8
9535 461.8
9536 438.7
9537 419.0
9538 485.1
9539 468.1
9540 455.4
9541 432.9
9542 414.1
9543 496.6
9544 480.3
9545 453.7
9546 437.2
9547 423.6
9548 500.7
9549 480.4
9550 473.8
9551 433.4
9552 430.1
9553 488.3
9554 492.9
9555 465.4
9556 445.7
9557 434.3
9558 414.9
9559 482.2
9560 475.7
9561 458.4
9562 443.9
9563 412.1
9564 496.4
9565 482.5
9566 456.3
9567 455.0
9568 423.4
9569 508.2
9570 476.8
9571 456.3
9572 441.1
9573 425.0
9574 498.0
9575 481.4
9576 455.8
9577 453.1
9578 433.7
9579 511.8
9580 491.4
9581 464.8
9582 466.3
9583 442.1
9584 415.4
9585 495.8
9586 479.3
9587 459.1
9588 442.2
9589 433.4
9590 504.0
9591 486.2
9592 460.7
9593 448.5
9594 432.6
9595 510.9
9596 486.3
9597 473.8
9598 459.6
9599 431.3
9600 509.8
9601 495.1
9602 468.3
9603 450.2
9604 426.4
9605 506.5
9606 502.8
9607 482.1
9608 463.0
9609 446.6
9610 515.0
9611 504.8
9612 478.7
9613 475.1
9614 443.1
9615 432.5
9616 507.2
9617 491.2
9618 474.5
9619 452.5
9620 432.0
9621 524.3
9622 484.6
9623 467.7
9624 454.2
9625 447.8
9626 511.2
9627 493.1
9628 480.7
9629 454.2
9630 432.1
9631 512.8
9632 501.2
9633 487.4
9634 453.2
9635 442.3
9636 521.4
9637 515.3
9638 488.5
9639 471.5
9640 452.1
9641 432.9
9642 519.1
9643 488.9
9644 475.2
9645 458.8
9646 433.6
9647 521.2
9648 492.2
9649 479.8
9650 470.8
9651 435.9
9652 519.4
9653 491.0
9654 492.3
9655 469.9
9656 447.1
9657 536.6
9658 501.0
9659 492.7
9660 471.5
9661 441.4
9662 524.5
9663 505.7
9664 503.4
9665 469.2
9666 461.7
9667 435.5
9668 515.4
9669 506.0
9670 479.4
9671 456.8
9672 438.7
9673 518.4
9674 510.0
9675 479.7
9676 466.2
9677 437.8
9678 527.5
9679 494.0
9680 479.5
9681 470.3
9682 451.0
9683 529.7
9684 508.6
9685 495.8
9686 472.4
9687 455.9
9688 544.9
9689 517.3
9690 496.1
9691 481.7
9692 452.9
9693 536.0
9694 518.8
9695 499.0
9696 481.1
9697 458.8
9698 437.3
9699 508.3
9700 500.4
9701 485.4
9702 456.9
9703 442.8
9704 519.2
9705 510.2
9706 485.8
9707 459.0
9708 439.9
9709 521.4
9710 512.5
9711 499.0
9712 470.2
9713 458.5
9714 537.4
9715 507.8
9716 501.3
9717 477.5
9718 452.3
9719 540.6
9720 520.5
9721 512.0
9722 496.9
9723 461.0
9724 451.8
9725 524.5
9726 508.5
9727 485.5
9728 456.3
9729 447.9
9730 539.5
9731 521.5
9732 499.0
9733 471.6
9734 447.1
9735 540.4
9736 520.8
9737 501.3
9738 472.7
9739 457.5
9740 532.8
9741 503.5
9742 513.0
9743 491.5
9744 468.7
9745 547.0
9746 519.0
9747 503.8
9748 485.9
9749 468.6
9750 450.9
9751 519.7
9752 515.3
9753 489.5
9754 476.7
9755 455.9
9756 532.9
9757 518.2
9758 493.5
9759 463.8
9760 458.1
9761 524.7
9762 522.5
9763 501.4
9764 487.2
9765 465.2
9766 547.5
9767 519.0
9768 517.9
9769 491.8
9770 470.6
9771 542.5
9772 528.0
9773 497.0
9774 481.8
9775 480.3
9776 462.8
9777 529.0
9778 514.3
9779 482.6
9780 482.3
9781 462.0
9782 527.6
9783 521.5
9784 489.6
9785 474.5
9786 462.0
9787 538.5
9788 510.3
9789 497.9
9790 490.5
9791 462.6
9792 539.6
9793 518.2
9794 507.8
9795 492.3
9796 461.0
9797 546.4
9798 518.4
9799 520.4
9800 485.9
9801 468.9
9802 559.7
9803 547.4
9804 512.8
9805 499.4
9806 475.1
9807 457.6
9808 531.5
9809 532.2
9810 494.9
9811 476.9
9812 466.4
9813 554.9
9814 534.1
9815 500.6
9816 477.8
9817 453.7
9818 538.7
9819 531.5
9820 527.8
9821 494.0
9822 475.7
9823 553.7
9824 536.6
9825 508.5
9826 497.0
9827 478.8
9828 560.4
9829 528.5
9830 503.9
9831 501.8
9832 478.1
9833 458.7
9834 548.2
9835 511.6
9836 497.7
9837 486.0
9838 477.1
9839 534.1
9840 533.9
9841 506.4
9842 497.1
9843 469.8
9844 562.2
9845 538.3
9846 507.5
9847 490.7
9848 469.8
9849 553.6
9850 543.9
9851 507.3
9852 512.8
9853 478.2
9854 558.7
9855 548.1
9856 523.5
9857 499.2
9858 486.5
9859 469.0
9860 539.9
9861 518.3
9862 501.6
9863 482.5
9864 458.6
9865 547.2
9866 532.6
9867 510.0
9868 491.9
9869 467.1
9870 553.1
9871 537.2
9872 513.3
9873 493.2
9874 447.5
9875 550.4
9876 537.3
9877 521.2
9878 495.0
9879 473.3
9880 558.1
9881 528.8
9882 524.9
9883 505.5
9884 479.9
9885 564.4
9886 550.8
9887 535.6
9888 509.3
9889 473.1
9890 459.2
9891 552.0
9892 526.1
9893 502.0
9894 477.7
9895 469.3
9896 549.8
9897 541.0
9898 521.4
9899 502.5
9900 470.9
9901 556.1
9902 537.4
9903 513.3
9904 504.8
9905 478.1
9906 550.8
9907 550.0
9908 510.3
9909 486.8
9910 469.3
9911 568.7
9912 550.7
9913 512.1
9914 508.7
9915 479.6
9916 462.6
9917 561.5
9918 522.2
9919 513.4
9920 476.5
9921 477.6
9922 545.0
9923 531.1
9924 505.2
9925 492.1
9926 470.4
9927 559.4
9928 535.2
9929 523.8
9930 506.0
9931 472.7
9932 571.3
9933 547.2
9934 536.3
9935 491.2
9936 477.0
9937 572.2
9938 557.4
9939 532.2
9940 508.9
9941 486.3
9942 468.0
9943 561.7
9944 518.6
9945 505.9
9946 493.0
9947 468.0
9948 545.5
9949 526.5
9950 505.0
9951 501.7
9952 479.6
9953 567.6
9954 540.9
9955 516.5
9956 506.8
9957 470.4
9958 579.7
9959 546.5
9960 526.3
9961 504.0
9962 478.9
9963 560.0
9964 536.9
9965 536.5
9966 503.5
9967 480.8
