0 720.0952380952381
1 735.7380952380952
2 737.2857142857143
3 741.6666666666666
4 737.8095238095239
5 752.6190476190476
6 713.9285714285714
7 715.7619047619048
8 712.2142857142857
9 706.7619047619048
10 716.6428571428571
11 694.0952380952381
12 694.2857142857143
13 704.3571428571429
14 712.4761904761905
15 703.3809523809524
16 679.1904761904761
17 681.7380952380952
18 682.047619047619
19 671.5238095238095
20 677.4285714285714
21 681.4047619047619
22 660.5714285714286
23 658.7619047619048
24 665.3095238095239
25 671.4047619047619
26 678.0238095238095
27 648.3095238095239
28 644.6904761904761
29 651.047619047619
30 658.6428571428571
31 650.7619047619048
32 618.5238095238095
33 626.6666666666666
34 636.3571428571429
35 645.0714285714286
36 649.3333333333334
37 658.4761904761905
38 634.1428571428571
39 643.2142857142857
40 635.8333333333334
41 640.8333333333334
42 645.8571428571429
43 627.2857142857143
44 625.0238095238095
45 633.7619047619048
46 639.7857142857143
47 654.8333333333334
48 630.6904761904761
49 630.3809523809524
50 644.952380952381
51 650.9047619047619
52 664.8809523809524
53 662.8333333333334
54 636.5714285714286
55 653.0952380952381
56 649.3809523809524
57 660.8809523809524
58 669.3809523809524
59 643.452380952381
60 660.6190476190476
61 667.7380952380952
62 680.4047619047619
63 681.6904761904761
64 666.8571428571429
65 670.3809523809524
66 679.5238095238095
67 680.0714285714286
68 690.8095238095239
69 693.9047619047619
70 675.2619047619048
71 687.6904761904761
72 696.4761904761905
73 704.3095238095239
74 713.2380952380952
75 685.5
76 695.452380952381
77 698.1190476190476
78 700.3571428571429
79 700.9047619047619
80 676.3809523809524
81 682.8333333333334
82 690.1428571428571
83 710.8095238095239
84 714.2380952380952
85 714.6666666666666
86 679.9285714285714
87 685.6428571428571
88 692.5714285714286
89 698.7142857142857
90 691.3333333333334
91 663.1428571428571
92 676.6666666666666
93 676.6190476190476
94 680.8095238095239
95 683.0952380952381
96 658.952380952381
97 661.6904761904761
98 661.4761904761905
99 664.0
100 661.9761904761905
101 629.3571428571429
102 634.7619047619048
103 631.7619047619048
104 643.5714285714286
105 639.2857142857143
106 638.952380952381
107 601.4761904761905
108 620.5714285714286
109 626.0
110 611.6904761904761
111 606.8809523809524
112 590.1666666666666
113 590.5
114 591.7142857142857
115 592.4285714285714
116 582.8095238095239
117 564.7142857142857
118 571.3809523809524
119 569.1428571428571
120 573.8571428571429
121 574.4761904761905
122 571.9285714285714
123 546.2619047619048
124 554.5714285714286
125 557.0952380952381
126 553.7142857142857
127 549.6428571428571
128 536.8809523809524
129 547.5238095238095
130 549.1666666666666
131 553.1428571428571
132 551.3571428571429
133 529.6904761904761
134 536.9047619047619
135 536.4761904761905
136 545.8809523809524
137 548.0952380952381
138 557.7142857142857
139 534.4761904761905
140 544.0
141 548.9761904761905
142 561.2142857142857
143 559.7142857142857
144 535.0238095238095
145 547.3571428571429
146 550.0714285714286
147 551.6428571428571
148 552.7857142857143
149 540.7857142857143
150 554.0714285714286
151 555.9285714285714
152 550.0
153 569.3333333333334
154 574.6190476190476
155 559.047619047619
156 556.0714285714286
157 560.1904761904761
158 563.7857142857143
159 580.0238095238095
160 545.4285714285714
161 559.952380952381
162 567.6904761904761
163 575.3333333333334
164 573.2857142857143
165 552.547619047619
166 566.7380952380952
167 573.3333333333334
168 577.0
169 565.4047619047619
170 576.952380952381
171 563.6666666666666
172 561.2857142857143
173 566.3571428571429
174 573.0714285714286
175 583.0952380952381
176 560.952380952381
177 565.8333333333334
178 570.2619047619048
179 576.2619047619048
180 574.0952380952381
181 549.6190476190476
182 546.7142857142857
183 555.547619047619
184 559.6190476190476
185 564.5238095238095
186 570.1904761904761
187 555.4285714285714
188 555.1428571428571
189 559.3809523809524
190 555.8571428571429
191 568.5952380952381
192 537.9047619047619
193 537.3333333333334
194 532.4761904761905
195 528.3333333333334
196 536.6190476190476
197 520.047619047619
198 521.4047619047619
199 529.7619047619048
200 536.0238095238095
201 527.452380952381
202 509.85714285714283
203 511.5
204 511.14285714285717
205 503.7857142857143
206 506.76190476190476
207 510.2857142857143
208 495.2857142857143
209 493.04761904761904
210 498.92857142857144
211 503.04761904761904
212 509.07142857142856
213 486.6190476190476
214 483.26190476190476
215 488.42857142857144
216 493.1190476190476
217 488.0
218 462.0
219 468.23809523809524
220 475.73809523809524
221 481.1666666666667
222 485.73809523809524
223 493.1666666666667
224 473.9047619047619
225 482.64285714285717
226 476.95238095238096
227 479.85714285714283
228 484.3333333333333
229 469.04761904761904
230 468.0238095238095
231 474.42857142857144
232 478.1904761904762
233 489.4761904761905
234 470.85714285714283
235 471.3333333333333
236 481.92857142857144
237 487.07142857142856
238 497.76190476190476
239 497.54761904761904
240 477.73809523809524
241 489.1190476190476
242 486.4047619047619
243 495.2857142857143
244 501.0
245 481.35714285714283
246 494.1904761904762
247 499.5
248 510.0952380952381
249 511.1190476190476
250 499.5238095238095
251 502.8333333333333
252 508.6904761904762
253 509.8809523809524
254 517.8095238095239
255 520.3333333333334
256 506.73809523809524
257 516.1190476190476
258 522.1190476190476
259 528.2380952380952
260 534.9761904761905
261 514.0
262 521.0952380952381
263 523.1190476190476
264 524.6904761904761
265 525.7380952380952
266 507.5
267 512.452380952381
268 517.8095238095239
269 533.0
270 536.2142857142857
271 536.1428571428571
272 510.0
273 514.1428571428571
274 519.0952380952381
275 523.9047619047619
276 518.1666666666666
277 497.4761904761905
278 507.3095238095238
279 507.76190476190476
280 510.5952380952381
281 512.7380952380952
282 494.0952380952381
283 496.8095238095238
284 495.7142857142857
285 497.8333333333333
286 496.2857142857143
287 471.8809523809524
288 475.6666666666667
289 473.0952380952381
290 482.0952380952381
291 478.9761904761905
292 478.5238095238095
293 450.8095238095238
294 464.76190476190476
295 468.8809523809524
296 457.8809523809524
297 454.14285714285717
298 441.5952380952381
299 441.57142857142856
300 442.1904761904762
301 442.4761904761905
302 435.0238095238095
303 421.6904761904762
304 426.64285714285717
305 424.73809523809524
306 428.1190476190476
307 428.4761904761905
308 426.2142857142857
309 406.95238095238096
310 412.85714285714283
311 414.35714285714283
312 411.4761904761905
313 408.0952380952381
314 398.42857142857144
315 406.23809523809524
316 407.2142857142857
317 410.0
318 408.2857142857143
319 392.2142857142857
320 397.3809523809524
321 396.6190476190476
322 402.8809523809524
323 404.5
324 411.26190476190476
325 393.57142857142856
326 400.3333333333333
327 403.76190476190476
328 412.6666666666667
329 410.9047619047619
330 392.8095238095238
331 401.26190476190476
332 402.7142857142857
333 403.76190476190476
334 404.1904761904762
335 395.1190476190476
336 404.6190476190476
337 405.3333333333333
338 400.4761904761905
339 414.0952380952381
340 418.1190476190476
341 406.4761904761905
342 403.6666666666667
343 406.5238095238095
344 408.42857142857144
345 420.0238095238095
346 394.6904761904762
347 404.4761904761905
348 409.92857142857144
349 415.14285714285717
350 413.0
351 397.57142857142856
352 407.76190476190476
353 412.2142857142857
354 414.5952380952381
355 405.57142857142856
356 413.64285714285717
357 403.85714285714283
358 402.07142857142856
359 404.9047619047619
360 409.42857142857144
361 416.1904761904762
362 400.1666666666667
363 403.54761904761904
364 406.3333333333333
365 410.5238095238095
366 408.3095238095238
367 390.5
368 388.54761904761904
369 394.42857142857144
370 396.92857142857144
371 399.9047619047619
372 403.3809523809524
373 393.2142857142857
374 392.8095238095238
375 395.0952380952381
376 392.23809523809524
377 401.3333333333333
378 379.4761904761905
379 378.6190476190476
380 374.7142857142857
381 371.4761904761905
382 377.1904761904762
383 365.3809523809524
384 366.07142857142856
385 371.8809523809524
386 375.92857142857144
387 369.35714285714283
388 356.8809523809524
389 357.9761904761905
390 357.3095238095238
391 352.1904761904762
392 353.3333333333333
393 355.6904761904762
394 345.4761904761905
395 343.54761904761904
396 347.35714285714283
397 349.5
398 353.4761904761905
399 337.9761904761905
400 335.04761904761904
401 338.35714285714283
402 341.35714285714283
403 337.5952380952381
404 319.3095238095238
405 323.2857142857143
406 328.3333333333333
407 331.57142857142856
408 334.54761904761904
409 339.1666666666667
410 325.5952380952381
411 331.4761904761905
412 327.3095238095238
413 328.5952380952381
414 331.76190476190476
415 321.1190476190476
416 320.0
417 324.04761904761904
418 326.0952380952381
419 333.95238095238096
420 320.95238095238096
421 320.85714285714283
422 327.57142857142856
423 331.07142857142856
424 338.04761904761904
425 337.85714285714283
426 324.04761904761904
427 331.6904761904762
428 329.9047619047619
429 335.4047619047619
430 338.6904761904762
431 325.6190476190476
432 334.0952380952381
433 337.23809523809524
434 344.1666666666667
435 344.6190476190476
436 336.9047619047619
437 339.14285714285717
438 342.5
439 343.4047619047619
440 348.54761904761904
441 350.14285714285717
442 341.14285714285717
443 347.23809523809524
444 351.23809523809524
445 355.1666666666667
446 359.26190476190476
447 345.0238095238095
448 349.6904761904762
449 350.8809523809524
450 351.7142857142857
451 352.6904761904762
452 340.4047619047619
453 343.6904761904762
454 347.0952380952381
455 357.14285714285717
456 359.57142857142856
457 359.42857142857144
458 341.54761904761904
459 344.4047619047619
460 347.2857142857143
461 350.5952380952381
462 346.45238095238096
463 332.6904761904762
464 339.2857142857143
465 339.6904761904762
466 341.3809523809524
467 342.8095238095238
468 330.2857142857143
469 332.3333333333333
470 331.14285714285717
471 332.2857142857143
472 331.1904761904762
473 315.1190476190476
474 317.3333333333333
475 315.1904761904762
476 321.26190476190476
477 319.07142857142856
478 318.73809523809524
479 300.3333333333333
480 309.26190476190476
481 312.04761904761904
482 304.45238095238096
483 301.6904761904762
484 293.23809523809524
485 293.0
486 293.1666666666667
487 292.92857142857144
488 287.8333333333333
489 278.8809523809524
490 281.9761904761905
491 280.6904761904762
492 282.5
493 282.64285714285717
494 280.54761904761904
495 267.6666666666667
496 271.26190476190476
497 271.95238095238096
498 269.4761904761905
499 266.7857142857143
500 260.3333333333333
501 265.14285714285717
502 265.6904761904762
503 266.85714285714283
504 265.4761904761905
505 254.78571428571428
506 257.9761904761905
507 256.6190476190476
508 260.0952380952381
509 260.92857142857144
510 264.95238095238096
511 252.6904761904762
512 256.8333333333333
513 258.6904761904762
514 264.23809523809524
515 262.1190476190476
516 250.6904761904762
517 255.33333333333334
518 255.4047619047619
519 256.04761904761904
520 255.57142857142858
521 249.42857142857142
522 255.1904761904762
523 254.76190476190476
524 251.0
525 258.9047619047619
526 261.64285714285717
527 253.92857142857142
528 251.4047619047619
529 252.73809523809524
530 253.1904761904762
531 260.0238095238095
532 244.0
533 248.92857142857142
534 252.1904761904762
535 254.9047619047619
536 252.73809523809524
537 242.57142857142858
538 248.78571428571428
539 251.1904761904762
540 252.1904761904762
541 245.8095238095238
542 250.33333333333334
543 244.04761904761904
544 242.85714285714286
545 243.47619047619048
546 245.78571428571428
547 249.3095238095238
548 239.35714285714286
549 241.26190476190476
550 242.4047619047619
551 244.6904761904762
552 242.57142857142858
553 231.45238095238096
554 230.4047619047619
555 233.35714285714286
556 234.26190476190476
557 235.35714285714286
558 236.5952380952381
559 230.97619047619048
560 230.47619047619048
561 230.85714285714286
562 228.61904761904762
563 234.1904761904762
564 221.04761904761904
565 220.11904761904762
566 216.95238095238096
567 214.6904761904762
568 217.76190476190476
569 210.85714285714286
570 210.73809523809524
571 214.11904761904762
572 215.83333333333334
573 211.4047619047619
574 203.92857142857142
575 204.52380952380952
576 203.5
577 200.76190476190476
578 199.9047619047619
579 201.23809523809524
580 195.66666666666666
581 194.02380952380952
582 195.76190476190476
583 196.04761904761904
584 197.85714285714286
585 189.45238095238096
586 186.83333333333334
587 188.35714285714286
588 189.5952380952381
589 187.4047619047619
590 176.61904761904762
591 178.33333333333334
592 180.92857142857142
593 182.07142857142858
594 183.35714285714286
595 185.28571428571428
596 177.28571428571428
597 180.54761904761904
598 177.66666666666666
599 177.45238095238096
600 179.1904761904762
601 173.33333333333334
602 171.97619047619048
603 173.76190476190476
604 174.0
605 178.54761904761904
606 171.04761904761904
607 170.5
608 173.21428571428572
609 175.11904761904762
610 178.33333333333334
611 178.26190476190476
612 170.35714285714286
613 174.1904761904762
614 173.4047619047619
615 175.52380952380952
616 176.38095238095238
617 169.88095238095238
618 174.0
619 175.11904761904762
620 178.23809523809524
621 178.23809523809524
622 174.28571428571428
623 175.54761904761904
624 176.3095238095238
625 177.02380952380952
626 179.28571428571428
627 179.97619047619048
628 175.54761904761904
629 178.42857142857142
630 180.35714285714286
631 182.16666666666666
632 183.54761904761904
633 176.04761904761904
634 178.28571428571428
635 178.71428571428572
636 178.73809523809524
637 179.71428571428572
638 173.33333333333334
639 175.0
640 176.38095238095238
641 181.21428571428572
642 182.92857142857142
643 182.73809523809524
644 173.11904761904762
645 174.73809523809524
646 175.5
647 177.47619047619048
648 174.83333333333334
649 168.0
650 171.26190476190476
651 171.66666666666666
652 172.1904761904762
653 172.97619047619048
654 166.54761904761904
655 167.9047619047619
656 166.5952380952381
657 166.8095238095238
658 166.23809523809524
659 165.61904761904762
660 159.11904761904762
661 157.47619047619048
662 160.54761904761904
663 159.47619047619048
664 159.02380952380952
665 150.0
666 153.88095238095238
667 155.42857142857142
668 151.16666666666666
669 149.5
670 145.02380952380952
671 144.6904761904762
672 144.38095238095238
673 143.88095238095238
674 140.83333333333334
675 136.42857142857142
676 137.5952380952381
677 136.95238095238096
678 137.16666666666666
679 137.16666666666666
680 135.11904761904762
681 128.88095238095238
682 129.97619047619048
683 129.73809523809524
684 127.78571428571429
685 125.95238095238095
686 122.61904761904762
687 124.45238095238095
688 124.57142857142857
689 124.19047619047619
690 122.9047619047619
691 117.88095238095238
692 118.83333333333333
693 117.23809523809524
694 117.76190476190476
695 117.83333333333333
696 118.97619047619048
697 112.42857142857143
698 113.78571428571429
699 114.0952380952381
700 116.16666666666667
701 113.78571428571429
702 108.9047619047619
703 109.80952380952381
704 108.45238095238095
705 108.69047619047619
706 107.4047619047619
707 104.21428571428571
708 106.28571428571429
709 104.5952380952381
710 101.9047619047619
711 104.21428571428571
712 105.42857142857143
713 101.73809523809524
714 99.61904761904762
715 99.30952380952381
716 98.35714285714286
717 100.28571428571429
718 93.54761904761905
719 93.88095238095238
720 94.76190476190476
721 95.07142857142857
722 92.85714285714286
723 88.0952380952381
724 90.04761904761905
725 90.47619047619048
726 90.04761904761905
727 86.30952380952381
728 87.30952380952381
729 84.64285714285714
730 84.0
731 82.26190476190476
732 82.28571428571429
733 82.66666666666667
734 78.80952380952381
735 79.42857142857143
736 78.71428571428571
737 79.21428571428571
738 76.95238095238095
739 72.64285714285714
740 72.38095238095238
741 72.33333333333333
742 71.88095238095238
743 71.02380952380952
744 70.04761904761905
745 69.16666666666667
746 68.30952380952381
747 66.85714285714286
748 65.35714285714286
749 67.19047619047619
750 62.833333333333336
751 61.785714285714285
752 59.523809523809526
753 58.19047619047619
754 58.666666666666664
755 56.595238095238095
756 55.833333333333336
757 56.714285714285715
758 56.285714285714285
759 53.80952380952381
760 51.666666666666664
761 51.476190476190474
762 50.285714285714285
763 49.69047619047619
764 47.26190476190476
765 47.285714285714285
766 46.69047619047619
767 45.19047619047619
768 44.976190476190474
769 43.26190476190476
770 43.214285714285715
771 41.54761904761905
772 40.0
773 39.214285714285715
774 38.95238095238095
775 38.095238095238095
776 35.095238095238095
777 34.5
778 34.714285714285715
779 33.714285714285715
780 33.61904761904762
781 32.30952380952381
782 30.642857142857142
783 30.61904761904762
784 29.642857142857142
785 27.88095238095238
786 28.19047619047619
787 26.714285714285715
788 25.738095238095237
789 24.761904761904763
790 23.595238095238095
791 24.404761904761905
792 22.857142857142858
793 21.404761904761905
794 20.5
795 20.61904761904762
796 20.5
797 20.214285714285715
798 18.476190476190474
799 18.30952380952381
800 18.69047619047619
801 17.285714285714285
802 15.619047619047619
803 15.452380952380953
804 15.357142857142858
805 14.571428571428571
806 13.904761904761905
807 13.214285714285714
808 13.166666666666666
809 13.119047619047619
810 11.80952380952381
811 11.761904761904763
812 11.380952380952381
813 11.595238095238095
814 10.928571428571429
815 10.928571428571429
816 10.595238095238095
817 9.928571428571429
818 9.047619047619047
819 7.976190476190476
820 8.357142857142858
821 7.785714285714286
822 7.309523809523809
823 7.5476190476190474
824 7.238095238095238
825 7.4523809523809526
826 7.119047619047619
827 6.428571428571429
828 7.214285714285714
829 6.904761904761905
830 6.095238095238095
831 5.523809523809524
832 4.976190476190476
833 5.333333333333333
834 4.928571428571429
835 4.523809523809524
836 4.571428571428571
837 5.0476190476190474
838 4.214285714285714
839 4.476190476190476
840 4.357142857142857
841 4.5476190476190474
842 4.404761904761905
843 3.4761904761904763
844 3.2857142857142856
845 3.7142857142857144
846 3.4761904761904763
847 2.9523809523809526
848 2.9285714285714284
849 2.5952380952380953
850 2.9761904761904763
851 2.7857142857142856
852 2.8333333333333335
853 2.857142857142857
854 2.738095238095238
855 2.4047619047619047
856 2.3095238095238093
857 2.2857142857142856
858 2.3333333333333335
859 1.8095238095238095
860 2.0
861 1.6904761904761905
862 2.1904761904761907
863 1.9761904761904763
864 1.6904761904761905
865 2.0238095238095237
866 1.619047619047619
867 1.5714285714285714
868 1.7380952380952381
869 1.6666666666666667
870 1.5238095238095237
871 1.5
872 1.119047619047619
873 1.2380952380952381
874 1.3333333333333333
875 1.1666666666666667
876 1.2619047619047619
877 1.4285714285714286
878 1.4761904761904763
879 1.4761904761904763
880 1.2619047619047619
881 1.1666666666666667
882 1.1666666666666667
883 1.0714285714285714
884 1.0238095238095237
885 1.0476190476190477
886 0.9285714285714286
887 0.8809523809523809
888 0.8571428571428571
889 0.8333333333333334
890 0.8095238095238095
891 0.9047619047619048
892 0.8095238095238095
893 0.9285714285714286
894 1.0714285714285714
895 0.7619047619047619
896 0.8095238095238095
897 0.8095238095238095
898 0.5952380952380952
899 0.6666666666666666
900 0.5952380952380952
901 0.40476190476190477
902 0.5714285714285714
903 0.5
904 0.5
905 0.5952380952380952
906 0.4523809523809524
907 0.38095238095238093
908 0.5714285714285714
909 0.5
910 0.42857142857142855
911 0.42857142857142855
912 0.30952380952380953
913 0.38095238095238093
914 0.38095238095238093
915 0.42857142857142855
916 0.35714285714285715
917 0.23809523809523808
918 0.21428571428571427
919 0.2857142857142857
920 0.35714285714285715
921 0.40476190476190477
922 0.3333333333333333
923 0.19047619047619047
924 0.11904761904761904
925 0.23809523809523808
926 0.16666666666666666
927 0.11904761904761904
928 0.19047619047619047
929 0.23809523809523808
930 0.23809523809523808
931 0.30952380952380953
932 0.16666666666666666
933 0.16666666666666666
934 0.23809523809523808
935 0.07142857142857142
936 0.07142857142857142
937 0.16666666666666666
938 0.11904761904761904
939 0.11904761904761904
940 0.047619047619047616
941 0.14285714285714285
942 0.11904761904761904
943 0.11904761904761904
944 0.11904761904761904
945 0.11904761904761904
946 0.16666666666666666
947 0.16666666666666666
948 0.14285714285714285
949 0.047619047619047616
950 0.11904761904761904
951 0.19047619047619047
952 0.11904761904761904
953 0.14285714285714285
954 0.19047619047619047
955 0.14285714285714285
956 0.23809523809523808
957 0.16666666666666666
958 0.23809523809523808
959 0.19047619047619047
960 0.21428571428571427
961 0.14285714285714285
962 0.21428571428571427
963 0.16666666666666666
964 0.14285714285714285
965 0.2619047619047619
966 0.30952380952380953
967 0.21428571428571427
968 0.35714285714285715
969 0.2857142857142857
970 0.30952380952380953
971 0.3333333333333333
972 0.2619047619047619
973 0.23809523809523808
974 0.4523809523809524
975 0.30952380952380953
976 0.30952380952380953
977 0.30952380952380953
978 0.42857142857142855
979 0.38095238095238093
980 0.40476190476190477
981 0.40476190476190477
982 0.4523809523809524
983 0.2619047619047619
984 0.5
985 0.23809523809523808
986 0.4523809523809524
987 0.4523809523809524
988 0.38095238095238093
989 0.35714285714285715
990 0.47619047619047616
991 0.5
992 0.5238095238095238
993 0.35714285714285715
994 0.4523809523809524
995 0.35714285714285715
996 0.40476190476190477
997 0.40476190476190477
998 0.38095238095238093
999 0.47619047619047616
1000 0.40476190476190477
1001 0.5238095238095238
1002 0.4523809523809524
1003 0.40476190476190477
1004 0.47619047619047616
1005 0.2619047619047619
1006 0.38095238095238093
1007 0.4523809523809524
1008 0.23809523809523808
1009 0.40476190476190477
1010 0.2619047619047619
1011 0.2857142857142857
1012 0.40476190476190477
1013 0.30952380952380953
1014 0.2857142857142857
1015 0.38095238095238093
1016 0.4523809523809524
1017 0.2619047619047619
1018 0.3333333333333333
1019 0.2619047619047619
1020 0.2857142857142857
1021 0.30952380952380953
1022 0.3333333333333333
1023 0.38095238095238093
1024 0.23809523809523808
1025 0.16666666666666666
1026 0.23809523809523808
1027 0.2857142857142857
1028 0.38095238095238093
1029 0.21428571428571427
1030 0.19047619047619047
1031 0.11904761904761904
1032 0.19047619047619047
1033 0.14285714285714285
1034 0.09523809523809523
1035 0.23809523809523808
1036 0.2619047619047619
1037 0.19047619047619047
1038 0.21428571428571427
1039 0.23809523809523808
1040 0.16666666666666666
1041 0.30952380952380953
1042 0.16666666666666666
1043 0.09523809523809523
1044 0.23809523809523808
1045 0.09523809523809523
1046 0.2857142857142857
1047 0.16666666666666666
1048 0.2857142857142857
1049 0.35714285714285715
1050 0.21428571428571427
1051 0.23809523809523808
1052 0.2619047619047619
1053 0.23809523809523808
1054 0.2857142857142857
1055 0.3333333333333333
1056 0.30952380952380953
1057 0.2619047619047619
1058 0.2857142857142857
1059 0.21428571428571427
1060 0.38095238095238093
1061 0.38095238095238093
1062 0.42857142857142855
1063 0.38095238095238093
1064 0.4523809523809524
1065 0.40476190476190477
1066 0.47619047619047616
1067 0.42857142857142855
1068 0.30952380952380953
1069 0.47619047619047616
1070 0.30952380952380953
1071 0.38095238095238093
1072 0.30952380952380953
1073 0.38095238095238093
1074 0.38095238095238093
1075 0.47619047619047616
1076 0.38095238095238093
1077 0.47619047619047616
1078 0.40476190476190477
1079 0.40476190476190477
1080 0.35714285714285715
1081 0.2857142857142857
1082 0.30952380952380953
1083 0.40476190476190477
1084 0.2857142857142857
1085 0.38095238095238093
1086 0.40476190476190477
1087 0.23809523809523808
1088 0.35714285714285715
1089 0.2857142857142857
1090 0.3333333333333333
1091 0.3333333333333333
1092 0.2619047619047619
1093 0.19047619047619047
1094 0.30952380952380953
1095 0.30952380952380953
1096 0.21428571428571427
1097 0.19047619047619047
1098 0.19047619047619047
1099 0.23809523809523808
1100 0.2857142857142857
1101 0.2857142857142857
1102 0.2857142857142857
1103 0.21428571428571427
1104 0.14285714285714285
1105 0.19047619047619047
1106 0.21428571428571427
1107 0.30952380952380953
1108 0.21428571428571427
1109 0.09523809523809523
1110 0.09523809523809523
1111 0.16666666666666666
1112 0.07142857142857142
1113 0.09523809523809523
1114 0.14285714285714285
1115 0.23809523809523808
1116 0.21428571428571427
1117 0.2619047619047619
1118 0.14285714285714285
1119 0.14285714285714285
1120 0.19047619047619047
1121 0.047619047619047616
1122 0.023809523809523808
1123 0.09523809523809523
1124 0.11904761904761904
1125 0.09523809523809523
1126 0.047619047619047616
1127 0.11904761904761904
1128 0.09523809523809523
1129 0.09523809523809523
1130 0.11904761904761904
1131 0.11904761904761904
1132 0.14285714285714285
1133 0.16666666666666666
1134 0.09523809523809523
1135 0.047619047619047616
1136 0.11904761904761904
1137 0.19047619047619047
1138 0.09523809523809523
1139 0.14285714285714285
1140 0.16666666666666666
1141 0.14285714285714285
1142 0.23809523809523808
1143 0.14285714285714285
1144 0.23809523809523808
1145 0.14285714285714285
1146 0.21428571428571427
1147 0.14285714285714285
1148 0.21428571428571427
1149 0.14285714285714285
1150 0.14285714285714285
1151 0.23809523809523808
1152 0.30952380952380953
1153 0.21428571428571427
1154 0.35714285714285715
1155 0.2857142857142857
1156 0.30952380952380953
1157 0.3333333333333333
1158 0.2619047619047619
1159 0.23809523809523808
1160 0.42857142857142855
1161 0.30952380952380953
1162 0.2857142857142857
1163 0.30952380952380953
1164 0.42857142857142855
1165 0.38095238095238093
1166 0.40476190476190477
1167 0.40476190476190477
1168 0.4523809523809524
1169 0.2619047619047619
1170 0.5
1171 0.23809523809523808
1172 0.4523809523809524
1173 0.4523809523809524
1174 0.38095238095238093
1175 0.3333333333333333
1176 0.47619047619047616
1177 0.47619047619047616
1178 0.5238095238095238
1179 0.3333333333333333
1180 0.4523809523809524
1181 0.35714285714285715
1182 0.40476190476190477
1183 0.40476190476190477
1184 0.38095238095238093
1185 0.47619047619047616
1186 0.40476190476190477
1187 0.5238095238095238
1188 0.4523809523809524
1189 0.40476190476190477
1190 0.47619047619047616
1191 0.2619047619047619
1192 0.38095238095238093
1193 0.4523809523809524
1194 0.23809523809523808
1195 0.40476190476190477
1196 0.2619047619047619
1197 0.2857142857142857
1198 0.40476190476190477
1199 0.30952380952380953
1200 0.2857142857142857
1201 0.38095238095238093
1202 0.4523809523809524
1203 0.2619047619047619
1204 0.3333333333333333
1205 0.2619047619047619
1206 0.2857142857142857
1207 0.30952380952380953
1208 0.3333333333333333
1209 0.38095238095238093
1210 0.23809523809523808
1211 0.16666666666666666
1212 0.23809523809523808
1213 0.2857142857142857
1214 0.38095238095238093
1215 0.21428571428571427
1216 0.19047619047619047
1217 0.11904761904761904
1218 0.19047619047619047
1219 0.14285714285714285
1220 0.09523809523809523
1221 0.23809523809523808
1222 0.2619047619047619
1223 0.19047619047619047
1224 0.21428571428571427
1225 0.23809523809523808
1226 0.16666666666666666
1227 0.30952380952380953
1228 0.16666666666666666
1229 0.09523809523809523
1230 0.23809523809523808
1231 0.09523809523809523
1232 0.2857142857142857
1233 0.16666666666666666
1234 0.2857142857142857
1235 0.35714285714285715
1236 0.21428571428571427
1237 0.23809523809523808
1238 0.2619047619047619
1239 0.23809523809523808
1240 0.2857142857142857
1241 0.3333333333333333
1242 0.30952380952380953
1243 0.2619047619047619
1244 0.2857142857142857
1245 0.21428571428571427
1246 0.38095238095238093
1247 0.38095238095238093
1248 0.42857142857142855
1249 0.38095238095238093
1250 0.4523809523809524
1251 0.40476190476190477
1252 0.47619047619047616
1253 0.42857142857142855
1254 0.30952380952380953
1255 0.47619047619047616
1256 0.30952380952380953
1257 0.38095238095238093
1258 0.30952380952380953
1259 0.38095238095238093
1260 0.38095238095238093
1261 0.47619047619047616
1262 0.38095238095238093
1263 0.47619047619047616
1264 0.40476190476190477
1265 0.40476190476190477
1266 0.35714285714285715
1267 0.2857142857142857
1268 0.30952380952380953
1269 0.40476190476190477
1270 0.2857142857142857
1271 0.38095238095238093
1272 0.40476190476190477
1273 0.23809523809523808
1274 0.35714285714285715
1275 0.2857142857142857
1276 0.3333333333333333
1277 0.3333333333333333
1278 0.2619047619047619
1279 0.19047619047619047
1280 0.30952380952380953
1281 0.30952380952380953
1282 0.21428571428571427
1283 0.19047619047619047
1284 0.19047619047619047
1285 0.23809523809523808
1286 0.2857142857142857
1287 0.2857142857142857
1288 0.2857142857142857
1289 0.21428571428571427
1290 0.14285714285714285
1291 0.19047619047619047
1292 0.21428571428571427
1293 0.30952380952380953
1294 0.21428571428571427
1295 0.09523809523809523
1296 0.09523809523809523
1297 0.16666666666666666
1298 0.07142857142857142
1299 0.09523809523809523
1300 0.14285714285714285
1301 0.23809523809523808
1302 0.21428571428571427
1303 0.2619047619047619
1304 0.14285714285714285
1305 0.14285714285714285
1306 0.19047619047619047
1307 0.047619047619047616
1308 0.023809523809523808
1309 0.09523809523809523
1310 0.11904761904761904
1311 0.09523809523809523
1312 0.047619047619047616
1313 0.11904761904761904
1314 0.09523809523809523
1315 0.09523809523809523
1316 0.11904761904761904
1317 0.11904761904761904
1318 0.14285714285714285
1319 0.16666666666666666
1320 0.09523809523809523
1321 0.047619047619047616
1322 0.11904761904761904
1323 0.19047619047619047
1324 0.09523809523809523
1325 0.14285714285714285
1326 0.16666666666666666
1327 0.14285714285714285
1328 0.23809523809523808
1329 0.14285714285714285
1330 0.2619047619047619
1331 0.14285714285714285
1332 0.21428571428571427
1333 0.14285714285714285
1334 0.21428571428571427
1335 0.14285714285714285
1336 0.14285714285714285
1337 0.23809523809523808
1338 0.30952380952380953
1339 0.21428571428571427
1340 0.35714285714285715
1341 0.2857142857142857
1342 0.30952380952380953
1343 0.3333333333333333
1344 0.2619047619047619
1345 0.23809523809523808
1346 0.42857142857142855
1347 0.30952380952380953
1348 0.2857142857142857
1349 0.30952380952380953
1350 0.42857142857142855
1351 0.38095238095238093
1352 0.40476190476190477
1353 0.40476190476190477
1354 0.4523809523809524
1355 0.2619047619047619
1356 0.5
1357 0.23809523809523808
1358 0.4523809523809524
1359 0.4523809523809524
1360 0.38095238095238093
1361 0.3333333333333333
1362 0.47619047619047616
1363 0.47619047619047616
1364 0.5238095238095238
1365 0.3333333333333333
1366 0.4523809523809524
1367 0.35714285714285715
1368 0.40476190476190477
1369 0.40476190476190477
1370 0.38095238095238093
1371 0.47619047619047616
1372 0.40476190476190477
1373 0.5238095238095238
1374 0.4523809523809524
1375 0.40476190476190477
1376 0.47619047619047616
1377 0.2619047619047619
1378 0.38095238095238093
1379 0.4523809523809524
1380 0.23809523809523808
1381 0.40476190476190477
1382 0.2619047619047619
1383 0.2857142857142857
1384 0.40476190476190477
1385 0.30952380952380953
1386 0.2857142857142857
1387 0.38095238095238093
1388 0.4523809523809524
1389 0.2619047619047619
1390 0.3333333333333333
1391 0.2619047619047619
1392 0.2857142857142857
1393 0.30952380952380953
1394 0.3333333333333333
1395 0.38095238095238093
1396 0.23809523809523808
1397 0.16666666666666666
1398 0.23809523809523808
1399 0.2857142857142857
1400 0.38095238095238093
1401 0.21428571428571427
1402 0.19047619047619047
1403 0.11904761904761904
1404 0.19047619047619047
1405 0.14285714285714285
1406 0.09523809523809523
1407 0.23809523809523808
1408 0.2619047619047619
1409 0.19047619047619047
1410 0.21428571428571427
1411 0.23809523809523808
1412 0.16666666666666666
1413 0.30952380952380953
1414 0.16666666666666666
1415 0.09523809523809523
1416 0.23809523809523808
1417 0.09523809523809523
1418 0.2857142857142857
1419 0.14285714285714285
1420 0.2857142857142857
1421 0.35714285714285715
1422 0.21428571428571427
1423 0.23809523809523808
1424 0.2619047619047619
1425 0.23809523809523808
1426 0.2857142857142857
1427 0.3333333333333333
1428 0.30952380952380953
1429 0.2619047619047619
1430 0.2857142857142857
1431 0.21428571428571427
1432 0.38095238095238093
1433 0.38095238095238093
1434 0.42857142857142855
1435 0.38095238095238093
1436 0.4523809523809524
1437 0.40476190476190477
1438 0.47619047619047616
1439 0.42857142857142855
1440 0.30952380952380953
1441 0.47619047619047616
1442 0.30952380952380953
1443 0.38095238095238093
1444 0.30952380952380953
1445 0.38095238095238093
1446 0.38095238095238093
1447 0.47619047619047616
1448 0.38095238095238093
1449 0.47619047619047616
1450 0.40476190476190477
1451 0.40476190476190477
1452 0.35714285714285715
1453 0.2857142857142857
1454 0.30952380952380953
1455 0.40476190476190477
1456 0.2857142857142857
1457 0.38095238095238093
1458 0.4523809523809524
1459 0.23809523809523808
1460 0.35714285714285715
1461 0.2857142857142857
1462 0.3333333333333333
1463 0.3333333333333333
1464 0.2619047619047619
1465 0.19047619047619047
1466 0.30952380952380953
1467 0.30952380952380953
1468 0.21428571428571427
1469 0.19047619047619047
1470 0.23809523809523808
1471 0.23809523809523808
1472 0.2857142857142857
1473 0.2857142857142857
1474 0.2857142857142857
1475 0.21428571428571427
1476 0.14285714285714285
1477 0.19047619047619047
1478 0.21428571428571427
1479 0.30952380952380953
1480 0.21428571428571427
1481 0.09523809523809523
1482 0.09523809523809523
1483 0.16666666666666666
1484 0.11904761904761904
1485 0.09523809523809523
1486 0.14285714285714285
1487 0.23809523809523808
1488 0.21428571428571427
1489 0.2619047619047619
1490 0.14285714285714285
1491 0.14285714285714285
1492 0.19047619047619047
1493 0.047619047619047616
1494 0.023809523809523808
1495 0.09523809523809523
1496 0.11904761904761904
1497 0.09523809523809523
1498 0.09523809523809523
1499 0.11904761904761904
1500 0.09523809523809523
1501 0.09523809523809523
1502 0.11904761904761904
1503 0.11904761904761904
1504 0.14285714285714285
1505 0.16666666666666666
1506 0.09523809523809523
1507 0.047619047619047616
1508 0.11904761904761904
1509 0.19047619047619047
1510 0.09523809523809523
1511 0.14285714285714285
1512 0.16666666666666666
1513 0.14285714285714285
1514 0.23809523809523808
1515 0.14285714285714285
1516 0.23809523809523808
1517 0.14285714285714285
1518 0.21428571428571427
1519 0.14285714285714285
1520 0.23809523809523808
1521 0.19047619047619047
1522 0.14285714285714285
1523 0.23809523809523808
1524 0.3333333333333333
1525 0.21428571428571427
1526 0.35714285714285715
1527 0.2857142857142857
1528 0.30952380952380953
1529 0.3333333333333333
1530 0.2619047619047619
1531 0.23809523809523808
1532 0.42857142857142855
1533 0.30952380952380953
1534 0.2857142857142857
1535 0.30952380952380953
1536 0.42857142857142855
1537 0.38095238095238093
1538 0.40476190476190477
1539 0.40476190476190477
1540 0.4523809523809524
1541 0.2619047619047619
1542 0.5
1543 0.23809523809523808
1544 0.4523809523809524
1545 0.4523809523809524
1546 0.38095238095238093
1547 0.38095238095238093
1548 0.47619047619047616
1549 0.47619047619047616
1550 0.5238095238095238
1551 0.3333333333333333
1552 0.4523809523809524
1553 0.35714285714285715
1554 0.40476190476190477
1555 0.40476190476190477
1556 0.38095238095238093
1557 0.47619047619047616
1558 0.4523809523809524
1559 0.5238095238095238
1560 0.4523809523809524
1561 0.40476190476190477
1562 0.47619047619047616
1563 0.2619047619047619
1564 0.38095238095238093
1565 0.5
1566 0.23809523809523808
1567 0.4523809523809524
1568 0.2619047619047619
1569 0.2857142857142857
1570 0.40476190476190477
1571 0.30952380952380953
1572 0.2857142857142857
1573 0.38095238095238093
1574 0.47619047619047616
1575 0.2619047619047619
1576 0.3333333333333333
1577 0.2619047619047619
1578 0.2857142857142857
1579 0.30952380952380953
1580 0.38095238095238093
1581 0.38095238095238093
1582 0.23809523809523808
1583 0.16666666666666666
1584 0.2857142857142857
1585 0.2857142857142857
1586 0.47619047619047616
1587 0.21428571428571427
1588 0.19047619047619047
1589 0.11904761904761904
1590 0.23809523809523808
1591 0.14285714285714285
1592 0.14285714285714285
1593 0.23809523809523808
1594 0.35714285714285715
1595 0.19047619047619047
1596 0.30952380952380953
1597 0.23809523809523808
1598 0.21428571428571427
1599 0.35714285714285715
1600 0.16666666666666666
1601 0.09523809523809523
1602 0.23809523809523808
1603 0.19047619047619047
1604 0.2857142857142857
1605 0.19047619047619047
1606 0.42857142857142855
1607 0.35714285714285715
1608 0.35714285714285715
1609 0.47619047619047616
1610 0.3333333333333333
1611 0.5952380952380952
1612 0.40476190476190477
1613 0.4523809523809524
1614 0.30952380952380953
1615 0.5
1616 0.47619047619047616
1617 0.47619047619047616
1618 0.5714285714285714
1619 0.6428571428571429
1620 0.5952380952380952
1621 0.9761904761904762
1622 0.5714285714285714
1623 0.9047619047619048
1624 0.8571428571428571
1625 0.8095238095238095
1626 0.7380952380952381
1627 1.0476190476190477
1628 0.7380952380952381
1629 0.8809523809523809
1630 1.0238095238095237
1631 1.1666666666666667
1632 1.0
1633 1.3571428571428572
1634 1.2380952380952381
1635 1.3333333333333333
1636 1.2619047619047619
1637 1.4523809523809523
1638 1.0238095238095237
1639 1.7380952380952381
1640 1.3333333333333333
1641 1.4047619047619047
1642 1.5714285714285714
1643 1.5476190476190477
1644 1.5238095238095237
1645 1.8333333333333333
1646 1.7142857142857142
1647 1.7857142857142858
1648 1.5238095238095237
1649 1.9523809523809523
1650 1.5
1651 1.9047619047619047
1652 2.0476190476190474
1653 1.7857142857142858
1654 2.3095238095238093
1655 2.0714285714285716
1656 2.238095238095238
1657 2.238095238095238
1658 2.0238095238095237
1659 2.238095238095238
1660 2.142857142857143
1661 2.0
1662 2.3333333333333335
1663 1.9047619047619047
1664 2.642857142857143
1665 2.0714285714285716
1666 2.5
1667 2.5714285714285716
1668 2.738095238095238
1669 2.4047619047619047
1670 2.642857142857143
1671 2.6666666666666665
1672 2.9047619047619047
1673 2.5952380952380953
1674 2.8095238095238093
1675 2.4047619047619047
1676 2.8333333333333335
1677 3.0714285714285716
1678 3.2142857142857144
1679 2.9761904761904763
1680 3.0952380952380953
1681 3.261904761904762
1682 3.3095238095238093
1683 3.5714285714285716
1684 3.357142857142857
1685 3.4761904761904763
1686 3.619047619047619
1687 3.5476190476190474
1688 3.8333333333333335
1689 3.9761904761904763
1690 3.9761904761904763
1691 3.9047619047619047
1692 4.666666666666667
1693 4.857142857142857
1694 4.380952380952381
1695 5.071428571428571
1696 5.5
1697 5.0476190476190474
1698 5.619047619047619
1699 5.904761904761905
1700 6.166666666666667
1701 6.404761904761905
1702 6.976190476190476
1703 6.904761904761905
1704 7.690476190476191
1705 8.261904761904763
1706 8.166666666666666
1707 9.166666666666666
1708 9.571428571428571
1709 10.142857142857142
1710 10.428571428571429
1711 11.619047619047619
1712 10.714285714285714
1713 12.357142857142858
1714 13.452380952380953
1715 13.666666666666666
1716 14.785714285714286
1717 14.904761904761905
1718 16.238095238095237
1719 17.261904761904763
1720 18.595238095238095
1721 19.642857142857142
1722 19.285714285714285
1723 19.833333333333332
1724 21.523809523809526
1725 22.88095238095238
1726 24.523809523809526
1727 25.714285714285715
1728 26.261904761904763
1729 27.452380952380953
1730 28.833333333333332
1731 30.238095238095237
1732 32.80952380952381
1733 32.80952380952381
1734 34.30952380952381
1735 35.26190476190476
1736 37.88095238095238
1737 37.73809523809524
1738 38.80952380952381
1739 41.80952380952381
1740 42.666666666666664
1741 43.95238095238095
1742 47.07142857142857
1743 48.5
1744 49.404761904761905
1745 49.92857142857143
1746 54.214285714285715
1747 53.642857142857146
1748 57.214285714285715
1749 55.57142857142857
1750 57.523809523809526
1751 59.92857142857143
1752 63.11904761904762
1753 64.28571428571429
1754 64.42857142857143
1755 65.9047619047619
1756 68.5
1757 69.73809523809524
1758 74.07142857142857
1759 75.95238095238095
1760 73.69047619047619
1761 76.35714285714286
1762 76.69047619047619
1763 79.21428571428571
1764 83.0
1765 78.83333333333333
1766 82.4047619047619
1767 84.92857142857143
1768 87.52380952380952
1769 88.88095238095238
1770 86.5952380952381
1771 88.04761904761905
1772 90.30952380952381
1773 91.5952380952381
1774 94.45238095238095
1775 93.35714285714286
1776 92.5
1777 94.57142857142857
1778 96.21428571428571
1779 99.02380952380952
1780 100.19047619047619
1781 95.85714285714286
1782 99.78571428571429
1783 99.92857142857143
1784 102.0952380952381
1785 101.61904761904762
1786 98.66666666666667
1787 98.95238095238095
1788 99.92857142857143
1789 101.5952380952381
1790 104.28571428571429
1791 102.78571428571429
1792 101.54761904761905
1793 102.21428571428571
1794 102.54761904761905
1795 104.02380952380952
1796 104.61904761904762
1797 99.35714285714286
1798 99.45238095238095
1799 101.16666666666667
1800 102.02380952380952
1801 101.02380952380952
1802 98.95238095238095
1803 99.33333333333333
1804 102.0
1805 103.4047619047619
1806 101.97619047619048
1807 97.26190476190476
1808 99.73809523809524
1809 100.45238095238095
1810 98.23809523809524
1811 98.11904761904762
1812 98.97619047619048
1813 96.5
1814 98.97619047619048
1815 98.92857142857143
1816 99.83333333333333
1817 100.16666666666667
1818 99.21428571428571
1819 95.0952380952381
1820 98.97619047619048
1821 98.73809523809524
1822 99.07142857142857
1823 95.26190476190476
1824 97.11904761904762
1825 98.61904761904762
1826 100.78571428571429
1827 101.30952380952381
1828 102.95238095238095
1829 100.83333333333333
1830 101.11904761904762
1831 103.07142857142857
1832 103.64285714285714
1833 104.64285714285714
1834 102.0
1835 104.85714285714286
1836 106.5
1837 108.80952380952381
1838 109.66666666666667
1839 109.52380952380952
1840 112.0
1841 114.73809523809524
1842 117.04761904761905
1843 119.80952380952381
1844 118.61904761904762
1845 117.95238095238095
1846 122.30952380952381
1847 121.57142857142857
1848 124.45238095238095
1849 129.78571428571428
1850 126.85714285714286
1851 131.07142857142858
1852 131.71428571428572
1853 139.88095238095238
1854 139.85714285714286
1855 138.6904761904762
1856 138.52380952380952
1857 142.0
1858 146.3095238095238
1859 151.14285714285714
1860 152.16666666666666
1861 150.5952380952381
1862 154.3095238095238
1863 158.95238095238096
1864 160.11904761904762
1865 166.97619047619048
1866 163.07142857142858
1867 167.28571428571428
1868 169.6904761904762
1869 169.21428571428572
1870 173.35714285714286
1871 172.92857142857142
1872 171.78571428571428
1873 177.83333333333334
1874 182.42857142857142
1875 187.26190476190476
1876 190.3095238095238
1877 183.78571428571428
1878 186.52380952380952
1879 191.92857142857142
1880 193.66666666666666
1881 197.28571428571428
1882 185.0
1883 192.76190476190476
1884 195.85714285714286
1885 199.76190476190476
1886 204.76190476190476
1887 197.52380952380952
1888 199.0952380952381
1889 205.57142857142858
1890 205.97619047619048
1891 209.97619047619048
1892 200.11904761904762
1893 202.57142857142858
1894 204.0
1895 204.97619047619048
1896 208.04761904761904
1897 212.83333333333334
1898 201.9047619047619
1899 207.73809523809524
1900 210.83333333333334
1901 210.42857142857142
1902 214.14285714285714
1903 205.1904761904762
1904 206.61904761904762
1905 204.95238095238096
1906 208.97619047619048
1907 211.02380952380952
1908 202.78571428571428
1909 204.64285714285714
1910 207.0
1911 213.0
1912 216.0
1913 214.52380952380952
1914 204.88095238095238
1915 208.88095238095238
1916 211.76190476190476
1917 208.8095238095238
1918 208.45238095238096
1919 202.57142857142858
1920 206.97619047619048
1921 210.71428571428572
1922 212.4047619047619
1923 215.5
1924 207.9047619047619
1925 213.38095238095238
1926 208.88095238095238
1927 213.97619047619048
1928 214.16666666666666
1929 215.73809523809524
1930 207.83333333333334
1931 211.26190476190476
1932 214.57142857142858
1933 217.97619047619048
1934 220.33333333333334
1935 212.5952380952381
1936 218.76190476190476
1937 220.26190476190476
1938 223.92857142857142
1939 224.26190476190476
1940 215.47619047619048
1941 220.95238095238096
1942 220.52380952380952
1943 224.66666666666666
1944 230.23809523809524
1945 230.3095238095238
1946 226.54761904761904
1947 230.52380952380952
1948 236.73809523809524
1949 238.21428571428572
1950 241.85714285714286
1951 231.23809523809524
1952 236.64285714285714
1953 238.47619047619048
1954 240.3095238095238
1955 242.1904761904762
1956 237.23809523809524
1957 242.95238095238096
1958 245.88095238095238
1959 248.0
1960 256.1666666666667
1961 258.3809523809524
1962 251.52380952380952
1963 251.0952380952381
1964 253.88095238095238
1965 255.57142857142858
1966 259.9761904761905
1967 249.02380952380952
1968 253.8095238095238
1969 261.92857142857144
1970 264.1904761904762
1971 264.7857142857143
1972 255.14285714285714
1973 259.6190476190476
1974 263.54761904761904
1975 265.92857142857144
1976 263.95238095238096
1977 266.4761904761905
1978 261.0238095238095
1979 260.92857142857144
1980 263.92857142857144
1981 267.57142857142856
1982 270.7142857142857
1983 260.76190476190476
1984 261.4761904761905
1985 265.9047619047619
1986 267.1904761904762
1987 266.8333333333333
1988 257.85714285714283
1989 255.95238095238096
1990 262.73809523809524
1991 262.8809523809524
1992 265.5238095238095
1993 252.97619047619048
1994 259.5238095238095
1995 261.3095238095238
1996 260.5
1997 259.7142857142857
1998 265.1190476190476
1999 252.83333333333334
2000 256.0
2001 256.0238095238095
2002 254.57142857142858
2003 257.5
2004 250.16666666666666
2005 247.8095238095238
2006 253.3095238095238
2007 256.0
2008 255.14285714285714
2009 246.14285714285714
2010 249.47619047619048
2011 250.97619047619048
2012 250.0952380952381
2013 252.61904761904762
2014 255.33333333333334
2015 248.61904761904762
2016 248.45238095238096
2017 252.21428571428572
2018 254.95238095238096
2019 257.95238095238096
2020 248.52380952380952
2021 251.07142857142858
2022 254.61904761904762
2023 259.14285714285717
2024 258.73809523809524
2025 251.11904761904762
2026 255.85714285714286
2027 261.07142857142856
2028 265.7142857142857
2029 270.0952380952381
2030 271.07142857142856
2031 265.35714285714283
2032 271.85714285714283
2033 269.9761904761905
2034 274.1190476190476
2035 280.8095238095238
2036 274.4761904761905
2037 278.07142857142856
2038 282.07142857142856
2039 290.8809523809524
2040 294.8809523809524
2041 287.76190476190476
2042 288.5952380952381
2043 295.4761904761905
2044 301.3095238095238
2045 310.04761904761904
2046 310.7142857142857
2047 303.23809523809524
2048 311.26190476190476
2049 315.07142857142856
2050 320.0238095238095
2051 328.92857142857144
2052 318.57142857142856
2053 326.76190476190476
2054 331.64285714285717
2055 334.3333333333333
2056 339.1904761904762
2057 334.76190476190476
2058 335.0
2059 343.85714285714283
2060 348.3095238095238
2061 356.2142857142857
2062 360.23809523809524
2063 349.23809523809524
2064 355.1904761904762
2065 362.45238095238096
2066 366.3333333333333
2067 372.73809523809524
2068 353.57142857142856
2069 363.8809523809524
2070 367.73809523809524
2071 372.54761904761904
2072 377.5952380952381
2073 364.3333333333333
2074 367.57142857142856
2075 376.0
2076 381.8095238095238
2077 386.45238095238096
2078 385.8809523809524
2079 370.9047619047619
2080 373.6904761904762
2081 376.5238095238095
2082 381.3809523809524
2083 384.3095238095238
2084 366.6904761904762
2085 375.6666666666667
2086 378.85714285714283
2087 379.64285714285717
2088 384.0238095238095
2089 369.14285714285717
2090 371.04761904761904
2091 369.5
2092 374.5238095238095
2093 376.1904761904762
2094 359.45238095238096
2095 362.92857142857144
2096 364.9047619047619
2097 373.76190476190476
2098 376.0
2099 374.1904761904762
2100 355.4761904761905
2101 364.3333333333333
2102 368.64285714285717
2103 362.1904761904762
2104 360.8333333333333
2105 350.92857142857144
2106 355.5238095238095
2107 359.7142857142857
2108 361.85714285714283
2109 362.7142857142857
2110 350.7142857142857
2111 358.0952380952381
2112 352.9047619047619
2113 359.5952380952381
2114 359.9761904761905
2115 361.4047619047619
2116 347.0952380952381
2117 352.8809523809524
2118 357.0
2119 360.0
2120 361.6666666666667
2121 350.6666666666667
2122 359.85714285714283
2123 361.8095238095238
2124 367.07142857142856
2125 367.0238095238095
2126 352.9047619047619
2127 360.3333333333333
2128 360.5238095238095
2129 367.4761904761905
2130 373.8095238095238
2131 376.64285714285717
2132 367.42857142857144
2133 374.0238095238095
2134 381.76190476190476
2135 386.64285714285717
2136 390.64285714285717
2137 373.35714285714283
2138 382.54761904761904
2139 385.7857142857143
2140 388.04761904761904
2141 390.8095238095238
2142 382.95238095238096
2143 392.3809523809524
2144 396.45238095238096
2145 397.4761904761905
2146 411.35714285714283
2147 414.85714285714283
2148 404.07142857142856
2149 403.35714285714283
2150 407.6666666666667
2151 410.8333333333333
2152 419.9761904761905
2153 399.73809523809524
2154 409.35714285714283
2155 419.6666666666667
2156 424.42857142857144
2157 425.04761904761904
2158 410.14285714285717
2159 418.5952380952381
2160 424.57142857142856
2161 428.3333333333333
2162 423.7142857142857
2163 429.7857142857143
2164 420.8333333333333
2165 420.14285714285717
2166 425.35714285714283
2167 431.2142857142857
2168 437.5952380952381
2169 421.57142857142856
2170 423.76190476190476
2171 429.8333333333333
2172 433.0238095238095
2173 432.57142857142856
2174 416.9047619047619
2175 414.0952380952381
2176 423.8095238095238
2177 425.54761904761904
2178 430.07142857142856
2179 411.73809523809524
2180 421.76190476190476
2181 423.64285714285717
2182 424.73809523809524
2183 423.3333333333333
2184 432.26190476190476
2185 411.26190476190476
2186 414.5
2187 413.7857142857143
2188 411.35714285714283
2189 416.92857142857144
2190 404.6904761904762
2191 403.14285714285717
2192 411.07142857142856
2193 416.0952380952381
2194 413.0952380952381
2195 399.1190476190476
2196 402.92857142857144
2197 404.8095238095238
2198 401.5238095238095
2199 406.04761904761904
2200 409.7857142857143
2201 398.42857142857144
2202 397.9761904761905
2203 403.8095238095238
2204 408.4047619047619
2205 413.57142857142856
2206 397.04761904761904
2207 399.2857142857143
2208 404.6190476190476
2209 410.9047619047619
2210 408.92857142857144
2211 393.8095238095238
2212 400.8095238095238
2213 408.4761904761905
2214 415.2142857142857
2215 421.2857142857143
2216 424.95238095238096
2217 413.6666666666667
2218 422.7857142857143
2219 419.6190476190476
2220 425.26190476190476
2221 433.3809523809524
2222 422.2857142857143
2223 426.0952380952381
2224 432.35714285714283
2225 442.9761904761905
2226 450.2857142857143
2227 437.6666666666667
2228 438.9761904761905
2229 449.8333333333333
2230 457.26190476190476
2231 469.76190476190476
2232 470.3095238095238
2233 456.92857142857144
2234 468.76190476190476
2235 471.57142857142856
2236 479.9047619047619
2237 491.23809523809524
2238 474.3095238095238
2239 486.85714285714283
2240 493.7857142857143
2241 500.26190476190476
2242 505.57142857142856
2243 497.3809523809524
2244 498.5952380952381
2245 510.04761904761904
2246 514.6904761904761
2247 525.4761904761905
2248 530.4047619047619
2249 514.8333333333334
2250 524.0
2251 533.3333333333334
2252 539.3333333333334
2253 548.452380952381
2254 522.5714285714286
2255 535.2857142857143
2256 539.9047619047619
2257 545.5238095238095
2258 550.5714285714286
2259 531.4285714285714
2260 536.2857142857143
2261 546.7142857142857
2262 557.7380952380952
2263 563.0952380952381
2264 562.5714285714286
2265 539.3571428571429
2266 543.3809523809524
2267 548.3333333333334
2268 554.5238095238095
2269 556.0238095238095
2270 531.3571428571429
2271 543.6904761904761
2272 546.952380952381
2273 548.8571428571429
2274 553.9047619047619
2275 532.952380952381
2276 535.4761904761905
2277 534.0714285714286
2278 540.0238095238095
2279 541.2857142857143
2280 516.1666666666666
2281 521.2619047619048
2282 522.7619047619048
2283 534.5952380952381
2284 535.8095238095239
2285 533.9761904761905
2286 505.9761904761905
2287 519.8333333333334
2288 525.4761904761905
2289 515.6190476190476
2290 513.2142857142857
2291 499.2857142857143
2292 503.95238095238096
2293 508.73809523809524
2294 511.23809523809524
2295 509.9047619047619
2296 493.5238095238095
2297 502.76190476190476
2298 496.92857142857144
2299 505.2142857142857
2300 505.7142857142857
2301 507.07142857142856
2302 486.2857142857143
2303 494.45238095238096
2304 499.5
2305 502.0
2306 502.9047619047619
2307 488.76190476190476
2308 500.95238095238096
2309 503.35714285714283
2310 510.1904761904762
2311 509.8333333333333
2312 490.3095238095238
2313 499.73809523809524
2314 500.35714285714283
2315 510.26190476190476
2316 517.2857142857143
2317 522.952380952381
2318 508.1666666666667
2319 517.5238095238095
2320 526.8809523809524
2321 535.0952380952381
2322 539.4285714285714
2323 515.4761904761905
2324 528.4761904761905
2325 533.0952380952381
2326 535.7857142857143
2327 539.4285714285714
2328 528.5952380952381
2329 541.8095238095239
2330 547.0714285714286
2331 546.952380952381
2332 566.5238095238095
2333 571.3333333333334
2334 556.6428571428571
2335 555.6428571428571
2336 561.3333333333334
2337 566.0714285714286
2338 579.9761904761905
2339 550.4285714285714
2340 564.7857142857143
2341 577.3809523809524
2342 584.547619047619
2343 585.3095238095239
2344 565.0714285714286
2345 577.5714285714286
2346 585.5952380952381
2347 590.7142857142857
2348 583.4761904761905
2349 593.1190476190476
2350 580.5238095238095
2351 579.3571428571429
2352 586.7857142857143
2353 594.7857142857143
2354 604.452380952381
2355 582.3333333333334
2356 585.9761904761905
2357 593.7380952380952
2358 598.7380952380952
2359 598.2619047619048
2360 575.8809523809524
2361 572.1428571428571
2362 584.8095238095239
2363 588.0714285714286
2364 594.5714285714286
2365 570.2142857142857
2366 583.9047619047619
2367 585.7857142857143
2368 588.9047619047619
2369 586.7619047619048
2370 599.3809523809524
2371 569.4761904761905
2372 573.0952380952381
2373 571.3571428571429
2374 567.952380952381
2375 576.0238095238095
2376 559.1666666666666
2377 558.1190476190476
2378 568.6666666666666
2379 575.9047619047619
2380 570.9047619047619
2381 551.8333333333334
2382 556.2142857142857
2383 558.2380952380952
2384 552.8095238095239
2385 559.1904761904761
2386 564.0714285714286
2387 547.8333333333334
2388 547.0952380952381
2389 555.0
2390 561.547619047619
2391 568.7380952380952
2392 545.4285714285714
2393 547.0
2394 554.452380952381
2395 562.2142857142857
2396 558.8809523809524
2397 536.1190476190476
2398 545.3809523809524
2399 555.4047619047619
2400 564.2857142857143
2401 571.952380952381
2402 578.6190476190476
2403 561.547619047619
2404 573.5952380952381
2405 568.8571428571429
2406 576.1190476190476
2407 585.5714285714286
2408 569.7619047619048
2409 573.7380952380952
2410 582.1904761904761
2411 594.6190476190476
2412 605.4047619047619
2413 587.0952380952381
2414 589.1904761904761
2415 603.8095238095239
2416 612.8095238095239
2417 629.2380952380952
2418 629.5952380952381
2419 610.3571428571429
2420 625.9285714285714
2421 627.6666666666666
2422 639.4761904761905
2423 653.2619047619048
2424 629.6428571428571
2425 646.4761904761905
2426 655.7857142857143
2427 665.8571428571429
2428 671.8095238095239
2429 659.6904761904761
2430 661.952380952381
2431 675.9047619047619
2432 680.7857142857143
2433 694.5
2434 700.4285714285714
2435 680.1428571428571
2436 692.5238095238095
2437 703.8095238095239
2438 712.1190476190476
2439 723.8809523809524
2440 691.4285714285714
2441 706.452380952381
2442 711.8809523809524
2443 718.2857142857143
2444 723.2857142857143
2445 697.952380952381
2446 704.8333333333334
2447 717.0
2448 733.1666666666666
2449 739.4285714285714
2450 738.6428571428571
2451 707.3333333333334
2452 712.7380952380952
2453 719.5952380952381
2454 727.3809523809524
2455 727.047619047619
2456 695.547619047619
2457 710.7857142857143
2458 714.0
2459 717.2380952380952
2460 722.6904761904761
2461 696.0
2462 698.8095238095239
2463 697.7380952380952
2464 704.2380952380952
2465 705.3571428571429
2466 671.6190476190476
2467 678.5
2468 679.4761904761905
2469 694.0
2470 694.1428571428571
2471 692.2380952380952
2472 654.2142857142857
2473 673.6666666666666
2474 680.3333333333334
2475 667.0238095238095
2476 663.6904761904761
2477 645.9285714285714
2478 650.1666666666666
2479 655.9047619047619
2480 658.5238095238095
2481 655.2142857142857
2482 633.8095238095239
2483 645.2857142857143
2484 638.1904761904761
2485 648.1428571428571
2486 648.7380952380952
2487 650.2857142857143
2488 622.6428571428571
2489 634.047619047619
2490 638.952380952381
2491 641.5952380952381
2492 641.4047619047619
2493 624.3571428571429
2494 639.3095238095239
2495 642.2380952380952
2496 650.2380952380952
2497 649.5952380952381
2498 624.8333333333334
2499 636.2380952380952
2500 637.3333333333334
2501 650.2857142857143
2502 658.047619047619
2503 666.4761904761905
2504 646.3571428571429
2505 657.5238095238095
2506 669.0952380952381
2507 680.3571428571429
2508 685.1904761904761
2509 654.7619047619048
2510 671.047619047619
2511 677.5238095238095
2512 680.8095238095239
2513 684.5952380952381
2514 672.0238095238095
2515 687.9761904761905
2516 695.0
2517 693.8095238095239
2518 718.7619047619048
2519 724.7142857142857
2520 705.9761904761905
2521 704.5952380952381
2522 711.4285714285714
2523 718.2380952380952
2524 736.5952380952381
2525 697.6190476190476
2526 717.0
2527 731.6666666666666
2528 741.2857142857143
2529 741.9761904761905
2530 716.4047619047619
2531 733.547619047619
2532 742.7380952380952
2533 749.0952380952381
2534 738.2857142857143
2535 752.1904761904761
2536 736.1190476190476
2537 734.1904761904761
2538 743.9285714285714
2539 753.6904761904761
2540 766.0952380952381
2541 738.5
2542 742.5714285714286
2543 751.1428571428571
2544 758.1428571428571
2545 757.7619047619048
2546 727.7619047619048
2547 721.7619047619048
2548 737.8571428571429
2549 742.452380952381
2550 749.8809523809524
