0 1180.8636363636363
1 1274.0454545454545
2 1265.909090909091
3 1270.1818181818182
4 1259.590909090909
5 1253.2727272727273
6 1240.6363636363637
7 1231.9545454545455
8 1230.1818181818182
9 1222.9545454545455
10 1213.5454545454545
11 1217.8181818181818
12 1198.3181818181818
13 1204.409090909091
14 1198.590909090909
15 1191.6818181818182
16 1176.1363636363637
17 1175.8636363636363
18 1174.590909090909
19 1277.7727272727273
20 1264.2727272727273
21 1261.590909090909
22 1259.1363636363637
23 1243.909090909091
24 1239.6818181818182
25 1236.090909090909
26 1232.409090909091
27 1223.9545454545455
28 1212.3636363636363
29 1205.0454545454545
30 1211.1818181818182
31 1199.9545454545455
32 1180.2272727272727
33 1181.1818181818182
34 1187.590909090909
35 1180.8181818181818
36 1175.1818181818182
37 1151.0454545454545
38 1263.3636363636363
39 1252.3181818181818
40 1253.8181818181818
41 1255.5
42 1235.2727272727273
43 1231.0454545454545
44 1234.0
45 1223.0454545454545
46 1219.590909090909
47 1194.6363636363637
48 1197.7727272727273
49 1189.1818181818182
50 1181.590909090909
51 1170.409090909091
52 1164.090909090909
53 1174.0
54 1165.0454545454545
55 1152.3636363636363
56 1255.409090909091
57 1242.3636363636363
58 1243.6363636363637
59 1224.2727272727273
60 1223.8636363636363
61 1222.5454545454545
62 1210.1363636363637
63 1212.3181818181818
64 1201.590909090909
65 1191.1363636363637
66 1185.8636363636363
67 1171.1363636363637
68 1168.7272727272727
69 1158.409090909091
70 1156.1363636363637
71 1165.2272727272727
72 1138.2727272727273
73 1138.6818181818182
74 1128.3181818181818
75 1234.8181818181818
76 1224.7727272727273
77 1212.5454545454545
78 1203.0
79 1201.9545454545455
80 1202.909090909091
81 1187.2727272727273
82 1187.9545454545455
83 1178.7272727272727
84 1169.590909090909
85 1164.590909090909
86 1155.5454545454545
87 1137.3636363636363
88 1142.6363636363637
89 1134.6818181818182
90 1134.8181818181818
91 1124.8636363636363
92 1113.5
93 1222.7727272727273
94 1213.9545454545455
95 1195.6818181818182
96 1198.0
97 1181.8636363636363
98 1185.909090909091
99 1172.7272727272727
100 1160.8636363636363
101 1157.3181818181818
102 1150.909090909091
103 1146.590909090909
104 1140.590909090909
105 1122.4545454545455
106 1130.8636363636363
107 1119.409090909091
108 1111.6363636363637
109 1096.8636363636363
110 1093.7272727272727
111 1099.590909090909
112 1188.8636363636363
113 1181.090909090909
114 1175.8181818181818
115 1160.2727272727273
116 1160.0
117 1146.8181818181818
118 1147.5
119 1143.6818181818182
120 1128.5
121 1121.8181818181818
122 1112.3181818181818
123 1115.590909090909
124 1107.1363636363637
125 1093.409090909091
126 1086.8636363636363
127 1088.1818181818182
128 1075.7727272727273
129 1072.9545454545455
130 1055.5454545454545
131 1157.0
132 1149.409090909091
133 1152.5454545454545
134 1145.1818181818182
135 1133.0454545454545
136 1123.409090909091
137 1122.0
138 1112.909090909091
139 1104.6363636363637
140 1093.1363636363637
141 1091.409090909091
142 1077.909090909091
143 1072.5
144 1066.090909090909
145 1060.1363636363637
146 1054.5
147 1051.0454545454545
148 1038.1363636363637
149 1132.9545454545455
150 1121.1363636363637
151 1119.1818181818182
152 1110.1363636363637
153 1105.1363636363637
154 1103.8181818181818
155 1094.590909090909
156 1085.8181818181818
157 1081.1818181818182
158 1063.409090909091
159 1061.6818181818182
160 1057.409090909091
161 1043.8181818181818
162 1037.0
163 1033.2727272727273
164 1042.590909090909
165 1022.9545454545455
166 1016.9545454545455
167 1008.8636363636364
168 1103.3636363636363
169 1091.909090909091
170 1079.5454545454545
171 1072.8181818181818
172 1072.8181818181818
173 1067.3181818181818
174 1065.6363636363637
175 1056.8181818181818
176 1049.3181818181818
177 1033.409090909091
178 1026.7727272727273
179 1022.6363636363636
180 1012.0909090909091
181 1002.5909090909091
182 999.6818181818181
183 997.8636363636364
184 992.0454545454545
185 986.4545454545455
186 1077.6363636363637
187 1069.1818181818182
188 1054.2727272727273
189 1048.6363636363637
190 1041.5
191 1042.2272727272727
192 1031.090909090909
193 1025.8181818181818
194 1019.2727272727273
195 1016.7727272727273
196 1005.9090909090909
197 991.0454545454545
198 985.5909090909091
199 982.0
200 975.3181818181819
201 970.2727272727273
202 955.8181818181819
203 958.8181818181819
204 954.8636363636364
205 1039.2272727272727
206 1026.0454545454545
207 1023.3636363636364
208 1010.4545454545455
209 1010.3636363636364
210 1004.9545454545455
211 993.7727272727273
212 992.0
213 982.0454545454545
214 972.1818181818181
215 968.9545454545455
216 960.4545454545455
217 948.6818181818181
218 949.1363636363636
219 938.0
220 945.0454545454545
221 928.4090909090909
222 923.7272727272727
223 922.6818181818181
224 998.4545454545455
225 995.8181818181819
226 995.8636363636364
227 983.0
228 973.5909090909091
229 965.1363636363636
230 956.9545454545455
231 953.0909090909091
232 942.0454545454545
233 937.6818181818181
234 938.6363636363636
235 923.8636363636364
236 927.8181818181819
237 917.8636363636364
238 910.7727272727273
239 896.7727272727273
240 897.1818181818181
241 893.1363636363636
242 972.5
243 959.5454545454545
244 958.2727272727273
245 954.6818181818181
246 944.2727272727273
247 938.5454545454545
248 932.7272727272727
249 928.0454545454545
250 920.7727272727273
251 910.5454545454545
252 904.7272727272727
253 906.8181818181819
254 895.3636363636364
255 883.7727272727273
256 883.9545454545455
257 884.2727272727273
258 874.4545454545455
259 870.0454545454545
260 855.6818181818181
261 938.8636363636364
262 928.8181818181819
263 925.6818181818181
264 922.5909090909091
265 911.4545454545455
266 907.3636363636364
267 906.4090909090909
268 896.7272727272727
269 894.0
270 875.2272727272727
271 878.9545454545455
272 870.4090909090909
273 861.8636363636364
274 854.4545454545455
275 850.0
276 854.0
277 847.2727272727273
278 839.0454545454545
279 913.0909090909091
280 901.8181818181819
281 900.4090909090909
282 887.3181818181819
283 884.7272727272727
284 883.1818181818181
285 873.9545454545455
286 875.8636363636364
287 867.0909090909091
288 857.7727272727273
289 853.5454545454545
290 838.9090909090909
291 840.1363636363636
292 832.6363636363636
293 827.8181818181819
294 832.1363636363636
295 811.2727272727273
296 814.7727272727273
297 807.2272727272727
298 882.5454545454545
299 873.7272727272727
300 864.4545454545455
301 856.3181818181819
302 856.4090909090909
303 854.4090909090909
304 841.5454545454545
305 841.9545454545455
306 836.1818181818181
307 828.2727272727273
308 823.8181818181819
309 816.0454545454545
310 803.1818181818181
311 806.2727272727273
312 799.1363636363636
313 797.4545454545455
314 789.1363636363636
315 781.9090909090909
316 857.2272727272727
317 854.3181818181819
318 842.3181818181819
319 840.0909090909091
320 828.4545454545455
321 830.0909090909091
322 819.8181818181819
323 808.7727272727273
324 807.8181818181819
325 802.3181818181819
326 800.3181818181819
327 794.1818181818181
328 779.5909090909091
329 787.5
330 776.8181818181819
331 771.3636363636364
332 759.7272727272727
333 756.6363636363636
334 761.2272727272727
335 822.3636363636364
336 817.4090909090909
337 811.9090909090909
338 801.5454545454545
339 797.9545454545455
340 790.5
341 789.1818181818181
342 785.0
343 775.9090909090909
344 770.3181818181819
345 762.0454545454545
346 765.0909090909091
347 759.2727272727273
348 749.2727272727273
349 744.1363636363636
350 742.0
351 734.4545454545455
352 731.4090909090909
353 718.1363636363636
354 787.4545454545455
355 783.1818181818181
356 784.3181818181819
357 777.8181818181819
358 768.1363636363636
359 761.0454545454545
360 761.1363636363636
361 755.2272727272727
362 747.7272727272727
363 738.4545454545455
364 735.5454545454545
365 726.6363636363636
366 723.7727272727273
367 717.9090909090909
368 712.3636363636364
369 708.1818181818181
370 707.2727272727273
371 699.1818181818181
372 760.8636363636364
373 751.6363636363636
374 750.0909090909091
375 742.1818181818181
376 740.9090909090909
377 737.8181818181819
378 730.6818181818181
379 725.5
380 721.3636363636364
381 708.3636363636364
382 706.7272727272727
383 701.9545454545455
384 692.4545454545455
385 688.5454545454545
386 686.0909090909091
387 691.3636363636364
388 676.7272727272727
389 673.0909090909091
390 669.4090909090909
391 731.0
392 722.6363636363636
393 713.2727272727273
394 706.2727272727273
395 708.1818181818181
396 703.5
397 699.1818181818181
398 693.1363636363636
399 689.0454545454545
400 677.5454545454545
401 674.1363636363636
402 669.2272727272727
403 661.5454545454545
404 655.8181818181819
405 653.9545454545455
406 650.5909090909091
407 646.5909090909091
408 643.2727272727273
409 702.0454545454545
410 697.1818181818181
411 686.3181818181819
412 681.9090909090909
413 676.0
414 675.6363636363636
415 666.9090909090909
416 661.4545454545455
417 658.6818181818181
418 656.0454545454545
419 649.0
420 639.0
421 633.3181818181819
422 632.6818181818181
423 626.0454545454545
424 622.6818181818181
425 613.0909090909091
426 613.2272727272727
427 611.9545454545455
428 665.8636363636364
429 657.1363636363636
430 653.7727272727273
431 644.0909090909091
432 643.9545454545455
433 637.5909090909091
434 631.7727272727273
435 629.5
436 622.6818181818181
437 616.0
438 611.5
439 608.8636363636364
440 601.5454545454545
441 598.1818181818181
442 590.5
443 594.3636363636364
444 584.5454545454545
445 580.6363636363636
446 577.6818181818181
447 626.0909090909091
448 624.1818181818181
449 624.0
450 615.0454545454545
451 607.1818181818181
452 600.6818181818181
453 596.4090909090909
454 593.9545454545455
455 584.2727272727273
456 581.1363636363636
457 581.4545454545455
458 571.5454545454545
459 575.5
460 565.0
461 561.0454545454545
462 551.1818181818181
463 552.6363636363636
464 549.6363636363636
465 598.3636363636364
466 588.5454545454545
467 588.3636363636364
468 584.1818181818181
469 579.5
470 573.6363636363636
471 568.2727272727273
472 564.9545454545455
473 561.2272727272727
474 552.5454545454545
475 549.6818181818181
476 548.9545454545455
477 540.6363636363636
478 534.6818181818181
479 535.8636363636364
480 533.6818181818181
481 526.8636363636364
482 522.9545454545455
483 517.0
484 565.9090909090909
485 559.4545454545455
486 555.9545454545455
487 551.1363636363636
488 545.3181818181819
489 542.0909090909091
490 538.8636363636364
491 533.2727272727273
492 532.0454545454545
493 518.5909090909091
494 521.5454545454545
495 516.6818181818181
496 510.22727272727275
497 505.22727272727275
498 503.72727272727275
499 504.6363636363636
500 499.27272727272725
501 495.8636363636364
502 538.7272727272727
503 529.9090909090909
504 528.0454545454545
505 521.6363636363636
506 518.4545454545455
507 516.0454545454545
508 511.6363636363636
509 511.77272727272725
510 505.6363636363636
511 500.72727272727275
512 496.8181818181818
513 486.72727272727275
514 487.1363636363636
515 484.22727272727275
516 478.77272727272725
517 480.77272727272725
518 467.6363636363636
519 471.0
520 465.40909090909093
521 510.04545454545456
522 503.22727272727275
523 497.6363636363636
524 491.6363636363636
525 492.6818181818182
526 488.6363636363636
527 478.45454545454544
528 478.6818181818182
529 477.0
530 472.0
531 469.22727272727275
532 461.95454545454544
533 454.72727272727275
534 456.09090909090907
535 453.27272727272725
536 449.27272727272725
537 443.90909090909093
538 439.72727272727275
539 480.8636363636364
540 481.40909090909093
541 475.22727272727275
542 470.54545454545456
543 464.09090909090907
544 463.3181818181818
545 456.54545454545456
546 447.3636363636364
547 447.3181818181818
548 443.5
549 443.27272727272725
550 438.77272727272725
551 430.0
552 434.90909090909093
553 426.90909090909093
554 423.6818181818182
555 416.8181818181818
556 413.6818181818182
557 416.8181818181818
558 449.40909090909093
559 446.3636363636364
560 442.27272727272725
561 436.95454545454544
562 430.8181818181818
563 427.3636363636364
564 426.04545454545456
565 422.1363636363636
566 417.0
567 413.3636363636364
568 406.45454545454544
569 410.0
570 406.6363636363636
571 399.54545454545456
572 396.3181818181818
573 392.22727272727275
574 389.1363636363636
575 387.09090909090907
576 376.90909090909093
577 414.54545454545456
578 412.22727272727275
579 412.22727272727275
580 407.09090909090907
581 401.0
582 394.72727272727275
583 396.90909090909093
584 393.90909090909093
585 388.09090909090907
586 380.8181818181818
587 377.59090909090907
588 371.77272727272725
589 371.59090909090907
590 366.6363636363636
591 363.3636363636364
592 358.54545454545456
593 359.90909090909093
594 356.09090909090907
595 386.22727272727275
596 379.59090909090907
597 378.54545454545456
598 372.09090909090907
599 374.22727272727275
600 370.09090909090907
601 366.0
602 362.6818181818182
603 358.6818181818182
604 350.90909090909093
605 349.8636363636364
606 344.8181818181818
607 339.22727272727275
608 337.3636363636364
609 337.04545454545456
610 338.59090909090907
611 327.95454545454544
612 326.45454545454544
613 327.8636363636364
614 356.1818181818182
615 351.8181818181818
616 345.22727272727275
617 338.3636363636364
618 342.27272727272725
619 338.54545454545456
620 331.3636363636364
621 327.45454545454544
622 326.04545454545456
623 320.09090909090907
624 318.54545454545456
625 313.90909090909093
626 308.77272727272725
627 306.72727272727275
628 306.59090909090907
629 301.45454545454544
630 298.8181818181818
631 298.3181818181818
632 324.45454545454544
633 323.8181818181818
634 316.72727272727275
635 314.04545454545456
636 309.90909090909093
637 308.77272727272725
638 301.22727272727275
639 296.77272727272725
640 296.54545454545456
641 294.6363636363636
642 290.6818181818182
643 284.5
644 279.27272727272725
645 282.5
646 276.22727272727275
647 273.5
648 268.8636363636364
649 267.90909090909093
650 268.59090909090907
651 291.8181818181818
652 286.22727272727275
653 283.90909090909093
654 277.6818181818182
655 276.59090909090907
656 271.09090909090907
657 269.54545454545456
658 266.1363636363636
659 263.6363636363636
660 258.3636363636364
661 253.63636363636363
662 256.22727272727275
663 253.0
664 246.72727272727272
665 242.63636363636363
666 241.9090909090909
667 240.36363636363637
668 237.3181818181818
669 232.1818181818182
670 252.13636363636363
671 251.5
672 251.0
673 246.22727272727272
674 240.45454545454547
675 236.54545454545453
676 236.0909090909091
677 235.27272727272728
678 227.8181818181818
679 224.54545454545453
680 223.6818181818182
681 220.04545454545453
682 221.95454545454547
683 214.4090909090909
684 212.9090909090909
685 206.95454545454547
686 209.4090909090909
687 205.9090909090909
688 223.5
689 217.5
690 218.22727272727272
691 214.27272727272728
692 213.5
693 210.6818181818182
694 206.3181818181818
695 204.0
696 202.0
697 194.8181818181818
698 195.72727272727272
699 192.45454545454547
700 188.13636363636363
701 186.72727272727272
702 188.36363636363637
703 186.0909090909091
704 182.4090909090909
705 178.0909090909091
706 178.72727272727272
707 193.45454545454547
708 191.0
709 187.95454545454547
710 182.04545454545453
711 182.13636363636363
712 179.1818181818182
713 177.0
714 172.13636363636363
715 172.04545454545453
716 165.5
717 168.27272727272728
718 165.36363636363637
719 163.0
720 159.86363636363637
721 160.0909090909091
722 157.86363636363637
723 155.95454545454547
724 154.6818181818182
725 167.95454545454547
726 163.13636363636363
727 161.5
728 158.3181818181818
729 155.5909090909091
730 153.6818181818182
731 150.95454545454547
732 149.54545454545453
733 151.63636363636363
734 145.95454545454547
735 144.63636363636363
736 138.95454545454547
737 140.3181818181818
738 140.5
739 137.95454545454547
740 134.77272727272728
741 131.04545454545453
742 130.54545454545453
743 128.0
744 141.4090909090909
745 139.13636363636363
746 135.9090909090909
747 132.8181818181818
748 130.0909090909091
749 127.0909090909091
750 126.63636363636364
751 126.31818181818181
752 125.63636363636364
753 121.54545454545455
754 120.68181818181819
755 118.4090909090909
756 117.81818181818181
757 113.5
758 112.36363636363636
759 114.54545454545455
760 111.04545454545455
761 106.0
762 113.54545454545455
763 110.22727272727273
764 114.27272727272727
765 111.86363636363636
766 109.0
767 104.27272727272727
768 103.63636363636364
769 102.45454545454545
770 102.54545454545455
771 99.86363636363636
772 99.22727272727273
773 99.36363636363636
774 96.4090909090909
775 97.4090909090909
776 92.45454545454545
777 90.36363636363636
778 87.5
779 89.22727272727273
780 85.72727272727273
781 90.13636363636364
782 88.18181818181819
783 88.36363636363636
784 87.4090909090909
785 85.68181818181819
786 83.36363636363636
787 80.81818181818181
788 80.13636363636364
789 80.0909090909091
790 77.31818181818181
791 79.63636363636364
792 75.72727272727273
793 73.9090909090909
794 74.0909090909091
795 74.9090909090909
796 70.27272727272727
797 66.22727272727273
798 63.90909090909091
799 65.81818181818181
800 69.63636363636364
801 70.04545454545455
802 66.31818181818181
803 63.40909090909091
804 63.36363636363637
805 64.95454545454545
806 61.59090909090909
807 59.95454545454545
808 59.72727272727273
809 58.22727272727273
810 58.72727272727273
811 56.31818181818182
812 52.68181818181818
813 53.31818181818182
814 52.77272727272727
815 52.54545454545455
816 49.90909090909091
817 48.72727272727273
818 50.18181818181818
819 48.90909090909091
820 49.13636363636363
821 47.18181818181818
822 46.04545454545455
823 44.45454545454545
824 45.0
825 44.36363636363637
826 42.86363636363637
827 40.36363636363637
828 41.63636363636363
829 39.68181818181818
830 38.86363636363637
831 38.22727272727273
832 35.45454545454545
833 34.13636363636363
834 33.5
835 33.45454545454545
836 32.04545454545455
837 33.54545454545455
838 31.40909090909091
839 30.318181818181817
840 31.136363636363637
841 30.636363636363637
842 29.772727272727273
843 28.181818181818183
844 29.363636363636363
845 28.954545454545453
846 27.227272727272727
847 25.954545454545453
848 25.136363636363637
849 24.545454545454547
850 23.40909090909091
851 21.727272727272727
852 20.636363636363637
853 20.045454545454547
854 19.681818181818183
855 20.40909090909091
856 20.136363636363637
857 20.136363636363637
858 17.818181818181817
859 18.727272727272727
860 18.636363636363637
861 18.181818181818183
862 16.727272727272727
863 16.636363636363637
864 16.136363636363637
865 16.136363636363637
866 15.454545454545455
867 14.772727272727273
868 13.045454545454545
869 12.863636363636363
870 12.590909090909092
871 12.0
872 11.409090909090908
873 11.227272727272727
874 10.5
875 11.5
876 10.681818181818182
877 10.318181818181818
878 10.590909090909092
879 9.954545454545455
880 9.090909090909092
881 8.954545454545455
882 9.0
883 9.0
884 8.454545454545455
885 8.318181818181818
886 8.363636363636363
887 7.545454545454546
888 7.0
889 6.136363636363637
890 6.7272727272727275
891 6.545454545454546
892 5.681818181818182
893 5.954545454545454
894 6.590909090909091
895 5.818181818181818
896 5.909090909090909
897 6.0
898 6.045454545454546
899 5.954545454545454
900 5.2272727272727275
901 5.409090909090909
902 5.7727272727272725
903 4.7272727272727275
904 4.818181818181818
905 4.7272727272727275
906 4.409090909090909
907 3.6818181818181817
908 3.727272727272727
909 4.181818181818182
910 4.318181818181818
911 3.727272727272727
912 3.6363636363636362
913 3.8636363636363638
914 3.6363636363636362
915 3.8181818181818183
916 4.2727272727272725
917 3.5
918 3.409090909090909
919 3.772727272727273
920 3.272727272727273
921 3.8181818181818183
922 3.0454545454545454
923 3.0454545454545454
924 3.090909090909091
925 3.272727272727273
926 2.8636363636363638
927 3.0454545454545454
928 3.4545454545454546
929 3.590909090909091
930 3.1363636363636362
931 3.3181818181818183
932 2.5454545454545454
933 2.590909090909091
934 2.909090909090909
935 2.909090909090909
936 2.3181818181818183
937 2.909090909090909
938 2.909090909090909
939 2.727272727272727
940 2.772727272727273
941 2.4545454545454546
942 2.8181818181818183
943 2.6363636363636362
944 2.3636363636363638
945 2.590909090909091
946 3.0
947 2.8636363636363638
948 2.5
949 2.409090909090909
950 2.5454545454545454
951 2.1363636363636362
952 2.3636363636363638
953 2.090909090909091
954 1.8636363636363635
955 2.090909090909091
956 2.8181818181818183
957 2.227272727272727
958 2.1363636363636362
959 2.772727272727273
960 2.4545454545454546
961 2.409090909090909
962 2.090909090909091
963 1.6363636363636365
964 2.1818181818181817
965 2.6363636363636362
966 2.4545454545454546
967 2.3181818181818183
968 2.227272727272727
969 1.7727272727272727
970 1.8181818181818181
971 1.9090909090909092
972 1.9090909090909092
973 1.4545454545454546
974 1.9545454545454546
975 2.090909090909091
976 1.9545454545454546
977 2.0
978 2.3181818181818183
979 2.0
980 1.8181818181818181
981 1.7272727272727273
982 2.0454545454545454
983 1.8636363636363635
984 1.9545454545454546
985 1.9545454545454546
986 2.0
987 2.3181818181818183
988 1.8181818181818181
989 1.3181818181818181
990 1.5454545454545454
991 1.3181818181818181
992 1.1363636363636365
993 1.8181818181818181
994 1.6818181818181819
995 1.8636363636363635
996 1.8636363636363635
997 2.1818181818181817
998 1.6818181818181819
999 1.3636363636363635
1000 1.5909090909090908
1001 2.1818181818181817
1002 1.8636363636363635
1003 1.4545454545454546
1004 1.2272727272727273
1005 1.6818181818181819
1006 1.8636363636363635
1007 1.5454545454545454
1008 1.5454545454545454
1009 1.1363636363636365
1010 1.4545454545454546
1011 1.4545454545454546
1012 1.5909090909090908
1013 1.4545454545454546
1014 1.8181818181818181
1015 1.6818181818181819
1016 1.5
1017 1.6818181818181819
1018 0.8636363636363636
1019 1.4090909090909092
1020 1.8636363636363635
1021 1.6818181818181819
1022 1.3181818181818181
1023 1.2272727272727273
1024 1.2727272727272727
1025 1.2727272727272727
1026 1.2727272727272727
1027 1.2727272727272727
1028 1.0909090909090908
1029 1.3181818181818181
1030 1.4090909090909092
1031 1.4545454545454546
1032 1.5
1033 1.4545454545454546
1034 1.3636363636363635
1035 1.1363636363636365
1036 1.4545454545454546
1037 1.1363636363636365
1038 1.1363636363636365
1039 1.3181818181818181
1040 1.5454545454545454
1041 1.3181818181818181
1042 1.3181818181818181
1043 0.9545454545454546
1044 1.0
1045 0.8636363636363636
1046 1.2727272727272727
1047 0.9545454545454546
1048 0.9545454545454546
1049 1.2272727272727273
1050 1.3181818181818181
1051 1.5454545454545454
1052 1.2272727272727273
1053 1.0454545454545454
1054 1.0454545454545454
1055 0.9090909090909091
1056 1.5909090909090908
1057 1.0909090909090908
1058 1.0
1059 1.2272727272727273
1060 1.0
1061 1.1363636363636365
1062 0.6818181818181818
1063 0.8181818181818182
1064 0.7272727272727273
1065 0.8181818181818182
1066 0.9545454545454546
1067 0.9090909090909091
1068 0.7727272727272727
1069 1.0454545454545454
1070 1.0454545454545454
1071 1.0
1072 0.9545454545454546
1073 0.7272727272727273
1074 0.7272727272727273
1075 1.0
1076 0.7272727272727273
1077 0.7727272727272727
1078 0.8636363636363636
1079 0.8181818181818182
1080 0.7727272727272727
1081 0.7272727272727273
1082 0.7727272727272727
1083 0.7727272727272727
1084 0.5909090909090909
1085 0.5454545454545454
1086 0.8636363636363636
1087 0.7727272727272727
1088 0.8636363636363636
1089 0.6363636363636364
1090 0.7272727272727273
1091 0.7727272727272727
1092 0.5909090909090909
1093 0.7727272727272727
1094 0.7272727272727273
1095 0.6818181818181818
1096 0.6363636363636364
1097 0.5454545454545454
1098 0.5909090909090909
1099 0.6818181818181818
1100 0.5
1101 0.6818181818181818
1102 0.5454545454545454
1103 0.7272727272727273
1104 0.5909090909090909
1105 0.5454545454545454
1106 0.45454545454545453
1107 0.7272727272727273
1108 0.5909090909090909
1109 0.5454545454545454
1110 0.6363636363636364
1111 0.45454545454545453
1112 0.6363636363636364
1113 0.5454545454545454
1114 0.4090909090909091
1115 0.5454545454545454
1116 0.45454545454545453
1117 0.5454545454545454
1118 0.5909090909090909
1119 0.5909090909090909
1120 0.4090909090909091
1121 0.5
1122 0.7727272727272727
1123 0.6363636363636364
1124 0.7727272727272727
1125 0.5454545454545454
1126 0.5909090909090909
1127 0.5909090909090909
1128 0.4090909090909091
1129 0.5909090909090909
1130 0.45454545454545453
1131 0.45454545454545453
1132 0.6363636363636364
1133 0.6818181818181818
1134 0.6363636363636364
1135 0.5909090909090909
1136 0.5909090909090909
1137 0.5454545454545454
1138 0.5454545454545454
1139 0.8181818181818182
1140 0.6363636363636364
1141 0.5454545454545454
1142 0.7272727272727273
1143 0.7727272727272727
1144 0.6818181818181818
1145 0.4090909090909091
1146 0.3181818181818182
1147 0.5909090909090909
1148 0.45454545454545453
1149 0.8636363636363636
1150 0.4090909090909091
1151 0.7272727272727273
1152 0.6818181818181818
1153 0.6818181818181818
1154 0.6818181818181818
1155 0.6818181818181818
1156 0.5
1157 0.6818181818181818
1158 0.7727272727272727
1159 0.7272727272727273
1160 0.5909090909090909
1161 0.7727272727272727
1162 0.7727272727272727
1163 0.5
1164 0.6363636363636364
1165 0.5909090909090909
1166 0.6363636363636364
1167 0.6818181818181818
1168 0.5909090909090909
1169 0.5
1170 0.7272727272727273
1171 0.8181818181818182
1172 0.8181818181818182
1173 0.7272727272727273
1174 0.8181818181818182
1175 0.7727272727272727
1176 0.7272727272727273
1177 0.9090909090909091
1178 0.45454545454545453
1179 0.6818181818181818
1180 0.8181818181818182
1181 0.7272727272727273
1182 0.5454545454545454
1183 0.7727272727272727
1184 0.8181818181818182
1185 0.6363636363636364
1186 0.8181818181818182
1187 0.7272727272727273
1188 0.6363636363636364
1189 0.8636363636363636
1190 0.7272727272727273
1191 0.5
1192 0.8636363636363636
1193 0.7727272727272727
1194 0.6363636363636364
1195 0.5
1196 0.9090909090909091
1197 0.5909090909090909
1198 0.6363636363636364
1199 0.5454545454545454
1200 0.9545454545454546
1201 0.5
1202 0.9090909090909091
1203 0.5909090909090909
1204 0.6363636363636364
1205 0.6818181818181818
1206 1.0
1207 0.8636363636363636
1208 0.6818181818181818
1209 0.8181818181818182
1210 0.8181818181818182
1211 0.9545454545454546
1212 1.0454545454545454
1213 0.9090909090909091
1214 0.5909090909090909
1215 0.9545454545454546
1216 0.7727272727272727
1217 0.9090909090909091
1218 0.7727272727272727
1219 0.6363636363636364
1220 0.7727272727272727
1221 0.8636363636363636
1222 0.7727272727272727
1223 0.4090909090909091
1224 0.5909090909090909
1225 0.9090909090909091
1226 0.9090909090909091
1227 0.5909090909090909
1228 0.6818181818181818
1229 0.8181818181818182
1230 0.7272727272727273
1231 0.8636363636363636
1232 1.0
1233 0.7727272727272727
1234 0.6363636363636364
1235 0.8181818181818182
1236 0.7272727272727273
1237 0.8181818181818182
1238 0.8181818181818182
1239 0.6818181818181818
1240 0.6818181818181818
1241 0.7727272727272727
1242 0.6818181818181818
1243 0.5909090909090909
1244 0.9090909090909091
1245 1.0454545454545454
1246 0.8636363636363636
1247 0.8181818181818182
1248 0.6363636363636364
1249 0.6818181818181818
1250 0.7727272727272727
1251 0.9090909090909091
1252 0.5454545454545454
1253 0.7272727272727273
1254 0.7727272727272727
1255 0.6818181818181818
1256 0.7272727272727273
1257 0.5454545454545454
1258 0.7727272727272727
1259 0.7272727272727273
1260 0.8181818181818182
1261 0.9545454545454546
1262 0.9090909090909091
1263 0.5
1264 1.0454545454545454
1265 0.7272727272727273
1266 0.6818181818181818
1267 0.6818181818181818
1268 0.7727272727272727
1269 0.5454545454545454
1270 0.7727272727272727
1271 0.45454545454545453
1272 0.6818181818181818
1273 0.8181818181818182
1274 0.5909090909090909
1275 0.7727272727272727
1276 0.5454545454545454
1277 0.7727272727272727
1278 0.6818181818181818
1279 0.4090909090909091
1280 0.8636363636363636
1281 0.8181818181818182
1282 0.9545454545454546
1283 0.8181818181818182
1284 0.5
1285 0.6363636363636364
1286 0.5454545454545454
1287 0.7727272727272727
1288 0.6363636363636364
1289 0.5454545454545454
1290 0.5909090909090909
1291 0.7272727272727273
1292 0.5454545454545454
1293 0.7272727272727273
1294 0.5909090909090909
1295 0.45454545454545453
1296 0.45454545454545453
1297 0.5454545454545454
1298 0.5
1299 0.5454545454545454
1300 0.6363636363636364
1301 0.6363636363636364
1302 0.5909090909090909
1303 0.6818181818181818
1304 0.6363636363636364
1305 0.5
1306 0.7272727272727273
1307 0.5454545454545454
1308 0.36363636363636365
1309 0.5
1310 0.7727272727272727
1311 0.5909090909090909
1312 0.5
1313 0.7727272727272727
1314 0.5
1315 0.5454545454545454
1316 0.6818181818181818
1317 0.6363636363636364
1318 0.5909090909090909
1319 0.5
1320 0.36363636363636365
1321 0.5
1322 0.6818181818181818
1323 0.5
1324 0.5909090909090909
1325 0.45454545454545453
1326 0.7272727272727273
1327 0.5909090909090909
1328 0.5454545454545454
1329 0.45454545454545453
1330 0.6363636363636364
1331 0.6363636363636364
1332 0.5909090909090909
1333 0.6363636363636364
1334 0.45454545454545453
1335 0.6363636363636364
1336 0.5454545454545454
1337 0.4090909090909091
1338 0.5454545454545454
1339 0.45454545454545453
1340 0.5454545454545454
1341 0.5909090909090909
1342 0.5909090909090909
1343 0.3181818181818182
1344 0.5454545454545454
1345 0.7727272727272727
1346 0.6363636363636364
1347 0.7727272727272727
1348 0.5454545454545454
1349 0.5
1350 0.5
1351 0.4090909090909091
1352 0.5909090909090909
1353 0.45454545454545453
1354 0.45454545454545453
1355 0.5454545454545454
1356 0.5909090909090909
1357 0.6363636363636364
1358 0.5909090909090909
1359 0.5909090909090909
1360 0.5454545454545454
1361 0.5454545454545454
1362 0.7272727272727273
1363 0.6363636363636364
1364 0.45454545454545453
1365 0.7272727272727273
1366 0.7727272727272727
1367 0.6818181818181818
1368 0.4090909090909091
1369 0.3181818181818182
1370 0.5909090909090909
1371 0.45454545454545453
1372 0.7727272727272727
1373 0.4090909090909091
1374 0.5909090909090909
1375 0.7272727272727273
1376 0.6818181818181818
1377 0.6818181818181818
1378 0.4090909090909091
1379 0.5
1380 0.6818181818181818
1381 0.5909090909090909
1382 0.7272727272727273
1383 0.5
1384 0.5909090909090909
1385 0.6818181818181818
1386 0.4090909090909091
1387 0.6363636363636364
1388 0.5909090909090909
1389 0.5454545454545454
1390 0.5909090909090909
1391 0.5909090909090909
1392 0.4090909090909091
1393 0.5
1394 0.6363636363636364
1395 0.6363636363636364
1396 0.6363636363636364
1397 0.6363636363636364
1398 0.5909090909090909
1399 0.7272727272727273
1400 0.5454545454545454
1401 0.45454545454545453
1402 0.6818181818181818
1403 0.7272727272727273
1404 0.7272727272727273
1405 0.36363636363636365
1406 0.6818181818181818
1407 0.6363636363636364
1408 0.5454545454545454
1409 0.7272727272727273
1410 0.6363636363636364
1411 0.6363636363636364
1412 0.5454545454545454
1413 0.45454545454545453
1414 0.5
1415 0.6818181818181818
1416 0.5
1417 0.6363636363636364
1418 0.5
1419 0.7272727272727273
1420 0.5909090909090909
1421 0.5454545454545454
1422 0.45454545454545453
1423 0.6818181818181818
1424 0.5
1425 0.5454545454545454
1426 0.5909090909090909
1427 0.45454545454545453
1428 0.5909090909090909
1429 0.5454545454545454
1430 0.4090909090909091
1431 0.5
1432 0.45454545454545453
1433 0.5454545454545454
1434 0.5909090909090909
1435 0.5909090909090909
1436 0.36363636363636365
1437 0.5
1438 0.7727272727272727
1439 0.5909090909090909
1440 0.7272727272727273
1441 0.5
1442 0.5454545454545454
1443 0.5
1444 0.4090909090909091
1445 0.5909090909090909
1446 0.4090909090909091
1447 0.4090909090909091
1448 0.5454545454545454
1449 0.45454545454545453
1450 0.5909090909090909
1451 0.5
1452 0.5454545454545454
1453 0.45454545454545453
1454 0.4090909090909091
1455 0.7272727272727273
1456 0.5909090909090909
1457 0.45454545454545453
1458 0.6363636363636364
1459 0.5454545454545454
1460 0.5454545454545454
1461 0.36363636363636365
1462 0.22727272727272727
1463 0.5
1464 0.5
1465 0.5909090909090909
1466 0.36363636363636365
1467 0.5909090909090909
1468 0.6818181818181818
1469 0.5909090909090909
1470 0.5454545454545454
1471 0.45454545454545453
1472 0.3181818181818182
1473 0.5
1474 0.5454545454545454
1475 0.36363636363636365
1476 0.5454545454545454
1477 0.5909090909090909
1478 0.5909090909090909
1479 0.36363636363636365
1480 0.45454545454545453
1481 0.5
1482 0.45454545454545453
1483 0.45454545454545453
1484 0.5
1485 0.45454545454545453
1486 0.45454545454545453
1487 0.5
1488 0.6363636363636364
1489 0.5909090909090909
1490 0.4090909090909091
1491 0.6818181818181818
1492 0.45454545454545453
1493 0.5909090909090909
1494 0.36363636363636365
1495 0.6818181818181818
1496 0.7272727272727273
1497 0.5
1498 0.4090909090909091
1499 0.45454545454545453
1500 0.6818181818181818
1501 0.5
1502 0.4090909090909091
1503 0.5909090909090909
1504 0.5909090909090909
1505 0.6818181818181818
1506 0.6363636363636364
1507 0.5
1508 0.45454545454545453
1509 0.45454545454545453
1510 0.6818181818181818
1511 0.6363636363636364
1512 0.5454545454545454
1513 0.5
1514 0.5454545454545454
1515 0.45454545454545453
1516 0.6363636363636364
1517 0.5
1518 0.45454545454545453
1519 0.45454545454545453
1520 0.5454545454545454
1521 0.5
1522 0.45454545454545453
1523 0.5454545454545454
1524 0.6363636363636364
1525 0.5909090909090909
1526 0.6818181818181818
1527 0.6363636363636364
1528 0.5
1529 0.7272727272727273
1530 0.45454545454545453
1531 0.36363636363636365
1532 0.5
1533 0.7727272727272727
1534 0.5909090909090909
1535 0.5
1536 0.6818181818181818
1537 0.5
1538 0.5454545454545454
1539 0.6818181818181818
1540 0.6363636363636364
1541 0.5909090909090909
1542 0.5
1543 0.36363636363636365
1544 0.5
1545 0.6818181818181818
1546 0.5
1547 0.5909090909090909
1548 0.45454545454545453
1549 0.7272727272727273
1550 0.5909090909090909
1551 0.5454545454545454
1552 0.45454545454545453
1553 0.6363636363636364
1554 0.5454545454545454
1555 0.5
1556 0.6363636363636364
1557 0.45454545454545453
1558 0.6363636363636364
1559 0.5454545454545454
1560 0.4090909090909091
1561 0.5454545454545454
1562 0.45454545454545453
1563 0.5454545454545454
1564 0.5909090909090909
1565 0.5909090909090909
1566 0.3181818181818182
1567 0.5454545454545454
1568 0.7727272727272727
1569 0.6363636363636364
1570 0.7727272727272727
1571 0.5454545454545454
1572 0.5
1573 0.5
1574 0.4090909090909091
1575 0.5909090909090909
1576 0.45454545454545453
1577 0.45454545454545453
1578 0.5454545454545454
1579 0.5909090909090909
1580 0.6363636363636364
1581 0.5909090909090909
1582 0.5909090909090909
1583 0.5454545454545454
1584 0.5454545454545454
1585 0.7272727272727273
1586 0.6363636363636364
1587 0.45454545454545453
1588 0.7272727272727273
1589 0.7727272727272727
1590 0.6818181818181818
1591 0.4090909090909091
1592 0.3181818181818182
1593 0.5909090909090909
1594 0.45454545454545453
1595 0.7727272727272727
1596 0.45454545454545453
1597 0.6363636363636364
1598 0.7727272727272727
1599 0.6818181818181818
1600 0.6818181818181818
1601 0.4090909090909091
1602 0.5
1603 0.6818181818181818
1604 0.5909090909090909
1605 0.7272727272727273
1606 0.5
1607 0.5909090909090909
1608 0.6818181818181818
1609 0.4090909090909091
1610 0.6363636363636364
1611 0.5909090909090909
1612 0.5454545454545454
1613 0.5909090909090909
1614 0.5909090909090909
1615 0.4090909090909091
1616 0.5
1617 0.6363636363636364
1618 0.6363636363636364
1619 0.6363636363636364
1620 0.6363636363636364
1621 0.5909090909090909
1622 0.7272727272727273
1623 0.5454545454545454
1624 0.45454545454545453
1625 0.6818181818181818
1626 0.7272727272727273
1627 0.7727272727272727
1628 0.4090909090909091
1629 0.6818181818181818
1630 0.6363636363636364
1631 0.5454545454545454
1632 0.7272727272727273
1633 0.6363636363636364
1634 0.6363636363636364
1635 0.5454545454545454
1636 0.45454545454545453
1637 0.5
1638 0.6818181818181818
1639 0.5
1640 0.6363636363636364
1641 0.5
1642 0.7272727272727273
1643 0.5909090909090909
1644 0.5454545454545454
1645 0.45454545454545453
1646 0.6818181818181818
1647 0.5
1648 0.5454545454545454
1649 0.5909090909090909
1650 0.45454545454545453
1651 0.5909090909090909
1652 0.5454545454545454
1653 0.4090909090909091
1654 0.5
1655 0.45454545454545453
1656 0.5454545454545454
1657 0.5909090909090909
1658 0.6363636363636364
1659 0.36363636363636365
1660 0.5
1661 0.7727272727272727
1662 0.5909090909090909
1663 0.7272727272727273
1664 0.5
1665 0.5454545454545454
1666 0.5
1667 0.4090909090909091
1668 0.5909090909090909
1669 0.4090909090909091
1670 0.4090909090909091
1671 0.5909090909090909
1672 0.5
1673 0.5909090909090909
1674 0.5
1675 0.5454545454545454
1676 0.45454545454545453
1677 0.4090909090909091
1678 0.7272727272727273
1679 0.5909090909090909
1680 0.45454545454545453
1681 0.6363636363636364
1682 0.5454545454545454
1683 0.5454545454545454
1684 0.36363636363636365
1685 0.22727272727272727
1686 0.5
1687 0.5454545454545454
1688 0.6363636363636364
1689 0.36363636363636365
1690 0.6363636363636364
1691 0.7727272727272727
1692 0.5909090909090909
1693 0.5454545454545454
1694 0.45454545454545453
1695 0.3181818181818182
1696 0.5
1697 0.5454545454545454
1698 0.4090909090909091
1699 0.6363636363636364
1700 0.6818181818181818
1701 0.6363636363636364
1702 0.45454545454545453
1703 0.5
1704 0.5
1705 0.5
1706 0.5454545454545454
1707 0.6363636363636364
1708 0.6818181818181818
1709 0.5454545454545454
1710 0.6363636363636364
1711 0.7727272727272727
1712 0.7272727272727273
1713 0.6363636363636364
1714 0.8636363636363636
1715 0.5454545454545454
1716 0.7272727272727273
1717 0.5454545454545454
1718 1.0454545454545454
1719 1.0909090909090908
1720 0.6818181818181818
1721 0.5909090909090909
1722 0.6363636363636364
1723 0.7727272727272727
1724 0.7272727272727273
1725 0.6818181818181818
1726 0.7272727272727273
1727 0.7272727272727273
1728 0.8181818181818182
1729 0.9090909090909091
1730 0.9090909090909091
1731 0.9090909090909091
1732 0.8181818181818182
1733 1.1363636363636365
1734 1.1818181818181819
1735 0.9090909090909091
1736 0.7727272727272727
1737 1.0
1738 0.9090909090909091
1739 1.0454545454545454
1740 0.7727272727272727
1741 0.7727272727272727
1742 0.7727272727272727
1743 0.8636363636363636
1744 0.8636363636363636
1745 0.7272727272727273
1746 1.0
1747 1.2727272727272727
1748 1.1363636363636365
1749 1.3636363636363635
1750 1.1363636363636365
1751 1.0
1752 1.5909090909090908
1753 1.0454545454545454
1754 0.5909090909090909
1755 1.0454545454545454
1756 1.2727272727272727
1757 1.0909090909090908
1758 0.8181818181818182
1759 1.0454545454545454
1760 0.9545454545454546
1761 1.3636363636363635
1762 1.5909090909090908
1763 1.1818181818181819
1764 1.0909090909090908
1765 1.4090909090909092
1766 0.7727272727272727
1767 1.0
1768 1.5
1769 1.2727272727272727
1770 1.1818181818181819
1771 1.3181818181818181
1772 1.8181818181818181
1773 1.1818181818181819
1774 1.0
1775 1.0909090909090908
1776 1.2272727272727273
1777 1.3636363636363635
1778 1.3636363636363635
1779 1.1818181818181819
1780 1.2727272727272727
1781 1.5909090909090908
1782 1.8636363636363635
1783 1.5909090909090908
1784 1.3181818181818181
1785 1.2272727272727273
1786 1.2727272727272727
1787 1.7727272727272727
1788 1.9545454545454546
1789 1.3636363636363635
1790 1.5454545454545454
1791 2.0454545454545454
1792 1.9545454545454546
1793 2.090909090909091
1794 1.3636363636363635
1795 1.2272727272727273
1796 1.6363636363636365
1797 1.2272727272727273
1798 1.4545454545454546
1799 1.5
1800 1.2727272727272727
1801 1.5454545454545454
1802 2.1363636363636362
1803 1.9090909090909092
1804 1.8636363636363635
1805 1.8181818181818181
1806 1.9090909090909092
1807 2.0454545454545454
1808 2.5
1809 2.4545454545454546
1810 1.9545454545454546
1811 2.5
1812 2.772727272727273
1813 2.1818181818181817
1814 1.6363636363636365
1815 1.8181818181818181
1816 2.0
1817 2.1363636363636362
1818 2.8181818181818183
1819 2.272727272727273
1820 2.727272727272727
1821 3.3636363636363638
1822 3.227272727272727
1823 3.0454545454545454
1824 2.909090909090909
1825 2.772727272727273
1826 3.1363636363636362
1827 3.409090909090909
1828 3.5
1829 2.8636363636363638
1830 3.272727272727273
1831 3.090909090909091
1832 2.6363636363636362
1833 3.227272727272727
1834 3.5
1835 3.5454545454545454
1836 4.181818181818182
1837 3.8181818181818183
1838 3.590909090909091
1839 4.0
1840 5.454545454545454
1841 4.545454545454546
1842 5.181818181818182
1843 5.590909090909091
1844 5.0
1845 5.318181818181818
1846 5.863636363636363
1847 4.409090909090909
1848 5.909090909090909
1849 5.2727272727272725
1850 5.681818181818182
1851 5.045454545454546
1852 5.909090909090909
1853 5.954545454545454
1854 6.318181818181818
1855 6.818181818181818
1856 7.363636363636363
1857 6.863636363636363
1858 7.5
1859 8.181818181818182
1860 7.545454545454546
1861 8.090909090909092
1862 9.0
1863 8.863636363636363
1864 8.727272727272727
1865 8.727272727272727
1866 9.181818181818182
1867 9.545454545454545
1868 9.409090909090908
1869 9.136363636363637
1870 9.5
1871 10.090909090909092
1872 10.909090909090908
1873 11.045454545454545
1874 10.863636363636363
1875 10.681818181818182
1876 10.772727272727273
1877 11.5
1878 12.045454545454545
1879 13.681818181818182
1880 12.181818181818182
1881 14.227272727272727
1882 14.045454545454545
1883 15.0
1884 14.863636363636363
1885 14.5
1886 15.045454545454545
1887 15.363636363636363
1888 14.272727272727273
1889 17.40909090909091
1890 15.363636363636363
1891 15.909090909090908
1892 16.40909090909091
1893 17.636363636363637
1894 18.545454545454547
1895 17.5
1896 18.136363636363637
1897 20.772727272727273
1898 20.40909090909091
1899 21.40909090909091
1900 20.727272727272727
1901 21.318181818181817
1902 21.818181818181817
1903 22.5
1904 21.59090909090909
1905 22.363636363636363
1906 22.5
1907 23.136363636363637
1908 22.818181818181817
1909 23.727272727272727
1910 24.772727272727273
1911 25.363636363636363
1912 25.227272727272727
1913 25.863636363636363
1914 26.5
1915 28.272727272727273
1916 30.772727272727273
1917 30.0
1918 28.863636363636363
1919 29.863636363636363
1920 32.36363636363637
1921 29.5
1922 33.09090909090909
1923 32.09090909090909
1924 32.45454545454545
1925 32.22727272727273
1926 33.45454545454545
1927 33.72727272727273
1928 36.22727272727273
1929 34.36363636363637
1930 35.31818181818182
1931 35.5
1932 37.27272727272727
1933 39.09090909090909
1934 39.72727272727273
1935 39.54545454545455
1936 40.81818181818182
1937 41.68181818181818
1938 41.63636363636363
1939 41.95454545454545
1940 43.31818181818182
1941 43.86363636363637
1942 46.04545454545455
1943 44.54545454545455
1944 44.81818181818182
1945 44.59090909090909
1946 47.81818181818182
1947 48.45454545454545
1948 47.09090909090909
1949 44.72727272727273
1950 47.36363636363637
1951 50.13636363636363
1952 52.90909090909091
1953 52.31818181818182
1954 52.63636363636363
1955 53.77272727272727
1956 56.04545454545455
1957 58.18181818181818
1958 54.81818181818182
1959 56.68181818181818
1960 56.77272727272727
1961 59.95454545454545
1962 58.63636363636363
1963 60.86363636363637
1964 59.09090909090909
1965 58.63636363636363
1966 62.5
1967 63.54545454545455
1968 63.0
1969 64.13636363636364
1970 68.36363636363636
1971 69.22727272727273
1972 71.81818181818181
1973 71.95454545454545
1974 70.04545454545455
1975 71.13636363636364
1976 72.86363636363636
1977 74.5
1978 74.54545454545455
1979 75.81818181818181
1980 76.18181818181819
1981 75.22727272727273
1982 78.54545454545455
1983 78.77272727272727
1984 77.22727272727273
1985 78.5909090909091
1986 77.9090909090909
1987 79.4090909090909
1988 80.81818181818181
1989 86.04545454545455
1990 89.45454545454545
1991 89.63636363636364
1992 90.9090909090909
1993 90.5909090909091
1994 90.4090909090909
1995 93.77272727272727
1996 93.4090909090909
1997 94.45454545454545
1998 96.04545454545455
1999 95.95454545454545
2000 98.22727272727273
2001 97.77272727272727
2002 98.81818181818181
2003 98.45454545454545
2004 98.72727272727273
2005 98.04545454545455
2006 95.77272727272727
2007 99.4090909090909
2008 112.45454545454545
2009 108.81818181818181
2010 111.5909090909091
2011 112.77272727272727
2012 113.86363636363636
2013 116.31818181818181
2014 114.77272727272727
2015 114.95454545454545
2016 117.68181818181819
2017 118.13636363636364
2018 119.86363636363636
2019 119.5909090909091
2020 119.13636363636364
2021 119.13636363636364
2022 119.54545454545455
2023 121.86363636363636
2024 120.4090909090909
2025 121.31818181818181
2026 132.5909090909091
2027 133.8181818181818
2028 135.6818181818182
2029 135.45454545454547
2030 137.04545454545453
2031 140.3181818181818
2032 140.6818181818182
2033 139.45454545454547
2034 142.3181818181818
2035 141.45454545454547
2036 139.9090909090909
2037 141.5
2038 142.45454545454547
2039 144.0
2040 143.36363636363637
2041 145.1818181818182
2042 144.77272727272728
2043 148.9090909090909
2044 148.04545454545453
2045 158.95454545454547
2046 158.0
2047 160.27272727272728
2048 161.6818181818182
2049 164.45454545454547
2050 163.36363636363637
2051 165.45454545454547
2052 167.45454545454547
2053 170.36363636363637
2054 169.0909090909091
2055 163.72727272727272
2056 166.36363636363637
2057 171.0
2058 168.72727272727272
2059 166.1818181818182
2060 170.63636363636363
2061 168.72727272727272
2062 171.72727272727272
2063 188.22727272727272
2064 186.4090909090909
2065 188.13636363636363
2066 187.63636363636363
2067 190.27272727272728
2068 190.45454545454547
2069 191.04545454545453
2070 195.04545454545453
2071 195.8181818181818
2072 197.8181818181818
2073 197.36363636363637
2074 194.45454545454547
2075 196.0
2076 196.9090909090909
2077 196.72727272727272
2078 195.95454545454547
2079 196.36363636363637
2080 198.3181818181818
2081 198.22727272727272
2082 219.77272727272728
2083 214.63636363636363
2084 216.95454545454547
2085 222.5
2086 218.6818181818182
2087 223.5909090909091
2088 223.3181818181818
2089 223.6818181818182
2090 223.8181818181818
2091 223.72727272727272
2092 222.13636363636363
2093 225.1818181818182
2094 221.6818181818182
2095 225.9090909090909
2096 227.1818181818182
2097 228.3181818181818
2098 227.63636363636363
2099 224.45454545454547
2100 248.86363636363637
2101 249.6818181818182
2102 250.3181818181818
2103 248.0909090909091
2104 248.0909090909091
2105 251.9090909090909
2106 257.04545454545456
2107 254.0
2108 253.45454545454547
2109 252.77272727272728
2110 251.54545454545453
2111 252.5
2112 256.09090909090907
2113 254.0
2114 255.5
2115 257.45454545454544
2116 258.3636363636364
2117 257.1818181818182
2118 254.36363636363637
2119 277.45454545454544
2120 281.90909090909093
2121 276.6363636363636
2122 281.45454545454544
2123 278.77272727272725
2124 282.27272727272725
2125 285.22727272727275
2126 286.40909090909093
2127 284.27272727272725
2128 287.59090909090907
2129 283.09090909090907
2130 285.1818181818182
2131 285.04545454545456
2132 285.3636363636364
2133 283.22727272727275
2134 288.90909090909093
2135 286.6363636363636
2136 286.8636363636364
2137 287.3636363636364
2138 310.8636363636364
2139 309.6363636363636
2140 309.1363636363636
2141 311.1818181818182
2142 313.6818181818182
2143 313.40909090909093
2144 313.59090909090907
2145 319.04545454545456
2146 315.90909090909093
2147 317.72727272727275
2148 316.1363636363636
2149 314.09090909090907
2150 317.40909090909093
2151 314.0
2152 312.6363636363636
2153 316.1363636363636
2154 314.8181818181818
2155 315.90909090909093
2156 340.59090909090907
2157 341.5
2158 344.1818181818182
2159 338.8181818181818
2160 340.59090909090907
2161 344.0
2162 343.1818181818182
2163 349.72727272727275
2164 347.77272727272725
2165 346.09090909090907
2166 341.90909090909093
2167 345.22727272727275
2168 344.8636363636364
2169 344.8636363636364
2170 344.90909090909093
2171 344.1818181818182
2172 339.72727272727275
2173 343.59090909090907
2174 342.22727272727275
2175 371.45454545454544
2176 369.3181818181818
2177 371.04545454545456
2178 374.40909090909093
2179 371.40909090909093
2180 373.77272727272725
2181 377.3636363636364
2182 375.77272727272725
2183 374.6363636363636
2184 374.6818181818182
2185 369.3181818181818
2186 375.6363636363636
2187 368.5
2188 370.72727272727275
2189 372.6818181818182
2190 372.95454545454544
2191 373.04545454545456
2192 368.54545454545456
2193 404.22727272727275
2194 405.3636363636364
2195 400.54545454545456
2196 401.8636363636364
2197 396.6363636363636
2198 405.40909090909093
2199 406.6818181818182
2200 403.22727272727275
2201 403.1818181818182
2202 404.40909090909093
2203 404.8181818181818
2204 401.5
2205 400.04545454545456
2206 402.0
2207 398.1363636363636
2208 401.8181818181818
2209 398.8636363636364
2210 395.6363636363636
2211 398.6818181818182
2212 431.90909090909093
2213 434.6363636363636
2214 430.45454545454544
2215 428.40909090909093
2216 432.8636363636364
2217 432.22727272727275
2218 435.40909090909093
2219 435.1363636363636
2220 431.8636363636364
2221 433.22727272727275
2222 431.09090909090907
2223 431.8181818181818
2224 430.54545454545456
2225 430.95454545454544
2226 426.1818181818182
2227 430.59090909090907
2228 426.59090909090907
2229 423.45454545454544
2230 427.8636363636364
2231 465.8181818181818
2232 459.59090909090907
2233 464.0
2234 464.3636363636364
2235 467.54545454545456
2236 465.45454545454544
2237 464.09090909090907
2238 465.3181818181818
2239 462.45454545454544
2240 462.04545454545456
2241 463.77272727272725
2242 460.45454545454544
2243 459.04545454545456
2244 457.0
2245 457.40909090909093
2246 459.8636363636364
2247 455.77272727272725
2248 453.8181818181818
2249 494.90909090909093
2250 494.40909090909093
2251 494.95454545454544
2252 494.1818181818182
2253 491.6818181818182
2254 498.3181818181818
2255 496.77272727272725
2256 496.1818181818182
2257 494.6363636363636
2258 489.6818181818182
2259 485.22727272727275
2260 492.90909090909093
2261 489.77272727272725
2262 485.95454545454544
2263 486.1363636363636
2264 490.3181818181818
2265 486.6818181818182
2266 488.5
2267 481.6363636363636
2268 525.3636363636364
2269 521.0909090909091
2270 521.8181818181819
2271 524.8181818181819
2272 523.3636363636364
2273 522.5
2274 528.5
2275 526.5909090909091
2276 526.8181818181819
2277 520.0454545454545
2278 512.9090909090909
2279 518.3181818181819
2280 519.0909090909091
2281 512.5454545454545
2282 511.40909090909093
2283 515.0454545454545
2284 514.8636363636364
2285 512.8181818181819
2286 560.1363636363636
2287 556.8636363636364
2288 553.5
2289 550.1363636363636
2290 553.0909090909091
2291 555.2727272727273
2292 555.2272727272727
2293 556.8181818181819
2294 555.6818181818181
2295 555.5454545454545
2296 552.7272727272727
2297 544.5454545454545
2298 546.5454545454545
2299 544.2272727272727
2300 543.7727272727273
2301 542.1818181818181
2302 539.6363636363636
2303 543.0
2304 539.4090909090909
2305 590.7272727272727
2306 582.5
2307 583.5454545454545
2308 586.4545454545455
2309 583.5454545454545
2310 590.1818181818181
2311 582.8181818181819
2312 586.0454545454545
2313 582.7727272727273
2314 580.0909090909091
2315 578.0909090909091
2316 576.3181818181819
2317 568.2272727272727
2318 576.2727272727273
2319 573.1818181818181
2320 578.3636363636364
2321 570.1818181818181
2322 567.8636363636364
2323 626.3181818181819
2324 621.6363636363636
2325 621.0909090909091
2326 618.4090909090909
2327 614.5454545454545
2328 617.8181818181819
2329 619.4545454545455
2330 614.4090909090909
2331 612.6818181818181
2332 610.0454545454545
2333 606.6363636363636
2334 610.5
2335 608.2727272727273
2336 606.5
2337 606.2272727272727
2338 606.4090909090909
2339 603.7727272727273
2340 602.0454545454545
2341 597.5454545454545
2342 651.3181818181819
2343 652.3181818181819
2344 647.0
2345 650.4545454545455
2346 643.6818181818181
2347 645.7272727272727
2348 649.5454545454545
2349 649.0454545454545
2350 643.6818181818181
2351 644.6363636363636
2352 638.8636363636364
2353 642.8181818181819
2354 639.6363636363636
2355 633.7272727272727
2356 631.3181818181819
2357 638.8181818181819
2358 634.2727272727273
2359 633.5
2360 626.3636363636364
2361 684.1363636363636
2362 679.2727272727273
2363 678.3181818181819
2364 682.8636363636364
2365 680.5
2366 679.3181818181819
2367 680.5
2368 682.0454545454545
2369 677.3636363636364
2370 674.5
2371 673.4545454545455
2372 667.6363636363636
2373 668.4545454545455
2374 663.5454545454545
2375 658.9090909090909
2376 665.2727272727273
2377 661.7272727272727
2378 658.5909090909091
2379 714.5909090909091
2380 714.0909090909091
2381 716.3181818181819
2382 705.3181818181819
2383 706.4090909090909
2384 711.2727272727273
2385 706.3636363636364
2386 714.1818181818181
2387 708.7727272727273
2388 703.7272727272727
2389 698.4545454545455
2390 697.9545454545455
2391 697.5454545454545
2392 693.5454545454545
2393 693.4090909090909
2394 695.5909090909091
2395 683.3181818181819
2396 687.6363636363636
2397 683.4545454545455
2398 744.3636363636364
2399 739.7272727272727
2400 738.3181818181819
2401 739.2272727272727
2402 736.6818181818181
2403 739.9090909090909
2404 741.0454545454545
2405 739.3181818181819
2406 734.1818181818181
2407 731.0454545454545
2408 723.9545454545455
2409 728.6818181818181
2410 717.4545454545455
2411 720.6363636363636
2412 719.1818181818181
2413 720.8636363636364
2414 718.3181818181819
2415 710.9090909090909
2416 781.5454545454545
2417 778.5
2418 767.5454545454545
2419 771.4090909090909
2420 762.0
2421 772.6363636363636
2422 770.6818181818181
2423 764.5
2424 763.8181818181819
2425 763.4545454545455
2426 762.0909090909091
2427 756.5454545454545
2428 750.4090909090909
2429 754.4545454545455
2430 748.9090909090909
2431 749.8181818181819
2432 742.3181818181819
2433 738.6818181818181
2434 744.3636363636364
2435 804.7727272727273
2436 805.9545454545455
2437 800.6818181818181
2438 794.4090909090909
2439 800.4545454545455
2440 796.1818181818181
2441 799.1818181818181
2442 798.8636363636364
2443 791.2272727272727
2444 790.4545454545455
2445 787.0454545454545
2446 787.5454545454545
2447 783.2727272727273
2448 781.4545454545455
2449 774.5
2450 781.3636363636364
2451 772.8636363636364
2452 768.4545454545455
2453 769.8181818181819
2454 839.2727272727273
2455 830.6363636363636
2456 836.9545454545455
2457 836.0454545454545
2458 835.7727272727273
2459 831.9545454545455
2460 829.5
2461 827.1818181818181
2462 823.2272727272727
2463 819.9090909090909
2464 822.9545454545455
2465 815.2272727272727
2466 811.7727272727273
2467 809.0909090909091
2468 807.5909090909091
2469 809.2272727272727
2470 803.5909090909091
2471 797.0454545454545
2472 870.4545454545455
2473 867.1818181818181
2474 867.5
2475 864.9090909090909
2476 858.1818181818181
2477 867.2272727272727
2478 862.7272727272727
2479 859.3636363636364
2480 858.3181818181819
2481 847.6818181818181
2482 843.0
2483 850.5909090909091
2484 843.4545454545455
2485 837.3181818181819
2486 836.4090909090909
2487 844.2272727272727
2488 835.5
2489 835.3636363636364
2490 824.4545454545455
2491 900.5909090909091
2492 893.0454545454545
2493 890.2727272727273
2494 893.5
2495 889.5454545454545
2496 888.6363636363636
2497 897.2727272727273
2498 892.8636363636364
2499 889.7727272727273
2500 878.3636363636364
2501 868.2727272727273
2502 874.6818181818181
2503 872.5
2504 862.0454545454545
2505 859.2272727272727
2506 864.7272727272727
2507 863.2272727272727
2508 858.9090909090909
2509 937.7272727272727
2510 930.9545454545455
2511 923.7272727272727
2512 918.9545454545455
2513 920.2272727272727
2514 923.1818181818181
2515 920.7727272727273
2516 922.6363636363636
2517 918.5454545454545
2518 917.8181818181819
2519 911.5909090909091
2520 899.6818181818181
2521 901.2272727272727
2522 895.7272727272727
2523 894.3181818181819
2524 891.3636363636364
2525 884.0
2526 890.5
2527 883.3636363636364
2528 965.6818181818181
2529 953.4090909090909
2530 954.0
2531 953.3181818181819
2532 950.6818181818181
2533 957.0454545454545
2534 945.7272727272727
2535 950.2272727272727
2536 943.1818181818181
2537 937.7727272727273
2538 937.1363636363636
2539 929.7272727272727
2540 916.9545454545455
2541 928.3181818181819
2542 921.5454545454545
2543 930.5454545454545
2544 915.3636363636364
2545 911.4090909090909
2546 1004.6818181818181
2547 995.2727272727273
2548 994.0
2549 991.0454545454545
2550 982.5909090909091
2551 984.8636363636364
2552 984.6818181818181
2553 975.7272727272727
2554 973.1363636363636
2555 967.9545454545455
2556 964.0
2557 968.8181818181819
2558 961.0909090909091
2559 960.1363636363636
2560 958.9090909090909
2561 956.3636363636364
2562 949.9090909090909
2563 946.8636363636364
2564 941.5454545454545
2565 1025.2272727272727
2566 1023.5909090909091
2567 1016.9090909090909
2568 1020.6818181818181
2569 1008.9545454545455
2570 1010.4545454545455
2571 1013.6363636363636
2572 1012.4090909090909
2573 1003.5454545454545
2574 1003.0909090909091
2575 994.5
2576 1000.7727272727273
2577 994.4090909090909
2578 983.2272727272727
2579 979.5
2580 988.6818181818181
2581 981.5
2582 981.5909090909091
2583 965.7272727272727
2584 1057.5
2585 1047.8636363636363
2586 1047.1818181818182
2587 1053.6818181818182
2588 1046.6818181818182
2589 1043.7272727272727
2590 1046.9545454545455
2591 1044.409090909091
2592 1039.2272727272727
2593 1031.090909090909
2594 1030.8636363636363
2595 1021.5454545454545
2596 1019.6363636363636
2597 1012.2272727272727
2598 1006.3181818181819
2599 1014.6363636363636
2600 1008.5909090909091
2601 1000.8636363636364
2602 1088.2272727272727
2603 1085.2727272727273
2604 1087.8636363636363
2605 1070.2272727272727
2606 1070.7727272727273
2607 1076.3636363636363
2608 1067.7727272727273
2609 1077.1363636363637
2610 1068.3181818181818
2611 1059.8636363636363
2612 1055.2727272727273
2613 1050.6363636363637
2614 1051.0
2615 1041.0454545454545
2616 1040.5454545454545
2617 1045.3181818181818
2618 1026.909090909091
2619 1029.909090909091
2620 1023.2272727272727
2621 1115.2727272727273
2622 1108.4545454545455
2623 1104.3181818181818
2624 1102.6363636363637
2625 1097.3181818181818
2626 1104.090909090909
2627 1101.3181818181818
2628 1100.590909090909
2629 1091.590909090909
2630 1086.090909090909
2631 1077.3636363636363
2632 1081.2272727272727
2633 1063.8181818181818
2634 1067.7727272727273
2635 1061.9545454545455
2636 1065.5454545454545
2637 1060.590909090909
2638 1049.7272727272727
2639 1154.7272727272727
2640 1148.1818181818182
2641 1130.6818181818182
2642 1137.8181818181818
2643 1123.1363636363637
2644 1134.8636363636363
2645 1131.4545454545455
2646 1121.9545454545455
2647 1119.0454545454545
2648 1117.7272727272727
2649 1114.909090909091
2650 1108.0
2651 1096.4545454545455
2652 1102.2272727272727
2653 1094.590909090909
2654 1091.8636363636363
2655 1080.2272727272727
2656 1076.5
2657 1083.590909090909
2658 1172.7727272727273
2659 1170.7727272727273
2660 1163.3636363636363
2661 1152.7727272727273
2662 1161.0454545454545
2663 1153.4545454545455
2664 1153.590909090909
2665 1153.909090909091
2666 1140.5
2667 1140.0
2668 1133.8636363636363
2669 1134.3181818181818
2670 1125.1818181818182
2671 1122.7727272727273
2672 1115.7272727272727
2673 1121.8181818181818
2674 1106.8181818181818
2675 1105.1818181818182
2676 1100.2727272727273
2677 1201.590909090909
2678 1191.7727272727273
2679 1198.1818181818182
2680 1193.8636363636363
2681 1189.8636363636363
2682 1182.4545454545455
2683 1180.0
2684 1175.4545454545455
2685 1170.4545454545455
2686 1164.6818181818182
2687 1165.8636363636363
2688 1152.8636363636363
2689 1150.1818181818182
2690 1145.5
2691 1141.2727272727273
2692 1142.5
2693 1135.8181818181818
2694 1125.590909090909
2695 1228.7272727272727
2696 1220.5454545454545
2697 1221.5454545454545
2698 1216.3181818181818
2699 1205.5
2700 1214.090909090909
2701 1205.6818181818182
2702 1200.4545454545455
2703 1201.2272727272727
2704 1186.409090909091
2705 1178.5454545454545
2706 1184.6363636363637
2707 1172.8636363636363
2708 1165.8181818181818
2709 1159.8636363636363
2710 1170.0454545454545
2711 1157.590909090909
2712 1157.5
2713 1137.7727272727273
2714 1249.3181818181818
2715 1234.0454545454545
2716 1230.8636363636363
2717 1230.5454545454545
2718 1227.0454545454545
2719 1221.8181818181818
2720 1234.2727272727273
2721 1222.8636363636363
2722 1219.1363636363637
2723 1202.2727272727273
2724 1192.090909090909
2725 1193.1363636363637
2726 1185.2272727272727
2727 1175.4545454545455
2728 1170.409090909091
2729 1175.0454545454545
2730 1171.590909090909
2731 1163.6363636363637
2732 1271.1363636363637
2733 1265.1363636363637
2734 1252.0
2735 1246.2272727272727
2736 1240.7727272727273
2737 1245.6363636363637
2738 1241.3636363636363
2739 1235.2272727272727
2740 1224.7727272727273
2741 1226.6818181818182
2742 1217.2272727272727
2743 1201.5
2744 1199.409090909091
2745 1186.3181818181818
2746 1184.9545454545455
2747 1188.5454545454545
2748 1172.6363636363637
2749 1179.090909090909
2750 1169.0454545454545
2751 1274.3636363636363
2752 1260.7272727272727
2753 1260.7272727272727
2754 1251.590909090909
2755 1249.3636363636363
2756 1250.6818181818182
2757 1235.7272727272727
2758 1237.909090909091
2759 1228.1818181818182
2760 1219.3636363636363
2761 1217.8181818181818
2762 1203.6363636363637
2763 1190.090909090909
2764 1199.0
2765 1180.7272727272727
2766 1197.8181818181818
2767 1179.090909090909
2768 1177.2727272727273
