0 434.74418604651163
1 428.04651162790697
2 426.1162790697674
3 409.6744186046512
4 425.83720930232556
5 428.7674418604651
6 425.8139534883721
7 471.6511627906977
8 468.1860465116279
9 458.72093023255815
10 475.3255813953488
11 478.5813953488372
12 467.51162790697674
13 458.6279069767442
14 447.83720930232556
15 445.2325581395349
16 438.0
17 433.69767441860466
18 423.06976744186045
19 421.8139534883721
20 434.83720930232556
21 424.7906976744186
22 426.86046511627904
23 420.4418604651163
24 469.8139534883721
25 462.13953488372096
26 452.13953488372096
27 478.69767441860466
28 469.90697674418607
29 464.74418604651163
30 467.04651162790697
31 448.95348837209303
32 440.0232558139535
33 435.7906976744186
34 422.5581395348837
35 423.2093023255814
36 408.4186046511628
37 431.1162790697674
38 419.51162790697674
39 418.0232558139535
40 473.1162790697674
41 465.3255813953488
42 463.72093023255815
43 449.06976744186045
44 468.93023255813955
45 464.4418604651163
46 454.90697674418607
47 459.27906976744185
48 445.86046511627904
49 441.7906976744186
50 436.7674418604651
51 420.0
52 422.4651162790698
53 415.2093023255814
54 422.72093023255815
55 422.51162790697674
56 405.90697674418607
57 471.5348837209302
58 458.1162790697674
59 452.06976744186045
60 477.6279069767442
61 468.83720930232556
62 457.1162790697674
63 450.5581395348837
64 448.3488372093023
65 442.3488372093023
66 429.69767441860466
67 421.27906976744185
68 416.3953488372093
69 415.2325581395349
70 429.0232558139535
71 419.48837209302326
72 419.27906976744185
73 463.69767441860466
74 465.4418604651163
75 459.4418604651163
76 449.2325581395349
77 474.3255813953488
78 464.3255813953488
79 448.6046511627907
80 452.74418604651163
81 448.3488372093023
82 440.27906976744185
83 430.1162790697674
84 420.69767441860466
85 420.27906976744185
86 407.8139534883721
87 413.7674418604651
88 416.74418604651163
89 408.69767441860466
90 461.93023255813955
91 451.8837209302326
92 444.1860465116279
93 474.2093023255814
94 469.1162790697674
95 459.09302325581393
96 451.5581395348837
97 442.95348837209303
98 440.09302325581393
99 428.1860465116279
100 426.7674418604651
101 417.4651162790698
102 413.83720930232556
103 427.7674418604651
104 414.7674418604651
105 419.0232558139535
106 404.6511627906977
107 454.6279069767442
108 451.5813953488372
109 439.2093023255814
110 471.2325581395349
111 458.9767441860465
112 457.93023255813955
113 458.48837209302326
114 441.48837209302326
115 431.7906976744186
116 428.04651162790697
117 418.5581395348837
118 418.0
119 401.6279069767442
120 418.2093023255814
121 412.8837209302326
122 412.16279069767444
123 462.93023255813955
124 455.04651162790697
125 452.25581395348837
126 440.4651162790698
127 465.69767441860466
128 457.5813953488372
129 448.8139534883721
130 449.5581395348837
131 435.7674418604651
132 433.3720930232558
133 432.48837209302326
134 417.13953488372096
135 415.3953488372093
136 422.7906976744186
137 417.3255813953488
138 415.4418604651163
139 405.06976744186045
140 462.09302325581393
141 451.0
142 443.16279069767444
143 465.3255813953488
144 462.86046511627904
145 453.9767441860465
146 448.30232558139534
147 444.2325581395349
148 433.1162790697674
149 424.0232558139535
150 411.48837209302326
151 412.0
152 405.04651162790697
153 418.0232558139535
154 408.06976744186045
155 404.8837209302326
156 454.72093023255815
157 452.9767441860465
158 451.6046511627907
159 439.25581395348837
160 460.09302325581393
161 457.72093023255815
162 444.4186046511628
163 448.0
164 440.69767441860466
165 434.1860465116279
166 427.6511627906977
167 409.4186046511628
168 413.3488372093023
169 403.2093023255814
170 406.09302325581393
171 408.6279069767442
172 393.7674418604651
173 451.3488372093023
174 441.0
175 439.3953488372093
176 470.1162790697674
177 458.8837209302326
178 446.5813953488372
179 439.04651162790697
180 435.06976744186045
181 431.4418604651163
182 421.25581395348837
183 417.51162790697674
184 409.13953488372096
185 404.27906976744185
186 416.25581395348837
187 405.3953488372093
188 409.4651162790698
189 397.1860465116279
190 445.7674418604651
191 441.86046511627904
192 430.6279069767442
193 466.3255813953488
194 450.90697674418607
195 440.90697674418607
196 445.30232558139534
197 435.0
198 423.09302325581393
199 418.04651162790697
200 412.1860465116279
201 409.8837209302326
202 394.30232558139534
203 404.2093023255814
204 407.06976744186045
205 404.0232558139535
206 446.3488372093023
207 441.69767441860466
208 433.83720930232556
209 455.5348837209302
210 459.0
211 448.69767441860466
212 439.7906976744186
213 430.72093023255815
214 427.9767441860465
215 419.6279069767442
216 415.86046511627904
217 406.27906976744185
218 404.3720930232558
219 412.09302325581393
220 402.06976744186045
221 403.5581395348837
222 397.7674418604651
223 441.69767441860466
224 435.72093023255815
225 426.6744186046512
226 457.1162790697674
227 448.51162790697674
228 442.6511627906977
229 446.4186046511628
230 429.95348837209303
231 420.86046511627904
232 417.0
233 405.6046511627907
234 405.2325581395349
235 391.3720930232558
236 407.51162790697674
237 396.4418604651163
238 394.51162790697674
239 444.1162790697674
240 437.27906976744185
241 436.72093023255815
242 422.1162790697674
243 447.4651162790698
244 443.5581395348837
245 433.5581395348837
246 438.7906976744186
247 425.69767441860466
248 422.6511627906977
249 417.5348837209302
250 401.6279069767442
251 402.6279069767442
252 396.5581395348837
253 398.69767441860466
254 399.30232558139534
255 382.6511627906977
256 441.3255813953488
257 429.27906976744185
258 425.27906976744185
259 455.0232558139535
260 447.30232558139534
261 436.90697674418607
262 429.9767441860465
263 428.04651162790697
264 421.72093023255815
265 410.16279069767444
266 403.5348837209302
267 396.7674418604651
268 396.2325581395349
269 405.3488372093023
270 395.2093023255814
271 395.86046511627904
272 435.13953488372096
273 435.7906976744186
274 430.6046511627907
275 421.04651162790697
276 453.06976744186045
277 441.5813953488372
278 427.5581395348837
279 430.90697674418607
280 427.2325581395349
281 419.13953488372096
282 410.27906976744185
283 402.3255813953488
284 400.0232558139535
285 387.95348837209303
286 389.30232558139534
287 392.06976744186045
288 384.3720930232558
289 431.86046511627904
290 422.72093023255815
291 415.5581395348837
292 449.95348837209303
293 446.72093023255815
294 438.2325581395349
295 429.27906976744185
296 421.4651162790698
297 419.3720930232558
298 408.09302325581393
299 407.04651162790697
300 398.6511627906977
301 394.25581395348837
302 402.93023255813955
303 389.5348837209302
304 394.16279069767444
305 380.9767441860465
306 424.6046511627907
307 422.4418604651163
308 410.51162790697674
309 447.16279069767444
310 436.3488372093023
311 434.95348837209303
312 436.6279069767442
313 420.69767441860466
314 410.1860465116279
315 406.8139534883721
316 398.93023255813955
317 397.72093023255815
318 383.13953488372096
319 392.83720930232556
320 388.13953488372096
321 386.8139534883721
322 432.6046511627907
323 424.90697674418607
324 423.5348837209302
325 411.95348837209303
326 442.7674418604651
327 435.1162790697674
328 426.95348837209303
329 428.72093023255815
330 415.8837209302326
331 411.9767441860465
332 412.2325581395349
333 397.93023255813955
334 394.90697674418607
335 398.3255813953488
336 392.4418604651163
337 390.5348837209302
338 380.3255813953488
339 430.4651162790698
340 422.27906976744185
341 415.86046511627904
342 442.3255813953488
343 439.83720930232556
344 431.3488372093023
345 425.90697674418607
346 423.4651162790698
347 411.9767441860465
348 403.9767441860465
349 392.3488372093023
350 392.6046511627907
351 386.4418604651163
352 393.4418604651163
353 383.3488372093023
354 381.4651162790698
355 425.3488372093023
356 422.5813953488372
357 421.8139534883721
358 411.3720930232558
359 438.13953488372096
360 435.09302325581393
361 422.6279069767442
362 426.30232558139534
363 419.6744186046512
364 413.5813953488372
365 407.95348837209303
366 390.48837209302326
367 392.5581395348837
368 384.2093023255814
369 381.5813953488372
370 384.1860465116279
371 369.86046511627904
372 421.5813953488372
373 411.30232558139534
374 410.2325581395349
375 445.51162790697674
376 436.1162790697674
377 425.7674418604651
378 417.3488372093023
379 413.7674418604651
380 410.16279069767444
381 400.7674418604651
382 398.5581395348837
383 389.3255813953488
384 385.06976744186045
385 391.4651162790698
386 380.2325581395349
387 384.4418604651163
388 373.48837209302326
389 415.16279069767444
390 412.25581395348837
391 401.1162790697674
392 442.8837209302326
393 428.13953488372096
394 418.3720930232558
395 422.4186046511628
396 413.51162790697674
397 401.4186046511628
398 397.0232558139535
399 391.9767441860465
400 389.3488372093023
401 374.3488372093023
402 378.4651162790698
403 380.93023255813955
404 378.4651162790698
405 416.1162790697674
406 411.4418604651163
407 404.74418604651163
408 431.8837209302326
409 435.6744186046512
410 426.7674418604651
411 417.4418604651163
412 410.30232558139534
413 406.86046511627904
414 398.1860465116279
415 395.86046511627904
416 387.6744186046512
417 384.8139534883721
418 387.1162790697674
419 376.8837209302326
420 378.5348837209302
421 372.7674418604651
422 410.69767441860466
423 406.0232558139535
424 398.25581395348837
425 433.1162790697674
426 425.13953488372096
427 419.04651162790697
428 423.93023255813955
429 409.5581395348837
430 399.90697674418607
431 396.6744186046512
432 386.5581395348837
433 385.3720930232558
434 373.2325581395349
435 382.74418604651163
436 372.13953488372096
437 370.13953488372096
438 414.2325581395349
439 407.48837209302326
440 408.2325581395349
441 393.5581395348837
442 425.1860465116279
443 421.3953488372093
444 412.0
445 417.48837209302326
446 405.4186046511628
447 402.74418604651163
448 398.4418604651163
449 382.74418604651163
450 382.86046511627904
451 378.1860465116279
452 374.95348837209303
453 375.3953488372093
454 359.48837209302326
455 410.93023255813955
456 400.30232558139534
457 398.16279069767444
458 432.51162790697674
459 425.2325581395349
460 416.4418604651163
461 409.13953488372096
462 407.9767441860465
463 401.6511627906977
464 391.48837209302326
465 385.95348837209303
466 378.2093023255814
467 378.13953488372096
468 382.90697674418607
469 371.4418604651163
470 373.2325581395349
471 407.4651162790698
472 406.83720930232556
473 402.3953488372093
474 394.0232558139535
475 432.7906976744186
476 420.69767441860466
477 407.5581395348837
478 410.74418604651163
479 407.90697674418607
480 399.8837209302326
481 392.04651162790697
482 385.3488372093023
483 381.0232558139535
484 369.83720930232556
485 366.16279069767444
486 369.06976744186045
487 361.74418604651163
488 403.69767441860466
489 395.06976744186045
490 388.27906976744185
491 427.04651162790697
492 426.1162790697674
493 418.83720930232556
494 409.06976744186045
495 402.5581395348837
496 401.4651162790698
497 390.6744186046512
498 390.1162790697674
499 382.6511627906977
500 377.95348837209303
501 380.2325581395349
502 367.1860465116279
503 371.5813953488372
504 359.93023255813955
505 396.95348837209303
506 396.04651162790697
507 384.13953488372096
508 425.90697674418607
509 415.9767441860465
510 414.7906976744186
511 417.69767441860466
512 403.4418604651163
513 391.9767441860465
514 389.0
515 382.4418604651163
516 380.86046511627904
517 367.6511627906977
518 371.1162790697674
519 366.6744186046512
520 365.3488372093023
521 405.51162790697674
522 398.4651162790698
523 398.0232558139535
524 386.7674418604651
525 423.4418604651163
526 416.7906976744186
527 408.4418604651163
528 412.13953488372096
529 400.09302325581393
530 395.1162790697674
531 396.2325581395349
532 383.1860465116279
533 378.30232558139534
534 377.83720930232556
535 371.3953488372093
536 370.30232558139534
537 359.51162790697674
538 403.7906976744186
539 398.0232558139535
540 393.1162790697674
541 423.4651162790698
542 421.5581395348837
543 413.06976744186045
544 409.83720930232556
545 408.25581395348837
546 397.5813953488372
547 389.8837209302326
548 379.25581395348837
549 378.7674418604651
550 373.5581395348837
551 374.4418604651163
552 364.3953488372093
553 363.5348837209302
554 401.3255813953488
555 397.6279069767442
556 397.74418604651163
557 389.2325581395349
558 421.6279069767442
559 417.90697674418607
560 406.4186046511628
561 411.51162790697674
562 405.83720930232556
563 399.6744186046512
564 395.6046511627907
565 378.4186046511628
566 378.86046511627904
567 372.4418604651163
568 364.6279069767442
569 367.06976744186045
570 353.2325581395349
571 398.6744186046512
572 388.74418604651163
573 387.83720930232556
574 428.3720930232558
575 419.9767441860465
576 411.83720930232556
577 402.3953488372093
578 401.25581395348837
579 397.5813953488372
580 389.3953488372093
581 388.0232558139535
582 378.6046511627907
583 373.8837209302326
584 374.95348837209303
585 363.3255813953488
586 368.3720930232558
587 358.51162790697674
588 393.51162790697674
589 391.3488372093023
590 380.51162790697674
591 427.8837209302326
592 413.4418604651163
593 404.4186046511628
594 410.1162790697674
595 402.5581395348837
596 390.2093023255814
597 386.72093023255815
598 382.30232558139534
599 378.95348837209303
600 364.6744186046512
601 362.6744186046512
602 365.09302325581393
603 363.3255813953488
604 396.69767441860466
605 390.7674418604651
606 385.93023255813955
607 418.04651162790697
608 421.86046511627904
609 414.04651162790697
610 405.30232558139534
611 402.5813953488372
612 398.7674418604651
613 388.4186046511628
614 388.25581395348837
615 381.3720930232558
616 377.74418604651163
617 373.6279069767442
618 364.48837209302326
619 365.27906976744185
620 359.6511627906977
621 391.48837209302326
622 388.51162790697674
623 381.5813953488372
624 420.1860465116279
625 412.0
626 406.4651162790698
627 415.06976744186045
628 403.4186046511628
629 392.5581395348837
630 389.95348837209303
631 381.13953488372096
632 378.7674418604651
633 368.1860465116279
634 371.1860465116279
635 361.0232558139535
636 359.5348837209302
637 397.4418604651163
638 390.69767441860466
639 392.6279069767442
640 378.5581395348837
641 415.4651162790698
642 411.6744186046512
643 402.30232558139534
644 411.3255813953488
645 399.9767441860465
646 397.8837209302326
647 394.48837209302326
648 378.7906976744186
649 377.3953488372093
650 373.4186046511628
651 365.5581395348837
652 366.04651162790697
653 350.06976744186045
654 394.6511627906977
655 385.74418604651163
656 385.27906976744185
657 423.90697674418607
658 417.3488372093023
659 409.95348837209303
660 401.86046511627904
661 404.9767441860465
662 398.3953488372093
663 389.3488372093023
664 385.5348837209302
665 375.83720930232556
666 375.5581395348837
667 375.5813953488372
668 363.5581395348837
669 366.13953488372096
670 395.2093023255814
671 392.90697674418607
672 388.9767441860465
673 381.3720930232558
674 426.2325581395349
675 413.6279069767442
676 401.69767441860466
677 407.90697674418607
678 406.30232558139534
679 398.16279069767444
680 391.1860465116279
681 385.2325581395349
682 379.69767441860466
683 368.4418604651163
684 359.6279069767442
685 362.51162790697674
686 356.69767441860466
687 393.16279069767444
688 383.13953488372096
689 377.6744186046512
690 420.09302325581393
691 420.4651162790698
692 415.16279069767444
693 404.0232558139535
694 403.13953488372096
695 401.3488372093023
696 391.16279069767444
697 391.16279069767444
698 384.48837209302326
699 378.90697674418607
700 375.4418604651163
701 361.95348837209303
702 367.27906976744185
703 356.25581395348837
704 386.8139534883721
705 385.5348837209302
706 374.3488372093023
707 420.2325581395349
708 411.3720930232558
709 409.8837209302326
710 418.6744186046512
711 405.90697674418607
712 393.1162790697674
713 390.06976744186045
714 384.8139534883721
715 382.72093023255815
716 370.6744186046512
717 367.6046511627907
718 363.3488372093023
719 361.6744186046512
720 395.2325581395349
721 388.5348837209302
722 390.72093023255815
723 378.74418604651163
724 420.6046511627907
725 413.3720930232558
726 405.2093023255814
727 415.51162790697674
728 402.86046511627904
729 397.25581395348837
730 398.5813953488372
731 386.25581395348837
732 380.16279069767444
733 376.6744186046512
734 369.6046511627907
735 368.4651162790698
736 356.30232558139534
737 393.13953488372096
738 390.3720930232558
739 386.8837209302326
740 421.9767441860465
741 419.1860465116279
742 410.72093023255815
743 412.16279069767444
744 413.04651162790697
745 401.04651162790697
746 394.9767441860465
747 384.04651162790697
748 382.2093023255814
749 376.8139534883721
750 373.3953488372093
751 362.90697674418607
752 363.2325581395349
753 395.6279069767442
754 390.25581395348837
755 390.27906976744185
756 382.72093023255815
757 421.2325581395349
758 415.7906976744186
759 405.95348837209303
760 416.3720930232558
761 409.2093023255814
762 404.90697674418607
763 401.90697674418607
764 385.3255813953488
765 383.48837209302326
766 377.8837209302326
767 364.93023255813955
768 366.5348837209302
769 353.90697674418607
770 394.48837209302326
771 383.5813953488372
772 382.93023255813955
773 426.3255813953488
774 419.2325581395349
775 413.6744186046512
776 404.06976744186045
777 408.25581395348837
778 404.06976744186045
779 394.6279069767442
780 395.30232558139534
781 385.13953488372096
782 381.30232558139534
783 377.3953488372093
784 364.8139534883721
785 369.4651162790698
786 360.4651162790698
787 389.25581395348837
788 387.74418604651163
789 375.2325581395349
790 428.4651162790698
791 414.48837209302326
792 405.72093023255815
793 417.16279069767444
794 410.3488372093023
795 398.1860465116279
796 394.0
797 390.06976744186045
798 386.4418604651163
799 372.51162790697674
800 365.06976744186045
801 367.1162790697674
802 365.3953488372093
803 393.09302325581393
804 387.27906976744185
805 384.09302325581393
806 421.0
807 425.0232558139535
808 417.6279069767442
809 407.83720930232556
810 412.04651162790697
811 406.8837209302326
812 396.04651162790697
813 397.27906976744185
814 390.90697674418607
815 386.16279069767444
816 377.9767441860465
817 367.90697674418607
818 370.25581395348837
819 361.8837209302326
820 387.5813953488372
821 385.3488372093023
822 379.0
823 423.69767441860466
824 414.83720930232556
825 409.2325581395349
826 423.9767441860465
827 413.5348837209302
828 403.04651162790697
829 399.3488372093023
830 391.30232558139534
831 388.1860465116279
832 377.6511627906977
833 377.2093023255814
834 367.0232558139535
835 365.5348837209302
836 397.90697674418607
837 389.3255813953488
838 392.6279069767442
839 378.06976744186045
840 420.3720930232558
841 416.5813953488372
842 407.04651162790697
843 422.6744186046512
844 411.0232558139535
845 409.48837209302326
846 406.7674418604651
847 390.6511627906977
848 388.09302325581393
849 384.4651162790698
850 373.6744186046512
851 373.25581395348837
852 357.04651162790697
853 394.95348837209303
854 387.95348837209303
855 387.90697674418607
856 430.86046511627904
857 424.3488372093023
858 418.48837209302326
859 409.7906976744186
860 418.6279069767442
861 411.8139534883721
862 402.5813953488372
863 399.8837209302326
864 389.13953488372096
865 388.95348837209303
866 387.04651162790697
867 374.16279069767444
868 376.2325581395349
869 399.0232558139535
870 396.6046511627907
871 392.93023255813955
872 385.3720930232558
873 435.3720930232558
874 423.3255813953488
875 412.04651162790697
876 422.8139534883721
877 421.6046511627907
878 413.5348837209302
879 406.6046511627907
880 401.3720930232558
881 394.09302325581393
882 383.3255813953488
883 371.27906976744185
884 374.16279069767444
885 367.30232558139534
886 398.93023255813955
887 388.9767441860465
888 384.8139534883721
889 430.72093023255815
890 431.4651162790698
891 427.48837209302326
892 415.4186046511628
893 419.2093023255814
894 418.0
895 407.2093023255814
896 409.06976744186045
897 401.72093023255815
898 396.51162790697674
899 390.6046511627907
900 374.90697674418607
901 380.5813953488372
902 369.5813953488372
903 393.13953488372096
904 392.95348837209303
905 380.74418604651163
906 432.6744186046512
907 423.2325581395349
908 422.69767441860466
909 437.0
910 424.09302325581393
911 411.1860465116279
912 407.06976744186045
913 402.3255813953488
914 399.69767441860466
915 388.2325581395349
916 384.0232558139535
917 378.2093023255814
918 376.27906976744185
919 404.48837209302326
920 396.5348837209302
921 399.6744186046512
922 387.0232558139535
923 433.74418604651163
924 427.5813953488372
925 418.5581395348837
926 435.7906976744186
927 422.48837209302326
928 415.3720930232558
929 417.72093023255815
930 405.7674418604651
931 398.0232558139535
932 392.5348837209302
933 386.2325581395349
934 384.83720930232556
935 371.48837209302326
936 401.4186046511628
937 400.5348837209302
938 397.6046511627907
939 437.06976744186045
940 434.8837209302326
941 426.1162790697674
942 432.09302325581393
943 433.8139534883721
944 422.48837209302326
945 415.3953488372093
946 404.72093023255815
947 402.95348837209303
948 397.13953488372096
949 392.5813953488372
950 382.09302325581393
951 381.7906976744186
952 408.27906976744185
953 400.4418604651163
954 402.0
955 394.3488372093023
956 438.0
957 432.09302325581393
958 422.3488372093023
959 438.27906976744185
960 431.13953488372096
961 425.9767441860465
962 425.0232558139535
963 407.4418604651163
964 404.1860465116279
965 398.8139534883721
966 385.04651162790697
967 386.2325581395349
968 372.9767441860465
969 408.0232558139535
970 396.6279069767442
971 395.7674418604651
972 444.2325581395349
973 437.27906976744185
974 433.5348837209302
975 421.3488372093023
976 431.27906976744185
977 427.2325581395349
978 417.4418604651163
979 419.5813953488372
980 408.16279069767444
981 404.7906976744186
982 400.09302325581393
983 385.90697674418607
984 390.3255813953488
985 381.2325581395349
986 402.95348837209303
987 402.3953488372093
988 388.4651162790698
989 447.72093023255815
990 433.3255813953488
991 425.8139534883721
992 441.6046511627907
993 434.6744186046512
994 422.72093023255815
995 417.3720930232558
996 414.3720930232558
997 409.69767441860466
998 396.2093023255814
999 388.25581395348837
1000 387.74418604651163
1001 386.5348837209302
1002 409.3255813953488
1003 402.0232558139535
1004 400.16279069767444
1005 441.1162790697674
1006 445.25581395348837
1007 438.0232558139535
1008 428.0232558139535
1009 438.9767441860465
1010 432.30232558139534
1011 419.7906976744186
1012 422.3255813953488
1013 416.48837209302326
1014 410.8139534883721
1015 401.6744186046512
1016 391.95348837209303
1017 392.8837209302326
1018 383.72093023255815
1019 402.09302325581393
1020 401.48837209302326
1021 394.72093023255815
1022 444.4651162790698
1023 435.1162790697674
1024 428.86046511627904
1025 449.1162790697674
1026 440.4186046511628
1027 429.6744186046512
1028 424.9767441860465
1029 416.6744186046512
1030 413.51162790697674
1031 402.5813953488372
1032 402.0
1033 391.16279069767444
1034 389.30232558139534
1035 415.7906976744186
1036 405.5813953488372
1037 409.09302325581393
1038 394.3720930232558
1039 441.2325581395349
1040 438.06976744186045
1041 427.6046511627907
1042 449.3255813953488
1043 437.27906976744185
1044 435.48837209302326
1045 433.74418604651163
1046 417.2325581395349
1047 412.3953488372093
1048 409.2325581395349
1049 398.3720930232558
1050 397.95348837209303
1051 380.95348837209303
1052 411.7674418604651
1053 405.1860465116279
1054 405.4651162790698
1055 453.16279069767444
1056 446.4651162790698
1057 441.2325581395349
1058 431.48837209302326
1059 446.3255813953488
1060 439.04651162790697
1061 429.2093023255814
1062 427.93023255813955
1063 415.7674418604651
1064 415.2093023255814
1065 413.8837209302326
1066 399.5348837209302
1067 400.86046511627904
1068 418.0
1069 414.0232558139535
1070 411.16279069767444
1071 402.8837209302326
1072 458.3488372093023
1073 446.0232558139535
1074 435.6511627906977
1075 449.7674418604651
1076 448.69767441860466
1077 439.93023255813955
1078 433.7674418604651
1079 428.7906976744186
1080 419.7906976744186
1081 408.93023255813955
1082 396.93023255813955
1083 398.74418604651163
1084 391.72093023255815
1085 417.0232558139535
1086 406.4186046511628
1087 402.7906976744186
1088 453.3953488372093
1089 453.6046511627907
1090 450.93023255813955
1091 437.74418604651163
1092 446.90697674418607
1093 445.4186046511628
1094 433.4651162790698
1095 436.74418604651163
1096 429.2093023255814
1097 423.27906976744185
1098 417.25581395348837
1099 399.5813953488372
1100 405.4651162790698
1101 394.1162790697674
1102 410.48837209302326
1103 410.8837209302326
1104 397.16279069767444
1105 454.90697674418607
1106 445.0232558139535
1107 444.51162790697674
1108 464.7906976744186
1109 451.5581395348837
1110 438.2093023255814
1111 432.74418604651163
1112 428.7906976744186
1113 425.51162790697674
1114 414.48837209302326
1115 410.1162790697674
1116 403.0232558139535
1117 400.2093023255814
1118 422.95348837209303
1119 413.74418604651163
1120 417.72093023255815
1121 404.3953488372093
1122 455.5348837209302
1123 450.0
1124 440.0232558139535
1125 463.86046511627904
1126 449.6744186046512
1127 440.6744186046512
1128 444.13953488372096
1129 432.3720930232558
1130 422.7674418604651
1131 417.69767441860466
1132 411.3488372093023
1133 409.3953488372093
1134 394.48837209302326
1135 417.2093023255814
1136 418.3720930232558
1137 415.4418604651163
1138 459.5813953488372
1139 456.7674418604651
1140 448.1162790697674
1141 458.30232558139534
1142 461.8837209302326
1143 450.25581395348837
1144 442.3488372093023
1145 431.5581395348837
1146 429.3720930232558
1147 422.6511627906977
1148 418.3953488372093
1149 407.4651162790698
1150 407.3720930232558
1151 426.90697674418607
1152 417.48837209302326
1153 419.3953488372093
1154 412.3953488372093
1155 460.30232558139534
1156 454.1860465116279
1157 444.13953488372096
1158 465.0
1159 457.3255813953488
1160 452.25581395348837
1161 452.90697674418607
1162 434.86046511627904
1163 429.3953488372093
1164 424.25581395348837
1165 410.48837209302326
1166 411.2093023255814
1167 397.4651162790698
1168 426.3720930232558
1169 413.83720930232556
1170 413.25581395348837
1171 466.4418604651163
1172 459.5348837209302
1173 457.16279069767444
1174 443.4418604651163
1175 458.16279069767444
1176 454.1860465116279
1177 443.5581395348837
1178 447.48837209302326
1179 434.86046511627904
1180 431.93023255813955
1181 426.5348837209302
1182 410.72093023255815
1183 414.6279069767442
1184 406.2093023255814
1185 420.69767441860466
1186 420.30232558139534
1187 404.9767441860465
1188 469.4651162790698
1189 455.4651162790698
1190 448.6279069767442
1191 468.72093023255815
1192 461.90697674418607
1193 449.5348837209302
1194 443.5348837209302
1195 440.90697674418607
1196 435.2325581395349
1197 422.0
1198 413.8139534883721
1199 411.06976744186045
1200 410.0
1201 427.7674418604651
1202 419.25581395348837
1203 418.6744186046512
1204 463.4186046511628
1205 466.8837209302326
1206 460.48837209302326
1207 449.2325581395349
1208 467.74418604651163
1209 459.2325581395349
1210 445.04651162790697
1211 448.4651162790698
1212 443.5581395348837
1213 436.5348837209302
1214 426.8139534883721
1215 416.90697674418607
1216 417.7674418604651
1217 406.2325581395349
1218 417.8139534883721
1219 418.3255813953488
1220 411.27906976744185
1221 466.0
1222 456.48837209302326
1223 449.0232558139535
1224 474.5813953488372
1225 467.6279069767442
1226 456.9767441860465
1227 450.48837209302326
1228 442.3720930232558
1229 438.83720930232556
1230 427.48837209302326
1231 427.0232558139535
1232 416.5813953488372
1233 413.48837209302326
1234 434.06976744186045
1235 421.8837209302326
1236 426.3720930232558
1237 410.2325581395349
1238 462.6046511627907
1239 459.51162790697674
1240 447.5813953488372
1241 474.9767441860465
1242 463.0232558139535
1243 460.83720930232556
1244 460.3488372093023
1245 443.16279069767444
1246 436.27906976744185
1247 432.7906976744186
1248 422.4186046511628
1249 421.8837209302326
1250 404.27906976744185
1251 427.74418604651163
1252 421.9767441860465
1253 422.1162790697674
1254 474.3720930232558
1255 467.3720930232558
1256 462.7906976744186
1257 451.6744186046512
1258 472.74418604651163
1259 464.5813953488372
1260 454.69767441860466
1261 454.51162790697674
1262 441.16279069767444
1263 440.30232558139534
1264 438.74418604651163
1265 423.3488372093023
1266 423.27906976744185
1267 435.2325581395349
1268 430.04651162790697
1269 427.4186046511628
1270 418.04651162790697
1271 478.3953488372093
1272 465.51162790697674
1273 455.9767441860465
1274 474.6744186046512
1275 473.09302325581393
1276 464.48837209302326
1277 458.0
1278 453.4186046511628
1279 442.6511627906977
1280 432.5348837209302
1281 419.8837209302326
1282 420.9767441860465
1283 413.3720930232558
1284 432.6279069767442
1285 421.93023255813955
1286 419.13953488372096
1287 472.86046511627904
1288 471.4186046511628
1289 469.72093023255815
1290 455.6279069767442
1291 471.25581395348837
1292 469.6046511627907
1293 456.3488372093023
1294 460.1162790697674
1295 452.04651162790697
1296 446.3953488372093
1297 439.30232558139534
1298 420.5348837209302
1299 425.6744186046512
1300 414.3720930232558
1301 423.06976744186045
1302 425.09302325581393
1303 409.86046511627904
1304 472.69767441860466
1305 461.8139534883721
1306 460.86046511627904
1307 486.95348837209303
1308 473.25581395348837
1309 459.95348837209303
1310 453.6046511627907
1311 449.3720930232558
1312 446.09302325581393
1313 434.48837209302326
1314 430.3953488372093
1315 422.5348837209302
1316 418.6279069767442
1317 435.6279069767442
1318 424.74418604651163
1319 428.9767441860465
1320 415.48837209302326
1321 469.27906976744185
1322 464.90697674418607
1323 453.5348837209302
1324 484.2093023255814
1325 468.3953488372093
1326 458.06976744186045
1327 463.06976744186045
1328 451.7674418604651
1329 440.6279069767442
