0.0 0 0.5060131835937502
0.5060131835937502 1 0.5060131835937502
1.0120263671875005 2 0.5060131835937502
1.5180395507812507 3 0.5060131835937502
2.024052734375001 4 0.5060131835937502
2.5300659179687512 5 0.5060131835937502
3.0360791015625015 6 0.5060131835937502
2.7410930220233345 7 0.5060131835937502
2.2350798384295842 8 0.5060131835937502
1.729066654835834 9 0.5060131835937502
1.2230534712420837 10 0.5060131835937502
0.7170402876483335 11 0.5060131835937502
0.21102710405458325 12 0.5060131835937502
0.294986079539167 13 0.5060131835937502
0.8009992631329172 14 0.5060131835937502
1.3070124467266675 15 0.5060131835937502
1.8130256303204177 16 0.5060131835937502
2.319038813914169 17 0.5060131835937502
2.8250519975079182 18 0.5060131835937502
2.9521201260779186 19 0.5060131835937502
