0.0 0 1.16501220703125
1.16501220703125 1 1.16501220703125
2.3300244140625 2 1.16501220703125
2.7881486860858358 3 1.16501220703125
1.623136479054586 4 1.16501220703125
0.45812427202333605 5 1.16501220703125
0.7068879350079147 6 1.16501220703125
1.8719001420391645 7 1.16501220703125
3.0369123490704144 8 1.16501220703125
2.081260751077922 9 1.16501220703125
0.9162485440466721 10 1.16501220703125
0.24876366298457775 11 1.16501220703125
1.4137758700158294 12 1.16501220703125
2.5787880770470792 13 1.16501220703125
2.539385023101257 14 1.16501220703125
1.3743728160700073 15 1.16501220703125
0.20936060903875742 16 1.16501220703125
0.9556515979924924 17 1.16501220703125
2.1206638050237423 18 1.16501220703125
2.997509295124594 19 1.16501220703125
