u1_4 6222 -10.793 -51.138 -0.0017347
u1_4 12480 -1.372 44.821 -0.00011
u1_4 25046 -4.98 -44.349 -0.0001988
u1_4 63338 -4.375 -73.886 -6.91e-05
u1_4 93412 12.95 141.062 0.0001386
01001 9956 -1.134 -27.212 -0.0001139
01001 20100 -1.298 32.055 -6.46e-05
01001 40788 -3.304 -70.934 -8.1e-05
01001 102738 -3.659 -118.029 -3.56e-05
01001 154408 -4.821 -128.859 -3.12e-05
10010 12018 -2.223 -27.503 -0.000185
10010 24648 -2.426 -52.342 -9.84e-05
10010 49930 -2.996 -52.571 -6e-05
10010 124482 0.507 124.096 4.1e-06
10010 186906 0.14 -208.604 8e-07
u1_3 8500 -2.422 -29.348 -0.0002849
u1_3 16256 4.915 54.32 0.0003023
u1_3 31184 7.36 97.948 0.000236
u1_3 78328 2.287 99.275 2.92e-05
u1_3 78346 2.721 99.417 3.47e-05
u1_2 11370 -5.364 -31.294 -0.0004718
u1_2 24588 -4.25 -52.134 -0.0001728
u1_2 51022 -6.295 -113.373 -0.0001234
u1_2 130434 -7.089 -221.677 -5.43e-05
u1_2 197476 -12.705 -341.557 -6.43e-05
01010 10136 -2.359 -25.02 -0.0002328
01010 20606 -2.708 -38.63 -0.0001314
01010 41374 -1.478 -43.912 -3.57e-05
