0.0 0
2.508619384765625 1
1.265946537648336 2
1.242672847117289 3
2.531893075296672 4
0.02327369053104711 5
2.485345694234578 6
1.2892202281793814 7
1.2193991565862419 8
2.555166765827721 9
0.04654738106209422 10
2.4620720037035326 11
1.3124939187104303 12
1.196125466055193 13
2.578440456358763 14
0.06982107159313955 15
2.4387983131724837 16
1.3357676092414792 17
1.172851775524144 18
2.6017141468898117 19
0.09309476212418843 20
2.415524622641435 21
1.359041299772521 22
1.1495780849931023 23
2.6249878374208606 24
0.11636845265523732 25
2.392250932110386 26
1.382314990303577 27
1.1263043944620676 28
2.6482615279518953 29
0.139642143186272 30
2.368977241579344 31
1.4055886808346187 32
1.1030307039309974 33
2.6715352184829655 34
0.1629158337173422 35
2.345703551048288 36
1.4288623713656605 37
1.0797570133999699 38
2.694808909013993 39
0.18618952424836976 40
2.3224298605172464 41
1.4521360618967165 42
1.0564833228688997 43
