0.0 0 0.229169921875
0.229169921875 1 0.229169921875
0.45833984375 2 0.229169921875
0.687509765625 3 0.229169921875
0.9166796875 4 0.229169921875
1.145849609375 5 0.229169921875
1.37501953125 6 0.229169921875
1.6041894531249998 7 0.229169921875
1.833359375 8 0.229169921875
2.0625292968749998 9 0.229169921875
2.29169921875 10 0.229169921875
2.520869140625 11 0.229169921875
2.7500390625 12 0.229169921875
2.979208984375 13 0.229169921875
3.0748064009295866 14 0.229169921875
2.8456364790545865 15 0.229169921875
2.6164665571795864 16 0.229169921875
2.3872966353045864 17 0.229169921875
2.1581267134295867 18 0.229169921875
1.9289567915545867 19 0.229169921875
