10010 0 5000.0
10010 1.5405 603.3182374444975
10010 1.956 1677.6505364754419
10010 2.3715 390.73069986380983
01010 0 5000.0
01010 0.8775 327.5581128246853
01010 1.8015 355.4206818487236
01010 1.802 1028.2890669918547
01010 1.8025 248.33784268107874
01010 2.6795 2810.461014688034
01010 2.726 384.9896257285129
01001 0 5000.0
01001 0.511 236.4937697377142
01001 0.518 279.32458593911406
01001 0.7375 226.67362242581737
01001 0.754 383.5454714848246
01001 0.7555 230.42090261345183
01001 0.772 227.29713549414907
01001 0.776 231.02391351680708
01001 0.845 236.87116460163392
01001 0.846 250.85237312773376
01001 1.2655 272.68980161535546
01001 1.266 2055.0052909697415
01001 1.3125 234.61110536683455
01001 1.7375 243.8455729349393
01001 1.7605 243.91741319058474
01001 1.784 271.1518467973318
01001 2.02 255.2691523890851
01001 3.0005 260.8326461281969
01001 3.0015 237.88791484043935
01001 3.018 231.34712874544232
01001 3.0205 341.91162595510417
01001 3.022 227.12098677621273
u2_3 0 5000.0
u2_3 0.019 240.41462120470698
u2_3 0.0205 253.0985286753466
u2_3 0.0355 231.73736214464736
u2_3 0.0395 685.8668015802743
u2_3 0.0605 278.6921605226972
u2_3 0.106 232.49330621018555
u2_3 1.1255 435.4706025530311
u2_3 1.165 4046.516722628197
u2_3 1.2045 706.580178940776
u2_3 1.2255 254.17553744382533
u2_3 1.2595 237.28295437772226
u2_3 1.271 309.48927680873896
u2_3 1.8325 300.4326790875478
u2_3 2.33 1897.4426503598888
u2_3 2.3695 473.3067711970916
u2_3 2.436 282.3814510161173
u2_3 2.4795 230.29119399947513
u2_3 2.5 264.1080607561525
u2_3 2.5365 263.7535559696016
u2_3 2.6385 253.1148853120405
u2_3 2.6835 259.8437693970574
u2_3 2.9975 292.10900869335256
u2_3 3.037 312.4376164067683
u1_3 0 5000.0
u1_3 0.001 460.02980330017283
u1_3 0.0015 285.8217693689374
u1_3 0.06 249.8509334989504
u1_3 0.0605 198.50635601498638
u1_3 0.061 285.234804980219
u1_3 0.062 337.3143780560129
u1_3 0.0905 204.8925211576836
u1_3 0.092 198.27353277236318
u1_3 0.122 213.0001997281214
u1_3 0.2475 764.7295747169069
u1_3 0.3075 201.21649559805226
u1_3 0.338 230.30931798856517
u1_3 0.431 203.2509751036006
u1_3 0.616 213.5061255188082
u1_3 1.2325 883.007550638463
u1_3 1.325 209.81307829200048
u1_3 1.355 228.43593947234783
u1_3 1.4185 217.11909440180693
u1_3 1.4785 266.4812526769709
u1_3 1.5085 229.67156536785686
u1_3 1.5395 225.88439168082348
u1_3 1.5415 234.36759166129121
u1_3 1.5425 201.44667677613265
u1_3 1.601 938.1113032208949
u1_3 1.662 262.85559751871654
u1_3 1.694 231.41600412118578
u1_3 1.7225 235.3633820400642
u1_3 1.726 220.8564048528372
u1_3 1.788 204.3063443036702
u1_3 1.8485 811.1020936380061
u1_3 1.849 345.805533482733
u1_3 1.909 288.59456206779083
u1_3 1.9105 221.74647177311314
u1_3 2.586 405.1925501908173
u1_3 2.743 217.42906650674777
u1_3 2.7715 274.70726584134036
u1_3 2.7725 207.4436565849036
u1_3 2.832 234.65447271883733
u1_3 2.8325 356.48667120968776
u1_3 2.8335 3970.610307783348
u1_3 2.8345 374.87795376382286
u1_3 2.835 214.75529972066929
u1_3 2.8935 203.97792128553832
u1_3 2.8945 254.6575693629911
u1_3 2.8955 255.87568448500235
u1_3 2.9555 201.59389202281565
u1_3 3.0185 200.72129512842753
u1_3 3.081 696.841779319793
u1_3 3.1405 250.89502839210792
u1_3 3.141 220.5931937320167
u1_3 3.1415 221.2920588478195
u1_2 0 5000.0
u1_2 0.2905 290.23616651340456
u1_2 0.291 567.6815781208097
u1_2 0.2915 261.8926523992171
u1_2 0.5585 324.00504541342787
u1_2 1.431 281.8031130698193
u1_2 1.722 525.6093126884591
u1_2 2.2805 678.7510995494894
u1_2 2.571 304.1651052066128
u1_2 2.5715 2316.833319929063
u1_2 3.13 281.97698539500135
u1_4 0 5000.0
u1_4 0.0005 521.3982923223773
u1_4 0.001 232.55757369910063
u1_4 0.0015 241.5695168175521
u1_4 0.0035 186.7599395774172
u1_4 0.0155 215.90389198616717
u1_4 0.026 192.51636681326067
u1_4 0.029 196.18204268739632
u1_4 0.0315 247.99953034656346
u1_4 0.0335 179.41364472121293
u1_4 0.0395 186.03560768129617
u1_4 0.0415 197.36876050268086
u1_4 0.051 178.3990954614923
u1_4 0.062 196.07605542983924
u1_4 0.0925 192.32768003077697
u1_4 0.1 197.80829232114456
u1_4 0.295 196.43596886605832
u1_4 0.4135 187.35382174727056
u1_4 0.4745 189.11559614759727
u1_4 0.4895 180.9619298500754
u1_4 0.4905 198.82756785027877
u1_4 0.495 185.5846334167115
u1_4 0.4955 194.05554086671484
u1_4 0.502 206.45166250231517
u1_4 0.5025 190.58161233090982
u1_4 0.5045 199.55307797927313
u1_4 0.505 272.54105326768223
u1_4 0.5055 407.8093223930064
u1_4 0.506 4245.854056439706
u1_4 0.5065 443.57825906965724
u1_4 0.5075 202.6380787041903
u1_4 0.5215 181.0111706471103
u1_4 0.5345 199.84948660105633
u1_4 0.5375 247.9342541534507
u1_4 0.5475 199.83005795802526
u1_4 0.557 183.27857166114808
u1_4 0.6255 183.4761804999602
u1_4 0.801 234.54236805574578
u1_4 1.008 197.16720390718967
u1_4 1.011 205.5078253955645
u1_4 1.0115 199.81226726410665
u1_4 1.012 2433.4048239601975
u1_4 1.0125 219.47593909223016
u1_4 1.0435 180.96421522318582
u1_4 1.518 544.9283714069953
u1_4 1.729 234.76887430568553
u1_4 2.024 591.6716207129095
u1_4 2.235 289.38624461392607
u1_4 2.53 765.3848944685332
u1_4 3.036 365.84857768055105
u1_9 0 5000.0
u1_9 0.0005 862.2082720269144
u1_9 0.001 261.85399445484586
u1_9 0.0015 224.635995643914
u1_9 0.002 200.13000079119212
u1_9 0.004 241.65653604446433
u1_9 0.005 213.79338748244925
u1_9 0.006 172.03280828733764
u1_9 0.007 200.64113287865217
u1_9 0.0075 290.6920837439716
u1_9 0.0095 181.85070378136848
u1_9 0.0115 236.00104568378498
u1_9 0.012 340.5136671721727
u1_9 0.0155 215.92262095383225
u1_9 0.018 374.4965316066919
u1_9 0.0185 229.75950152818112
u1_9 0.0195 236.3618670993407
u1_9 0.021 240.1011938288499
u1_9 0.0215 194.19724127705018
u1_9 0.0225 219.7548784664989
u1_9 0.023 172.53113043137287
u1_9 0.0235 202.13687449587812
u1_9 0.0245 286.37647289956243
u1_9 0.0255 199.5541782017085
u1_9 0.026 262.15731925627176
u1_9 0.027 259.36985578906217
u1_9 0.028 310.803845390377
u1_9 0.032 332.931953610607
u1_9 0.038 288.87521618044855
u1_9 0.0385 291.2096804685698
u1_9 0.0405 225.1853237495674
u1_9 0.0415 278.34269258422404
u1_9 0.043 226.875750214362
u1_9 0.0445 186.12910721177792
u1_9 0.0465 275.05065869903206
u1_9 0.0505 245.80160613908984
u1_9 0.052 213.68883753804994
u1_9 0.0525 185.63027795045477
u1_9 0.056 172.16260486975096
u1_9 0.057 172.78426705789715
u1_9 0.0605 202.87145815277896
u1_9 0.0635 240.31454715519968
u1_9 0.065 180.3670161660816
u1_9 0.073 199.8073682626848
u1_9 0.0735 181.16469259541466
u1_9 0.079 175.69082364825655
u1_9 0.097 200.45489003157348
u1_9 0.1445 180.6576982532832
u1_9 0.1655 204.58981879281447
u1_9 0.169 204.28409064933535
u1_9 0.1745 241.64022879259113
u1_9 0.183 179.95621428053116
u1_9 0.184 245.6396950814901
u1_9 0.186 224.34051140122114
u1_9 0.188 238.05965454161924
u1_9 0.189 172.68917009800882
u1_9 0.198 178.94169424799205
u1_9 0.199 230.76792908208384
u1_9 0.1995 191.8755521539204
u1_9 0.202 215.80196620719653
u1_9 0.2025 206.80551169880152
u1_9 0.2055 176.444843946446
u1_9 0.2105 260.1407168226734
u1_9 0.212 173.25670852295843
u1_9 0.214 277.5941975047543
u1_9 0.2145 230.4945432178407
u1_9 0.215 207.48520967937642
u1_9 0.2155 214.85324517676668
u1_9 0.2175 189.89530968448074
u1_9 0.219 197.08539818179852
u1_9 0.22 176.4920491115447
u1_9 0.224 235.62219204104903
u1_9 0.2245 188.82042687782726
u1_9 0.2275 178.92012408331536
u1_9 0.228 522.3406616833486
u1_9 0.2285 314.5677476828252
u1_9 0.229 1001.1665871531586
u1_9 0.2295 648.7623796981823
u1_9 0.23 230.31246098434465
u1_9 0.2305 221.71088061122495
u1_9 0.231 318.88222553247454
u1_9 0.233 222.82820346590535
u1_9 0.2335 263.86525530420755
u1_9 0.2345 208.20232010714815
u1_9 0.236 233.42356246779002
u1_9 0.2365 205.93622983405717
u1_9 0.2395 180.34484113996885
u1_9 0.24 175.34770095287465
u1_9 0.241 202.37779018288668
u1_9 0.243 175.198590729337
u1_9 0.2455 179.58399192713193
u1_9 0.247 216.56346134949393
u1_9 0.2485 215.58178298153166
u1_9 0.249 175.93927311313348
u1_9 0.2525 291.8976069734195
u1_9 0.2535 178.16104230176177
u1_9 0.2555 329.91899223553645
u1_9 0.2575 209.84840171876766
u1_9 0.27 179.2533748422777
u1_9 0.2705 192.68662832648178
u1_9 0.271 260.28083924465255
u1_9 0.273 207.38445677008036
u1_9 0.2855 189.00603039640694
u1_9 0.4165 188.50486377521133
u1_9 0.432 194.38417152381444
u1_9 0.4515 195.01308942510315
u1_9 0.453 182.6792492767807
u1_9 0.454 175.35423680790248
u1_9 0.4565 259.5648780469738
u1_9 0.457 183.4554598744068
u1_9 0.458 266.1359561228641
u1_9 0.4585 729.7922225236562
u1_9 0.4595 271.8924208241503
u1_9 0.4735 184.55356766541462
u1_9 0.477 180.8869214322661
u1_9 0.6875 229.36350420098796
u1_9 1.146 380.3930818811717
u1_9 1.375 216.488649527528
u1_9 1.8335 283.1370844776255
u1_9 2.0625 196.14484259786286
u1_9 2.521 226.3287774930559
