0.0 0 2.5714474995
2.5714474995 1 2.5714474995
1.140290308179586 2 2.5714474995
1.4311571913204144 3 2.5714474995
2.280580616359172 4 2.5714474995
0.2908668831408274 5 2.5714474995
2.862314382640829 6 2.5714474995
0.8494234250387578 7 2.5714474995
1.7220240744612418 8 2.5714474995
1.9897137332183448 9 2.5714474995
0.5817337662816549 10 2.5714474995
3.1300040413979318 11 2.5714474995
0.5585565418979286 12 2.5714474995
2.0128909576020675 13 2.5714474995
1.6988468500775156 14 2.5714474995
0.8726006494224805 15 2.5714474995
2.8391371582571026 16 2.5714474995
0.2676896587570994 17 2.5714474995
2.3037578407428967 18 2.5714474995
1.4079799669366864 19 2.5714474995
