0.0 0 1.8018310546875
1.8018310546875 1 1.8018310546875
2.679523197804586 2 1.8018310546875
0.8776921431170859 3 1.8018310546875
0.924138911570414 4 1.8018310546875
2.7259699662579138 5 1.8018310546875
1.7553842862341718 6 1.8018310546875
0.04644676845332718 7 1.8018310546875
1.848277823140828 8 1.8018310546875
2.6330764293512594 9 1.8018310546875
0.8312453746637587 10 1.8018310546875
0.970585680023742 11 1.8018310546875
2.7724167347112427 12 1.8018310546875
1.7089375177808428 13 1.8018310546875
0.09289353690665436 14 1.8018310546875
1.894724591594155 15 1.8018310546875
2.5866296608979304 16 1.8018310546875
0.7847986062104297 17 1.8018310546875
1.0170324484770674 18 1.8018310546875
2.8188635031645717 19 1.8018310546875
