0 5000.0
0.0005 862.2082720269144
0.001 261.85399445484586
0.0015 224.635995643914
0.002 200.13000079119212
0.004 241.65653604446433
0.005 213.79338748244925
0.006 172.03280828733764
0.007 200.64113287865217
0.0075 290.6920837439716
0.0095 181.85070378136848
0.0115 236.00104568378498
0.012 340.5136671721727
0.0155 215.92262095383225
0.018 374.4965316066919
0.0185 229.75950152818112
0.0195 236.3618670993407
0.021 240.1011938288499
0.0215 194.19724127705018
0.0225 219.7548784664989
0.023 172.53113043137287
0.0235 202.13687449587812
0.0245 286.37647289956243
0.0255 199.5541782017085
0.026 262.15731925627176
0.027 259.36985578906217
0.028 310.803845390377
0.032 332.931953610607
0.038 288.87521618044855
0.0385 291.2096804685698
0.0405 225.1853237495674
0.0415 278.34269258422404
0.043 226.875750214362
0.0445 186.12910721177792
0.0465 275.05065869903206
0.0505 245.80160613908984
0.052 213.68883753804994
0.0525 185.63027795045477
0.056 172.16260486975096
0.057 172.78426705789715
0.0605 202.87145815277896
0.0635 240.31454715519968
0.065 180.3670161660816
0.073 199.8073682626848
0.0735 181.16469259541466
0.079 175.69082364825655
0.097 200.45489003157348
0.1445 180.6576982532832
0.1655 204.58981879281447
0.169 204.28409064933535
0.1745 241.64022879259113
0.183 179.95621428053116
0.184 245.6396950814901
0.186 224.34051140122114
0.188 238.05965454161924
0.189 172.68917009800882
0.198 178.94169424799205
0.199 230.76792908208384
0.1995 191.8755521539204
0.202 215.80196620719653
0.2025 206.80551169880152
0.2055 176.444843946446
0.2105 260.1407168226734
0.212 173.25670852295843
0.214 277.5941975047543
0.2145 230.4945432178407
0.215 207.48520967937642
0.2155 214.85324517676668
0.2175 189.89530968448074
0.219 197.08539818179852
0.22 176.4920491115447
0.224 235.62219204104903
0.2245 188.82042687782726
0.2275 178.92012408331536
0.228 522.3406616833486
0.2285 314.5677476828252
0.229 1001.1665871531586
0.2295 648.7623796981823
0.23 230.31246098434465
0.2305 221.71088061122495
0.231 318.88222553247454
0.233 222.82820346590535
0.2335 263.86525530420755
0.2345 208.20232010714815
0.236 233.42356246779002
0.2365 205.93622983405717
0.2395 180.34484113996885
0.24 175.34770095287465
0.241 202.37779018288668
0.243 175.198590729337
0.2455 179.58399192713193
0.247 216.56346134949393
0.2485 215.58178298153166
0.249 175.93927311313348
0.2525 291.8976069734195
0.2535 178.16104230176177
0.2555 329.91899223553645
0.2575 209.84840171876766
0.27 179.2533748422777
0.2705 192.68662832648178
0.271 260.28083924465255
0.273 207.38445677008036
0.2855 189.00603039640694
0.4165 188.50486377521133
0.432 194.38417152381444
0.4515 195.01308942510315
0.453 182.6792492767807
0.454 175.35423680790248
0.4565 259.5648780469738
0.457 183.4554598744068
0.458 266.1359561228641
0.4585 729.7922225236562
0.4595 271.8924208241503
0.4735 184.55356766541462
0.477 180.8869214322661
0.6875 229.36350420098796
1.146 380.3930818811717
1.375 216.488649527528
1.8335 283.1370844776255
2.0625 196.14484259786286
2.521 226.3287774930559
