u1_9 0.0 0 0.229169921875
u1_9 0.229169921875 1 0.229169921875
u1_9 0.45833984375 2 0.229169921875
u1_9 0.687509765625 3 0.229169921875
u1_9 0.9166796875 4 0.229169921875
u1_9 1.145849609375 5 0.229169921875
u1_9 1.37501953125 6 0.229169921875
u1_9 1.6041894531249998 7 0.229169921875
u1_9 1.833359375 8 0.229169921875
u1_9 2.0625292968749998 9 0.229169921875
u1_9 2.29169921875 10 0.229169921875
u1_9 2.520869140625 11 0.229169921875
u1_9 2.7500390625 12 0.229169921875
u1_9 2.979208984375 13 0.229169921875
u1_9 3.0748064009295866 14 0.229169921875
u1_9 2.8456364790545865 15 0.229169921875
u1_9 2.6164665571795864 16 0.229169921875
u1_9 2.3872966353045864 17 0.229169921875
u1_9 2.1581267134295867 18 0.229169921875
u1_9 1.9289567915545867 19 0.229169921875
u1_9 1.6997868696795866 20 0.229169921875
u1_9 1.4706169478045865 21 0.229169921875
u1_9 1.2414470259295864 22 0.229169921875
u1_9 1.0122771040545864 23 0.229169921875
u1_9 0.7831071821795863 24 0.229169921875
u1_9 0.5539372603045862 25 0.229169921875
u1_9 0.32476733842958616 26 0.229169921875
u1_9 0.09559741655458698 27 0.229169921875
u1_9 0.1335725053204131 28 0.229169921875
u1_9 0.36274242719541316 29 0.229169921875
u1_9 0.5919123490704132 30 0.229169921875
u1_9 0.8210822709454133 31 0.229169921875
u1_9 1.0502521928204134 32 0.229169921875
u1_9 1.2794221146954134 33 0.229169921875
u1_9 1.5085920365704135 34 0.229169921875
u1_9 1.7377619584454127 35 0.229169921875
u1_9 1.9669318803204128 36 0.229169921875
u1_9 2.196101802195413 37 0.229169921875
u1_9 2.425271724070413 38 0.229169921875
u1_9 2.654441645945413 39 0.229169921875
u1_9 2.883611567820413 40 0.229169921875
u1_9 3.112781489695413 41 0.229169921875
u1_9 2.941233895609173 42 0.229169921875
u1_9 2.712063973734173 43 0.229169921875
u1_9 2.482894051859173 44 0.229169921875
u1_9 2.253724129984173 45 0.229169921875
u1_9 2.0245542081091727 46 0.229169921875
u1_9 1.7953842862341727 47 0.229169921875
u1_9 1.5662143643591726 48 0.229169921875
u1_9 1.3370444424841725 49 0.229169921875
u1_9 1.1078745206091725 50 0.229169921875
u1_9 0.8787045987341724 51 0.229169921875
u1_9 0.6495346768591723 52 0.229169921875
u1_9 0.42036475498417225 53 0.229169921875
u1_9 0.19119483310917396 54 0.229169921875
u1_9 0.037975088765826115 55 0.229169921875
u1_9 0.2671450106408262 56 0.229169921875
u1_9 0.49631493251582626 57 0.229169921875
u1_9 0.7254848543908263 58 0.229169921875
u1_9 0.9546547762658264 59 0.229169921875
u1_9 1.1838246981408265 60 0.229169921875
u1_9 1.4129946200158265 61 0.229169921875
u1_9 1.6421645418908266 62 0.229169921875
u1_9 1.8713344637658267 63 0.229169921875
u1_9 2.1005043856408268 64 0.229169921875
u1_9 2.329674307515827 65 0.229169921875
u1_9 2.558844229390827 66 0.229169921875
u1_9 2.788014151265827 67 0.229169921875
u1_9 3.017184073140827 68 0.229169921875
u1_9 3.036831312163759 69 0.229169921875
u1_9 2.807661390288761 70 0.229169921875
u1_9 2.578491468413759 71 0.229169921875
u1_9 2.3493215465387607 72 0.229169921875
u1_9 2.120151624663759 73 0.229169921875
u1_9 1.8909817027887605 74 0.229169921875
u1_9 1.6618117809137587 75 0.229169921875
u1_9 1.4326418590387604 76 0.229169921875
u1_9 1.2034719371637586 77 0.229169921875
u1_9 0.9743020152887603 78 0.229169921875
u1_9 0.7451320934137584 79 0.229169921875
u1_9 0.5159621715387601 80 0.229169921875
u1_9 0.28679224966375827 81 0.229169921875
u1_9 0.057622327788759975 82 0.229169921875
u1_9 0.17154759408624187 83 0.229169921875
u1_9 0.40071751596124017 84 0.229169921875
u1_9 0.629887437836242 85 0.229169921875
u1_9 0.8590573597112403 86 0.229169921875
u1_9 1.0882272815862386 87 0.229169921875
u1_9 1.3173972034612405 88 0.229169921875
u1_9 1.5465671253362387 89 0.229169921875
u1_9 1.7757370472112406 90 0.229169921875
u1_9 2.004906969086239 91 0.229169921875
u1_9 2.2340768909612407 92 0.229169921875
u1_9 2.463246812836239 93 0.229169921875
u1_9 2.692416734711241 94 0.229169921875
u1_9 2.921586656586239 95 0.229169921875
u1_9 3.132428728718345 96 0.229169921875
u1_9 2.903258806843347 97 0.229169921875
u1_9 2.674088884968345 98 0.229169921875
u1_9 2.4449189630933468 99 0.229169921875
u1_9 2.215749041218345 100 0.229169921875
u1_9 1.9865791193433466 101 0.229169921875
u1_9 1.7574091974683448 102 0.229169921875
u1_9 1.5282392755933465 103 0.229169921875
u1_9 1.2990693537183446 104 0.229169921875
u1_9 1.0698994318433463 105 0.229169921875
u1_9 0.8407295099683445 106 0.229169921875
u1_9 0.6115595880933462 107 0.229169921875
u1_9 0.3823896662183479 108 0.229169921875
u1_9 0.15321974434334606 109 0.229169921875
u1_9 0.07595017753165223 110 0.229169921875
u1_9 0.3051200994066541 111 0.229169921875
u1_9 0.5342900212816524 112 0.229169921875
u1_9 0.7634599431566542 113 0.229169921875
u1_9 0.9926298650316525 114 0.229169921875
u1_9 1.2217997869066544 115 0.229169921875
u1_9 1.4509697087816527 116 0.229169921875
u1_9 1.6801396306566545 117 0.229169921875
u1_9 1.9093095525316528 118 0.229169921875
u1_9 2.1384794744066546 119 0.229169921875
u1_9 2.367649396281653 120 0.229169921875
u1_9 2.596819318156655 121 0.229169921875
u1_9 2.825989240031653 122 0.229169921875
u1_9 3.055159161906655 123 0.229169921875
u1_9 2.998856223397933 124 0.229169921875
u1_9 2.769686301522931 125 0.229169921875
u1_9 2.540516379647933 126 0.229169921875
u1_9 2.311346457772931 127 0.229169921875
u1_9 2.0821765358979327 128 0.229169921875
u1_9 1.8530066140229344 129 0.229169921875
u1_9 1.6238366921479326 130 0.229169921875
u1_9 1.3946667702729343 131 0.229169921875
u1_9 1.1654968483979324 132 0.229169921875
u1_9 0.9363269265229341 133 0.229169921875
u1_9 0.7071570046479323 134 0.229169921875
u1_9 0.477987082772934 135 0.229169921875
u1_9 0.24881716089793215 136 0.229169921875
u1_9 0.01964723902293386 137 0.229169921875
u1_9 0.209522682852068 138 0.229169921875
u1_9 0.4386926047270663 139 0.229169921875
u1_9 0.6678625266020646 140 0.229169921875
u1_9 0.89703244847707 141 0.229169921875
u1_9 1.1262023703520683 142 0.229169921875
u1_9 1.3553722922270666 143 0.229169921875
u1_9 1.5845422141020649 144 0.229169921875
u1_9 1.8137121359770703 145 0.229169921875
u1_9 2.0428820578520686 146 0.229169921875
u1_9 2.272051979727067 147 0.229169921875
u1_9 2.501221901602065 148 0.229169921875
u1_9 2.7303918234770705 149 0.229169921875
u1_9 2.959561745352069 150 0.229169921875
u1_9 3.094453639952519 151 0.229169921875
u1_9 2.865283718077521 152 0.229169921875
u1_9 2.6361137962025225 153 0.229169921875
u1_9 2.406943874327517 154 0.229169921875
u1_9 2.177773952452519 155 0.229169921875
u1_9 1.9486040305775205 156 0.229169921875
u1_9 1.7194341087025222 157 0.229169921875
u1_9 1.4902641868275168 158 0.229169921875
u1_9 1.2610942649525185 159 0.229169921875
u1_9 1.0319243430775202 160 0.229169921875
u1_9 0.8027544212025219 161 0.229169921875
u1_9 0.5735844993275165 162 0.229169921875
u1_9 0.34441457745251824 163 0.229169921875
u1_9 0.11524465557751995 164 0.229169921875
u1_9 0.11392526629747834 165 0.229169921875
u1_9 0.34309518817248374 166 0.229169921875
u1_9 0.572265110047482 167 0.229169921875
u1_9 0.8014350319224803 168 0.229169921875
u1_9 1.0306049537974786 169 0.229169921875
u1_9 1.259774875672484 170 0.229169921875
u1_9 1.4889447975474823 171 0.229169921875
u1_9 1.7181147194224806 172 0.229169921875
u1_9 1.947284641297479 173 0.229169921875
u1_9 2.176454563172477 174 0.229169921875
u1_9 2.4056244850474826 175 0.229169921875
u1_9 2.634794406922481 176 0.229169921875
u1_9 2.863964328797479 177 0.229169921875
u1_9 3.0931342506724775 178 0.229169921875
u1_9 2.9608811346321033 179 0.229169921875
u1_9 2.731711212757105 180 0.229169921875
u1_9 2.5025412908821068 181 0.229169921875
u1_9 2.2733713690071085 182 0.229169921875
u1_9 2.044201447132103 183 0.229169921875
u1_9 1.8150315252571048 184 0.229169921875
u1_9 1.5858616033821065 185 0.229169921875
u1_9 1.3566916815071082 186 0.229169921875
u1_9 1.1275217596321028 187 0.229169921875
u1_9 0.8983518377571045 188 0.229169921875
u1_9 0.6691819158821062 189 0.229169921875
u1_9 0.4400119940071079 190 0.229169921875
u1_9 0.2108420721321025 191 0.229169921875
u1_9 0.018327849742895808 192 0.229169921875
u1_9 0.2474977716178941 193 0.229169921875
u1_9 0.4766676934928924 194 0.229169921875
u1_9 0.7058376153678907 195 0.229169921875
u1_9 0.9350075372428961 196 0.229169921875
u1_9 1.1641774591178944 197 0.229169921875
u1_9 1.3933473809928927 198 0.229169921875
u1_9 1.622517302867891 199 0.229169921875
u1_9 1.8516872247428964 200 0.229169921875
u1_9 2.0808571466178947 201 0.229169921875
u1_9 2.310027068492893 202 0.229169921875
u1_9 2.5391969903678913 203 0.229169921875
u1_9 2.7683669122428967 204 0.229169921875
u1_9 2.997536834117895 205 0.229169921875
u1_9 3.056478551186693 206 0.229169921875
u1_9 2.8273086293116947 207 0.229169921875
u1_9 2.5981387074366893 208 0.229169921875
u1_9 2.368968785561691 209 0.229169921875
u1_9 2.1397988636866927 210 0.229169921875
u1_9 1.9106289418116944 211 0.229169921875
u1_9 1.681459019936689 212 0.229169921875
u1_9 1.4522890980616907 213 0.229169921875
u1_9 1.2231191761866924 214 0.229169921875
u1_9 0.9939492543116941 215 0.229169921875
u1_9 0.7647793324366958 216 0.229169921875
u1_9 0.5356094105616904 217 0.229169921875
u1_9 0.30643948868669213 218 0.229169921875
u1_9 0.07726956681169384 219 0.229169921875
u1_9 0.15190035506330446 220 0.229169921875
u1_9 0.38107027693830986 221 0.229169921875
u1_9 0.6102401988133082 222 0.229169921875
u1_9 0.8394101206883064 223 0.229169921875
u1_9 1.0685800425633047 224 0.229169921875
u1_9 1.2977499644383101 225 0.229169921875
u1_9 1.5269198863133084 226 0.229169921875
u1_9 1.7560898081883067 227 0.229169921875
u1_9 1.985259730063305 228 0.229169921875
u1_9 2.2144296519383104 229 0.229169921875
u1_9 2.4435995738133087 230 0.229169921875
u1_9 2.672769495688307 231 0.229169921875
u1_9 2.9019394175633053 232 0.229169921875
u1_9 3.1311093394383107 233 0.229169921875
u1_9 2.9229060458662772 234 0.229169921875
u1_9 2.693736123991279 235 0.229169921875
u1_9 2.4645662021162806 236 0.229169921875
u1_9 2.2353962802412823 237 0.229169921875
u1_9 2.006226358366277 238 0.229169921875
u1_9 1.7770564364912786 239 0.229169921875
u1_9 1.5478865146162804 240 0.229169921875
u1_9 1.318716592741282 241 0.229169921875
01010 0.0 0 1.8018310546875
01010 1.8018310546875 1 1.8018310546875
01010 2.679523197804586 2 1.8018310546875
01010 0.8776921431170859 3 1.8018310546875
01010 0.924138911570414 4 1.8018310546875
01010 2.7259699662579138 5 1.8018310546875
01010 1.7553842862341718 6 1.8018310546875
01010 0.04644676845332718 7 1.8018310546875
01010 1.848277823140828 8 1.8018310546875
01010 2.6330764293512594 9 1.8018310546875
01010 0.8312453746637587 10 1.8018310546875
01010 0.970585680023742 11 1.8018310546875
01010 2.7724167347112427 12 1.8018310546875
01010 1.7089375177808428 13 1.8018310546875
u1_4 0.0 0 0.5060131835937502
u1_4 0.5060131835937502 1 0.5060131835937502
u1_4 1.0120263671875005 2 0.5060131835937502
u1_4 1.5180395507812507 3 0.5060131835937502
u1_4 2.024052734375001 4 0.5060131835937502
u1_4 2.5300659179687512 5 0.5060131835937502
u1_4 3.0360791015625015 6 0.5060131835937502
u1_4 2.7410930220233345 7 0.5060131835937502
u1_4 2.2350798384295842 8 0.5060131835937502
u1_4 1.729066654835834 9 0.5060131835937502
u1_4 1.2230534712420837 10 0.5060131835937502
u1_4 0.7170402876483335 11 0.5060131835937502
u1_4 0.21102710405458325 12 0.5060131835937502
u1_4 0.294986079539167 13 0.5060131835937502
u1_4 0.8009992631329172 14 0.5060131835937502
u1_4 1.3070124467266675 15 0.5060131835937502
u1_4 1.8130256303204177 16 0.5060131835937502
u1_4 2.319038813914169 17 0.5060131835937502
u1_4 2.8250519975079182 18 0.5060131835937502
u1_4 2.9521201260779186 19 0.5060131835937502
u1_4 2.4461069424841675 20 0.5060131835937502
u1_4 1.9400937588904164 21 0.5060131835937502
u1_4 1.434080575296667 22 0.5060131835937502
u1_4 0.9280673917029176 23 0.5060131835937502
u1_4 0.4220542081091665 24 0.5060131835937502
u1_4 0.08395897548458464 25 0.5060131835937502
u1_4 0.589972159078334 26 0.5060131835937502
u1_4 1.0959853426720834 27 0.5060131835937502
u1_4 1.6019985262658345 28 0.5060131835937502
u1_4 2.1080117098595856 29 0.5060131835937502
u1_4 2.614024893453335 30 0.5060131835937502
u1_4 3.1200380770470844 31 0.5060131835937502
u1_4 2.6571340465387507 32 0.5060131835937502
u1_4 2.1511208629449996 33 0.5060131835937502
u1_4 1.6451076793512485 34 0.5060131835937502
u1_4 1.1390944957575009 35 0.5060131835937502
u1_4 0.6330813121637497 36 0.5060131835937502
u1_4 0.1270681285699986 37 0.5060131835937502
u1_4 0.378945055023749 38 0.5060131835937502
u1_4 0.8849582386175001 39 0.5060131835937502
u1_4 1.3909714222112513 40 0.5060131835937502
u1_4 1.8969846058050024 41 0.5060131835937502
u1_4 2.4029977893987535 42 0.5060131835937502
u1_4 2.909010972992501 43 0.5060131835937502
u1_4 2.868161150593334 44 0.5060131835937502
u1_4 2.362147966999583 45 0.5060131835937502
u1_4 1.8561347834058353 46 0.5060131835937502
u1_4 1.3501215998120841 47 0.5060131835937502
u1_4 0.844108416218333 48 0.5060131835937502
u1_4 0.33809523262458185 49 0.5060131835937502
u1_4 0.16791795096916928 50 0.5060131835937502
u1_4 0.6739311345629169 51 0.5060131835937502
u1_4 1.179944318156668 52 0.5060131835937502
u1_4 1.6859575017504191 53 0.5060131835937502
u1_4 2.1919706853441667 54 0.5060131835937502
u1_4 2.697983868937918 55 0.5060131835937502
u1_4 3.0791882546479172 56 0.5060131835937502
u1_4 2.573175071054166 57 0.5060131835937502
u1_4 2.067161887460415 58 0.5060131835937502
u1_4 1.5611487038666674 59 0.5060131835937502
u1_4 1.0551355202729162 60 0.5060131835937502
u1_4 0.5491223366791651 61 0.5060131835937502
u1_4 0.04310915308541752 62 0.5060131835937502
u1_4 0.4629040305083336 63 0.5060131835937502
u1_4 0.9689172141020848 64 0.5060131835937502
u1_4 1.474930397695836 65 0.5060131835937502
u1_4 1.980943581289587 66 0.5060131835937502
u1_4 2.486956764883338 67 0.5060131835937502
u1_4 2.9929699484770893 68 0.5060131835937502
u1_4 2.784202175108753 69 0.5060131835937502
u1_4 2.2781889915150018 70 0.5060131835937502
u1_4 1.7721758079212506 71 0.5060131835937502
u1_4 1.2661626243274995 72 0.5060131835937502
u1_4 0.7601494407337483 73 0.5060131835937502
u1_4 0.2541362571399972 74 0.5060131835937502
u1_4 0.2518769264537539 75 0.5060131835937502
u1_4 0.757890110047498 76 0.5060131835937502
u1_4 1.263903293641249 77 0.5060131835937502
u1_4 1.7699164772350002 78 0.5060131835937502
u1_4 2.2759296608287514 79 0.5060131835937502
u1_4 2.7819428444225025 80 0.5060131835937502
u1_4 2.9952292791633326 81 0.5060131835937502
u1_4 2.4892160955695815 82 0.5060131835937502
u1_4 1.9832029119758303 83 0.5060131835937502
u1_4 1.4771897283820792 84 0.5060131835937502
u1_4 0.9711765447883351 85 0.5060131835937502
u1_4 0.465163361194584 86 0.5060131835937502
u1_4 0.040849822399167124 87 0.5060131835937502
u1_4 0.5468630059929183 88 0.5060131835937502
u1_4 1.0528761895866694 89 0.5060131835937502
u1_4 1.5588893731804205 90 0.5060131835937502
u1_4 2.0649025567741717 91 0.5060131835937502
u1_4 2.5709157403679157 92 0.5060131835937502
u1_4 3.076928923961667 93 0.5060131835937502
u1_4 2.7002431996241683 94 0.5060131835937502
u1_4 2.194230016030417 95 0.5060131835937502
u1_4 1.688216832436666 96 0.5060131835937502
u1_4 1.1822036488429148 97 0.5060131835937502
u1_4 0.6761904652491637 98 0.5060131835937502
u1_4 0.17017728165541257 99 0.5060131835937502
10010 0.0 0 1.9559313964843752
10010 1.9559313964843752 1 1.9559313964843752
10010 2.371322514210836 2 1.9559313964843752
10010 0.4153911177264611 3 1.9559313964843752
10010 1.5405402787579145 4 1.9559313964843752
10010 2.786713631937296 5 1.9559313964843752
10010 0.8307822354529222 6 1.9559313964843752
10010 1.1251491610314535 7 1.9559313964843752
u1_2 0.0 0 2.5714474995
u1_2 2.5714474995 1 2.5714474995
u1_2 1.140290308179586 2 2.5714474995
u1_2 1.4311571913204144 3 2.5714474995
u1_2 2.280580616359172 4 2.5714474995
u1_2 0.2908668831408274 5 2.5714474995
u1_2 2.862314382640829 6 2.5714474995
u1_2 0.8494234250387578 7 2.5714474995
u1_2 1.7220240744612418 8 2.5714474995
u1_2 1.9897137332183448 9 2.5714474995
u1_2 0.5817337662816549 10 2.5714474995
u1_2 3.1300040413979318 11 2.5714474995
u1_2 0.5585565418979286 12 2.5714474995
u1_2 2.0128909576020675 13 2.5714474995
u1_2 1.6988468500775156 14 2.5714474995
u1_2 0.8726006494224805 15 2.5714474995
u1_2 2.8391371582571026 16 2.5714474995
u1_2 0.2676896587570994 17 2.5714474995
u1_2 2.3037578407428967 18 2.5714474995
u1_2 1.4079799669366864 19 2.5714474995
u1_2 1.1634675325633097 20 2.5714474995
u1_2 2.5482702751162734 21 2.5714474995
01001 0.0 0 2.508619384765625
01001 2.508619384765625 1 2.508619384765625
01001 1.265946537648336 2 2.508619384765625
01001 1.242672847117289 3 2.508619384765625
01001 2.531893075296672 4 2.508619384765625
01001 0.02327369053104711 5 2.508619384765625
01001 2.485345694234578 6 2.508619384765625
01001 1.2892202281793814 7 2.508619384765625
01001 1.2193991565862419 8 2.508619384765625
01001 2.555166765827721 9 2.508619384765625
01001 0.04654738106209422 10 2.508619384765625
01001 2.4620720037035326 11 2.508619384765625
01001 1.3124939187104303 12 2.508619384765625
01001 1.196125466055193 13 2.508619384765625
01001 2.578440456358763 14 2.508619384765625
01001 0.06982107159313955 15 2.508619384765625
01001 2.4387983131724837 16 2.508619384765625
01001 1.3357676092414792 17 2.508619384765625
01001 1.172851775524144 18 2.508619384765625
01001 2.6017141468898117 19 2.508619384765625
01001 0.09309476212418843 20 2.508619384765625
01001 2.415524622641435 21 2.508619384765625
01001 1.359041299772521 22 2.508619384765625
01001 1.1495780849931023 23 2.508619384765625
01001 2.6249878374208606 24 2.508619384765625
01001 0.11636845265523732 25 2.508619384765625
01001 2.392250932110386 26 2.508619384765625
01001 1.382314990303577 27 2.508619384765625
01001 1.1263043944620676 28 2.508619384765625
01001 2.6482615279518953 29 2.508619384765625
01001 0.139642143186272 30 2.508619384765625
01001 2.368977241579344 31 2.508619384765625
01001 1.4055886808346187 32 2.508619384765625
01001 1.1030307039309974 33 2.508619384765625
01001 2.6715352184829655 34 2.508619384765625
01001 0.1629158337173422 35 2.508619384765625
01001 2.345703551048288 36 2.508619384765625
01001 1.4288623713656605 37 2.508619384765625
01001 1.0797570133999699 38 2.508619384765625
01001 2.694808909013993 39 2.508619384765625
01001 0.18618952424836976 40 2.508619384765625
01001 2.3224298605172464 41 2.508619384765625
01001 1.4521360618967165 42 2.508619384765625
01001 1.0564833228688997 43 2.508619384765625
u1_3 0.0 0 2.8334973144531252
u1_3 2.8334973144531252 1 2.8334973144531252
u1_3 0.6161906782733357 2 2.8334973144531252
u1_3 2.2173066361797886 3 2.8334973144531252
u1_3 1.2323813565466715 4 2.8334973144531252
u1_3 1.6011159579064547 5 2.8334973144531252
u1_3 1.848572034820009 6 2.8334973144531252
u1_3 0.9849252796331172 7 2.8334973144531252
u1_3 2.464762713093343 8 2.8334973144531252
u1_3 0.3687346013597832 9 2.8334973144531252
u1_3 3.080953391366677 10 2.8334973144531252
u1_3 0.2474560769135543 11 2.8334973144531252
u1_3 2.5860412375395683 12 2.8334973144531252
u1_3 0.8636467551868918 13 2.8334973144531252
u1_3 1.9698505592662343 14 2.8334973144531252
u1_3 1.4798374334602258 15 2.8334973144531252
u1_3 1.3536598809929004 16 2.8334973144531252
u1_3 2.0960281117335597 17 2.8334973144531252
u1_3 0.7374692027195664 18 2.8334973144531252
u1_3 2.7122187900068937 19 2.8334973144531252
u1_3 0.12127852444623244 20 2.8334973144531252
u1_3 2.9547758388993515 21 2.8334973144531252
u1_3 0.4949121538271086 22 2.8334973144531252
u1_3 2.3385851606260246 23 2.8334973144531252
u1_3 1.1111028321004497 24 2.8334973144531252
u1_3 1.7223944823526836 25 2.8334973144531252
u1_3 1.7272935103737765 26 2.8334973144531252
u1_3 1.1062038040793425 27 2.8334973144531252
u1_3 2.3434841886471176 28 2.8334973144531252
u1_3 0.4900131258060014 29 2.8334973144531252
u1_3 2.9596748669204587 30 2.8334973144531252
u1_3 0.12617755246733253 31 2.8334973144531252
u1_3 2.7073197619858007 32 2.8334973144531252
u1_3 0.7423682307406594 33 2.8334973144531252
u1_3 2.091129083712474 34 2.8334973144531252
u1_3 1.3585589090139862 35 2.8334973144531252
u1_3 1.4749384054391328 36 2.8334973144531252
u1_3 1.9747495872873273 37 2.8334973144531252
u1_3 0.8587477271657917 38 2.8334973144531252
u1_3 2.5909402655606684 39 2.8334973144531252
u1_3 0.24255704889246488 40 2.8334973144531252
u1_3 3.076054363345577 41 2.8334973144531252
u1_3 0.3736336293808833 42 2.8334973144531252
u1_3 2.45986368507225 43 2.8334973144531252
u1_3 0.9898243076542101 44 2.8334973144531252
u1_3 1.8436730067989089 45 2.8334973144531252
u1_3 1.606014985927537 46 2.8334973144531252
u1_3 1.227482328525582 47 2.8334973144531252
u1_3 2.2222056642009065 48 2.8334973144531252
u1_3 0.611291650252241 49 2.8334973144531252
u1_3 2.838396342474219 50 2.8334973144531252
u1_3 0.004899028021092988 51 2.8334973144531252
u1_3 2.828598286432026 52 2.8334973144531252
u1_3 0.621089706294434 53 2.8334973144531252
u1_3 2.212407608158685 54 2.8334973144531252
u1_3 1.2372803845677751 55 2.8334973144531252
u1_3 1.596216929885344 56 2.8334973144531252
u1_3 1.8534710628411162 57 2.8334973144531252
u1_3 0.9800262516120029 58 2.8334973144531252
u1_3 2.4696617411144572 59 2.8334973144531252
u1_3 0.3638355733386902 60 2.8334973144531252
u1_3 3.08585241938777 61 2.8334973144531252
u1_3 0.25235510493464375 62 2.8334973144531252
u1_3 2.5811422095184753 63 2.8334973144531252
u1_3 0.8685457832079848 64 2.8334973144531252
u1_3 1.9649515312451342 65 2.8334973144531252
u1_3 1.4847364614813259 66 2.8334973144531252
u1_3 1.3487608529718216 67 2.8334973144531252
u1_3 2.1009271397546385 68 2.8334973144531252
u1_3 0.7325701746984805 69 2.8334973144531252
u1_3 2.7171178180279796 70 2.8334973144531252
u1_3 0.11637949642513945 71 2.8334973144531252
u1_3 2.9498768108782656 72 2.8334973144531252
u1_3 0.4998111818481945 73 2.8334973144531252
u1_3 2.3336861326049245 74 2.8334973144531252
u1_3 1.1160018601215356 75 2.8334973144531252
u1_3 1.7174954543315835 76 2.8334973144531252
u1_3 1.7321925383948766 77 2.8334973144531252
u1_3 1.1013047760582708 78 2.8334973144531252
u1_3 2.3483832166681893 79 2.8334973144531252
u1_3 0.48511409778492975 80 2.8334973144531252
u1_3 2.9645738949415588 81 2.8334973144531252
u1_3 0.13107658048843263 82 2.8334973144531252
u1_3 2.7024207339646864 83 2.8334973144531252
u1_3 0.7472672587617737 84 2.8334973144531252
u1_3 2.0862300556913738 85 2.8334973144531252
u1_3 1.3634579370350863 86 2.8334973144531252
u1_3 1.4700393774180327 87 2.8334973144531252
u1_3 1.9796486153084274 88 2.8334973144531252
u1_3 0.8538486991446916 89 2.8334973144531252
u1_3 2.5958392935817685 90 2.8334973144531252
u1_3 0.237658020871379 91 2.8334973144531252
u1_3 3.0711553353245336 92 2.8334973144531252
u1_3 0.37853265740195496 93 2.8334973144531252
u1_3 2.454964657051164 94 2.8334973144531252
u1_3 0.9947233356753244 95 2.8334973144531252
u1_3 1.8387739787777946 96 2.8334973144531252
u1_3 1.610914013948637 97 2.8334973144531252
u1_3 1.222583300504482 98 2.8334973144531252
u1_3 2.2271046922219497 99 2.8334973144531252
u1_3 0.6063926222311125 100 2.8334973144531252
u1_3 2.843295370495319 101 2.8334973144531252
u1_3 0.009798056042221504 102 2.8334973144531252
u1_3 2.8236992584109544 103 2.8334973144531252
u2_3 0.0 0 1.16501220703125
u2_3 1.16501220703125 1 1.16501220703125
u2_3 2.3300244140625 2 1.16501220703125
u2_3 2.7881486860858358 3 1.16501220703125
u2_3 1.623136479054586 4 1.16501220703125
u2_3 0.45812427202333605 5 1.16501220703125
u2_3 0.7068879350079147 6 1.16501220703125
u2_3 1.8719001420391645 7 1.16501220703125
u2_3 3.0369123490704144 8 1.16501220703125
u2_3 2.081260751077922 9 1.16501220703125
u2_3 0.9162485440466721 10 1.16501220703125
u2_3 0.24876366298457775 11 1.16501220703125
u2_3 1.4137758700158294 12 1.16501220703125
u2_3 2.5787880770470792 13 1.16501220703125
u2_3 2.539385023101257 14 1.16501220703125
u2_3 1.3743728160700073 15 1.16501220703125
u2_3 0.20936060903875742 16 1.16501220703125
u2_3 0.9556515979924924 17 1.16501220703125
u2_3 2.1206638050237423 18 1.16501220703125
u2_3 2.997509295124594 19 1.16501220703125
u2_3 1.8324970880933442 20 1.16501220703125
u2_3 0.6674848810620944 21 1.16501220703125
u2_3 0.4975273259691555 22 1.16501220703125
u2_3 1.6625395330004054 23 1.16501220703125
u2_3 2.8275517400316588 24 1.16501220703125
u2_3 2.2906213601166776 25 1.16501220703125
u2_3 1.1256091530854277 26 1.16501220703125
u2_3 0.03940305394582211 27 1.16501220703125
u2_3 1.204415260977072 28 1.16501220703125
u2_3 2.3694274680083183 29 1.16501220703125
u2_3 2.7487456321400145 30 1.16501220703125
u2_3 1.5837334251087682 31 1.16501220703125
u2_3 0.41872121807751483 32 1.16501220703125
u2_3 0.7462909889537386 33 1.16501220703125
u2_3 1.9113031959849849 34 1.16501220703125
u2_3 3.0763154030162383 35 1.16501220703125
u2_3 2.0418576971321016 36 1.16501220703125
u2_3 0.8768454901008482 37 1.16501220703125
u2_3 0.2881667169303981 38 1.16501220703125
u2_3 1.4531789239616515 39 1.16501220703125
u2_3 2.618191130992898 40 1.16501220703125
u2_3 2.499981969155435 41 1.16501220703125
u2_3 1.3349697621241887 42 1.16501220703125
u2_3 0.1699575550929353 43 1.16501220703125
u2_3 0.995054651938311 44 1.16501220703125
u2_3 2.1600668589695644 45 1.16501220703125
u2_3 2.9581062411787755 46 1.16501220703125
u2_3 1.793094034147522 47 1.16501220703125
