0.0 0 1.9559313964843752
1.9559313964843752 1 1.9559313964843752
2.371322514210836 2 1.9559313964843752
0.4153911177264611 3 1.9559313964843752
1.5405402787579145 4 1.9559313964843752
2.786713631937296 5 1.9559313964843752
0.8307822354529222 6 1.9559313964843752
1.1251491610314535 7 1.9559313964843752
3.081080557515829 8 1.9559313964843752
1.2461733531793833 9 1.9559313964843752
0.7097580433049941 10 1.9559313964843752
2.665689439789368 11 1.9559313964843752
1.6615644709058444 12 1.9559313964843752
0.29436692557853306 13 1.9559313964843752
2.250298322062907 14 1.9559313964843752
2.076955588632302 15 1.9559313964843752
0.12102419214792803 16 1.9559313964843752
1.8349072043364458 17 1.9559313964843752
2.4923467063587665 18 1.9559313964843752
0.5364153098743856 19 1.9559313964843752
