0.0 0 2.8334973144531252
2.8334973144531252 1 2.8334973144531252
0.6161906782733357 2 2.8334973144531252
2.2173066361797886 3 2.8334973144531252
1.2323813565466715 4 2.8334973144531252
1.6011159579064547 5 2.8334973144531252
1.848572034820009 6 2.8334973144531252
0.9849252796331172 7 2.8334973144531252
2.464762713093343 8 2.8334973144531252
0.3687346013597832 9 2.8334973144531252
3.080953391366677 10 2.8334973144531252
0.2474560769135543 11 2.8334973144531252
2.5860412375395683 12 2.8334973144531252
0.8636467551868918 13 2.8334973144531252
1.9698505592662343 14 2.8334973144531252
1.4798374334602258 15 2.8334973144531252
1.3536598809929004 16 2.8334973144531252
2.0960281117335597 17 2.8334973144531252
0.7374692027195664 18 2.8334973144531252
2.7122187900068937 19 2.8334973144531252
