0 5000.0
0.0005 521.3982923223773
0.001 232.55757369910063
0.0015 241.5695168175521
0.0035 186.7599395774172
0.0155 215.90389198616717
0.026 192.51636681326067
0.029 196.18204268739632
0.0315 247.99953034656346
0.0335 179.41364472121293
0.0395 186.03560768129617
0.0415 197.36876050268086
0.051 178.3990954614923
0.062 196.07605542983924
0.0925 192.32768003077697
0.1 197.80829232114456
0.295 196.43596886605832
0.4135 187.35382174727056
0.4745 189.11559614759727
0.4895 180.9619298500754
0.4905 198.82756785027877
0.495 185.5846334167115
0.4955 194.05554086671484
0.502 206.45166250231517
0.5025 190.58161233090982
0.5045 199.55307797927313
0.505 272.54105326768223
0.5055 407.8093223930064
0.506 4245.854056439706
0.5065 443.57825906965724
0.5075 202.6380787041903
0.5215 181.0111706471103
0.5345 199.84948660105633
0.5375 247.9342541534507
0.5475 199.83005795802526
0.557 183.27857166114808
0.6255 183.4761804999602
0.801 234.54236805574578
1.008 197.16720390718967
1.011 205.5078253955645
1.0115 199.81226726410665
1.012 2433.4048239601975
1.0125 219.47593909223016
1.0435 180.96421522318582
1.518 544.9283714069953
1.729 234.76887430568553
2.024 591.6716207129095
2.235 289.38624461392607
2.53 765.3848944685332
3.036 365.84857768055105
