1,8
(-2.3166734308688e-8, X^6 - 31*X^5 + 159*X^4 + 48*X^3 - 129*X^2 - 198*X + 186, 6)
(2.5946860660042e-8, 8*X^4 - 185*X^3 - 257*X^2 + 91*X + 531, 4)
(2.5946860660042e-8, 8*X^4 - 185*X^3 - 257*X^2 + 91*X + 531, 5)
(-1.3717590263695e-7, -69*X^3 + 1747*X^2 - 1512*X - 179, 3)
(-6.0324449435711e-7, 2*X^7 - 53*X^6 + 104*X^5 - 57*X^4 + 31*X^3 + 30*X^2 - 76*X + 39, 7)
(-1.1662466476992e-6, 387*X^2 - 9369*X - 1963, 2)
(0.000057821177989581, 2*X^8 - 45*X^7 - 97*X^6 + 81*X^5 + 41*X^4 - 44*X^3 - 9*X^2 + 102*X - 21, 8)
(-0.00016141831823546, X^9 - 21*X^8 - 83*X^7 - 14*X^6 + 82*X^5 + 24*X^4 + 56*X^3 + 72*X^2 - 70*X - 61, 9)
1,9
(1.3553403732658e-8, 16*X^4 - 428*X^3 - 278*X^2 - 369*X - 903, 4)
(-2.5514921730974e-8, -5*X^6 + 143*X^5 - 166*X^4 + 109*X^3 - 99*X^2 + 81*X - 110, 6)
(-3.5050447877438e-8, X^5 - 40*X^4 + 357*X^3 - 330*X^2 + 11*X + 156, 5)
(-1.1679674116749e-7, -21*X^3 + 468*X^2 + 2930*X + 671, 3)
(-8.0360447896055e-7, -79*X^2 + 2175*X - 248, 2)
(-2.6694271468841e-6, 3*X^7 - 81*X^6 - 33*X^5 - 38*X^4 + 57*X^3 - 9*X^2 - 157*X - 176, 7)
(-0.000023813398229322, -2*X^8 + 53*X^7 + 55*X^6 - 127*X^5 - 55*X^4 - 75*X^3 + 10*X^2 + 17*X - 70, 8)
(0.0015024032527009, X^9 - 26*X^8 - 41*X^7 + 57*X^6 + 50*X^5 + 8*X^4 - 8*X^3 + 136*X^2 + 79, 9)
1,6
(-3.6154403915134e-9, 16*X^5 - 298*X^4 + 62*X^3 - 5*X^2 - 160*X + 84, 5)
(1.1832668178613e-8, -5*X^6 + 90*X^5 + 42*X^4 - 71*X^3 + 96*X^2 - 130*X - 80, 6)
(-1.2726559361909e-8, 15*X^4 - 284*X^3 + 182*X^2 - 756*X + 566, 4)
(-4.0257702949020e-8, X^7 - 17*X^6 - 20*X^5 - 111*X^4 - 25*X^3 + 18*X^2 - 50*X - 170, 7)
(-6.3164861785481e-8, -52*X^3 + 946*X^2 + 327*X - 2058, 3)
(3.2574880037828e-7, X^8 - 17*X^7 - 23*X^6 - 58*X^5 + 15*X^4 + 38*X^3 + 65*X^2 + 48*X + 118, 8)
(8.4950170275988e-7, -335*X^2 + 5774*X + 7288, 2)
(0.000038398672700168, -X^9 + 20*X^8 - 24*X^7 - 93*X^6 - 33*X^5 - 38*X^4 + 21*X^3 - 28*X^2 - 2*X - 53, 9)
1,7
(3.7799367191838e-8, 12*X^5 - 246*X^4 - 249*X^3 + 292*X^2 - 141*X - 172, 5)
(4.5912315727037e-8, X^7 - 14*X^6 - 163*X^5 + 88*X^4 + 18*X^3 - X^2 + 38*X - 207, 7)
(-5.0043297505908e-8, -3*X^6 + 64*X^5 + 11*X^4 - 107*X^3 - 295*X^2 + 191*X - 49, 6)
(5.0255493988516e-8, -12*X^3 + 282*X^2 - 566*X + 657, 3)
(5.0255493988516e-8, -12*X^3 + 282*X^2 - 566*X + 657, 4)
(-5.1211372920079e-7, -322*X^2 + 7115*X - 4684, 2)
(-8.4362823216111e-6, X^8 - 23*X^7 + 35*X^6 - 23*X^5 - 4*X^4 - 157*X^3 + 78*X^2 + 5*X + 33, 8)
(0.000065485489802342, X^9 - 17*X^8 - 95*X^7 + 10*X^6 - 35*X^5 + 90*X^4 - 89*X^3 + X^2 - 12*X + 9, 9)
1,4
(-5.9295075516275e-9, -5*X^6 + 52*X^5 + 131*X^4 - 67*X^3 - 54*X^2 - 56*X + 84, 6)
(-2.0824842295042e-8, -15*X^5 + 189*X^4 - 38*X^3 + 59*X^2 - 147*X + 238, 5)
(2.2440076463681e-8, -23*X^3 + 295*X^2 - 186*X + 859, 3)
(3.8045074646220e-8, -6*X^7 + 76*X^6 - 15*X^5 - 42*X^4 - 29*X^3 - 56*X^2 + 45*X + 16, 7)
(5.6097150036294e-8, -7*X^4 + 85*X^3 + 42*X^2 - 214*X - 144, 4)
(-1.5999781055598e-7, -3*X^8 + 38*X^7 - 8*X^6 - 16*X^5 - 6*X^4 + 54*X^3 + 11*X^2 - 40*X + 49, 8)
(-3.8681321345990e-7, X^9 - 13*X^8 + 6*X^7 + 11*X^6 + 55*X^5 - 7*X^4 - 4*X^3 - 38*X^2 + 28*X - 5, 9)
(-5.9593912737910e-7, 709*X^2 - 8442*X - 4491, 2)
1,5
(-3.7814515962964e-9, 5*X^6 - 78*X^5 + 12*X^4 + 34*X^3 - 33*X^2 + 138*X - 117, 6)
(-6.6362133566145e-9, -4*X^5 + 65*X^4 - 35*X^3 - 268*X^2 + 249*X - 111, 5)
(-4.9588408046475e-8, 15*X^4 - 195*X^3 - 559*X^2 - 3*X + 56, 4)
(-6.0900404719177e-8, 47*X^3 - 809*X^2 + 1293*X + 126, 3)
(1.4863951491861e-7, 4*X^7 - 60*X^6 - 21*X^5 - 75*X^4 + 29*X^3 + 78*X^2 + 126*X - 40, 7)
(2.3868597054388e-7, -401*X^2 + 5860*X + 4968, 2)
(-3.2072844113884e-7, 4*X^8 - 63*X^7 + 19*X^6 + 26*X^5 - 39*X^4 + 29*X^3 + 92*X^2 + 10*X - 13, 8)
(-1.6666247972807e-6, X^9 - 12*X^8 - 49*X^7 - 62*X^6 + 83*X^5 - 30*X^4 - 29*X^3 + 25*X^2 - 10*X + 36, 9)
1,2
(-6.7424110739012e-10, -6*X^5 + 4*X^4 + 23*X^3 - 2*X^2 + 28*X - 12, 5)
(-6.7424110739012e-10, -6*X^5 + 4*X^4 + 23*X^3 - 2*X^2 + 28*X - 12, 6)
(-6.7424110739012e-10, -6*X^5 + 4*X^4 + 23*X^3 - 2*X^2 + 28*X - 12, 7)
(1.2583498687491e-9, X^8 - 2*X^7 - 9*X^6 + 18*X^5 - 3*X^4 + 11*X^3 + 10*X^2 + 4*X - 6, 8)
(1.4451768670654e-9, X^9 - 12*X^7 + 12*X^6 + 10*X^5 - 8*X^4 + 3*X^3 - 5*X^2 - 7*X - 1, 9)
(-8.8060190250872e-9, -34*X^4 + 39*X^3 + 149*X^2 - 87*X - 34, 4)
(5.2857018317809e-8, 3*X^3 - 109*X^2 + 212*X + 89, 3)
(2.4059249881248e-7, -215*X^2 + 1359*X - 2037, 2)
1,3
(-1.0893153046254e-10, X^8 - 4*X^7 + 6*X^6 - 7*X^5 + X^4 + X^3 + 9*X^2 + 21*X + 6, 8)
(2.3621815614661e-10, -10*X^7 + 11*X^6 + 23*X^5 + 5*X^4 - 2*X^3 - 7*X^2 + 8*X + 13, 7)
(2.6459012758551e-10, -5*X^9 + 11*X^8 + 4*X^7 - 6*X^6 - 7*X^5 - 2*X^4 + 8*X^3 + 7*X^2 + 4*X + 3, 9)
(-1.5794512364664e-9, 10*X^5 - 22*X^4 - 9*X^3 + 10*X^2 - 15*X + 78, 5)
(-1.6948664693928e-9, -4*X^6 - 10*X^5 + 31*X^4 + 24*X^3 + 2*X^2 + 3*X - 16, 6)
(1.2805555726914e-8, -5*X^4 + 24*X^3 - 2*X^2 - 55*X - 9, 4)
(1.4511286394736e-8, 59*X^3 - 62*X^2 - 209*X + 125, 3)
(-2.2853359382680e-7, 244*X^2 - 629*X + 195, 2)
1,10
(2.0934606936862e-8, -12*X^5 + 375*X^4 - 300*X^3 - 110*X^2 - 362*X + 75, 5)
(-4.0878603613237e-8, -10*X^4 + 316*X^3 - 335*X^2 - 771*X + 509, 4)
(1.0585563359200e-7, -60*X^3 + 1909*X^2 - 2478*X - 2318, 3)
(5.0855636501979e-7, -7*X^6 + 211*X^5 + 54*X^4 + 137*X^3 - 105*X^2 + 167*X - 28, 6)
(1.1114989320049e-6, -274*X^2 + 8770*X - 13253, 2)
(-0.000030873133764153, -7*X^7 + 216*X^6 - 92*X^5 - 54*X^4 + 76*X^3 + 110*X^2 + 92*X - 8, 7)
(-0.000031795210233554, X^8 - 28*X^7 - 76*X^6 + 76*X^5 - 20*X^4 + 32*X^3 - 12*X^2 + 84*X - 122, 8)
(-0.000031795210233554, X^8 - 28*X^7 - 76*X^6 + 76*X^5 - 20*X^4 + 32*X^3 - 12*X^2 + 84*X - 122, 9)
1,11
(6.0917493271972e-11, X^9 - 9*X^8 + 14*X^7 + 10*X^6 - 2*X^4 - 11*X^3 - 19*X^2 + 8*X + 3, 9)
(1.1904965901977e-9, -7*X^6 + 52*X^5 - 33*X^4 - 23*X^3 + 72*X^2 - 14*X + 30, 6)
(-2.5585578100618e-9, X^7 - 11*X^6 + 31*X^5 - 20*X^4 + 38*X^3 - 5*X^2 + 12*X + 27, 7)
(-2.5585578100618e-9, X^7 - 11*X^6 + 31*X^5 - 20*X^4 + 38*X^3 - 5*X^2 + 12*X + 27, 8)
(-5.6959521543831e-9, 12*X^5 - 88*X^4 + 61*X^3 - 69*X^2 + 59*X + 38, 5)
(-7.3743535722315e-9, 45*X^3 - 483*X^2 + 1249*X - 207, 3)
(1.4913354107193e-8, -21*X^4 + 109*X^3 + 170*X^2 + 240*X + 162, 4)
(-1.0386986559752e-7, 553*X^2 - 3767*X + 475, 2)
1,12
(-6.1009757246211e-9, -9*X^6 + 153*X^5 + 195*X^4 + 54*X^3 + 32*X^2 - 83*X + 47, 6)
(-8.2766860032280e-9, -23*X^4 + 435*X^3 - 323*X^2 + 488*X + 381, 4)
(3.1686340662418e-8, 19*X^5 - 343*X^4 - 58*X^3 + 80*X^2 - 116*X + 143, 5)
(6.1432160691766e-8, 59*X^3 - 1113*X^2 + 662*X + 776, 3)
(2.6883481041295e-7, 152*X^2 - 3197*X + 7817, 2)
(-3.3409598643175e-7, 4*X^7 - 67*X^6 - 105*X^5 - 20*X^4 - 45*X^3 + 20*X^2 + 57*X + 103, 7)
(1.3974873240841e-6, 2*X^8 - 41*X^7 + 85*X^6 - 31*X^5 + 49*X^4 + 22*X^3 - 11*X^2 - 52*X + 48, 8)
(3.2464124295473e-6, X^9 - 17*X^8 - 25*X^7 + 55*X^6 - 6*X^5 - 49*X^4 + 27*X^3 - 43*X^2 - 31*X + 18, 9)
1,13
(-5.2989150844951e-9, -2*X^6 + 36*X^5 + 69*X^4 - 40*X^3 + 137*X^2 + 150*X + 68, 6)
(1.7667275642452e-8, -16*X^4 + 343*X^3 - 533*X^2 - 223*X - 352, 4)
(3.0661393424225e-8, -4*X^5 + 75*X^4 + 84*X^3 - 154*X^2 - 243*X + 3, 5)
(1.7977225752475e-7, 4*X^3 + 57*X^2 - 2699*X + 432, 3)
(-2.4748605653713e-7, X^7 - 18*X^6 - 36*X^5 + 39*X^4 + 140*X^3 - 83*X^2 + 3*X - 108, 7)
(-2.4748605653713e-7, X^7 - 18*X^6 - 36*X^5 + 39*X^4 + 140*X^3 - 83*X^2 + 3*X - 108, 8)
(-3.4608547139214e-7, -322*X^2 + 6639*X - 5772, 2)
(-0.000050072901165876, X^9 - 21*X^8 + 21*X^7 + 89*X^6 - 24*X^5 - X^4 - 5*X^3 - 28*X^2 + 12*X - 10, 9)
1,14
(1.6851004147611e-8, 3*X^5 - 57*X^4 - 127*X^3 - 295*X^2 + 184*X - 125, 5)
(3.1277693324228e-8, 6*X^4 - 131*X^3 + 109*X^2 - 641*X + 333, 4)
(-3.3307959057538e-8, 6*X^7 - 124*X^6 - 65*X^5 - 89*X^4 + 114*X^3 + 7*X^2 - 77*X + 23, 7)
(-3.4776249435708e-8, X^6 - 20*X^5 - 28*X^4 + 48*X^3 + 45*X^2 + 66*X + 77, 6)
(1.5346904547187e-7, 314*X^2 - 6355*X - 6457, 2)
(-1.9941438722526e-7, 22*X^3 - 460*X^2 - 160*X + 431, 3)
(1.5648285085490e-6, 2*X^8 - 41*X^7 - 30*X^6 - 3*X^5 + 39*X^4 + 44*X^3 - 43*X^2 - 58*X - 108, 8)
(0.000076771217518257, 2*X^9 - 41*X^8 - 31*X^7 + 22*X^6 - 39*X^5 - 9*X^4 - 5*X^3 - 46*X^2 - 25*X - 8, 9)
1,15
(-2.8332465262793e-9, -7*X^4 + 166*X^3 - 174*X^2 + 337*X - 368, 4)
(-3.0691801100602e-8, -4*X^5 + 85*X^4 + 125*X^3 + 156*X^2 + 320*X - 60, 5)
(7.9609137060288e-8, -4*X^6 + 88*X^5 + 57*X^4 + 169*X^3 - 47*X^2 + 94*X + 119, 6)
(7.9609137060288e-8, -4*X^6 + 88*X^5 + 57*X^4 + 169*X^3 - 47*X^2 + 94*X + 119, 7)
(1.0217354429187e-7, 87*X^3 - 1989*X^2 + 398*X - 2150, 3)
(-5.7191391533706e-7, 312*X^2 - 7255*X + 3859, 2)
(-0.000025210599035930, 2*X^8 - 47*X^7 + 36*X^6 + 3*X^5 - 101*X^4 + 113*X^3 - X^2 - 90*X - 9, 8)
(0.00037092475017175, X^9 - 25*X^8 + 53*X^7 - 19*X^6 - 62*X^5 - 87*X^4 + 29*X^3 - 75*X^2 + 51*X + 38, 9)
2,3
(-6.6261662823308e-11, 3*X^8 - 15*X^7 + X^6 - 36*X^5 - 20*X^4 + 2*X^3 - 8*X^2 - 19*X + 26, 8)
(-8.7780183122277e-10, 2*X^9 - 11*X^8 + 2*X^7 - 4*X^6 - 6*X^5 + 16*X^4 - 6*X^3 + 18*X^2 + 17*X + 3, 9)
(-1.4076704246690e-9, -7*X^7 + 34*X^6 + 22*X^5 - 11*X^4 + 4*X^3 + 16*X^2 + 38*X - 27, 7)
(4.8321737722290e-9, 10*X^6 - 53*X^5 - 4*X^4 - 7*X^3 + 8*X^2 + 11*X - 64, 6)
(7.1473493790108e-9, -10*X^5 + 56*X^4 - 27*X^3 + 78*X^2 + 52*X - 63, 5)
(-1.3001269394408e-8, 33*X^4 - 163*X^3 - 77*X^2 - 7*X - 72, 4)
(-2.1690652829420e-8, -3*X^3 - 85*X^2 + 412*X + 721, 3)
(-1.9779099602601e-7, 674*X^2 - 3366*X - 1451, 2)
5,8
(-1.7433166021874e-11, 5*X^9 - 27*X^8 + 10*X^7 - 14*X^6 + 3*X^5 - 4*X^4 - 10*X^3 - 10*X^2 + X + 11, 9)
(-1.2168399621260e-10, -3*X^7 + 16*X^6 + 5*X^5 - 48*X^4 + 30*X^3 - 19*X^2 + X + 19, 7)
(7.6229156320551e-10, -2*X^8 + 6*X^7 + 19*X^6 + 15*X^5 - 8*X^4 - 4*X^3 + 3*X^2 + 36*X - 4, 8)
(8.2978086624053e-9, 5*X^5 - 13*X^4 - 53*X^3 - 51*X^2 - 31*X - 13, 5)
(8.2978086624053e-9, 5*X^5 - 13*X^4 - 53*X^3 - 51*X^2 - 31*X - 13, 6)
(-1.1592973692132e-8, -3*X^4 - 20*X^3 + 180*X^2 - 14*X + 90, 4)
(3.8096061416582e-8, 25*X^3 - 22*X^2 - 451*X - 461, 3)
(1.5359501048806e-7, 737*X^2 - 3597*X - 877, 2)
5,9
(8.0392981161026e-10, 2*X^9 - 6*X^8 + 5*X^7 - 9*X^6 + 9*X^5 - 7*X^4 + 4*X^3 - 12*X^2 - 3*X - 2, 9)
(-1.3054710645832e-9, X^8 - 8*X^6 - X^5 + 7*X^4 + 11*X^3 + 4*X^2 + 14*X - 2, 8)
(1.9158292730026e-9, 5*X^6 - 15*X^5 - 4*X^4 + 11*X^3 + 25*X^2 + 33*X - 14, 6)
(-2.7749678110922e-9, 3*X^5 - 15*X^4 + 24*X^3 - 25*X^2 + 15*X + 37, 5)
(-2.9646614052581e-9, 2*X^7 - 10*X^6 + 15*X^5 - 2*X^4 - 6*X^3 - 13*X^2 + 8*X - 17, 7)
(-1.1100475205694e-8, -14*X^4 - 12*X^3 + 71*X^2 + 107*X + 42, 4)
(1.3688676858692e-8, 74*X^3 - 280*X^2 + 221*X + 35, 3)
(-1.1661484222714e-7, 316*X^2 - 446*X - 893, 2)
3,8
(3.6465763741944e-10, -3*X^9 + 9*X^8 - 2*X^7 + 4*X^6 + 14*X^5 + 3*X^4 - 6*X^2 - 7*X - 16, 9)
(-7.7692341449165e-10, 2*X^8 - 4*X^7 - 2*X^6 - 12*X^5 - 9*X^4 + 4*X^3 + 2*X^2 - 12*X - 16, 8)
(-2.7728344065281e-9, X^6 - 12*X^4 + 16*X^3 - 23*X^2 - 6*X - 10, 6)
(-2.7728344065281e-9, X^6 - 12*X^4 + 16*X^3 - 23*X^2 - 6*X - 10, 7)
(-4.1467558276054e-9, -2*X^5 + 8*X^4 - 15*X^3 + 23*X^2 + 32*X - 42, 5)
(9.9934780450894e-9, -31*X^4 + 114*X^3 - 36*X^2 - 44*X - 58, 4)
(4.2739145555970e-8, 27*X^3 + 3*X^2 - 176*X - 281, 3)
(1.6604661823294e-7, 502*X^2 - 1669*X + 365, 2)
3,4
(4.4999026727055e-10, -5*X^5 + 13*X^4 - X^3 + 5*X^2 + 16*X + 17, 5)
(4.4999026727055e-10, -5*X^5 + 13*X^4 - X^3 + 5*X^2 + 16*X + 17, 6)
(4.4999026727055e-10, -5*X^5 + 13*X^4 - X^3 + 5*X^2 + 16*X + 17, 7)
(4.4999026727055e-10, -5*X^5 + 13*X^4 - X^3 + 5*X^2 + 16*X + 17, 8)
(4.4999026727055e-10, -5*X^5 + 13*X^4 - X^3 + 5*X^2 + 16*X + 17, 9)
(-3.0304221354527e-9, -20*X^4 + 83*X^3 - 23*X^2 - 136*X - 28, 4)
(-2.0316107907092e-8, -53*X^3 + 82*X^2 + 153*X + 121, 3)
(-4.5044203034195e-8, 588*X^2 - 1850*X + 505, 2)
3,5
(-2.3747048771838e-10, -4*X^6 + 21*X^5 - 24*X^4 - 24*X^3 + 55*X^2 - 16*X + 5, 6)
(3.1690206014900e-10, 4*X^8 - 10*X^7 - 7*X^6 + X^5 - 8*X^4 - 9*X^3 - 6*X^2 - 27*X - 8, 8)
(-4.0368064446739e-10, -3*X^9 + 7*X^8 + 7*X^7 + 7*X^6 - 13*X^5 - 10*X^4 - 9*X^3 + 9*X^2 + 3*X + 9, 9)
(-2.6668089958548e-9, 8*X^5 - 13*X^4 - 30*X^3 - 20*X^2 - 35*X + 65, 5)
(-2.8886493197433e-9, X^7 - 9*X^6 + 16*X^5 + 4*X^4 + 7*X^3 + 17*X^2 - 19*X + 12, 7)
(8.8527940533822e-9, 1215*X^2 - 3281*X - 1651, 2)
(-9.1928695766796e-9, 70*X^4 - 180*X^3 - 127*X^2 + 9*X + 7, 4)
(-4.5738630660708e-8, 151*X^3 - 465*X^2 + X - 84, 3)
3,7
(-3.9840841736805e-10, -11*X^6 + 27*X^5 + 18*X^4 - 11*X^3 + 9*X^2 - 27*X + 7, 6)
(7.3423933599770e-10, 3*X^7 - 4*X^6 - 14*X^5 + 4*X^4 - 16*X^3 + 21*X^2 + 10*X - 27, 7)
(9.8229868683575e-10, X^9 - 4*X^8 + 2*X^7 + 6*X^6 - 4*X^5 - 8*X^4 - 11*X^3 + 15*X^2 + X + 4, 9)
(1.2374599123177e-9, 8*X^5 + 7*X^4 - 77*X^3 - 36*X^2 + 26*X - 33, 5)
(1.7350898495749e-9, -8*X^8 + 21*X^7 + 5*X^6 + 5*X^5 + 3*X^4 - 15*X^3 - 2*X^2 - 2*X - 3, 8)
(-5.9015050624112e-9, 32*X^4 - 138*X^3 + 86*X^2 + 113*X + 51, 4)
(1.6928254353843e-8, -153*X^3 + 431*X^2 + 111*X - 213, 3)
(1.1249267117819e-7, -280*X^2 + 1744*X - 2703, 2)
5,7
(6.2770411091151e-10, X^6 - 5*X^5 - 2*X^4 + 14*X^3 + 6*X^2 - X - 9, 6)
(6.2770411091151e-10, X^6 - 5*X^5 - 2*X^4 + 14*X^3 + 6*X^2 - X - 9, 7)
(6.2770411091151e-10, X^6 - 5*X^5 - 2*X^4 + 14*X^3 + 6*X^2 - X - 9, 8)
(8.1191209311271e-10, 3*X^9 - X^8 - 9*X^7 + 2*X^6 - 7*X^5 + 3*X^4 - 8*X^2 + 5*X + 2, 9)
(-2.5138575665551e-9, -47*X^4 + 91*X^3 + 69*X^2 - 113*X - 35, 4)
(-2.5950654958251e-9, 25*X^5 - 29*X^4 - 41*X^3 + 15*X^2 - 13*X - 19, 5)
(-2.3348661670752e-8, -194*X^3 + 333*X^2 + 21*X + 141, 3)
(-2.4696419131942e-8, 595*X^2 - 1949*X + 1534, 2)
3,10
(-1.9814905272142e-10, -6*X^7 + 23*X^6 - 14*X^5 - 3*X^4 - 9*X^3 + 14*X^2 - 21*X - 15, 7)
(2.1197177346721e-10, -X^9 + 7*X^8 - 14*X^7 + 8*X^6 - 4*X^5 - 9*X^4 + 11*X^3 + X^2 + 7*X + 5, 9)
(-5.9394800189239e-10, 4*X^8 - 5*X^7 - 24*X^6 + 8*X^5 + 15*X^4 - 8*X^3 + 7*X^2 + 7*X + 5, 8)
(-1.0460308175197e-9, X^6 - 10*X^5 + 20*X^4 + 12*X^3 - 19*X^2 - 31*X + 5, 6)
(-9.2122434125486e-9, 12*X^4 - 58*X^3 + 94*X^2 - 62*X - 51, 4)
(9.4248662207974e-9, 5*X^5 - 16*X^4 + 12*X^3 - 9*X^2 - 50*X + 21, 5)
(-1.6227545529546e-8, -2*X^3 - 52*X^2 + 115*X + 160, 3)
(8.2087353803217e-8, -1034*X^2 + 2411*X + 1816, 2)
