1,8
[24; 2, 2, 1, 1, 17, 1, 141, 2, 2, 2, 1, 3]
24
49/2
122/5
171/7
293/12
5152/211
5445/223
1,9
[27; 2, 2, 1, 1, 13, 1, 8, 3, 1, 1, 36, 3]
27
55/2
137/5
192/7
329/12
4469/163
4798/175
1,6
[18; 2, 2, 1, 1, 16, 2, 7, 1, 2, 20, 1, 6, 1, 5]
18
37/2
92/5
129/7
221/12
3665/199
7551/410
1,7
[21; 2, 2, 1, 1, 16, 1, 2, 1, 1, 13, 507]
21
43/2
107/5
150/7
257/12
4262/199
4519/211
1,4
[12; 2, 2, 1, 1, 18, 12, 14, 2, 4, 2, 2, 1, 3]
12
25/2
62/5
87/7
149/12
2769/223
1,5
[15; 2, 2, 1, 1, 17, 7, 6, 6, 11, 1, 2]
15
31/2
77/5
108/7
185/12
3253/211
1,2
[2; 2, 3, 1, 11, 1, 1, 4, 1, 7, 1, 9, 9, 3, 3]
2
5/2
17/7
22/9
259/106
281/115
540/221
2441/999
2981/1220
1,3
[2; 4, 1, 1, 2, 24, 1, 3, 1, 1, 2, 1, 6, 1, 3]
2
9/4
11/5
20/9
51/23
1244/561
1295/584
5129/2313
6424/2897
1,10
[30; 2, 2, 1, 1, 14, 1, 1, 1, 54, 1, 2, 2, 2]
30
61/2
152/5
213/7
365/12
5323/175
5688/187
1,11
[6; 1, 2, 6, 3, 3, 12, 2, 2, 1, 1, 15, 10, 2]
6
7
20/3
127/19
401/60
1330/199
1,12
[18; 4, 1, 3, 1, 8, 2, 1, 11, 2, 1, 1, 1, 2]
18
73/4
91/5
346/19
437/24
3842/211
8121/446
1,13
[19; 1, 2, 2, 3, 11, 2, 1, 1, 6, 6, 1, 4, 2]
19
20
59/3
138/7
473/24
5341/271
1,14
[21; 4, 1, 3, 1, 13, 1, 3, 2, 17, 1, 2, 2]
21
85/4
106/5
403/19
509/24
7020/331
7529/355
1,15
[22; 1, 2, 2, 3, 8, 5, 2, 9, 7, 3, 1, 1, 4]
22
23
68/3
159/7
545/24
4519/199
2,3
[5; 2, 1, 1, 5, 3, 5, 5, 4, 1, 2, 1, 1, 7, 3]
5
11/2
16/3
27/5
151/28
480/89
2551/473
5,8
[5; 8, 1, 4, 1, 2, 2, 22, 2, 1, 7, 3, 4]
5
41/8
46/9
225/44
271/53
767/150
1805/353
5,9
[2; 1, 1, 8, 6, 4, 88, 4, 12, 1, 4]
2
3
5/2
43/17
263/104
1095/433
3,8
[3; 11, 5, 5, 30, 1, 25, 1, 9, 4]
3
34/11
173/56
899/291
3,4
[2; 1, 5, 2, 2, 1, 2, 1, 6, 1, 14, 1, 1, 8, 5]
2
3
17/6
37/13
91/32
128/45
347/122
475/167
3197/1124
3672/1291
3,5
[3; 7, 2, 6, 3, 1, 25, 5, 11, 1, 3]
3
22/7
47/15
304/97
959/306
1263/403
3,7
[2; 1, 9, 5, 1, 7, 9, 1, 4, 2, 2, 1, 2, 1, 3]
2
3
29/10
148/51
177/61
1387/478
5,7
[1; 1, 24, 2, 10, 1, 4, 2, 1, 5, 1, 2, 1, 2, 15]
1
2
49/25
100/51
1049/535
1149/586
5645/2879
3,10
[2; 1, 13, 2, 12, 1, 1, 1, 1, 56, 1, 2, 3, 2]
2
3
41/14
85/29
1061/362
1146/391
2207/753
3353/1144
5560/1897
