[ 5, 2, 1, 1, 5, 3, 4, 1, 1, 3, 1, 27, 1, 25, 2, 2, 2, 14, 1, 9, 1, 3, 1, 2, 1, 4, 24, 1, 3, 7 ]
1/5
2/11
3/16
5/27
28/151
89/480
384/2071
473/2551
857/4622
3044/16417
3901/21039
108371/584470
112272/605509
2915171/15722195
5942614/32049899
14800399/79821993
35543412/191693885
512408167/2763536383
547951579/2955230268
5443972378/29360608795
5991923957/32315839063
23419744249/126308125984
29411668206/158623965047
82243080661/443556056078
111654748867/602180021125
528862076129/2852276140578
12804344575963/69056807394997
13333206652092/71909083535575
52803964532239/284784058001722
